[ 2016-10-27T15:30:45+08:00 ] ::1 /yuanku/index.php/Home/News/index.html
INFO: [ app_init ] --START--
INFO: Run Behavior\BuildLiteBehavior [ RunTime:0.000026s ]
INFO: [ app_init ] --END-- [ RunTime:0.000571s ]
INFO: [ app_begin ] --START--
INFO: Run Behavior\ReadHtmlCacheBehavior [ RunTime:0.000596s ]
INFO: [ app_begin ] --END-- [ RunTime:0.000706s ]
ERR: 无法加载控制器:News

[ 2016-10-27T15:30:48+08:00 ] ::1 /yuanku/index.php/Home/Index/news/page_num/3.html
INFO: [ app_init ] --START--
INFO: Run Behavior\BuildLiteBehavior [ RunTime:0.000041s ]
INFO: [ app_init ] --END-- [ RunTime:0.000723s ]
INFO: [ app_begin ] --START--
INFO: Run Behavior\ReadHtmlCacheBehavior [ RunTime:0.000542s ]
INFO: [ app_begin ] --END-- [ RunTime:0.000665s ]
SQL: SHOW COLUMNS FROM `news` [ RunTime:0.0040s ]
SQL: SELECT * FROM `news` LIMIT 12,6   [ RunTime:0.0004s ]
SQL: SELECT COUNT(*) AS tp_count FROM `news` LIMIT 1   [ RunTime:0.0003s ]
NOTIC: [8] Undefined variable: cur_page_style D:\wamp\www\yuanku\Application\Home\Controller\IndexController.class.php 第 70 行.
NOTIC: [8] Undefined variable: page_html D:\wamp\www\yuanku\Application\Home\Controller\IndexController.class.php 第 70 行.
INFO: [ view_parse ] --START--
INFO: [ template_filter ] --START--
INFO: Run Behavior\ContentReplaceBehavior [ RunTime:0.000143s ]
INFO: [ template_filter ] --END-- [ RunTime:0.000276s ]
NOTIC: [8] Use of undefined constant id - assumed 'id' D:\wamp\www\yuanku\Application\Runtime\Cache\Home\cecb45903f8aa0e33f62e7ce7ef7b49f.php 第 102 行.
NOTIC: [8] Use of undefined constant id - assumed 'id' D:\wamp\www\yuanku\Application\Runtime\Cache\Home\cecb45903f8aa0e33f62e7ce7ef7b49f.php 第 102 行.
NOTIC: [8] A non well formed numeric value encountered D:\wamp\www\yuanku\Application\Runtime\Cache\Home\cecb45903f8aa0e33f62e7ce7ef7b49f.php 第 105 行.
NOTIC: [8] Use of undefined constant id - assumed 'id' D:\wamp\www\yuanku\Application\Runtime\Cache\Home\cecb45903f8aa0e33f62e7ce7ef7b49f.php 第 102 行.
NOTIC: [8] Use of undefined constant id - assumed 'id' D:\wamp\www\yuanku\Application\Runtime\Cache\Home\cecb45903f8aa0e33f62e7ce7ef7b49f.php 第 102 行.
NOTIC: [8] A non well formed numeric value encountered D:\wamp\www\yuanku\Application\Runtime\Cache\Home\cecb45903f8aa0e33f62e7ce7ef7b49f.php 第 105 行.
NOTIC: [8] Use of undefined constant id - assumed 'id' D:\wamp\www\yuanku\Application\Runtime\Cache\Home\cecb45903f8aa0e33f62e7ce7ef7b49f.php 第 102 行.
NOTIC: [8] Use of undefined constant id - assumed 'id' D:\wamp\www\yuanku\Application\Runtime\Cache\Home\cecb45903f8aa0e33f62e7ce7ef7b49f.php 第 102 行.
NOTIC: [8] A non well formed numeric value encountered D:\wamp\www\yuanku\Application\Runtime\Cache\Home\cecb45903f8aa0e33f62e7ce7ef7b49f.php 第 105 行.
NOTIC: [8] Use of undefined constant id - assumed 'id' D:\wamp\www\yuanku\Application\Runtime\Cache\Home\cecb45903f8aa0e33f62e7ce7ef7b49f.php 第 102 行.
NOTIC: [8] Use of undefined constant id - assumed 'id' D:\wamp\www\yuanku\Application\Runtime\Cache\Home\cecb45903f8aa0e33f62e7ce7ef7b49f.php 第 102 行.
NOTIC: [8] Use of undefined constant id - assumed 'id' D:\wamp\www\yuanku\Application\Runtime\Cache\Home\cecb45903f8aa0e33f62e7ce7ef7b49f.php 第 102 行.
NOTIC: [8] Use of undefined constant id - assumed 'id' D:\wamp\www\yuanku\Application\Runtime\Cache\Home\cecb45903f8aa0e33f62e7ce7ef7b49f.php 第 102 行.
NOTIC: [8] Use of undefined constant id - assumed 'id' D:\wamp\www\yuanku\Application\Runtime\Cache\Home\cecb45903f8aa0e33f62e7ce7ef7b49f.php 第 102 行.
NOTIC: [8] Use of undefined constant id - assumed 'id' D:\wamp\www\yuanku\Application\Runtime\Cache\Home\cecb45903f8aa0e33f62e7ce7ef7b49f.php 第 102 行.
INFO: Run Behavior\ParseTemplateBehavior [ RunTime:0.032151s ]
INFO: [ view_parse ] --END-- [ RunTime:0.032273s ]
INFO: [ view_filter ] --START--
INFO: Run Behavior\WriteHtmlCacheBehavior [ RunTime:0.000392s ]
INFO: [ view_filter ] --END-- [ RunTime:0.000482s ]
INFO: [ app_end ] --START--
INFO: Run Behavior\ShowPageTraceBehavior [ RunTime:0.000587s ]
INFO: [ app_end ] --END-- [ RunTime:0.000682s ]

[ 2016-10-27T15:30:56+08:00 ] ::1 /yuanku/index.php/Home/Personal/index
INFO: [ app_init ] --START--
INFO: Run Behavior\BuildLiteBehavior [ RunTime:0.000025s ]
INFO: [ app_init ] --END-- [ RunTime:0.000395s ]
INFO: [ app_begin ] --START--
INFO: Run Behavior\ReadHtmlCacheBehavior [ RunTime:0.000554s ]
INFO: [ app_begin ] --END-- [ RunTime:0.000693s ]
SQL: SELECT * FROM client_user WHERE user_name ='yyt' [ RunTime:0.0004s ]
SQL: SELECT email_address FROM client_user WHERE user_name ='yyt' [ RunTime:0.0003s ]
INFO: [ view_parse ] --START--
INFO: [ template_filter ] --START--
INFO: Run Behavior\ContentReplaceBehavior [ RunTime:0.000186s ]
INFO: [ template_filter ] --END-- [ RunTime:0.000322s ]
NOTIC: [8] Undefined variable: title D:\wamp\www\yuanku\Application\Runtime\Cache\Home\c32ce1ba62d248c865a32a620b180fb9.php 第 8 行.
NOTIC: [8] Undefined variable: phone_num D:\wamp\www\yuanku\Application\Runtime\Cache\Home\c32ce1ba62d248c865a32a620b180fb9.php 第 166 行.
INFO: Run Behavior\ParseTemplateBehavior [ RunTime:0.013313s ]
INFO: [ view_parse ] --END-- [ RunTime:0.013469s ]
INFO: [ view_filter ] --START--
INFO: Run Behavior\WriteHtmlCacheBehavior [ RunTime:0.000372s ]
INFO: [ view_filter ] --END-- [ RunTime:0.000495s ]
INFO: [ app_end ] --START--
INFO: Run Behavior\ShowPageTraceBehavior [ RunTime:0.000593s ]
INFO: [ app_end ] --END-- [ RunTime:0.000685s ]

[ 2016-10-27T15:31:55+08:00 ] ::1 /yuanku/index.php/Home/Personal/index
INFO: [ app_init ] --START--
INFO: Run Behavior\BuildLiteBehavior [ RunTime:0.000035s ]
INFO: [ app_init ] --END-- [ RunTime:0.000426s ]
INFO: [ app_begin ] --START--
INFO: Run Behavior\ReadHtmlCacheBehavior [ RunTime:0.000582s ]
INFO: [ app_begin ] --END-- [ RunTime:0.000709s ]
SQL: SELECT * FROM client_user WHERE user_name ='yyt' [ RunTime:0.0006s ]
SQL: SELECT email_address FROM client_user WHERE user_name ='yyt' [ RunTime:0.0002s ]
INFO: [ view_parse ] --START--
INFO: [ template_filter ] --START--
INFO: Run Behavior\ContentReplaceBehavior [ RunTime:0.000224s ]
INFO: [ template_filter ] --END-- [ RunTime:0.000378s ]
NOTIC: [8] Undefined variable: title D:\wamp\www\yuanku\Application\Runtime\Cache\Home\c32ce1ba62d248c865a32a620b180fb9.php 第 8 行.
NOTIC: [8] Undefined variable: phone_num D:\wamp\www\yuanku\Application\Runtime\Cache\Home\c32ce1ba62d248c865a32a620b180fb9.php 第 166 行.
INFO: Run Behavior\ParseTemplateBehavior [ RunTime:0.012983s ]
INFO: [ view_parse ] --END-- [ RunTime:0.013130s ]
INFO: [ view_filter ] --START--
INFO: Run Behavior\WriteHtmlCacheBehavior [ RunTime:0.000372s ]
INFO: [ view_filter ] --END-- [ RunTime:0.000473s ]
INFO: [ app_end ] --START--
INFO: Run Behavior\ShowPageTraceBehavior [ RunTime:0.000891s ]
INFO: [ app_end ] --END-- [ RunTime:0.001014s ]

[ 2016-10-27T15:32:00+08:00 ] ::1 /yuanku/index.php/Home/Personal/news
INFO: [ app_init ] --START--
INFO: Run Behavior\BuildLiteBehavior [ RunTime:0.000023s ]
INFO: [ app_init ] --END-- [ RunTime:0.000404s ]
INFO: [ app_begin ] --START--
INFO: Run Behavior\ReadHtmlCacheBehavior [ RunTime:0.000559s ]
INFO: [ app_begin ] --END-- [ RunTime:0.000659s ]
INFO: [ app_end ] --START--
INFO: Run Behavior\ShowPageTraceBehavior [ RunTime:0.000582s ]
INFO: [ app_end ] --END-- [ RunTime:0.000680s ]

[ 2016-10-27T15:32:00+08:00 ] ::1 /yuanku/index.php/Home/Index/news.html
INFO: [ app_init ] --START--
INFO: Run Behavior\BuildLiteBehavior [ RunTime:0.000022s ]
INFO: [ app_init ] --END-- [ RunTime:0.000422s ]
INFO: [ app_begin ] --START--
INFO: Run Behavior\ReadHtmlCacheBehavior [ RunTime:0.000552s ]
INFO: [ app_begin ] --END-- [ RunTime:0.000652s ]
SQL: SHOW COLUMNS FROM `news` [ RunTime:0.0028s ]
SQL: SELECT * FROM `news` LIMIT 0,6   [ RunTime:0.0004s ]
SQL: SELECT COUNT(*) AS tp_count FROM `news` LIMIT 1   [ RunTime:0.0002s ]
NOTIC: [8] Undefined variable: page_html D:\wamp\www\yuanku\Application\Home\Controller\IndexController.class.php 第 70 行.
INFO: [ view_parse ] --START--
INFO: [ template_filter ] --START--
INFO: Run Behavior\ContentReplaceBehavior [ RunTime:0.000124s ]
INFO: [ template_filter ] --END-- [ RunTime:0.000233s ]
NOTIC: [8] Use of undefined constant id - assumed 'id' D:\wamp\www\yuanku\Application\Runtime\Cache\Home\cecb45903f8aa0e33f62e7ce7ef7b49f.php 第 102 行.
NOTIC: [8] Use of undefined constant id - assumed 'id' D:\wamp\www\yuanku\Application\Runtime\Cache\Home\cecb45903f8aa0e33f62e7ce7ef7b49f.php 第 102 行.
NOTIC: [8] A non well formed numeric value encountered D:\wamp\www\yuanku\Application\Runtime\Cache\Home\cecb45903f8aa0e33f62e7ce7ef7b49f.php 第 105 行.
NOTIC: [8] Use of undefined constant id - assumed 'id' D:\wamp\www\yuanku\Application\Runtime\Cache\Home\cecb45903f8aa0e33f62e7ce7ef7b49f.php 第 102 行.
NOTIC: [8] Use of undefined constant id - assumed 'id' D:\wamp\www\yuanku\Application\Runtime\Cache\Home\cecb45903f8aa0e33f62e7ce7ef7b49f.php 第 102 行.
NOTIC: [8] A non well formed numeric value encountered D:\wamp\www\yuanku\Application\Runtime\Cache\Home\cecb45903f8aa0e33f62e7ce7ef7b49f.php 第 105 行.
NOTIC: [8] Use of undefined constant id - assumed 'id' D:\wamp\www\yuanku\Application\Runtime\Cache\Home\cecb45903f8aa0e33f62e7ce7ef7b49f.php 第 102 行.
NOTIC: [8] Use of undefined constant id - assumed 'id' D:\wamp\www\yuanku\Application\Runtime\Cache\Home\cecb45903f8aa0e33f62e7ce7ef7b49f.php 第 102 行.
NOTIC: [8] A non well formed numeric value encountered D:\wamp\www\yuanku\Application\Runtime\Cache\Home\cecb45903f8aa0e33f62e7ce7ef7b49f.php 第 105 行.
NOTIC: [8] Use of undefined constant id - assumed 'id' D:\wamp\www\yuanku\Application\Runtime\Cache\Home\cecb45903f8aa0e33f62e7ce7ef7b49f.php 第 102 行.
NOTIC: [8] Use of undefined constant id - assumed 'id' D:\wamp\www\yuanku\Application\Runtime\Cache\Home\cecb45903f8aa0e33f62e7ce7ef7b49f.php 第 102 行.
NOTIC: [8] A non well formed numeric value encountered D:\wamp\www\yuanku\Application\Runtime\Cache\Home\cecb45903f8aa0e33f62e7ce7ef7b49f.php 第 105 行.
NOTIC: [8] Use of undefined constant id - assumed 'id' D:\wamp\www\yuanku\Application\Runtime\Cache\Home\cecb45903f8aa0e33f62e7ce7ef7b49f.php 第 102 行.
NOTIC: [8] Use of undefined constant id - assumed 'id' D:\wamp\www\yuanku\Application\Runtime\Cache\Home\cecb45903f8aa0e33f62e7ce7ef7b49f.php 第 102 行.
NOTIC: [8] A non well formed numeric value encountered D:\wamp\www\yuanku\Application\Runtime\Cache\Home\cecb45903f8aa0e33f62e7ce7ef7b49f.php 第 105 行.
NOTIC: [8] Use of undefined constant id - assumed 'id' D:\wamp\www\yuanku\Application\Runtime\Cache\Home\cecb45903f8aa0e33f62e7ce7ef7b49f.php 第 102 行.
NOTIC: [8] Use of undefined constant id - assumed 'id' D:\wamp\www\yuanku\Application\Runtime\Cache\Home\cecb45903f8aa0e33f62e7ce7ef7b49f.php 第 102 行.
NOTIC: [8] A non well formed numeric value encountered D:\wamp\www\yuanku\Application\Runtime\Cache\Home\cecb45903f8aa0e33f62e7ce7ef7b49f.php 第 105 行.
INFO: Run Behavior\ParseTemplateBehavior [ RunTime:0.014520s ]
INFO: [ view_parse ] --END-- [ RunTime:0.014692s ]
INFO: [ view_filter ] --START--
INFO: Run Behavior\WriteHtmlCacheBehavior [ RunTime:0.000383s ]
INFO: [ view_filter ] --END-- [ RunTime:0.000494s ]
INFO: [ app_end ] --START--
INFO: Run Behavior\ShowPageTraceBehavior [ RunTime:0.000966s ]
INFO: [ app_end ] --END-- [ RunTime:0.001141s ]

[ 2016-10-27T15:32:04+08:00 ] ::1 /yuanku/index.php/Home/Index/news/page_num/3.html
INFO: [ app_init ] --START--
INFO: Run Behavior\BuildLiteBehavior [ RunTime:0.000023s ]
INFO: [ app_init ] --END-- [ RunTime:0.000405s ]
INFO: [ app_begin ] --START--
INFO: Run Behavior\ReadHtmlCacheBehavior [ RunTime:0.000556s ]
INFO: [ app_begin ] --END-- [ RunTime:0.000655s ]
SQL: SHOW COLUMNS FROM `news` [ RunTime:0.0036s ]
SQL: SELECT * FROM `news` LIMIT 12,6   [ RunTime:0.0004s ]
SQL: SELECT COUNT(*) AS tp_count FROM `news` LIMIT 1   [ RunTime:0.0002s ]
NOTIC: [8] Undefined variable: cur_page_style D:\wamp\www\yuanku\Application\Home\Controller\IndexController.class.php 第 70 行.
NOTIC: [8] Undefined variable: page_html D:\wamp\www\yuanku\Application\Home\Controller\IndexController.class.php 第 70 行.
INFO: [ view_parse ] --START--
INFO: [ template_filter ] --START--
INFO: Run Behavior\ContentReplaceBehavior [ RunTime:0.000200s ]
INFO: [ template_filter ] --END-- [ RunTime:0.000335s ]
NOTIC: [8] Use of undefined constant id - assumed 'id' D:\wamp\www\yuanku\Application\Runtime\Cache\Home\cecb45903f8aa0e33f62e7ce7ef7b49f.php 第 102 行.
NOTIC: [8] Use of undefined constant id - assumed 'id' D:\wamp\www\yuanku\Application\Runtime\Cache\Home\cecb45903f8aa0e33f62e7ce7ef7b49f.php 第 102 行.
NOTIC: [8] A non well formed numeric value encountered D:\wamp\www\yuanku\Application\Runtime\Cache\Home\cecb45903f8aa0e33f62e7ce7ef7b49f.php 第 105 行.
NOTIC: [8] Use of undefined constant id - assumed 'id' D:\wamp\www\yuanku\Application\Runtime\Cache\Home\cecb45903f8aa0e33f62e7ce7ef7b49f.php 第 102 行.
NOTIC: [8] Use of undefined constant id - assumed 'id' D:\wamp\www\yuanku\Application\Runtime\Cache\Home\cecb45903f8aa0e33f62e7ce7ef7b49f.php 第 102 行.
NOTIC: [8] A non well formed numeric value encountered D:\wamp\www\yuanku\Application\Runtime\Cache\Home\cecb45903f8aa0e33f62e7ce7ef7b49f.php 第 105 行.
NOTIC: [8] Use of undefined constant id - assumed 'id' D:\wamp\www\yuanku\Application\Runtime\Cache\Home\cecb45903f8aa0e33f62e7ce7ef7b49f.php 第 102 行.
NOTIC: [8] Use of undefined constant id - assumed 'id' D:\wamp\www\yuanku\Application\Runtime\Cache\Home\cecb45903f8aa0e33f62e7ce7ef7b49f.php 第 102 行.
NOTIC: [8] A non well formed numeric value encountered D:\wamp\www\yuanku\Application\Runtime\Cache\Home\cecb45903f8aa0e33f62e7ce7ef7b49f.php 第 105 行.
NOTIC: [8] Use of undefined constant id - assumed 'id' D:\wamp\www\yuanku\Application\Runtime\Cache\Home\cecb45903f8aa0e33f62e7ce7ef7b49f.php 第 102 行.
NOTIC: [8] Use of undefined constant id - assumed 'id' D:\wamp\www\yuanku\Application\Runtime\Cache\Home\cecb45903f8aa0e33f62e7ce7ef7b49f.php 第 102 行.
NOTIC: [8] Use of undefined constant id - assumed 'id' D:\wamp\www\yuanku\Application\Runtime\Cache\Home\cecb45903f8aa0e33f62e7ce7ef7b49f.php 第 102 行.
NOTIC: [8] Use of undefined constant id - assumed 'id' D:\wamp\www\yuanku\Application\Runtime\Cache\Home\cecb45903f8aa0e33f62e7ce7ef7b49f.php 第 102 行.
NOTIC: [8] Use of undefined constant id - assumed 'id' D:\wamp\www\yuanku\Application\Runtime\Cache\Home\cecb45903f8aa0e33f62e7ce7ef7b49f.php 第 102 行.
NOTIC: [8] Use of undefined constant id - assumed 'id' D:\wamp\www\yuanku\Application\Runtime\Cache\Home\cecb45903f8aa0e33f62e7ce7ef7b49f.php 第 102 行.
INFO: Run Behavior\ParseTemplateBehavior [ RunTime:0.015447s ]
INFO: [ view_parse ] --END-- [ RunTime:0.015591s ]
INFO: [ view_filter ] --START--
INFO: Run Behavior\WriteHtmlCacheBehavior [ RunTime:0.000386s ]
INFO: [ view_filter ] --END-- [ RunTime:0.000487s ]
INFO: [ app_end ] --START--
INFO: Run Behavior\ShowPageTraceBehavior [ RunTime:0.000563s ]
INFO: [ app_end ] --END-- [ RunTime:0.000656s ]

[ 2016-10-27T15:32:16+08:00 ] ::1 /yuanku/index.php/Home/Personal/index
INFO: [ app_init ] --START--
INFO: Run Behavior\BuildLiteBehavior [ RunTime:0.000055s ]
INFO: [ app_init ] --END-- [ RunTime:0.000823s ]
INFO: [ app_begin ] --START--
INFO: Run Behavior\ReadHtmlCacheBehavior [ RunTime:0.000562s ]
INFO: [ app_begin ] --END-- [ RunTime:0.000669s ]
SQL: SELECT * FROM client_user WHERE user_name ='yyt' [ RunTime:0.0004s ]
SQL: SELECT email_address FROM client_user WHERE user_name ='yyt' [ RunTime:0.0003s ]
INFO: [ view_parse ] --START--
INFO: [ template_filter ] --START--
INFO: Run Behavior\ContentReplaceBehavior [ RunTime:0.000181s ]
INFO: [ template_filter ] --END-- [ RunTime:0.000320s ]
NOTIC: [8] Undefined variable: title D:\wamp\www\yuanku\Application\Runtime\Cache\Home\c32ce1ba62d248c865a32a620b180fb9.php 第 8 行.
NOTIC: [8] Undefined variable: phone_num D:\wamp\www\yuanku\Application\Runtime\Cache\Home\c32ce1ba62d248c865a32a620b180fb9.php 第 166 行.
INFO: Run Behavior\ParseTemplateBehavior [ RunTime:0.013213s ]
INFO: [ view_parse ] --END-- [ RunTime:0.013340s ]
INFO: [ view_filter ] --START--
INFO: Run Behavior\WriteHtmlCacheBehavior [ RunTime:0.000394s ]
INFO: [ view_filter ] --END-- [ RunTime:0.000484s ]
INFO: [ app_end ] --START--
INFO: Run Behavior\ShowPageTraceBehavior [ RunTime:0.000583s ]
INFO: [ app_end ] --END-- [ RunTime:0.000675s ]

