[ 2016-11-01T16:20:08+08:00 ] ::1 /yuanku/index.php/Home/Personal/index.html
INFO: [ app_init ] --START--
INFO: Run Behavior\BuildLiteBehavior [ RunTime:0.000027s ]
INFO: [ app_init ] --END-- [ RunTime:0.000474s ]
INFO: [ app_begin ] --START--
INFO: Run Behavior\ReadHtmlCacheBehavior [ RunTime:0.000582s ]
INFO: [ app_begin ] --END-- [ RunTime:0.000681s ]
SQL: SELECT * FROM client_user WHERE user_name ='kaka' [ RunTime:0.0004s ]
SQL: SELECT email_address FROM client_user WHERE user_name ='kaka' [ RunTime:0.0003s ]
SQL: SHOW COLUMNS FROM `news` [ RunTime:0.0025s ]
SQL: SHOW COLUMNS FROM `news_take` [ RunTime:0.0024s ]
NOTIC: [8] Undefined variable: start_index D:\wamp\www\yuanku\Application\Home\Controller\PersonalController.class.php 第 22 行.
NOTIC: [8] Undefined variable: page_count D:\wamp\www\yuanku\Application\Home\Controller\PersonalController.class.php 第 22 行.
SQL: SELECT n.id as nid,`title`,`name`,`sort_name`,`img`,`date` FROM news n INNER JOIN author ON author_id=author.id INNER JOIN news_sort ON sort_ename=news_sort.e_name  WHERE ( uid=39 ) ORDER BY date desc  [ RunTime:0.0006s ]
SQL: SELECT * FROM `news_take` WHERE ( uid=39 )  [ RunTime:0.0003s ]
INFO: [ view_parse ] --START--
INFO: [ template_filter ] --START--
INFO: Run Behavior\ContentReplaceBehavior [ RunTime:0.000158s ]
INFO: [ template_filter ] --END-- [ RunTime:0.000278s ]
INFO: Run Behavior\ParseTemplateBehavior [ RunTime:0.016145s ]
INFO: [ view_parse ] --END-- [ RunTime:0.016277s ]
INFO: [ view_filter ] --START--
INFO: Run Behavior\WriteHtmlCacheBehavior [ RunTime:0.000422s ]
INFO: [ view_filter ] --END-- [ RunTime:0.000551s ]
INFO: [ app_end ] --START--
INFO: Run Behavior\ShowPageTraceBehavior [ RunTime:0.000862s ]
INFO: [ app_end ] --END-- [ RunTime:0.001640s ]

[ 2016-11-01T16:20:09+08:00 ] ::1 /yuanku/index.php/Home/Personal/index.html
INFO: [ app_init ] --START--
INFO: Run Behavior\BuildLiteBehavior [ RunTime:0.000045s ]
INFO: [ app_init ] --END-- [ RunTime:0.000768s ]
INFO: [ app_begin ] --START--
INFO: Run Behavior\ReadHtmlCacheBehavior [ RunTime:0.001074s ]
INFO: [ app_begin ] --END-- [ RunTime:0.001326s ]
SQL: SELECT * FROM client_user WHERE user_name ='kaka' [ RunTime:0.0003s ]
SQL: SELECT email_address FROM client_user WHERE user_name ='kaka' [ RunTime:0.0003s ]
SQL: SHOW COLUMNS FROM `news` [ RunTime:0.0032s ]
SQL: SHOW COLUMNS FROM `news_take` [ RunTime:0.0029s ]
NOTIC: [8] Undefined variable: start_index D:\wamp\www\yuanku\Application\Home\Controller\PersonalController.class.php 第 22 行.
NOTIC: [8] Undefined variable: page_count D:\wamp\www\yuanku\Application\Home\Controller\PersonalController.class.php 第 22 行.
SQL: SELECT n.id as nid,`title`,`name`,`sort_name`,`img`,`date` FROM news n INNER JOIN author ON author_id=author.id INNER JOIN news_sort ON sort_ename=news_sort.e_name  WHERE ( uid=39 ) ORDER BY date desc  [ RunTime:0.0006s ]
SQL: SELECT * FROM `news_take` WHERE ( uid=39 )  [ RunTime:0.0004s ]
INFO: [ view_parse ] --START--
INFO: [ template_filter ] --START--
INFO: Run Behavior\ContentReplaceBehavior [ RunTime:0.000144s ]
INFO: [ template_filter ] --END-- [ RunTime:0.000289s ]
INFO: Run Behavior\ParseTemplateBehavior [ RunTime:0.015092s ]
INFO: [ view_parse ] --END-- [ RunTime:0.015251s ]
INFO: [ view_filter ] --START--
INFO: Run Behavior\WriteHtmlCacheBehavior [ RunTime:0.000394s ]
INFO: [ view_filter ] --END-- [ RunTime:0.000501s ]
INFO: [ app_end ] --START--
INFO: Run Behavior\ShowPageTraceBehavior [ RunTime:0.000600s ]
INFO: [ app_end ] --END-- [ RunTime:0.000697s ]

[ 2016-11-01T16:20:10+08:00 ] ::1 /yuanku/index.php/Home/Index/news.html
INFO: [ app_init ] --START--
INFO: Run Behavior\BuildLiteBehavior [ RunTime:0.000039s ]
INFO: [ app_init ] --END-- [ RunTime:0.001096s ]
INFO: [ app_begin ] --START--
INFO: Run Behavior\ReadHtmlCacheBehavior [ RunTime:0.000958s ]
INFO: [ app_begin ] --END-- [ RunTime:0.001140s ]
SQL: SHOW COLUMNS FROM `news` [ RunTime:0.0027s ]
SQL: SELECT n.id as id,`title`,`name`,`sort_name`,`content`,`img`,`date` FROM news n INNER JOIN author ON author_id=author.id INNER JOIN news_sort ON sort_ename=news_sort.e_name  ORDER BY id desc LIMIT 0,10   [ RunTime:0.0028s ]
SQL: SELECT COUNT(*) AS tp_count FROM `news` LIMIT 1   [ RunTime:0.0003s ]
NOTIC: [8] Undefined variable: page_html D:\wamp\www\yuanku\Application\Home\Controller\IndexController.class.php 第 124 行.
INFO: [ view_parse ] --START--
INFO: [ template_filter ] --START--
INFO: Run Behavior\ContentReplaceBehavior [ RunTime:0.000127s ]
INFO: [ template_filter ] --END-- [ RunTime:0.000249s ]
NOTIC: [8] Use of undefined constant id - assumed 'id' D:\wamp\www\yuanku\Application\Runtime\Cache\Home\cecb45903f8aa0e33f62e7ce7ef7b49f.php 第 97 行.
NOTIC: [8] Use of undefined constant id - assumed 'id' D:\wamp\www\yuanku\Application\Runtime\Cache\Home\cecb45903f8aa0e33f62e7ce7ef7b49f.php 第 97 行.
NOTIC: [8] Use of undefined constant id - assumed 'id' D:\wamp\www\yuanku\Application\Runtime\Cache\Home\cecb45903f8aa0e33f62e7ce7ef7b49f.php 第 97 行.
NOTIC: [8] Use of undefined constant id - assumed 'id' D:\wamp\www\yuanku\Application\Runtime\Cache\Home\cecb45903f8aa0e33f62e7ce7ef7b49f.php 第 97 行.
NOTIC: [8] Use of undefined constant id - assumed 'id' D:\wamp\www\yuanku\Application\Runtime\Cache\Home\cecb45903f8aa0e33f62e7ce7ef7b49f.php 第 97 行.
NOTIC: [8] Use of undefined constant id - assumed 'id' D:\wamp\www\yuanku\Application\Runtime\Cache\Home\cecb45903f8aa0e33f62e7ce7ef7b49f.php 第 97 行.
NOTIC: [8] Use of undefined constant id - assumed 'id' D:\wamp\www\yuanku\Application\Runtime\Cache\Home\cecb45903f8aa0e33f62e7ce7ef7b49f.php 第 97 行.
NOTIC: [8] Use of undefined constant id - assumed 'id' D:\wamp\www\yuanku\Application\Runtime\Cache\Home\cecb45903f8aa0e33f62e7ce7ef7b49f.php 第 97 行.
NOTIC: [8] Use of undefined constant id - assumed 'id' D:\wamp\www\yuanku\Application\Runtime\Cache\Home\cecb45903f8aa0e33f62e7ce7ef7b49f.php 第 97 行.
NOTIC: [8] Use of undefined constant id - assumed 'id' D:\wamp\www\yuanku\Application\Runtime\Cache\Home\cecb45903f8aa0e33f62e7ce7ef7b49f.php 第 97 行.
NOTIC: [8] Use of undefined constant id - assumed 'id' D:\wamp\www\yuanku\Application\Runtime\Cache\Home\cecb45903f8aa0e33f62e7ce7ef7b49f.php 第 97 行.
NOTIC: [8] Use of undefined constant id - assumed 'id' D:\wamp\www\yuanku\Application\Runtime\Cache\Home\cecb45903f8aa0e33f62e7ce7ef7b49f.php 第 97 行.
NOTIC: [8] Use of undefined constant id - assumed 'id' D:\wamp\www\yuanku\Application\Runtime\Cache\Home\cecb45903f8aa0e33f62e7ce7ef7b49f.php 第 97 行.
NOTIC: [8] Use of undefined constant id - assumed 'id' D:\wamp\www\yuanku\Application\Runtime\Cache\Home\cecb45903f8aa0e33f62e7ce7ef7b49f.php 第 97 行.
NOTIC: [8] Use of undefined constant id - assumed 'id' D:\wamp\www\yuanku\Application\Runtime\Cache\Home\cecb45903f8aa0e33f62e7ce7ef7b49f.php 第 97 行.
NOTIC: [8] Use of undefined constant id - assumed 'id' D:\wamp\www\yuanku\Application\Runtime\Cache\Home\cecb45903f8aa0e33f62e7ce7ef7b49f.php 第 97 行.
NOTIC: [8] Use of undefined constant id - assumed 'id' D:\wamp\www\yuanku\Application\Runtime\Cache\Home\cecb45903f8aa0e33f62e7ce7ef7b49f.php 第 97 行.
NOTIC: [8] Use of undefined constant id - assumed 'id' D:\wamp\www\yuanku\Application\Runtime\Cache\Home\cecb45903f8aa0e33f62e7ce7ef7b49f.php 第 97 行.
NOTIC: [8] Use of undefined constant id - assumed 'id' D:\wamp\www\yuanku\Application\Runtime\Cache\Home\cecb45903f8aa0e33f62e7ce7ef7b49f.php 第 97 行.
NOTIC: [8] Use of undefined constant id - assumed 'id' D:\wamp\www\yuanku\Application\Runtime\Cache\Home\cecb45903f8aa0e33f62e7ce7ef7b49f.php 第 97 行.
INFO: Run Behavior\ParseTemplateBehavior [ RunTime:0.017338s ]
INFO: [ view_parse ] --END-- [ RunTime:0.017458s ]
INFO: [ view_filter ] --START--
INFO: Run Behavior\WriteHtmlCacheBehavior [ RunTime:0.000487s ]
INFO: [ view_filter ] --END-- [ RunTime:0.000601s ]
INFO: [ app_end ] --START--
INFO: Run Behavior\ShowPageTraceBehavior [ RunTime:0.000610s ]
INFO: [ app_end ] --END-- [ RunTime:0.000706s ]

[ 2016-11-01T16:20:12+08:00 ] ::1 /yuanku/index.php/Home/Index/news_detail/id/47.html
INFO: [ app_init ] --START--
INFO: Run Behavior\BuildLiteBehavior [ RunTime:0.000027s ]
INFO: [ app_init ] --END-- [ RunTime:0.000450s ]
INFO: [ app_begin ] --START--
INFO: Run Behavior\ReadHtmlCacheBehavior [ RunTime:0.000769s ]
INFO: [ app_begin ] --END-- [ RunTime:0.000918s ]
SQL: SHOW COLUMNS FROM `news` [ RunTime:0.0027s ]
SQL: SELECT `id`,`title`,`img`,`date` FROM `news` ORDER BY id desc LIMIT 3   [ RunTime:0.0004s ]
SQL: SELECT n.id as id,`title`,`name`,`sort_name`,`content`,`img`,`date` FROM news n INNER JOIN author INNER JOIN news_sort INNER JOIN news_take  WHERE ( n.id=47 AND author.id=author_id AND sort_ename=news_sort.e_name )  [ RunTime:0.0005s ]
INFO: [ view_parse ] --START--
INFO: [ template_filter ] --START--
INFO: Run Behavior\ContentReplaceBehavior [ RunTime:0.000170s ]
INFO: [ template_filter ] --END-- [ RunTime:0.000340s ]
NOTIC: [8] Use of undefined constant id - assumed 'id' D:\wamp\www\yuanku\Application\Runtime\Cache\Home\5ce56c6da75d18834febc25b28cacbc3.php 第 107 行.
NOTIC: [8] Undefined index: introduction D:\wamp\www\yuanku\Application\Runtime\Cache\Home\5ce56c6da75d18834febc25b28cacbc3.php 第 128 行.
NOTIC: [8] Use of undefined constant id - assumed 'id' D:\wamp\www\yuanku\Application\Runtime\Cache\Home\5ce56c6da75d18834febc25b28cacbc3.php 第 170 行.
NOTIC: [8] Use of undefined constant id - assumed 'id' D:\wamp\www\yuanku\Application\Runtime\Cache\Home\5ce56c6da75d18834febc25b28cacbc3.php 第 171 行.
NOTIC: [8] Use of undefined constant id - assumed 'id' D:\wamp\www\yuanku\Application\Runtime\Cache\Home\5ce56c6da75d18834febc25b28cacbc3.php 第 170 行.
NOTIC: [8] Use of undefined constant id - assumed 'id' D:\wamp\www\yuanku\Application\Runtime\Cache\Home\5ce56c6da75d18834febc25b28cacbc3.php 第 171 行.
NOTIC: [8] Use of undefined constant id - assumed 'id' D:\wamp\www\yuanku\Application\Runtime\Cache\Home\5ce56c6da75d18834febc25b28cacbc3.php 第 170 行.
NOTIC: [8] Use of undefined constant id - assumed 'id' D:\wamp\www\yuanku\Application\Runtime\Cache\Home\5ce56c6da75d18834febc25b28cacbc3.php 第 171 行.
INFO: Run Behavior\ParseTemplateBehavior [ RunTime:0.018389s ]
INFO: [ view_parse ] --END-- [ RunTime:0.018518s ]
INFO: [ view_filter ] --START--
INFO: Run Behavior\WriteHtmlCacheBehavior [ RunTime:0.000385s ]
INFO: [ view_filter ] --END-- [ RunTime:0.000474s ]
INFO: [ app_end ] --START--
INFO: Run Behavior\ShowPageTraceBehavior [ RunTime:0.000591s ]
INFO: [ app_end ] --END-- [ RunTime:0.000685s ]

[ 2016-11-01T16:20:56+08:00 ] ::1 /yuanku/index.php/Home/Index/news_detail/id/47.html
INFO: [ app_init ] --START--
INFO: Run Behavior\BuildLiteBehavior [ RunTime:0.000030s ]
INFO: [ app_init ] --END-- [ RunTime:0.001054s ]
INFO: [ app_begin ] --START--
INFO: Run Behavior\ReadHtmlCacheBehavior [ RunTime:0.000640s ]
INFO: [ app_begin ] --END-- [ RunTime:0.000765s ]
SQL: SHOW COLUMNS FROM `news` [ RunTime:0.0039s ]
SQL: SELECT `id`,`title`,`img`,`date` FROM `news` ORDER BY id desc LIMIT 3   [ RunTime:0.0005s ]
SQL: SELECT n.id as id,`title`,`name`,`sort_name`,`content`,`img`,`date` FROM news n INNER JOIN author INNER JOIN news_sort INNER JOIN news_take  WHERE ( n.id=47 AND author.id=author_id AND sort_ename=news_sort.e_name )  [ RunTime:0.0005s ]
INFO: [ view_parse ] --START--
INFO: [ template_filter ] --START--
INFO: Run Behavior\ContentReplaceBehavior [ RunTime:0.000192s ]
INFO: [ template_filter ] --END-- [ RunTime:0.000342s ]
NOTIC: [8] Use of undefined constant id - assumed 'id' D:\wamp\www\yuanku\Application\Runtime\Cache\Home\5ce56c6da75d18834febc25b28cacbc3.php 第 107 行.
NOTIC: [8] Undefined index: introduction D:\wamp\www\yuanku\Application\Runtime\Cache\Home\5ce56c6da75d18834febc25b28cacbc3.php 第 128 行.
NOTIC: [8] Use of undefined constant id - assumed 'id' D:\wamp\www\yuanku\Application\Runtime\Cache\Home\5ce56c6da75d18834febc25b28cacbc3.php 第 170 行.
NOTIC: [8] Use of undefined constant id - assumed 'id' D:\wamp\www\yuanku\Application\Runtime\Cache\Home\5ce56c6da75d18834febc25b28cacbc3.php 第 171 行.
NOTIC: [8] Use of undefined constant id - assumed 'id' D:\wamp\www\yuanku\Application\Runtime\Cache\Home\5ce56c6da75d18834febc25b28cacbc3.php 第 170 行.
NOTIC: [8] Use of undefined constant id - assumed 'id' D:\wamp\www\yuanku\Application\Runtime\Cache\Home\5ce56c6da75d18834febc25b28cacbc3.php 第 171 行.
NOTIC: [8] Use of undefined constant id - assumed 'id' D:\wamp\www\yuanku\Application\Runtime\Cache\Home\5ce56c6da75d18834febc25b28cacbc3.php 第 170 行.
NOTIC: [8] Use of undefined constant id - assumed 'id' D:\wamp\www\yuanku\Application\Runtime\Cache\Home\5ce56c6da75d18834febc25b28cacbc3.php 第 171 行.
INFO: Run Behavior\ParseTemplateBehavior [ RunTime:0.020690s ]
INFO: [ view_parse ] --END-- [ RunTime:0.020817s ]
INFO: [ view_filter ] --START--
INFO: Run Behavior\WriteHtmlCacheBehavior [ RunTime:0.000378s ]
INFO: [ view_filter ] --END-- [ RunTime:0.000514s ]
INFO: [ app_end ] --START--
INFO: Run Behavior\ShowPageTraceBehavior [ RunTime:0.000807s ]
INFO: [ app_end ] --END-- [ RunTime:0.000912s ]

[ 2016-11-01T16:21:29+08:00 ] ::1 /yuanku/index.php/Home/Index/news.html
INFO: [ app_init ] --START--
INFO: Run Behavior\BuildLiteBehavior [ RunTime:0.000023s ]
INFO: [ app_init ] --END-- [ RunTime:0.000405s ]
INFO: [ app_begin ] --START--
INFO: Run Behavior\ReadHtmlCacheBehavior [ RunTime:0.000722s ]
INFO: [ app_begin ] --END-- [ RunTime:0.000895s ]
SQL: SHOW COLUMNS FROM `news` [ RunTime:0.0035s ]
SQL: SELECT n.id as id,`title`,`name`,`sort_name`,`content`,`img`,`date` FROM news n INNER JOIN author ON author_id=author.id INNER JOIN news_sort ON sort_ename=news_sort.e_name  ORDER BY id desc LIMIT 0,10   [ RunTime:0.0032s ]
SQL: SELECT COUNT(*) AS tp_count FROM `news` LIMIT 1   [ RunTime:0.0002s ]
NOTIC: [8] Undefined variable: page_html D:\wamp\www\yuanku\Application\Home\Controller\IndexController.class.php 第 124 行.
INFO: [ view_parse ] --START--
INFO: [ template_filter ] --START--
INFO: Run Behavior\ContentReplaceBehavior [ RunTime:0.000114s ]
INFO: [ template_filter ] --END-- [ RunTime:0.000225s ]
NOTIC: [8] Use of undefined constant id - assumed 'id' D:\wamp\www\yuanku\Application\Runtime\Cache\Home\cecb45903f8aa0e33f62e7ce7ef7b49f.php 第 97 行.
NOTIC: [8] Use of undefined constant id - assumed 'id' D:\wamp\www\yuanku\Application\Runtime\Cache\Home\cecb45903f8aa0e33f62e7ce7ef7b49f.php 第 97 行.
NOTIC: [8] Use of undefined constant id - assumed 'id' D:\wamp\www\yuanku\Application\Runtime\Cache\Home\cecb45903f8aa0e33f62e7ce7ef7b49f.php 第 97 行.
NOTIC: [8] Use of undefined constant id - assumed 'id' D:\wamp\www\yuanku\Application\Runtime\Cache\Home\cecb45903f8aa0e33f62e7ce7ef7b49f.php 第 97 行.
NOTIC: [8] Use of undefined constant id - assumed 'id' D:\wamp\www\yuanku\Application\Runtime\Cache\Home\cecb45903f8aa0e33f62e7ce7ef7b49f.php 第 97 行.
NOTIC: [8] Use of undefined constant id - assumed 'id' D:\wamp\www\yuanku\Application\Runtime\Cache\Home\cecb45903f8aa0e33f62e7ce7ef7b49f.php 第 97 行.
NOTIC: [8] Use of undefined constant id - assumed 'id' D:\wamp\www\yuanku\Application\Runtime\Cache\Home\cecb45903f8aa0e33f62e7ce7ef7b49f.php 第 97 行.
NOTIC: [8] Use of undefined constant id - assumed 'id' D:\wamp\www\yuanku\Application\Runtime\Cache\Home\cecb45903f8aa0e33f62e7ce7ef7b49f.php 第 97 行.
NOTIC: [8] Use of undefined constant id - assumed 'id' D:\wamp\www\yuanku\Application\Runtime\Cache\Home\cecb45903f8aa0e33f62e7ce7ef7b49f.php 第 97 行.
NOTIC: [8] Use of undefined constant id - assumed 'id' D:\wamp\www\yuanku\Application\Runtime\Cache\Home\cecb45903f8aa0e33f62e7ce7ef7b49f.php 第 97 行.
NOTIC: [8] Use of undefined constant id - assumed 'id' D:\wamp\www\yuanku\Application\Runtime\Cache\Home\cecb45903f8aa0e33f62e7ce7ef7b49f.php 第 97 行.
NOTIC: [8] Use of undefined constant id - assumed 'id' D:\wamp\www\yuanku\Application\Runtime\Cache\Home\cecb45903f8aa0e33f62e7ce7ef7b49f.php 第 97 行.
NOTIC: [8] Use of undefined constant id - assumed 'id' D:\wamp\www\yuanku\Application\Runtime\Cache\Home\cecb45903f8aa0e33f62e7ce7ef7b49f.php 第 97 行.
NOTIC: [8] Use of undefined constant id - assumed 'id' D:\wamp\www\yuanku\Application\Runtime\Cache\Home\cecb45903f8aa0e33f62e7ce7ef7b49f.php 第 97 行.
NOTIC: [8] Use of undefined constant id - assumed 'id' D:\wamp\www\yuanku\Application\Runtime\Cache\Home\cecb45903f8aa0e33f62e7ce7ef7b49f.php 第 97 行.
NOTIC: [8] Use of undefined constant id - assumed 'id' D:\wamp\www\yuanku\Application\Runtime\Cache\Home\cecb45903f8aa0e33f62e7ce7ef7b49f.php 第 97 行.
NOTIC: [8] Use of undefined constant id - assumed 'id' D:\wamp\www\yuanku\Application\Runtime\Cache\Home\cecb45903f8aa0e33f62e7ce7ef7b49f.php 第 97 行.
NOTIC: [8] Use of undefined constant id - assumed 'id' D:\wamp\www\yuanku\Application\Runtime\Cache\Home\cecb45903f8aa0e33f62e7ce7ef7b49f.php 第 97 行.
NOTIC: [8] Use of undefined constant id - assumed 'id' D:\wamp\www\yuanku\Application\Runtime\Cache\Home\cecb45903f8aa0e33f62e7ce7ef7b49f.php 第 97 行.
NOTIC: [8] Use of undefined constant id - assumed 'id' D:\wamp\www\yuanku\Application\Runtime\Cache\Home\cecb45903f8aa0e33f62e7ce7ef7b49f.php 第 97 行.
INFO: Run Behavior\ParseTemplateBehavior [ RunTime:0.017306s ]
INFO: [ view_parse ] --END-- [ RunTime:0.017415s ]
INFO: [ view_filter ] --START--
INFO: Run Behavior\WriteHtmlCacheBehavior [ RunTime:0.000427s ]
INFO: [ view_filter ] --END-- [ RunTime:0.000527s ]
INFO: [ app_end ] --START--
INFO: Run Behavior\ShowPageTraceBehavior [ RunTime:0.000604s ]
INFO: [ app_end ] --END-- [ RunTime:0.000703s ]

[ 2016-11-01T16:22:09+08:00 ] ::1 /yuanku/index.php/Home/Index/news_detail/id/45.html
INFO: [ app_init ] --START--
INFO: Run Behavior\BuildLiteBehavior [ RunTime:0.000036s ]
INFO: [ app_init ] --END-- [ RunTime:0.000597s ]
INFO: [ app_begin ] --START--
INFO: Run Behavior\ReadHtmlCacheBehavior [ RunTime:0.000777s ]
INFO: [ app_begin ] --END-- [ RunTime:0.000900s ]
SQL: SHOW COLUMNS FROM `news` [ RunTime:0.0029s ]
SQL: SELECT `id`,`title`,`img`,`date` FROM `news` ORDER BY id desc LIMIT 3   [ RunTime:0.0004s ]
SQL: SELECT n.id as id,`title`,`name`,`sort_name`,`content`,`img`,`date` FROM news n INNER JOIN author INNER JOIN news_sort INNER JOIN news_take  WHERE ( n.id=45 AND author.id=author_id AND sort_ename=news_sort.e_name )  [ RunTime:0.0004s ]
INFO: [ view_parse ] --START--
INFO: [ template_filter ] --START--
INFO: Run Behavior\ContentReplaceBehavior [ RunTime:0.000147s ]
INFO: [ template_filter ] --END-- [ RunTime:0.000313s ]
NOTIC: [8] Use of undefined constant id - assumed 'id' D:\wamp\www\yuanku\Application\Runtime\Cache\Home\5ce56c6da75d18834febc25b28cacbc3.php 第 107 行.
NOTIC: [8] Undefined index: introduction D:\wamp\www\yuanku\Application\Runtime\Cache\Home\5ce56c6da75d18834febc25b28cacbc3.php 第 128 行.
NOTIC: [8] Use of undefined constant id - assumed 'id' D:\wamp\www\yuanku\Application\Runtime\Cache\Home\5ce56c6da75d18834febc25b28cacbc3.php 第 170 行.
NOTIC: [8] Use of undefined constant id - assumed 'id' D:\wamp\www\yuanku\Application\Runtime\Cache\Home\5ce56c6da75d18834febc25b28cacbc3.php 第 171 行.
NOTIC: [8] Use of undefined constant id - assumed 'id' D:\wamp\www\yuanku\Application\Runtime\Cache\Home\5ce56c6da75d18834febc25b28cacbc3.php 第 170 行.
NOTIC: [8] Use of undefined constant id - assumed 'id' D:\wamp\www\yuanku\Application\Runtime\Cache\Home\5ce56c6da75d18834febc25b28cacbc3.php 第 171 行.
NOTIC: [8] Use of undefined constant id - assumed 'id' D:\wamp\www\yuanku\Application\Runtime\Cache\Home\5ce56c6da75d18834febc25b28cacbc3.php 第 170 行.
NOTIC: [8] Use of undefined constant id - assumed 'id' D:\wamp\www\yuanku\Application\Runtime\Cache\Home\5ce56c6da75d18834febc25b28cacbc3.php 第 171 行.
INFO: Run Behavior\ParseTemplateBehavior [ RunTime:0.017133s ]
INFO: [ view_parse ] --END-- [ RunTime:0.017261s ]
INFO: [ view_filter ] --START--
INFO: Run Behavior\WriteHtmlCacheBehavior [ RunTime:0.000443s ]
INFO: [ view_filter ] --END-- [ RunTime:0.000533s ]
INFO: [ app_end ] --START--
INFO: Run Behavior\ShowPageTraceBehavior [ RunTime:0.000585s ]
INFO: [ app_end ] --END-- [ RunTime:0.000688s ]

[ 2016-11-01T16:23:21+08:00 ] ::1 /yuanku/index.php/Home/Index/news.html
INFO: [ app_init ] --START--
INFO: Run Behavior\BuildLiteBehavior [ RunTime:0.000023s ]
INFO: [ app_init ] --END-- [ RunTime:0.000436s ]
INFO: [ app_begin ] --START--
INFO: Run Behavior\ReadHtmlCacheBehavior [ RunTime:0.000876s ]
INFO: [ app_begin ] --END-- [ RunTime:0.000997s ]
SQL: SHOW COLUMNS FROM `news` [ RunTime:0.0031s ]
SQL: SELECT n.id as id,`title`,`name`,`sort_name`,`content`,`img`,`date` FROM news n INNER JOIN author ON author_id=author.id INNER JOIN news_sort ON sort_ename=news_sort.e_name  ORDER BY id desc LIMIT 0,10   [ RunTime:0.0033s ]
SQL: SELECT COUNT(*) AS tp_count FROM `news` LIMIT 1   [ RunTime:0.0003s ]
NOTIC: [8] Undefined variable: page_html D:\wamp\www\yuanku\Application\Home\Controller\IndexController.class.php 第 124 行.
INFO: [ view_parse ] --START--
INFO: [ template_filter ] --START--
INFO: Run Behavior\ContentReplaceBehavior [ RunTime:0.000120s ]
INFO: [ template_filter ] --END-- [ RunTime:0.000226s ]
NOTIC: [8] Use of undefined constant id - assumed 'id' D:\wamp\www\yuanku\Application\Runtime\Cache\Home\cecb45903f8aa0e33f62e7ce7ef7b49f.php 第 97 行.
NOTIC: [8] Use of undefined constant id - assumed 'id' D:\wamp\www\yuanku\Application\Runtime\Cache\Home\cecb45903f8aa0e33f62e7ce7ef7b49f.php 第 97 行.
NOTIC: [8] Use of undefined constant id - assumed 'id' D:\wamp\www\yuanku\Application\Runtime\Cache\Home\cecb45903f8aa0e33f62e7ce7ef7b49f.php 第 97 行.
NOTIC: [8] Use of undefined constant id - assumed 'id' D:\wamp\www\yuanku\Application\Runtime\Cache\Home\cecb45903f8aa0e33f62e7ce7ef7b49f.php 第 97 行.
NOTIC: [8] Use of undefined constant id - assumed 'id' D:\wamp\www\yuanku\Application\Runtime\Cache\Home\cecb45903f8aa0e33f62e7ce7ef7b49f.php 第 97 行.
NOTIC: [8] Use of undefined constant id - assumed 'id' D:\wamp\www\yuanku\Application\Runtime\Cache\Home\cecb45903f8aa0e33f62e7ce7ef7b49f.php 第 97 行.
NOTIC: [8] Use of undefined constant id - assumed 'id' D:\wamp\www\yuanku\Application\Runtime\Cache\Home\cecb45903f8aa0e33f62e7ce7ef7b49f.php 第 97 行.
NOTIC: [8] Use of undefined constant id - assumed 'id' D:\wamp\www\yuanku\Application\Runtime\Cache\Home\cecb45903f8aa0e33f62e7ce7ef7b49f.php 第 97 行.
NOTIC: [8] Use of undefined constant id - assumed 'id' D:\wamp\www\yuanku\Application\Runtime\Cache\Home\cecb45903f8aa0e33f62e7ce7ef7b49f.php 第 97 行.
NOTIC: [8] Use of undefined constant id - assumed 'id' D:\wamp\www\yuanku\Application\Runtime\Cache\Home\cecb45903f8aa0e33f62e7ce7ef7b49f.php 第 97 行.
NOTIC: [8] Use of undefined constant id - assumed 'id' D:\wamp\www\yuanku\Application\Runtime\Cache\Home\cecb45903f8aa0e33f62e7ce7ef7b49f.php 第 97 行.
NOTIC: [8] Use of undefined constant id - assumed 'id' D:\wamp\www\yuanku\Application\Runtime\Cache\Home\cecb45903f8aa0e33f62e7ce7ef7b49f.php 第 97 行.
NOTIC: [8] Use of undefined constant id - assumed 'id' D:\wamp\www\yuanku\Application\Runtime\Cache\Home\cecb45903f8aa0e33f62e7ce7ef7b49f.php 第 97 行.
NOTIC: [8] Use of undefined constant id - assumed 'id' D:\wamp\www\yuanku\Application\Runtime\Cache\Home\cecb45903f8aa0e33f62e7ce7ef7b49f.php 第 97 行.
NOTIC: [8] Use of undefined constant id - assumed 'id' D:\wamp\www\yuanku\Application\Runtime\Cache\Home\cecb45903f8aa0e33f62e7ce7ef7b49f.php 第 97 行.
NOTIC: [8] Use of undefined constant id - assumed 'id' D:\wamp\www\yuanku\Application\Runtime\Cache\Home\cecb45903f8aa0e33f62e7ce7ef7b49f.php 第 97 行.
NOTIC: [8] Use of undefined constant id - assumed 'id' D:\wamp\www\yuanku\Application\Runtime\Cache\Home\cecb45903f8aa0e33f62e7ce7ef7b49f.php 第 97 行.
NOTIC: [8] Use of undefined constant id - assumed 'id' D:\wamp\www\yuanku\Application\Runtime\Cache\Home\cecb45903f8aa0e33f62e7ce7ef7b49f.php 第 97 行.
NOTIC: [8] Use of undefined constant id - assumed 'id' D:\wamp\www\yuanku\Application\Runtime\Cache\Home\cecb45903f8aa0e33f62e7ce7ef7b49f.php 第 97 行.
NOTIC: [8] Use of undefined constant id - assumed 'id' D:\wamp\www\yuanku\Application\Runtime\Cache\Home\cecb45903f8aa0e33f62e7ce7ef7b49f.php 第 97 行.
INFO: Run Behavior\ParseTemplateBehavior [ RunTime:0.016686s ]
INFO: [ view_parse ] --END-- [ RunTime:0.016803s ]
INFO: [ view_filter ] --START--
INFO: Run Behavior\WriteHtmlCacheBehavior [ RunTime:0.001028s ]
INFO: [ view_filter ] --END-- [ RunTime:0.001130s ]
INFO: [ app_end ] --START--
INFO: Run Behavior\ShowPageTraceBehavior [ RunTime:0.000594s ]
INFO: [ app_end ] --END-- [ RunTime:0.000688s ]

[ 2016-11-01T16:23:29+08:00 ] ::1 /yuanku/index.php/Home/Index/news_detail/id/41.html
INFO: [ app_init ] --START--
INFO: Run Behavior\BuildLiteBehavior [ RunTime:0.000032s ]
INFO: [ app_init ] --END-- [ RunTime:0.000603s ]
INFO: [ app_begin ] --START--
INFO: Run Behavior\ReadHtmlCacheBehavior [ RunTime:0.000596s ]
INFO: [ app_begin ] --END-- [ RunTime:0.000708s ]
SQL: SHOW COLUMNS FROM `news` [ RunTime:0.0027s ]
SQL: SELECT `id`,`title`,`img`,`date` FROM `news` ORDER BY id desc LIMIT 3   [ RunTime:0.0003s ]
SQL: SELECT n.id as id,`title`,`name`,`sort_name`,`content`,`img`,`date` FROM news n INNER JOIN author INNER JOIN news_sort INNER JOIN news_take  WHERE ( n.id=41 AND author.id=author_id AND sort_ename=news_sort.e_name )  [ RunTime:0.0004s ]
INFO: [ view_parse ] --START--
INFO: [ template_filter ] --START--
INFO: Run Behavior\ContentReplaceBehavior [ RunTime:0.000147s ]
INFO: [ template_filter ] --END-- [ RunTime:0.000263s ]
NOTIC: [8] Use of undefined constant id - assumed 'id' D:\wamp\www\yuanku\Application\Runtime\Cache\Home\5ce56c6da75d18834febc25b28cacbc3.php 第 107 行.
NOTIC: [8] Undefined index: introduction D:\wamp\www\yuanku\Application\Runtime\Cache\Home\5ce56c6da75d18834febc25b28cacbc3.php 第 128 行.
NOTIC: [8] Use of undefined constant id - assumed 'id' D:\wamp\www\yuanku\Application\Runtime\Cache\Home\5ce56c6da75d18834febc25b28cacbc3.php 第 170 行.
NOTIC: [8] Use of undefined constant id - assumed 'id' D:\wamp\www\yuanku\Application\Runtime\Cache\Home\5ce56c6da75d18834febc25b28cacbc3.php 第 171 行.
NOTIC: [8] Use of undefined constant id - assumed 'id' D:\wamp\www\yuanku\Application\Runtime\Cache\Home\5ce56c6da75d18834febc25b28cacbc3.php 第 170 行.
NOTIC: [8] Use of undefined constant id - assumed 'id' D:\wamp\www\yuanku\Application\Runtime\Cache\Home\5ce56c6da75d18834febc25b28cacbc3.php 第 171 行.
NOTIC: [8] Use of undefined constant id - assumed 'id' D:\wamp\www\yuanku\Application\Runtime\Cache\Home\5ce56c6da75d18834febc25b28cacbc3.php 第 170 行.
NOTIC: [8] Use of undefined constant id - assumed 'id' D:\wamp\www\yuanku\Application\Runtime\Cache\Home\5ce56c6da75d18834febc25b28cacbc3.php 第 171 行.
INFO: Run Behavior\ParseTemplateBehavior [ RunTime:0.016331s ]
INFO: [ view_parse ] --END-- [ RunTime:0.016438s ]
INFO: [ view_filter ] --START--
INFO: Run Behavior\WriteHtmlCacheBehavior [ RunTime:0.000372s ]
INFO: [ view_filter ] --END-- [ RunTime:0.000460s ]
INFO: [ app_end ] --START--
INFO: Run Behavior\ShowPageTraceBehavior [ RunTime:0.000494s ]
INFO: [ app_end ] --END-- [ RunTime:0.000586s ]

[ 2016-11-01T16:23:34+08:00 ] ::1 /yuanku/index.php/Home/Index/news_detail/id/41.html
INFO: [ app_init ] --START--
INFO: Run Behavior\BuildLiteBehavior [ RunTime:0.000056s ]
INFO: [ app_init ] --END-- [ RunTime:0.001459s ]
INFO: [ app_begin ] --START--
INFO: Run Behavior\ReadHtmlCacheBehavior [ RunTime:0.000784s ]
INFO: [ app_begin ] --END-- [ RunTime:0.000929s ]
SQL: SHOW COLUMNS FROM `news` [ RunTime:0.0029s ]
SQL: SELECT `id`,`title`,`img`,`date` FROM `news` ORDER BY id desc LIMIT 3   [ RunTime:0.0003s ]
SQL: SELECT n.id as id,`title`,`name`,`sort_name`,`content`,`img`,`date` FROM news n INNER JOIN author INNER JOIN news_sort INNER JOIN news_take  WHERE ( n.id=41 AND author.id=author_id AND sort_ename=news_sort.e_name )  [ RunTime:0.0004s ]
INFO: [ view_parse ] --START--
INFO: [ template_filter ] --START--
INFO: Run Behavior\ContentReplaceBehavior [ RunTime:0.000192s ]
INFO: [ template_filter ] --END-- [ RunTime:0.000438s ]
NOTIC: [8] Use of undefined constant id - assumed 'id' D:\wamp\www\yuanku\Application\Runtime\Cache\Home\5ce56c6da75d18834febc25b28cacbc3.php 第 107 行.
NOTIC: [8] Undefined index: introduction D:\wamp\www\yuanku\Application\Runtime\Cache\Home\5ce56c6da75d18834febc25b28cacbc3.php 第 128 行.
NOTIC: [8] Use of undefined constant id - assumed 'id' D:\wamp\www\yuanku\Application\Runtime\Cache\Home\5ce56c6da75d18834febc25b28cacbc3.php 第 170 行.
NOTIC: [8] Use of undefined constant id - assumed 'id' D:\wamp\www\yuanku\Application\Runtime\Cache\Home\5ce56c6da75d18834febc25b28cacbc3.php 第 171 行.
NOTIC: [8] Use of undefined constant id - assumed 'id' D:\wamp\www\yuanku\Application\Runtime\Cache\Home\5ce56c6da75d18834febc25b28cacbc3.php 第 170 行.
NOTIC: [8] Use of undefined constant id - assumed 'id' D:\wamp\www\yuanku\Application\Runtime\Cache\Home\5ce56c6da75d18834febc25b28cacbc3.php 第 171 行.
NOTIC: [8] Use of undefined constant id - assumed 'id' D:\wamp\www\yuanku\Application\Runtime\Cache\Home\5ce56c6da75d18834febc25b28cacbc3.php 第 170 行.
NOTIC: [8] Use of undefined constant id - assumed 'id' D:\wamp\www\yuanku\Application\Runtime\Cache\Home\5ce56c6da75d18834febc25b28cacbc3.php 第 171 行.
INFO: Run Behavior\ParseTemplateBehavior [ RunTime:0.017615s ]
INFO: [ view_parse ] --END-- [ RunTime:0.017718s ]
INFO: [ view_filter ] --START--
INFO: Run Behavior\WriteHtmlCacheBehavior [ RunTime:0.000371s ]
INFO: [ view_filter ] --END-- [ RunTime:0.000457s ]
INFO: [ app_end ] --START--
INFO: Run Behavior\ShowPageTraceBehavior [ RunTime:0.000661s ]
INFO: [ app_end ] --END-- [ RunTime:0.000756s ]

[ 2016-11-01T16:23:39+08:00 ] ::1 /yuanku/index.php/Home/Personal/index
INFO: [ app_init ] --START--
INFO: Run Behavior\BuildLiteBehavior [ RunTime:0.000023s ]
INFO: [ app_init ] --END-- [ RunTime:0.000427s ]
INFO: [ app_begin ] --START--
INFO: Run Behavior\ReadHtmlCacheBehavior [ RunTime:0.000635s ]
INFO: [ app_begin ] --END-- [ RunTime:0.000745s ]
SQL: SELECT * FROM client_user WHERE user_name ='kaka' [ RunTime:0.0003s ]
SQL: SELECT email_address FROM client_user WHERE user_name ='kaka' [ RunTime:0.0003s ]
SQL: SHOW COLUMNS FROM `news` [ RunTime:0.0026s ]
SQL: SHOW COLUMNS FROM `news_take` [ RunTime:0.0026s ]
NOTIC: [8] Undefined variable: start_index D:\wamp\www\yuanku\Application\Home\Controller\PersonalController.class.php 第 22 行.
NOTIC: [8] Undefined variable: page_count D:\wamp\www\yuanku\Application\Home\Controller\PersonalController.class.php 第 22 行.
SQL: SELECT n.id as nid,`title`,`name`,`sort_name`,`img`,`date` FROM news n INNER JOIN author ON author_id=author.id INNER JOIN news_sort ON sort_ename=news_sort.e_name  WHERE ( uid=39 ) ORDER BY date desc  [ RunTime:0.0007s ]
SQL: SELECT * FROM `news_take` WHERE ( uid=39 )  [ RunTime:0.0003s ]
INFO: [ view_parse ] --START--
INFO: [ template_filter ] --START--
INFO: Run Behavior\ContentReplaceBehavior [ RunTime:0.000170s ]
INFO: [ template_filter ] --END-- [ RunTime:0.000286s ]
INFO: Run Behavior\ParseTemplateBehavior [ RunTime:0.014104s ]
INFO: [ view_parse ] --END-- [ RunTime:0.014227s ]
INFO: [ view_filter ] --START--
INFO: Run Behavior\WriteHtmlCacheBehavior [ RunTime:0.000417s ]
INFO: [ view_filter ] --END-- [ RunTime:0.000534s ]
INFO: [ app_end ] --START--
INFO: Run Behavior\ShowPageTraceBehavior [ RunTime:0.000943s ]
INFO: [ app_end ] --END-- [ RunTime:0.001101s ]

[ 2016-11-01T16:23:42+08:00 ] ::1 /yuanku/index.php/Home/Index/news_take.html
INFO: [ app_init ] --START--
INFO: Run Behavior\BuildLiteBehavior [ RunTime:0.000049s ]
INFO: [ app_init ] --END-- [ RunTime:0.000864s ]
INFO: [ app_begin ] --START--
INFO: Run Behavior\ReadHtmlCacheBehavior [ RunTime:0.000584s ]
INFO: [ app_begin ] --END-- [ RunTime:0.000699s ]
SQL: SELECT * FROM client_user WHERE user_name ='kaka' [ RunTime:0.0004s ]
SQL: SELECT email_address FROM client_user WHERE user_name ='kaka' [ RunTime:0.0003s ]
SQL: SHOW COLUMNS FROM `news` [ RunTime:0.0030s ]
SQL: SHOW COLUMNS FROM `news_take` [ RunTime:0.0024s ]
SQL: SELECT * FROM `news` INNER JOIN news_take  WHERE ( news_take.uid=39 AND news_take.news_id=news.id )  [ RunTime:0.0004s ]
SQL: SELECT * FROM `news` INNER JOIN news_take  WHERE ( news_take.uid=39 AND news_take.news_id=news.id ) LIMIT 0,3   [ RunTime:0.0004s ]
INFO: [ view_parse ] --START--
INFO: [ template_filter ] --START--
INFO: Run Behavior\ContentReplaceBehavior [ RunTime:0.000144s ]
INFO: [ template_filter ] --END-- [ RunTime:0.000263s ]
NOTIC: [8] Use of undefined constant id - assumed 'id' D:\wamp\www\yuanku\Application\Runtime\Cache\Home\64e88cd7a7d5f322879eaa36577f2511.php 第 159 行.
INFO: Run Behavior\ParseTemplateBehavior [ RunTime:0.037607s ]
INFO: [ view_parse ] --END-- [ RunTime:0.037726s ]
INFO: [ view_filter ] --START--
INFO: Run Behavior\WriteHtmlCacheBehavior [ RunTime:0.000376s ]
INFO: [ view_filter ] --END-- [ RunTime:0.000467s ]
INFO: [ app_end ] --START--
INFO: Run Behavior\ShowPageTraceBehavior [ RunTime:0.000493s ]
INFO: [ app_end ] --END-- [ RunTime:0.000597s ]

[ 2016-11-01T16:23:44+08:00 ] ::1 /yuanku/index.php/Home/Index/news.html
INFO: [ app_init ] --START--
INFO: Run Behavior\BuildLiteBehavior [ RunTime:0.000023s ]
INFO: [ app_init ] --END-- [ RunTime:0.000417s ]
INFO: [ app_begin ] --START--
INFO: Run Behavior\ReadHtmlCacheBehavior [ RunTime:0.000533s ]
INFO: [ app_begin ] --END-- [ RunTime:0.000642s ]
SQL: SHOW COLUMNS FROM `news` [ RunTime:0.0031s ]
SQL: SELECT n.id as id,`title`,`name`,`sort_name`,`content`,`img`,`date` FROM news n INNER JOIN author ON author_id=author.id INNER JOIN news_sort ON sort_ename=news_sort.e_name  ORDER BY id desc LIMIT 0,10   [ RunTime:0.0028s ]
SQL: SELECT COUNT(*) AS tp_count FROM `news` LIMIT 1   [ RunTime:0.0003s ]
NOTIC: [8] Undefined variable: page_html D:\wamp\www\yuanku\Application\Home\Controller\IndexController.class.php 第 124 行.
INFO: [ view_parse ] --START--
INFO: [ template_filter ] --START--
INFO: Run Behavior\ContentReplaceBehavior [ RunTime:0.000128s ]
INFO: [ template_filter ] --END-- [ RunTime:0.000257s ]
NOTIC: [8] Use of undefined constant id - assumed 'id' D:\wamp\www\yuanku\Application\Runtime\Cache\Home\cecb45903f8aa0e33f62e7ce7ef7b49f.php 第 97 行.
NOTIC: [8] Use of undefined constant id - assumed 'id' D:\wamp\www\yuanku\Application\Runtime\Cache\Home\cecb45903f8aa0e33f62e7ce7ef7b49f.php 第 97 行.
NOTIC: [8] Use of undefined constant id - assumed 'id' D:\wamp\www\yuanku\Application\Runtime\Cache\Home\cecb45903f8aa0e33f62e7ce7ef7b49f.php 第 97 行.
NOTIC: [8] Use of undefined constant id - assumed 'id' D:\wamp\www\yuanku\Application\Runtime\Cache\Home\cecb45903f8aa0e33f62e7ce7ef7b49f.php 第 97 行.
NOTIC: [8] Use of undefined constant id - assumed 'id' D:\wamp\www\yuanku\Application\Runtime\Cache\Home\cecb45903f8aa0e33f62e7ce7ef7b49f.php 第 97 行.
NOTIC: [8] Use of undefined constant id - assumed 'id' D:\wamp\www\yuanku\Application\Runtime\Cache\Home\cecb45903f8aa0e33f62e7ce7ef7b49f.php 第 97 行.
NOTIC: [8] Use of undefined constant id - assumed 'id' D:\wamp\www\yuanku\Application\Runtime\Cache\Home\cecb45903f8aa0e33f62e7ce7ef7b49f.php 第 97 行.
NOTIC: [8] Use of undefined constant id - assumed 'id' D:\wamp\www\yuanku\Application\Runtime\Cache\Home\cecb45903f8aa0e33f62e7ce7ef7b49f.php 第 97 行.
NOTIC: [8] Use of undefined constant id - assumed 'id' D:\wamp\www\yuanku\Application\Runtime\Cache\Home\cecb45903f8aa0e33f62e7ce7ef7b49f.php 第 97 行.
NOTIC: [8] Use of undefined constant id - assumed 'id' D:\wamp\www\yuanku\Application\Runtime\Cache\Home\cecb45903f8aa0e33f62e7ce7ef7b49f.php 第 97 行.
NOTIC: [8] Use of undefined constant id - assumed 'id' D:\wamp\www\yuanku\Application\Runtime\Cache\Home\cecb45903f8aa0e33f62e7ce7ef7b49f.php 第 97 行.
NOTIC: [8] Use of undefined constant id - assumed 'id' D:\wamp\www\yuanku\Application\Runtime\Cache\Home\cecb45903f8aa0e33f62e7ce7ef7b49f.php 第 97 行.
NOTIC: [8] Use of undefined constant id - assumed 'id' D:\wamp\www\yuanku\Application\Runtime\Cache\Home\cecb45903f8aa0e33f62e7ce7ef7b49f.php 第 97 行.
NOTIC: [8] Use of undefined constant id - assumed 'id' D:\wamp\www\yuanku\Application\Runtime\Cache\Home\cecb45903f8aa0e33f62e7ce7ef7b49f.php 第 97 行.
NOTIC: [8] Use of undefined constant id - assumed 'id' D:\wamp\www\yuanku\Application\Runtime\Cache\Home\cecb45903f8aa0e33f62e7ce7ef7b49f.php 第 97 行.
NOTIC: [8] Use of undefined constant id - assumed 'id' D:\wamp\www\yuanku\Application\Runtime\Cache\Home\cecb45903f8aa0e33f62e7ce7ef7b49f.php 第 97 行.
NOTIC: [8] Use of undefined constant id - assumed 'id' D:\wamp\www\yuanku\Application\Runtime\Cache\Home\cecb45903f8aa0e33f62e7ce7ef7b49f.php 第 97 行.
NOTIC: [8] Use of undefined constant id - assumed 'id' D:\wamp\www\yuanku\Application\Runtime\Cache\Home\cecb45903f8aa0e33f62e7ce7ef7b49f.php 第 97 行.
NOTIC: [8] Use of undefined constant id - assumed 'id' D:\wamp\www\yuanku\Application\Runtime\Cache\Home\cecb45903f8aa0e33f62e7ce7ef7b49f.php 第 97 行.
NOTIC: [8] Use of undefined constant id - assumed 'id' D:\wamp\www\yuanku\Application\Runtime\Cache\Home\cecb45903f8aa0e33f62e7ce7ef7b49f.php 第 97 行.
INFO: Run Behavior\ParseTemplateBehavior [ RunTime:0.016206s ]
INFO: [ view_parse ] --END-- [ RunTime:0.016328s ]
INFO: [ view_filter ] --START--
INFO: Run Behavior\WriteHtmlCacheBehavior [ RunTime:0.000423s ]
INFO: [ view_filter ] --END-- [ RunTime:0.000513s ]
INFO: [ app_end ] --START--
INFO: Run Behavior\ShowPageTraceBehavior [ RunTime:0.000474s ]
INFO: [ app_end ] --END-- [ RunTime:0.000582s ]

[ 2016-11-01T16:23:51+08:00 ] ::1 /yuanku/index.php/Home/Index/news_detail/id/37.html
INFO: [ app_init ] --START--
INFO: Run Behavior\BuildLiteBehavior [ RunTime:0.000022s ]
INFO: [ app_init ] --END-- [ RunTime:0.000424s ]
INFO: [ app_begin ] --START--
INFO: Run Behavior\ReadHtmlCacheBehavior [ RunTime:0.000598s ]
INFO: [ app_begin ] --END-- [ RunTime:0.000712s ]
SQL: SHOW COLUMNS FROM `news` [ RunTime:0.0027s ]
SQL: SELECT `id`,`title`,`img`,`date` FROM `news` ORDER BY id desc LIMIT 3   [ RunTime:0.0004s ]
SQL: SELECT n.id as id,`title`,`name`,`sort_name`,`content`,`img`,`date` FROM news n INNER JOIN author INNER JOIN news_sort INNER JOIN news_take  WHERE ( n.id=37 AND author.id=author_id AND sort_ename=news_sort.e_name )  [ RunTime:0.0004s ]
INFO: [ view_parse ] --START--
INFO: [ template_filter ] --START--
INFO: Run Behavior\ContentReplaceBehavior [ RunTime:0.000145s ]
INFO: [ template_filter ] --END-- [ RunTime:0.000256s ]
NOTIC: [8] Use of undefined constant id - assumed 'id' D:\wamp\www\yuanku\Application\Runtime\Cache\Home\5ce56c6da75d18834febc25b28cacbc3.php 第 107 行.
NOTIC: [8] Undefined index: introduction D:\wamp\www\yuanku\Application\Runtime\Cache\Home\5ce56c6da75d18834febc25b28cacbc3.php 第 128 行.
NOTIC: [8] Use of undefined constant id - assumed 'id' D:\wamp\www\yuanku\Application\Runtime\Cache\Home\5ce56c6da75d18834febc25b28cacbc3.php 第 170 行.
NOTIC: [8] Use of undefined constant id - assumed 'id' D:\wamp\www\yuanku\Application\Runtime\Cache\Home\5ce56c6da75d18834febc25b28cacbc3.php 第 171 行.
NOTIC: [8] Use of undefined constant id - assumed 'id' D:\wamp\www\yuanku\Application\Runtime\Cache\Home\5ce56c6da75d18834febc25b28cacbc3.php 第 170 行.
NOTIC: [8] Use of undefined constant id - assumed 'id' D:\wamp\www\yuanku\Application\Runtime\Cache\Home\5ce56c6da75d18834febc25b28cacbc3.php 第 171 行.
NOTIC: [8] Use of undefined constant id - assumed 'id' D:\wamp\www\yuanku\Application\Runtime\Cache\Home\5ce56c6da75d18834febc25b28cacbc3.php 第 170 行.
NOTIC: [8] Use of undefined constant id - assumed 'id' D:\wamp\www\yuanku\Application\Runtime\Cache\Home\5ce56c6da75d18834febc25b28cacbc3.php 第 171 行.
INFO: Run Behavior\ParseTemplateBehavior [ RunTime:0.016874s ]
INFO: [ view_parse ] --END-- [ RunTime:0.017004s ]
INFO: [ view_filter ] --START--
INFO: Run Behavior\WriteHtmlCacheBehavior [ RunTime:0.000383s ]
INFO: [ view_filter ] --END-- [ RunTime:0.000477s ]
INFO: [ app_end ] --START--
INFO: Run Behavior\ShowPageTraceBehavior [ RunTime:0.000608s ]
INFO: [ app_end ] --END-- [ RunTime:0.000703s ]

[ 2016-11-01T16:24:22+08:00 ] ::1 /yuanku/index.php/Home/Personal/index
INFO: [ app_init ] --START--
INFO: Run Behavior\BuildLiteBehavior [ RunTime:0.000046s ]
INFO: [ app_init ] --END-- [ RunTime:0.000813s ]
INFO: [ app_begin ] --START--
INFO: Run Behavior\ReadHtmlCacheBehavior [ RunTime:0.000649s ]
INFO: [ app_begin ] --END-- [ RunTime:0.000876s ]
SQL: SELECT * FROM client_user WHERE user_name ='kaka' [ RunTime:0.0004s ]
SQL: SELECT email_address FROM client_user WHERE user_name ='kaka' [ RunTime:0.0003s ]
SQL: SHOW COLUMNS FROM `news` [ RunTime:0.0027s ]
SQL: SHOW COLUMNS FROM `news_take` [ RunTime:0.0029s ]
NOTIC: [8] Undefined variable: start_index D:\wamp\www\yuanku\Application\Home\Controller\PersonalController.class.php 第 22 行.
NOTIC: [8] Undefined variable: page_count D:\wamp\www\yuanku\Application\Home\Controller\PersonalController.class.php 第 22 行.
SQL: SELECT n.id as nid,`title`,`name`,`sort_name`,`img`,`date` FROM news n INNER JOIN author ON author_id=author.id INNER JOIN news_sort ON sort_ename=news_sort.e_name  WHERE ( uid=39 ) ORDER BY date desc  [ RunTime:0.0006s ]
SQL: SELECT * FROM `news_take` WHERE ( uid=39 )  [ RunTime:0.0003s ]
INFO: [ view_parse ] --START--
INFO: [ template_filter ] --START--
INFO: Run Behavior\ContentReplaceBehavior [ RunTime:0.000145s ]
INFO: [ template_filter ] --END-- [ RunTime:0.000254s ]
INFO: Run Behavior\ParseTemplateBehavior [ RunTime:0.014342s ]
INFO: [ view_parse ] --END-- [ RunTime:0.014478s ]
INFO: [ view_filter ] --START--
INFO: Run Behavior\WriteHtmlCacheBehavior [ RunTime:0.000373s ]
INFO: [ view_filter ] --END-- [ RunTime:0.000462s ]
INFO: [ app_end ] --START--
INFO: Run Behavior\ShowPageTraceBehavior [ RunTime:0.000605s ]
INFO: [ app_end ] --END-- [ RunTime:0.000700s ]

[ 2016-11-01T16:24:27+08:00 ] ::1 /yuanku/index.php/Home/Personal/index
INFO: [ app_init ] --START--
INFO: Run Behavior\BuildLiteBehavior [ RunTime:0.000023s ]
INFO: [ app_init ] --END-- [ RunTime:0.000394s ]
INFO: [ app_begin ] --START--
INFO: Run Behavior\ReadHtmlCacheBehavior [ RunTime:0.000567s ]
INFO: [ app_begin ] --END-- [ RunTime:0.000692s ]
SQL: SELECT * FROM client_user WHERE user_name ='kaka' [ RunTime:0.0004s ]
SQL: SELECT email_address FROM client_user WHERE user_name ='kaka' [ RunTime:0.0003s ]
SQL: SHOW COLUMNS FROM `news` [ RunTime:0.0035s ]
SQL: SHOW COLUMNS FROM `news_take` [ RunTime:0.0025s ]
NOTIC: [8] Undefined variable: start_index D:\wamp\www\yuanku\Application\Home\Controller\PersonalController.class.php 第 22 行.
NOTIC: [8] Undefined variable: page_count D:\wamp\www\yuanku\Application\Home\Controller\PersonalController.class.php 第 22 行.
SQL: SELECT n.id as nid,`title`,`name`,`sort_name`,`img`,`date` FROM news n INNER JOIN author ON author_id=author.id INNER JOIN news_sort ON sort_ename=news_sort.e_name  WHERE ( uid=39 ) ORDER BY date desc  [ RunTime:0.0005s ]
SQL: SELECT * FROM `news_take` WHERE ( uid=39 )  [ RunTime:0.0003s ]
INFO: [ view_parse ] --START--
INFO: [ template_filter ] --START--
INFO: Run Behavior\ContentReplaceBehavior [ RunTime:0.000164s ]
INFO: [ template_filter ] --END-- [ RunTime:0.000293s ]
INFO: Run Behavior\ParseTemplateBehavior [ RunTime:0.015083s ]
INFO: [ view_parse ] --END-- [ RunTime:0.015221s ]
INFO: [ view_filter ] --START--
INFO: Run Behavior\WriteHtmlCacheBehavior [ RunTime:0.000422s ]
INFO: [ view_filter ] --END-- [ RunTime:0.000523s ]
INFO: [ app_end ] --START--
INFO: Run Behavior\ShowPageTraceBehavior [ RunTime:0.000634s ]
INFO: [ app_end ] --END-- [ RunTime:0.000753s ]

[ 2016-11-01T16:24:47+08:00 ] ::1 /yuanku/index.php/Home/Index/news.html
INFO: [ app_init ] --START--
INFO: Run Behavior\BuildLiteBehavior [ RunTime:0.000026s ]
INFO: [ app_init ] --END-- [ RunTime:0.000425s ]
INFO: [ app_begin ] --START--
INFO: Run Behavior\ReadHtmlCacheBehavior [ RunTime:0.000661s ]
INFO: [ app_begin ] --END-- [ RunTime:0.000794s ]
SQL: SHOW COLUMNS FROM `news` [ RunTime:0.0029s ]
SQL: SELECT n.id as id,`title`,`name`,`sort_name`,`content`,`img`,`date` FROM news n INNER JOIN author ON author_id=author.id INNER JOIN news_sort ON sort_ename=news_sort.e_name  ORDER BY id desc LIMIT 0,10   [ RunTime:0.0029s ]
SQL: SELECT COUNT(*) AS tp_count FROM `news` LIMIT 1   [ RunTime:0.0002s ]
NOTIC: [8] Undefined variable: page_html D:\wamp\www\yuanku\Application\Home\Controller\IndexController.class.php 第 124 行.
INFO: [ view_parse ] --START--
INFO: [ template_filter ] --START--
INFO: Run Behavior\ContentReplaceBehavior [ RunTime:0.000127s ]
INFO: [ template_filter ] --END-- [ RunTime:0.000252s ]
NOTIC: [8] Use of undefined constant id - assumed 'id' D:\wamp\www\yuanku\Application\Runtime\Cache\Home\cecb45903f8aa0e33f62e7ce7ef7b49f.php 第 97 行.
NOTIC: [8] Use of undefined constant id - assumed 'id' D:\wamp\www\yuanku\Application\Runtime\Cache\Home\cecb45903f8aa0e33f62e7ce7ef7b49f.php 第 97 行.
NOTIC: [8] Use of undefined constant id - assumed 'id' D:\wamp\www\yuanku\Application\Runtime\Cache\Home\cecb45903f8aa0e33f62e7ce7ef7b49f.php 第 97 行.
NOTIC: [8] Use of undefined constant id - assumed 'id' D:\wamp\www\yuanku\Application\Runtime\Cache\Home\cecb45903f8aa0e33f62e7ce7ef7b49f.php 第 97 行.
NOTIC: [8] Use of undefined constant id - assumed 'id' D:\wamp\www\yuanku\Application\Runtime\Cache\Home\cecb45903f8aa0e33f62e7ce7ef7b49f.php 第 97 行.
NOTIC: [8] Use of undefined constant id - assumed 'id' D:\wamp\www\yuanku\Application\Runtime\Cache\Home\cecb45903f8aa0e33f62e7ce7ef7b49f.php 第 97 行.
NOTIC: [8] Use of undefined constant id - assumed 'id' D:\wamp\www\yuanku\Application\Runtime\Cache\Home\cecb45903f8aa0e33f62e7ce7ef7b49f.php 第 97 行.
NOTIC: [8] Use of undefined constant id - assumed 'id' D:\wamp\www\yuanku\Application\Runtime\Cache\Home\cecb45903f8aa0e33f62e7ce7ef7b49f.php 第 97 行.
NOTIC: [8] Use of undefined constant id - assumed 'id' D:\wamp\www\yuanku\Application\Runtime\Cache\Home\cecb45903f8aa0e33f62e7ce7ef7b49f.php 第 97 行.
NOTIC: [8] Use of undefined constant id - assumed 'id' D:\wamp\www\yuanku\Application\Runtime\Cache\Home\cecb45903f8aa0e33f62e7ce7ef7b49f.php 第 97 行.
NOTIC: [8] Use of undefined constant id - assumed 'id' D:\wamp\www\yuanku\Application\Runtime\Cache\Home\cecb45903f8aa0e33f62e7ce7ef7b49f.php 第 97 行.
NOTIC: [8] Use of undefined constant id - assumed 'id' D:\wamp\www\yuanku\Application\Runtime\Cache\Home\cecb45903f8aa0e33f62e7ce7ef7b49f.php 第 97 行.
NOTIC: [8] Use of undefined constant id - assumed 'id' D:\wamp\www\yuanku\Application\Runtime\Cache\Home\cecb45903f8aa0e33f62e7ce7ef7b49f.php 第 97 行.
NOTIC: [8] Use of undefined constant id - assumed 'id' D:\wamp\www\yuanku\Application\Runtime\Cache\Home\cecb45903f8aa0e33f62e7ce7ef7b49f.php 第 97 行.
NOTIC: [8] Use of undefined constant id - assumed 'id' D:\wamp\www\yuanku\Application\Runtime\Cache\Home\cecb45903f8aa0e33f62e7ce7ef7b49f.php 第 97 行.
NOTIC: [8] Use of undefined constant id - assumed 'id' D:\wamp\www\yuanku\Application\Runtime\Cache\Home\cecb45903f8aa0e33f62e7ce7ef7b49f.php 第 97 行.
NOTIC: [8] Use of undefined constant id - assumed 'id' D:\wamp\www\yuanku\Application\Runtime\Cache\Home\cecb45903f8aa0e33f62e7ce7ef7b49f.php 第 97 行.
NOTIC: [8] Use of undefined constant id - assumed 'id' D:\wamp\www\yuanku\Application\Runtime\Cache\Home\cecb45903f8aa0e33f62e7ce7ef7b49f.php 第 97 行.
NOTIC: [8] Use of undefined constant id - assumed 'id' D:\wamp\www\yuanku\Application\Runtime\Cache\Home\cecb45903f8aa0e33f62e7ce7ef7b49f.php 第 97 行.
NOTIC: [8] Use of undefined constant id - assumed 'id' D:\wamp\www\yuanku\Application\Runtime\Cache\Home\cecb45903f8aa0e33f62e7ce7ef7b49f.php 第 97 行.
INFO: Run Behavior\ParseTemplateBehavior [ RunTime:0.018609s ]
INFO: [ view_parse ] --END-- [ RunTime:0.018762s ]
INFO: [ view_filter ] --START--
INFO: Run Behavior\WriteHtmlCacheBehavior [ RunTime:0.000469s ]
INFO: [ view_filter ] --END-- [ RunTime:0.000574s ]
INFO: [ app_end ] --START--
INFO: Run Behavior\ShowPageTraceBehavior [ RunTime:0.000642s ]
INFO: [ app_end ] --END-- [ RunTime:0.000748s ]

[ 2016-11-01T16:24:50+08:00 ] ::1 /yuanku/index.php/Home/Personal/index
INFO: [ app_init ] --START--
INFO: Run Behavior\BuildLiteBehavior [ RunTime:0.000022s ]
INFO: [ app_init ] --END-- [ RunTime:0.000366s ]
INFO: [ app_begin ] --START--
INFO: Run Behavior\ReadHtmlCacheBehavior [ RunTime:0.000845s ]
INFO: [ app_begin ] --END-- [ RunTime:0.000992s ]
SQL: SELECT * FROM client_user WHERE user_name ='kaka' [ RunTime:0.0005s ]
SQL: SELECT email_address FROM client_user WHERE user_name ='kaka' [ RunTime:0.0003s ]
SQL: SHOW COLUMNS FROM `news` [ RunTime:0.0027s ]
SQL: SHOW COLUMNS FROM `news_take` [ RunTime:0.0026s ]
NOTIC: [8] Undefined variable: start_index D:\wamp\www\yuanku\Application\Home\Controller\PersonalController.class.php 第 22 行.
NOTIC: [8] Undefined variable: page_count D:\wamp\www\yuanku\Application\Home\Controller\PersonalController.class.php 第 22 行.
SQL: SELECT n.id as nid,`title`,`name`,`sort_name`,`img`,`date` FROM news n INNER JOIN author ON author_id=author.id INNER JOIN news_sort ON sort_ename=news_sort.e_name  WHERE ( uid=39 ) ORDER BY date desc  [ RunTime:0.0009s ]
SQL: SELECT * FROM `news_take` WHERE ( uid=39 )  [ RunTime:0.0003s ]
INFO: [ view_parse ] --START--
INFO: [ template_filter ] --START--
INFO: Run Behavior\ContentReplaceBehavior [ RunTime:0.000155s ]
INFO: [ template_filter ] --END-- [ RunTime:0.000291s ]
INFO: Run Behavior\ParseTemplateBehavior [ RunTime:0.014365s ]
INFO: [ view_parse ] --END-- [ RunTime:0.014491s ]
INFO: [ view_filter ] --START--
INFO: Run Behavior\WriteHtmlCacheBehavior [ RunTime:0.000413s ]
INFO: [ view_filter ] --END-- [ RunTime:0.000508s ]
INFO: [ app_end ] --START--
INFO: Run Behavior\ShowPageTraceBehavior [ RunTime:0.000618s ]
INFO: [ app_end ] --END-- [ RunTime:0.000724s ]

[ 2016-11-01T16:26:16+08:00 ] ::1 /yuanku/index.php/Home/Personal/index
INFO: [ app_init ] --START--
INFO: Run Behavior\BuildLiteBehavior [ RunTime:0.000036s ]
INFO: [ app_init ] --END-- [ RunTime:0.000676s ]
INFO: [ app_begin ] --START--
INFO: Run Behavior\ReadHtmlCacheBehavior [ RunTime:0.000633s ]
INFO: [ app_begin ] --END-- [ RunTime:0.000815s ]
SQL: SELECT * FROM client_user WHERE user_name ='kaka' [ RunTime:0.0004s ]
SQL: SELECT email_address FROM client_user WHERE user_name ='kaka' [ RunTime:0.0003s ]
SQL: SHOW COLUMNS FROM `news` [ RunTime:0.0027s ]
SQL: SHOW COLUMNS FROM `news_take` [ RunTime:0.0028s ]
NOTIC: [8] Undefined variable: start_index D:\wamp\www\yuanku\Application\Home\Controller\PersonalController.class.php 第 22 行.
NOTIC: [8] Undefined variable: page_count D:\wamp\www\yuanku\Application\Home\Controller\PersonalController.class.php 第 22 行.
SQL: SELECT n.id as nid,`title`,`name`,`sort_name`,`img`,`date` FROM news n INNER JOIN author ON author_id=author.id INNER JOIN news_sort ON sort_ename=news_sort.e_name  WHERE ( uid=39 ) ORDER BY date desc  [ RunTime:0.0006s ]
SQL: SELECT * FROM `news_take` WHERE ( uid=39 )  [ RunTime:0.0005s ]
INFO: [ view_parse ] --START--
INFO: [ template_filter ] --START--
INFO: Run Behavior\ContentReplaceBehavior [ RunTime:0.000143s ]
INFO: [ template_filter ] --END-- [ RunTime:0.000254s ]
INFO: Run Behavior\ParseTemplateBehavior [ RunTime:0.018151s ]
INFO: [ view_parse ] --END-- [ RunTime:0.018347s ]
INFO: [ view_filter ] --START--
INFO: Run Behavior\WriteHtmlCacheBehavior [ RunTime:0.000456s ]
INFO: [ view_filter ] --END-- [ RunTime:0.000587s ]
INFO: [ app_end ] --START--
INFO: Run Behavior\ShowPageTraceBehavior [ RunTime:0.000808s ]
INFO: [ app_end ] --END-- [ RunTime:0.000907s ]

[ 2016-11-01T16:26:18+08:00 ] ::1 /yuanku/index.php/Home/Index/news.html
INFO: [ app_init ] --START--
INFO: Run Behavior\BuildLiteBehavior [ RunTime:0.000025s ]
INFO: [ app_init ] --END-- [ RunTime:0.000464s ]
INFO: [ app_begin ] --START--
INFO: Run Behavior\ReadHtmlCacheBehavior [ RunTime:0.000663s ]
INFO: [ app_begin ] --END-- [ RunTime:0.000796s ]
SQL: SHOW COLUMNS FROM `news` [ RunTime:0.0031s ]
SQL: SELECT n.id as id,`title`,`name`,`sort_name`,`content`,`img`,`date` FROM news n INNER JOIN author ON author_id=author.id INNER JOIN news_sort ON sort_ename=news_sort.e_name  ORDER BY id desc LIMIT 0,10   [ RunTime:0.0036s ]
SQL: SELECT COUNT(*) AS tp_count FROM `news` LIMIT 1   [ RunTime:0.0002s ]
NOTIC: [8] Undefined variable: page_html D:\wamp\www\yuanku\Application\Home\Controller\IndexController.class.php 第 124 行.
INFO: [ view_parse ] --START--
INFO: [ template_filter ] --START--
INFO: Run Behavior\ContentReplaceBehavior [ RunTime:0.000112s ]
INFO: [ template_filter ] --END-- [ RunTime:0.000224s ]
NOTIC: [8] Use of undefined constant id - assumed 'id' D:\wamp\www\yuanku\Application\Runtime\Cache\Home\cecb45903f8aa0e33f62e7ce7ef7b49f.php 第 97 行.
NOTIC: [8] Use of undefined constant id - assumed 'id' D:\wamp\www\yuanku\Application\Runtime\Cache\Home\cecb45903f8aa0e33f62e7ce7ef7b49f.php 第 97 行.
NOTIC: [8] Use of undefined constant id - assumed 'id' D:\wamp\www\yuanku\Application\Runtime\Cache\Home\cecb45903f8aa0e33f62e7ce7ef7b49f.php 第 97 行.
NOTIC: [8] Use of undefined constant id - assumed 'id' D:\wamp\www\yuanku\Application\Runtime\Cache\Home\cecb45903f8aa0e33f62e7ce7ef7b49f.php 第 97 行.
NOTIC: [8] Use of undefined constant id - assumed 'id' D:\wamp\www\yuanku\Application\Runtime\Cache\Home\cecb45903f8aa0e33f62e7ce7ef7b49f.php 第 97 行.
NOTIC: [8] Use of undefined constant id - assumed 'id' D:\wamp\www\yuanku\Application\Runtime\Cache\Home\cecb45903f8aa0e33f62e7ce7ef7b49f.php 第 97 行.
NOTIC: [8] Use of undefined constant id - assumed 'id' D:\wamp\www\yuanku\Application\Runtime\Cache\Home\cecb45903f8aa0e33f62e7ce7ef7b49f.php 第 97 行.
NOTIC: [8] Use of undefined constant id - assumed 'id' D:\wamp\www\yuanku\Application\Runtime\Cache\Home\cecb45903f8aa0e33f62e7ce7ef7b49f.php 第 97 行.
NOTIC: [8] Use of undefined constant id - assumed 'id' D:\wamp\www\yuanku\Application\Runtime\Cache\Home\cecb45903f8aa0e33f62e7ce7ef7b49f.php 第 97 行.
NOTIC: [8] Use of undefined constant id - assumed 'id' D:\wamp\www\yuanku\Application\Runtime\Cache\Home\cecb45903f8aa0e33f62e7ce7ef7b49f.php 第 97 行.
NOTIC: [8] Use of undefined constant id - assumed 'id' D:\wamp\www\yuanku\Application\Runtime\Cache\Home\cecb45903f8aa0e33f62e7ce7ef7b49f.php 第 97 行.
NOTIC: [8] Use of undefined constant id - assumed 'id' D:\wamp\www\yuanku\Application\Runtime\Cache\Home\cecb45903f8aa0e33f62e7ce7ef7b49f.php 第 97 行.
NOTIC: [8] Use of undefined constant id - assumed 'id' D:\wamp\www\yuanku\Application\Runtime\Cache\Home\cecb45903f8aa0e33f62e7ce7ef7b49f.php 第 97 行.
NOTIC: [8] Use of undefined constant id - assumed 'id' D:\wamp\www\yuanku\Application\Runtime\Cache\Home\cecb45903f8aa0e33f62e7ce7ef7b49f.php 第 97 行.
NOTIC: [8] Use of undefined constant id - assumed 'id' D:\wamp\www\yuanku\Application\Runtime\Cache\Home\cecb45903f8aa0e33f62e7ce7ef7b49f.php 第 97 行.
NOTIC: [8] Use of undefined constant id - assumed 'id' D:\wamp\www\yuanku\Application\Runtime\Cache\Home\cecb45903f8aa0e33f62e7ce7ef7b49f.php 第 97 行.
NOTIC: [8] Use of undefined constant id - assumed 'id' D:\wamp\www\yuanku\Application\Runtime\Cache\Home\cecb45903f8aa0e33f62e7ce7ef7b49f.php 第 97 行.
NOTIC: [8] Use of undefined constant id - assumed 'id' D:\wamp\www\yuanku\Application\Runtime\Cache\Home\cecb45903f8aa0e33f62e7ce7ef7b49f.php 第 97 行.
NOTIC: [8] Use of undefined constant id - assumed 'id' D:\wamp\www\yuanku\Application\Runtime\Cache\Home\cecb45903f8aa0e33f62e7ce7ef7b49f.php 第 97 行.
NOTIC: [8] Use of undefined constant id - assumed 'id' D:\wamp\www\yuanku\Application\Runtime\Cache\Home\cecb45903f8aa0e33f62e7ce7ef7b49f.php 第 97 行.
INFO: Run Behavior\ParseTemplateBehavior [ RunTime:0.016595s ]
INFO: [ view_parse ] --END-- [ RunTime:0.016717s ]
INFO: [ view_filter ] --START--
INFO: Run Behavior\WriteHtmlCacheBehavior [ RunTime:0.000413s ]
INFO: [ view_filter ] --END-- [ RunTime:0.000506s ]
INFO: [ app_end ] --START--
INFO: Run Behavior\ShowPageTraceBehavior [ RunTime:0.000616s ]
INFO: [ app_end ] --END-- [ RunTime:0.000719s ]

[ 2016-11-01T16:26:23+08:00 ] ::1 /yuanku/index.php/Home/Index/news_detail/id/45.html
INFO: [ app_init ] --START--
INFO: Run Behavior\BuildLiteBehavior [ RunTime:0.000038s ]
INFO: [ app_init ] --END-- [ RunTime:0.000691s ]
INFO: [ app_begin ] --START--
INFO: Run Behavior\ReadHtmlCacheBehavior [ RunTime:0.001008s ]
INFO: [ app_begin ] --END-- [ RunTime:0.001195s ]
SQL: SHOW COLUMNS FROM `news` [ RunTime:0.0029s ]
SQL: SELECT `id`,`title`,`img`,`date` FROM `news` ORDER BY id desc LIMIT 3   [ RunTime:0.0003s ]
SQL: SELECT n.id as id,`title`,`name`,`sort_name`,`content`,`img`,`date` FROM news n INNER JOIN author INNER JOIN news_sort INNER JOIN news_take  WHERE ( n.id=45 AND author.id=author_id AND sort_ename=news_sort.e_name )  [ RunTime:0.0003s ]
INFO: [ view_parse ] --START--
INFO: [ template_filter ] --START--
INFO: Run Behavior\ContentReplaceBehavior [ RunTime:0.000162s ]
INFO: [ template_filter ] --END-- [ RunTime:0.000285s ]
NOTIC: [8] Use of undefined constant id - assumed 'id' D:\wamp\www\yuanku\Application\Runtime\Cache\Home\5ce56c6da75d18834febc25b28cacbc3.php 第 107 行.
NOTIC: [8] Undefined index: introduction D:\wamp\www\yuanku\Application\Runtime\Cache\Home\5ce56c6da75d18834febc25b28cacbc3.php 第 128 行.
NOTIC: [8] Use of undefined constant id - assumed 'id' D:\wamp\www\yuanku\Application\Runtime\Cache\Home\5ce56c6da75d18834febc25b28cacbc3.php 第 170 行.
NOTIC: [8] Use of undefined constant id - assumed 'id' D:\wamp\www\yuanku\Application\Runtime\Cache\Home\5ce56c6da75d18834febc25b28cacbc3.php 第 171 行.
NOTIC: [8] Use of undefined constant id - assumed 'id' D:\wamp\www\yuanku\Application\Runtime\Cache\Home\5ce56c6da75d18834febc25b28cacbc3.php 第 170 行.
NOTIC: [8] Use of undefined constant id - assumed 'id' D:\wamp\www\yuanku\Application\Runtime\Cache\Home\5ce56c6da75d18834febc25b28cacbc3.php 第 171 行.
NOTIC: [8] Use of undefined constant id - assumed 'id' D:\wamp\www\yuanku\Application\Runtime\Cache\Home\5ce56c6da75d18834febc25b28cacbc3.php 第 170 行.
NOTIC: [8] Use of undefined constant id - assumed 'id' D:\wamp\www\yuanku\Application\Runtime\Cache\Home\5ce56c6da75d18834febc25b28cacbc3.php 第 171 行.
INFO: Run Behavior\ParseTemplateBehavior [ RunTime:0.017500s ]
INFO: [ view_parse ] --END-- [ RunTime:0.017615s ]
INFO: [ view_filter ] --START--
INFO: Run Behavior\WriteHtmlCacheBehavior [ RunTime:0.000450s ]
INFO: [ view_filter ] --END-- [ RunTime:0.000545s ]
INFO: [ app_end ] --START--
INFO: Run Behavior\ShowPageTraceBehavior [ RunTime:0.000610s ]
INFO: [ app_end ] --END-- [ RunTime:0.000713s ]

[ 2016-11-01T16:26:37+08:00 ] ::1 /yuanku/index.php/Home/Index/news_detail/id/45.html
INFO: [ app_init ] --START--
INFO: Run Behavior\BuildLiteBehavior [ RunTime:0.000028s ]
INFO: [ app_init ] --END-- [ RunTime:0.000673s ]
INFO: [ app_begin ] --START--
INFO: Run Behavior\ReadHtmlCacheBehavior [ RunTime:0.000642s ]
INFO: [ app_begin ] --END-- [ RunTime:0.000767s ]
SQL: SHOW COLUMNS FROM `news` [ RunTime:0.0028s ]
SQL: SELECT `id`,`title`,`img`,`date` FROM `news` ORDER BY id desc LIMIT 3   [ RunTime:0.0003s ]
SQL: SELECT n.id as id,`title`,`name`,`sort_name`,`content`,`img`,`date` FROM news n INNER JOIN author INNER JOIN news_sort INNER JOIN news_take  WHERE ( n.id=45 AND author.id=author_id AND sort_ename=news_sort.e_name )  [ RunTime:0.0004s ]
INFO: [ view_parse ] --START--
INFO: [ template_filter ] --START--
INFO: Run Behavior\ContentReplaceBehavior [ RunTime:0.000162s ]
INFO: [ template_filter ] --END-- [ RunTime:0.000284s ]
NOTIC: [8] Use of undefined constant id - assumed 'id' D:\wamp\www\yuanku\Application\Runtime\Cache\Home\5ce56c6da75d18834febc25b28cacbc3.php 第 107 行.
NOTIC: [8] Undefined index: introduction D:\wamp\www\yuanku\Application\Runtime\Cache\Home\5ce56c6da75d18834febc25b28cacbc3.php 第 128 行.
NOTIC: [8] Use of undefined constant id - assumed 'id' D:\wamp\www\yuanku\Application\Runtime\Cache\Home\5ce56c6da75d18834febc25b28cacbc3.php 第 170 行.
NOTIC: [8] Use of undefined constant id - assumed 'id' D:\wamp\www\yuanku\Application\Runtime\Cache\Home\5ce56c6da75d18834febc25b28cacbc3.php 第 171 行.
NOTIC: [8] Use of undefined constant id - assumed 'id' D:\wamp\www\yuanku\Application\Runtime\Cache\Home\5ce56c6da75d18834febc25b28cacbc3.php 第 170 行.
NOTIC: [8] Use of undefined constant id - assumed 'id' D:\wamp\www\yuanku\Application\Runtime\Cache\Home\5ce56c6da75d18834febc25b28cacbc3.php 第 171 行.
NOTIC: [8] Use of undefined constant id - assumed 'id' D:\wamp\www\yuanku\Application\Runtime\Cache\Home\5ce56c6da75d18834febc25b28cacbc3.php 第 170 行.
NOTIC: [8] Use of undefined constant id - assumed 'id' D:\wamp\www\yuanku\Application\Runtime\Cache\Home\5ce56c6da75d18834febc25b28cacbc3.php 第 171 行.
INFO: Run Behavior\ParseTemplateBehavior [ RunTime:0.019540s ]
INFO: [ view_parse ] --END-- [ RunTime:0.019674s ]
INFO: [ view_filter ] --START--
INFO: Run Behavior\WriteHtmlCacheBehavior [ RunTime:0.001157s ]
INFO: [ view_filter ] --END-- [ RunTime:0.001323s ]
INFO: [ app_end ] --START--
INFO: Run Behavior\ShowPageTraceBehavior [ RunTime:0.000650s ]
INFO: [ app_end ] --END-- [ RunTime:0.000753s ]

[ 2016-11-01T16:26:49+08:00 ] ::1 /yuanku/index.php/Home/Index/news_detail/id/45.html
INFO: [ app_init ] --START--
INFO: Run Behavior\BuildLiteBehavior [ RunTime:0.000031s ]
INFO: [ app_init ] --END-- [ RunTime:0.000514s ]
INFO: [ app_begin ] --START--
INFO: Run Behavior\ReadHtmlCacheBehavior [ RunTime:0.001416s ]
INFO: [ app_begin ] --END-- [ RunTime:0.001670s ]
SQL: SHOW COLUMNS FROM `news` [ RunTime:0.0046s ]
SQL: SELECT `id`,`title`,`img`,`date` FROM `news` ORDER BY id desc LIMIT 3   [ RunTime:0.0003s ]
SQL: SELECT n.id as id,`title`,`name`,`sort_name`,`content`,`img`,`date` FROM news n INNER JOIN author INNER JOIN news_sort INNER JOIN news_take  WHERE ( n.id=45 AND author.id=author_id AND sort_ename=news_sort.e_name )  [ RunTime:0.0004s ]
INFO: [ view_parse ] --START--
INFO: [ template_filter ] --START--
INFO: Run Behavior\ContentReplaceBehavior [ RunTime:0.000160s ]
INFO: [ template_filter ] --END-- [ RunTime:0.000284s ]
NOTIC: [8] Use of undefined constant id - assumed 'id' D:\wamp\www\yuanku\Application\Runtime\Cache\Home\5ce56c6da75d18834febc25b28cacbc3.php 第 107 行.
NOTIC: [8] Undefined index: introduction D:\wamp\www\yuanku\Application\Runtime\Cache\Home\5ce56c6da75d18834febc25b28cacbc3.php 第 128 行.
NOTIC: [8] Use of undefined constant id - assumed 'id' D:\wamp\www\yuanku\Application\Runtime\Cache\Home\5ce56c6da75d18834febc25b28cacbc3.php 第 170 行.
NOTIC: [8] Use of undefined constant id - assumed 'id' D:\wamp\www\yuanku\Application\Runtime\Cache\Home\5ce56c6da75d18834febc25b28cacbc3.php 第 171 行.
NOTIC: [8] Use of undefined constant id - assumed 'id' D:\wamp\www\yuanku\Application\Runtime\Cache\Home\5ce56c6da75d18834febc25b28cacbc3.php 第 170 行.
NOTIC: [8] Use of undefined constant id - assumed 'id' D:\wamp\www\yuanku\Application\Runtime\Cache\Home\5ce56c6da75d18834febc25b28cacbc3.php 第 171 行.
NOTIC: [8] Use of undefined constant id - assumed 'id' D:\wamp\www\yuanku\Application\Runtime\Cache\Home\5ce56c6da75d18834febc25b28cacbc3.php 第 170 行.
NOTIC: [8] Use of undefined constant id - assumed 'id' D:\wamp\www\yuanku\Application\Runtime\Cache\Home\5ce56c6da75d18834febc25b28cacbc3.php 第 171 行.
INFO: Run Behavior\ParseTemplateBehavior [ RunTime:0.017781s ]
INFO: [ view_parse ] --END-- [ RunTime:0.017899s ]
INFO: [ view_filter ] --START--
INFO: Run Behavior\WriteHtmlCacheBehavior [ RunTime:0.000522s ]
INFO: [ view_filter ] --END-- [ RunTime:0.000643s ]
INFO: [ app_end ] --START--
INFO: Run Behavior\ShowPageTraceBehavior [ RunTime:0.000668s ]
INFO: [ app_end ] --END-- [ RunTime:0.000773s ]

[ 2016-11-01T16:27:04+08:00 ] ::1 /yuanku/index.php/Home/Index/news_detail/id/45.html
INFO: [ app_init ] --START--
INFO: Run Behavior\BuildLiteBehavior [ RunTime:0.000031s ]
INFO: [ app_init ] --END-- [ RunTime:0.000563s ]
INFO: [ app_begin ] --START--
INFO: Run Behavior\ReadHtmlCacheBehavior [ RunTime:0.000555s ]
INFO: [ app_begin ] --END-- [ RunTime:0.000673s ]
SQL: SHOW COLUMNS FROM `news` [ RunTime:0.0029s ]
SQL: SELECT `id`,`title`,`img`,`date` FROM `news` ORDER BY id desc LIMIT 3   [ RunTime:0.0004s ]
SQL: SELECT n.id as id,`title`,`name`,`sort_name`,`content`,`img`,`date` FROM news n INNER JOIN author INNER JOIN news_sort INNER JOIN news_take  WHERE ( n.id=45 AND author.id=author_id AND sort_ename=news_sort.e_name )  [ RunTime:0.0004s ]
INFO: [ view_parse ] --START--
INFO: [ template_filter ] --START--
INFO: Run Behavior\ContentReplaceBehavior [ RunTime:0.000143s ]
INFO: [ template_filter ] --END-- [ RunTime:0.000263s ]
NOTIC: [8] Use of undefined constant id - assumed 'id' D:\wamp\www\yuanku\Application\Runtime\Cache\Home\5ce56c6da75d18834febc25b28cacbc3.php 第 107 行.
NOTIC: [8] Undefined index: introduction D:\wamp\www\yuanku\Application\Runtime\Cache\Home\5ce56c6da75d18834febc25b28cacbc3.php 第 128 行.
NOTIC: [8] Use of undefined constant id - assumed 'id' D:\wamp\www\yuanku\Application\Runtime\Cache\Home\5ce56c6da75d18834febc25b28cacbc3.php 第 170 行.
NOTIC: [8] Use of undefined constant id - assumed 'id' D:\wamp\www\yuanku\Application\Runtime\Cache\Home\5ce56c6da75d18834febc25b28cacbc3.php 第 171 行.
NOTIC: [8] Use of undefined constant id - assumed 'id' D:\wamp\www\yuanku\Application\Runtime\Cache\Home\5ce56c6da75d18834febc25b28cacbc3.php 第 170 行.
NOTIC: [8] Use of undefined constant id - assumed 'id' D:\wamp\www\yuanku\Application\Runtime\Cache\Home\5ce56c6da75d18834febc25b28cacbc3.php 第 171 行.
NOTIC: [8] Use of undefined constant id - assumed 'id' D:\wamp\www\yuanku\Application\Runtime\Cache\Home\5ce56c6da75d18834febc25b28cacbc3.php 第 170 行.
NOTIC: [8] Use of undefined constant id - assumed 'id' D:\wamp\www\yuanku\Application\Runtime\Cache\Home\5ce56c6da75d18834febc25b28cacbc3.php 第 171 行.
INFO: Run Behavior\ParseTemplateBehavior [ RunTime:0.016863s ]
INFO: [ view_parse ] --END-- [ RunTime:0.016972s ]
INFO: [ view_filter ] --START--
INFO: Run Behavior\WriteHtmlCacheBehavior [ RunTime:0.000389s ]
INFO: [ view_filter ] --END-- [ RunTime:0.000492s ]
INFO: [ app_end ] --START--
INFO: Run Behavior\ShowPageTraceBehavior [ RunTime:0.000620s ]
INFO: [ app_end ] --END-- [ RunTime:0.000712s ]

[ 2016-11-01T16:27:09+08:00 ] ::1 /yuanku/index.php/Home/Personal/index
INFO: [ app_init ] --START--
INFO: Run Behavior\BuildLiteBehavior [ RunTime:0.000022s ]
INFO: [ app_init ] --END-- [ RunTime:0.000367s ]
INFO: [ app_begin ] --START--
INFO: Run Behavior\ReadHtmlCacheBehavior [ RunTime:0.000574s ]
INFO: [ app_begin ] --END-- [ RunTime:0.000700s ]
SQL: SELECT * FROM client_user WHERE user_name ='kaka' [ RunTime:0.0004s ]
SQL: SELECT email_address FROM client_user WHERE user_name ='kaka' [ RunTime:0.0003s ]
SQL: SHOW COLUMNS FROM `news` [ RunTime:0.0027s ]
SQL: SHOW COLUMNS FROM `news_take` [ RunTime:0.0028s ]
NOTIC: [8] Undefined variable: start_index D:\wamp\www\yuanku\Application\Home\Controller\PersonalController.class.php 第 22 行.
NOTIC: [8] Undefined variable: page_count D:\wamp\www\yuanku\Application\Home\Controller\PersonalController.class.php 第 22 行.
SQL: SELECT n.id as nid,`title`,`name`,`sort_name`,`img`,`date` FROM news n INNER JOIN author ON author_id=author.id INNER JOIN news_sort ON sort_ename=news_sort.e_name  WHERE ( uid=39 ) ORDER BY date desc  [ RunTime:0.0006s ]
SQL: SELECT * FROM `news_take` WHERE ( uid=39 )  [ RunTime:0.0003s ]
INFO: [ view_parse ] --START--
INFO: [ template_filter ] --START--
INFO: Run Behavior\ContentReplaceBehavior [ RunTime:0.000142s ]
INFO: [ template_filter ] --END-- [ RunTime:0.000253s ]
INFO: Run Behavior\ParseTemplateBehavior [ RunTime:0.014946s ]
INFO: [ view_parse ] --END-- [ RunTime:0.015078s ]
INFO: [ view_filter ] --START--
INFO: Run Behavior\WriteHtmlCacheBehavior [ RunTime:0.000417s ]
INFO: [ view_filter ] --END-- [ RunTime:0.000515s ]
INFO: [ app_end ] --START--
INFO: Run Behavior\ShowPageTraceBehavior [ RunTime:0.000568s ]
INFO: [ app_end ] --END-- [ RunTime:0.000666s ]

[ 2016-11-01T16:27:12+08:00 ] ::1 /yuanku/index.php/Home/Index/news_take.html
INFO: [ app_init ] --START--
INFO: Run Behavior\BuildLiteBehavior [ RunTime:0.000023s ]
INFO: [ app_init ] --END-- [ RunTime:0.000383s ]
INFO: [ app_begin ] --START--
INFO: Run Behavior\ReadHtmlCacheBehavior [ RunTime:0.000562s ]
INFO: [ app_begin ] --END-- [ RunTime:0.000699s ]
SQL: SELECT * FROM client_user WHERE user_name ='kaka' [ RunTime:0.0007s ]
SQL: SELECT email_address FROM client_user WHERE user_name ='kaka' [ RunTime:0.0003s ]
SQL: SHOW COLUMNS FROM `news` [ RunTime:0.0026s ]
SQL: SHOW COLUMNS FROM `news_take` [ RunTime:0.0027s ]
SQL: SELECT * FROM `news` INNER JOIN news_take  WHERE ( news_take.uid=39 AND news_take.news_id=news.id )  [ RunTime:0.0003s ]
SQL: SELECT * FROM `news` INNER JOIN news_take  WHERE ( news_take.uid=39 AND news_take.news_id=news.id ) LIMIT 0,3   [ RunTime:0.0004s ]
INFO: [ view_parse ] --START--
INFO: [ template_filter ] --START--
INFO: Run Behavior\ContentReplaceBehavior [ RunTime:0.000142s ]
INFO: [ template_filter ] --END-- [ RunTime:0.000251s ]
NOTIC: [8] Use of undefined constant id - assumed 'id' D:\wamp\www\yuanku\Application\Runtime\Cache\Home\64e88cd7a7d5f322879eaa36577f2511.php 第 159 行.
INFO: Run Behavior\ParseTemplateBehavior [ RunTime:0.015561s ]
INFO: [ view_parse ] --END-- [ RunTime:0.015666s ]
INFO: [ view_filter ] --START--
INFO: Run Behavior\WriteHtmlCacheBehavior [ RunTime:0.000376s ]
INFO: [ view_filter ] --END-- [ RunTime:0.000467s ]
INFO: [ app_end ] --START--
INFO: Run Behavior\ShowPageTraceBehavior [ RunTime:0.000567s ]
INFO: [ app_end ] --END-- [ RunTime:0.000667s ]

[ 2016-11-01T16:27:14+08:00 ] ::1 /yuanku/index.php/Home/Personal/index
INFO: [ app_init ] --START--
INFO: Run Behavior\BuildLiteBehavior [ RunTime:0.000034s ]
INFO: [ app_init ] --END-- [ RunTime:0.000627s ]
INFO: [ app_begin ] --START--
INFO: Run Behavior\ReadHtmlCacheBehavior [ RunTime:0.000570s ]
INFO: [ app_begin ] --END-- [ RunTime:0.000695s ]
SQL: SELECT * FROM client_user WHERE user_name ='kaka' [ RunTime:0.0004s ]
SQL: SELECT email_address FROM client_user WHERE user_name ='kaka' [ RunTime:0.0003s ]
SQL: SHOW COLUMNS FROM `news` [ RunTime:0.0028s ]
SQL: SHOW COLUMNS FROM `news_take` [ RunTime:0.0031s ]
NOTIC: [8] Undefined variable: start_index D:\wamp\www\yuanku\Application\Home\Controller\PersonalController.class.php 第 22 行.
NOTIC: [8] Undefined variable: page_count D:\wamp\www\yuanku\Application\Home\Controller\PersonalController.class.php 第 22 行.
SQL: SELECT n.id as nid,`title`,`name`,`sort_name`,`img`,`date` FROM news n INNER JOIN author ON author_id=author.id INNER JOIN news_sort ON sort_ename=news_sort.e_name  WHERE ( uid=39 ) ORDER BY date desc  [ RunTime:0.0006s ]
SQL: SELECT * FROM `news_take` WHERE ( uid=39 )  [ RunTime:0.0003s ]
INFO: [ view_parse ] --START--
INFO: [ template_filter ] --START--
INFO: Run Behavior\ContentReplaceBehavior [ RunTime:0.000142s ]
INFO: [ template_filter ] --END-- [ RunTime:0.000252s ]
INFO: Run Behavior\ParseTemplateBehavior [ RunTime:0.014159s ]
INFO: [ view_parse ] --END-- [ RunTime:0.014270s ]
INFO: [ view_filter ] --START--
INFO: Run Behavior\WriteHtmlCacheBehavior [ RunTime:0.000379s ]
INFO: [ view_filter ] --END-- [ RunTime:0.000469s ]
INFO: [ app_end ] --START--
INFO: Run Behavior\ShowPageTraceBehavior [ RunTime:0.000566s ]
INFO: [ app_end ] --END-- [ RunTime:0.000666s ]

[ 2016-11-01T16:27:16+08:00 ] ::1 /yuanku/index.php/Home/Index/news.html
INFO: [ app_init ] --START--
INFO: Run Behavior\BuildLiteBehavior [ RunTime:0.000026s ]
INFO: [ app_init ] --END-- [ RunTime:0.000451s ]
INFO: [ app_begin ] --START--
INFO: Run Behavior\ReadHtmlCacheBehavior [ RunTime:0.000583s ]
INFO: [ app_begin ] --END-- [ RunTime:0.000724s ]
SQL: SHOW COLUMNS FROM `news` [ RunTime:0.0029s ]
SQL: SELECT n.id as id,`title`,`name`,`sort_name`,`content`,`img`,`date` FROM news n INNER JOIN author ON author_id=author.id INNER JOIN news_sort ON sort_ename=news_sort.e_name  ORDER BY id desc LIMIT 0,10   [ RunTime:0.0031s ]
SQL: SELECT COUNT(*) AS tp_count FROM `news` LIMIT 1   [ RunTime:0.0002s ]
NOTIC: [8] Undefined variable: page_html D:\wamp\www\yuanku\Application\Home\Controller\IndexController.class.php 第 124 行.
INFO: [ view_parse ] --START--
INFO: [ template_filter ] --START--
INFO: Run Behavior\ContentReplaceBehavior [ RunTime:0.000119s ]
INFO: [ template_filter ] --END-- [ RunTime:0.000230s ]
NOTIC: [8] Use of undefined constant id - assumed 'id' D:\wamp\www\yuanku\Application\Runtime\Cache\Home\cecb45903f8aa0e33f62e7ce7ef7b49f.php 第 97 行.
NOTIC: [8] Use of undefined constant id - assumed 'id' D:\wamp\www\yuanku\Application\Runtime\Cache\Home\cecb45903f8aa0e33f62e7ce7ef7b49f.php 第 97 行.
NOTIC: [8] Use of undefined constant id - assumed 'id' D:\wamp\www\yuanku\Application\Runtime\Cache\Home\cecb45903f8aa0e33f62e7ce7ef7b49f.php 第 97 行.
NOTIC: [8] Use of undefined constant id - assumed 'id' D:\wamp\www\yuanku\Application\Runtime\Cache\Home\cecb45903f8aa0e33f62e7ce7ef7b49f.php 第 97 行.
NOTIC: [8] Use of undefined constant id - assumed 'id' D:\wamp\www\yuanku\Application\Runtime\Cache\Home\cecb45903f8aa0e33f62e7ce7ef7b49f.php 第 97 行.
NOTIC: [8] Use of undefined constant id - assumed 'id' D:\wamp\www\yuanku\Application\Runtime\Cache\Home\cecb45903f8aa0e33f62e7ce7ef7b49f.php 第 97 行.
NOTIC: [8] Use of undefined constant id - assumed 'id' D:\wamp\www\yuanku\Application\Runtime\Cache\Home\cecb45903f8aa0e33f62e7ce7ef7b49f.php 第 97 行.
NOTIC: [8] Use of undefined constant id - assumed 'id' D:\wamp\www\yuanku\Application\Runtime\Cache\Home\cecb45903f8aa0e33f62e7ce7ef7b49f.php 第 97 行.
NOTIC: [8] Use of undefined constant id - assumed 'id' D:\wamp\www\yuanku\Application\Runtime\Cache\Home\cecb45903f8aa0e33f62e7ce7ef7b49f.php 第 97 行.
NOTIC: [8] Use of undefined constant id - assumed 'id' D:\wamp\www\yuanku\Application\Runtime\Cache\Home\cecb45903f8aa0e33f62e7ce7ef7b49f.php 第 97 行.
NOTIC: [8] Use of undefined constant id - assumed 'id' D:\wamp\www\yuanku\Application\Runtime\Cache\Home\cecb45903f8aa0e33f62e7ce7ef7b49f.php 第 97 行.
NOTIC: [8] Use of undefined constant id - assumed 'id' D:\wamp\www\yuanku\Application\Runtime\Cache\Home\cecb45903f8aa0e33f62e7ce7ef7b49f.php 第 97 行.
NOTIC: [8] Use of undefined constant id - assumed 'id' D:\wamp\www\yuanku\Application\Runtime\Cache\Home\cecb45903f8aa0e33f62e7ce7ef7b49f.php 第 97 行.
NOTIC: [8] Use of undefined constant id - assumed 'id' D:\wamp\www\yuanku\Application\Runtime\Cache\Home\cecb45903f8aa0e33f62e7ce7ef7b49f.php 第 97 行.
NOTIC: [8] Use of undefined constant id - assumed 'id' D:\wamp\www\yuanku\Application\Runtime\Cache\Home\cecb45903f8aa0e33f62e7ce7ef7b49f.php 第 97 行.
NOTIC: [8] Use of undefined constant id - assumed 'id' D:\wamp\www\yuanku\Application\Runtime\Cache\Home\cecb45903f8aa0e33f62e7ce7ef7b49f.php 第 97 行.
NOTIC: [8] Use of undefined constant id - assumed 'id' D:\wamp\www\yuanku\Application\Runtime\Cache\Home\cecb45903f8aa0e33f62e7ce7ef7b49f.php 第 97 行.
NOTIC: [8] Use of undefined constant id - assumed 'id' D:\wamp\www\yuanku\Application\Runtime\Cache\Home\cecb45903f8aa0e33f62e7ce7ef7b49f.php 第 97 行.
NOTIC: [8] Use of undefined constant id - assumed 'id' D:\wamp\www\yuanku\Application\Runtime\Cache\Home\cecb45903f8aa0e33f62e7ce7ef7b49f.php 第 97 行.
NOTIC: [8] Use of undefined constant id - assumed 'id' D:\wamp\www\yuanku\Application\Runtime\Cache\Home\cecb45903f8aa0e33f62e7ce7ef7b49f.php 第 97 行.
INFO: Run Behavior\ParseTemplateBehavior [ RunTime:0.016044s ]
INFO: [ view_parse ] --END-- [ RunTime:0.016148s ]
INFO: [ view_filter ] --START--
INFO: Run Behavior\WriteHtmlCacheBehavior [ RunTime:0.000372s ]
INFO: [ view_filter ] --END-- [ RunTime:0.000490s ]
INFO: [ app_end ] --START--
INFO: Run Behavior\ShowPageTraceBehavior [ RunTime:0.000563s ]
INFO: [ app_end ] --END-- [ RunTime:0.000657s ]

[ 2016-11-01T16:27:20+08:00 ] ::1 /yuanku/index.php/Home/Personal/index
INFO: [ app_init ] --START--
INFO: Run Behavior\BuildLiteBehavior [ RunTime:0.000027s ]
INFO: [ app_init ] --END-- [ RunTime:0.000457s ]
INFO: [ app_begin ] --START--
INFO: Run Behavior\ReadHtmlCacheBehavior [ RunTime:0.000607s ]
INFO: [ app_begin ] --END-- [ RunTime:0.000717s ]
SQL: SELECT * FROM client_user WHERE user_name ='kaka' [ RunTime:0.0004s ]
SQL: SELECT email_address FROM client_user WHERE user_name ='kaka' [ RunTime:0.0003s ]
SQL: SHOW COLUMNS FROM `news` [ RunTime:0.0028s ]
SQL: SHOW COLUMNS FROM `news_take` [ RunTime:0.0028s ]
NOTIC: [8] Undefined variable: start_index D:\wamp\www\yuanku\Application\Home\Controller\PersonalController.class.php 第 22 行.
NOTIC: [8] Undefined variable: page_count D:\wamp\www\yuanku\Application\Home\Controller\PersonalController.class.php 第 22 行.
SQL: SELECT n.id as nid,`title`,`name`,`sort_name`,`img`,`date` FROM news n INNER JOIN author ON author_id=author.id INNER JOIN news_sort ON sort_ename=news_sort.e_name  WHERE ( uid=39 ) ORDER BY date desc  [ RunTime:0.0007s ]
SQL: SELECT * FROM `news_take` WHERE ( uid=39 )  [ RunTime:0.0003s ]
INFO: [ view_parse ] --START--
INFO: [ template_filter ] --START--
INFO: Run Behavior\ContentReplaceBehavior [ RunTime:0.000143s ]
INFO: [ template_filter ] --END-- [ RunTime:0.000268s ]
INFO: Run Behavior\ParseTemplateBehavior [ RunTime:0.014434s ]
INFO: [ view_parse ] --END-- [ RunTime:0.014571s ]
INFO: [ view_filter ] --START--
INFO: Run Behavior\WriteHtmlCacheBehavior [ RunTime:0.000498s ]
INFO: [ view_filter ] --END-- [ RunTime:0.000601s ]
INFO: [ app_end ] --START--
INFO: Run Behavior\ShowPageTraceBehavior [ RunTime:0.000585s ]
INFO: [ app_end ] --END-- [ RunTime:0.000691s ]

[ 2016-11-01T16:27:25+08:00 ] ::1 /yuanku/index.php/Home/Index/news.html
INFO: [ app_init ] --START--
INFO: Run Behavior\BuildLiteBehavior [ RunTime:0.000024s ]
INFO: [ app_init ] --END-- [ RunTime:0.000398s ]
INFO: [ app_begin ] --START--
INFO: Run Behavior\ReadHtmlCacheBehavior [ RunTime:0.000553s ]
INFO: [ app_begin ] --END-- [ RunTime:0.000654s ]
SQL: SHOW COLUMNS FROM `news` [ RunTime:0.0026s ]
SQL: SELECT n.id as id,`title`,`name`,`sort_name`,`content`,`img`,`date` FROM news n INNER JOIN author ON author_id=author.id INNER JOIN news_sort ON sort_ename=news_sort.e_name  ORDER BY id desc LIMIT 0,10   [ RunTime:0.0029s ]
SQL: SELECT COUNT(*) AS tp_count FROM `news` LIMIT 1   [ RunTime:0.0002s ]
NOTIC: [8] Undefined variable: page_html D:\wamp\www\yuanku\Application\Home\Controller\IndexController.class.php 第 124 行.
INFO: [ view_parse ] --START--
INFO: [ template_filter ] --START--
INFO: Run Behavior\ContentReplaceBehavior [ RunTime:0.000113s ]
INFO: [ template_filter ] --END-- [ RunTime:0.000239s ]
NOTIC: [8] Use of undefined constant id - assumed 'id' D:\wamp\www\yuanku\Application\Runtime\Cache\Home\cecb45903f8aa0e33f62e7ce7ef7b49f.php 第 97 行.
NOTIC: [8] Use of undefined constant id - assumed 'id' D:\wamp\www\yuanku\Application\Runtime\Cache\Home\cecb45903f8aa0e33f62e7ce7ef7b49f.php 第 97 行.
NOTIC: [8] Use of undefined constant id - assumed 'id' D:\wamp\www\yuanku\Application\Runtime\Cache\Home\cecb45903f8aa0e33f62e7ce7ef7b49f.php 第 97 行.
NOTIC: [8] Use of undefined constant id - assumed 'id' D:\wamp\www\yuanku\Application\Runtime\Cache\Home\cecb45903f8aa0e33f62e7ce7ef7b49f.php 第 97 行.
NOTIC: [8] Use of undefined constant id - assumed 'id' D:\wamp\www\yuanku\Application\Runtime\Cache\Home\cecb45903f8aa0e33f62e7ce7ef7b49f.php 第 97 行.
NOTIC: [8] Use of undefined constant id - assumed 'id' D:\wamp\www\yuanku\Application\Runtime\Cache\Home\cecb45903f8aa0e33f62e7ce7ef7b49f.php 第 97 行.
NOTIC: [8] Use of undefined constant id - assumed 'id' D:\wamp\www\yuanku\Application\Runtime\Cache\Home\cecb45903f8aa0e33f62e7ce7ef7b49f.php 第 97 行.
NOTIC: [8] Use of undefined constant id - assumed 'id' D:\wamp\www\yuanku\Application\Runtime\Cache\Home\cecb45903f8aa0e33f62e7ce7ef7b49f.php 第 97 行.
NOTIC: [8] Use of undefined constant id - assumed 'id' D:\wamp\www\yuanku\Application\Runtime\Cache\Home\cecb45903f8aa0e33f62e7ce7ef7b49f.php 第 97 行.
NOTIC: [8] Use of undefined constant id - assumed 'id' D:\wamp\www\yuanku\Application\Runtime\Cache\Home\cecb45903f8aa0e33f62e7ce7ef7b49f.php 第 97 行.
NOTIC: [8] Use of undefined constant id - assumed 'id' D:\wamp\www\yuanku\Application\Runtime\Cache\Home\cecb45903f8aa0e33f62e7ce7ef7b49f.php 第 97 行.
NOTIC: [8] Use of undefined constant id - assumed 'id' D:\wamp\www\yuanku\Application\Runtime\Cache\Home\cecb45903f8aa0e33f62e7ce7ef7b49f.php 第 97 行.
NOTIC: [8] Use of undefined constant id - assumed 'id' D:\wamp\www\yuanku\Application\Runtime\Cache\Home\cecb45903f8aa0e33f62e7ce7ef7b49f.php 第 97 行.
NOTIC: [8] Use of undefined constant id - assumed 'id' D:\wamp\www\yuanku\Application\Runtime\Cache\Home\cecb45903f8aa0e33f62e7ce7ef7b49f.php 第 97 行.
NOTIC: [8] Use of undefined constant id - assumed 'id' D:\wamp\www\yuanku\Application\Runtime\Cache\Home\cecb45903f8aa0e33f62e7ce7ef7b49f.php 第 97 行.
NOTIC: [8] Use of undefined constant id - assumed 'id' D:\wamp\www\yuanku\Application\Runtime\Cache\Home\cecb45903f8aa0e33f62e7ce7ef7b49f.php 第 97 行.
NOTIC: [8] Use of undefined constant id - assumed 'id' D:\wamp\www\yuanku\Application\Runtime\Cache\Home\cecb45903f8aa0e33f62e7ce7ef7b49f.php 第 97 行.
NOTIC: [8] Use of undefined constant id - assumed 'id' D:\wamp\www\yuanku\Application\Runtime\Cache\Home\cecb45903f8aa0e33f62e7ce7ef7b49f.php 第 97 行.
NOTIC: [8] Use of undefined constant id - assumed 'id' D:\wamp\www\yuanku\Application\Runtime\Cache\Home\cecb45903f8aa0e33f62e7ce7ef7b49f.php 第 97 行.
NOTIC: [8] Use of undefined constant id - assumed 'id' D:\wamp\www\yuanku\Application\Runtime\Cache\Home\cecb45903f8aa0e33f62e7ce7ef7b49f.php 第 97 行.
INFO: Run Behavior\ParseTemplateBehavior [ RunTime:0.016274s ]
INFO: [ view_parse ] --END-- [ RunTime:0.016378s ]
INFO: [ view_filter ] --START--
INFO: Run Behavior\WriteHtmlCacheBehavior [ RunTime:0.000516s ]
INFO: [ view_filter ] --END-- [ RunTime:0.000617s ]
INFO: [ app_end ] --START--
INFO: Run Behavior\ShowPageTraceBehavior [ RunTime:0.000660s ]
INFO: [ app_end ] --END-- [ RunTime:0.000766s ]

[ 2016-11-01T16:27:32+08:00 ] ::1 /yuanku/index.php/Home/Personal/index
INFO: [ app_init ] --START--
INFO: Run Behavior\BuildLiteBehavior [ RunTime:0.000024s ]
INFO: [ app_init ] --END-- [ RunTime:0.000398s ]
INFO: [ app_begin ] --START--
INFO: Run Behavior\ReadHtmlCacheBehavior [ RunTime:0.000628s ]
INFO: [ app_begin ] --END-- [ RunTime:0.000738s ]
SQL: SELECT * FROM client_user WHERE user_name ='kaka' [ RunTime:0.0004s ]
SQL: SELECT email_address FROM client_user WHERE user_name ='kaka' [ RunTime:0.0003s ]
SQL: SHOW COLUMNS FROM `news` [ RunTime:0.0026s ]
SQL: SHOW COLUMNS FROM `news_take` [ RunTime:0.0025s ]
NOTIC: [8] Undefined variable: start_index D:\wamp\www\yuanku\Application\Home\Controller\PersonalController.class.php 第 22 行.
NOTIC: [8] Undefined variable: page_count D:\wamp\www\yuanku\Application\Home\Controller\PersonalController.class.php 第 22 行.
SQL: SELECT n.id as nid,`title`,`name`,`sort_name`,`img`,`date` FROM news n INNER JOIN author ON author_id=author.id INNER JOIN news_sort ON sort_ename=news_sort.e_name  WHERE ( uid=39 ) ORDER BY date desc  [ RunTime:0.0007s ]
SQL: SELECT * FROM `news_take` WHERE ( uid=39 )  [ RunTime:0.0003s ]
INFO: [ view_parse ] --START--
INFO: [ template_filter ] --START--
INFO: Run Behavior\ContentReplaceBehavior [ RunTime:0.000191s ]
INFO: [ template_filter ] --END-- [ RunTime:0.000311s ]
INFO: Run Behavior\ParseTemplateBehavior [ RunTime:0.014428s ]
INFO: [ view_parse ] --END-- [ RunTime:0.014564s ]
INFO: [ view_filter ] --START--
INFO: Run Behavior\WriteHtmlCacheBehavior [ RunTime:0.000404s ]
INFO: [ view_filter ] --END-- [ RunTime:0.000498s ]
INFO: [ app_end ] --START--
INFO: Run Behavior\ShowPageTraceBehavior [ RunTime:0.000593s ]
INFO: [ app_end ] --END-- [ RunTime:0.000686s ]

