[ 2016-11-02T09:58:03+08:00 ] ::1 /lidong/yuanku/
INFO: [ app_init ] --START--
INFO: Run Behavior\BuildLiteBehavior [ RunTime:0.000028s ]
INFO: [ app_init ] --END-- [ RunTime:0.000941s ]
INFO: [ app_begin ] --START--
INFO: Run Behavior\ReadHtmlCacheBehavior [ RunTime:0.001886s ]
INFO: [ app_begin ] --END-- [ RunTime:0.002092s ]
SQL: SHOW COLUMNS FROM `slide` [ RunTime:0.0656s ]
SQL: SHOW COLUMNS FROM `news` [ RunTime:0.0730s ]
SQL: SELECT * FROM `news` WHERE ( news_position="first" )  [ RunTime:0.0149s ]
SQL: SELECT * FROM `news` WHERE ( news_position="second" ) ORDER BY id desc LIMIT 5   [ RunTime:0.0005s ]
SQL: SELECT * FROM `news` WHERE ( news_position="third" )  [ RunTime:0.0004s ]
SQL: SELECT * FROM `slide`  [ RunTime:0.0004s ]
INFO: [ view_parse ] --START--
INFO: [ template_filter ] --START--
INFO: Run Behavior\ContentReplaceBehavior [ RunTime:0.000342s ]
INFO: [ template_filter ] --END-- [ RunTime:0.000493s ]
SQL: SELECT * FROM `news` ORDER BY id desc LIMIT 3   [ RunTime:0.0006s ]
NOTIC: [8] Undefined variable: f_html E:\mysql\wamp\www\lidong\yuanku\Application\Home\Common\function.php 第 15 行.
INFO: Run Behavior\ParseTemplateBehavior [ RunTime:0.119963s ]
INFO: [ view_parse ] --END-- [ RunTime:0.120135s ]
INFO: [ view_filter ] --START--
INFO: Run Behavior\WriteHtmlCacheBehavior [ RunTime:0.002221s ]
INFO: [ view_filter ] --END-- [ RunTime:0.002430s ]
SQL: SELECT n.id as id,`title`,`name`,`sort_name`,`content`,`img`,`date` FROM news n INNER JOIN author ON author_id=author.id INNER JOIN news_sort ON sort_ename=news_sort.e_name  ORDER BY id desc LIMIT 0,3   [ RunTime:0.0902s ]
INFO: [ app_end ] --START--
INFO: Run Behavior\ShowPageTraceBehavior [ RunTime:0.002394s ]
INFO: [ app_end ] --END-- [ RunTime:0.002591s ]

[ 2016-11-02T09:58:41+08:00 ] ::1 /lidong/yuanku/index.php/Home/Index/search.html
INFO: [ app_init ] --START--
INFO: Run Behavior\BuildLiteBehavior [ RunTime:0.000047s ]
INFO: [ app_init ] --END-- [ RunTime:0.001363s ]
INFO: [ app_begin ] --START--
INFO: Run Behavior\ReadHtmlCacheBehavior [ RunTime:0.002092s ]
INFO: [ app_begin ] --END-- [ RunTime:0.002351s ]
SQL: SHOW COLUMNS FROM `news` [ RunTime:0.0107s ]
SQL: SELECT * FROM `news` WHERE ( title like '%詹姆斯%' )  [ RunTime:0.0008s ]
INFO: [ view_parse ] --START--
INFO: [ template_filter ] --START--
INFO: Run Behavior\ContentReplaceBehavior [ RunTime:0.000187s ]
INFO: [ template_filter ] --END-- [ RunTime:0.000406s ]
NOTIC: [8] Undefined variable: title E:\mysql\wamp\www\lidong\yuanku\Application\Runtime\Cache\Home\bf3b4465296514de17e1f8dd92d84602.php 第 4 行.
NOTIC: [8] Use of undefined constant id - assumed 'id' E:\mysql\wamp\www\lidong\yuanku\Application\Runtime\Cache\Home\bf3b4465296514de17e1f8dd92d84602.php 第 83 行.
NOTIC: [8] Use of undefined constant id - assumed 'id' E:\mysql\wamp\www\lidong\yuanku\Application\Runtime\Cache\Home\bf3b4465296514de17e1f8dd92d84602.php 第 84 行.
NOTIC: [8] A non well formed numeric value encountered E:\mysql\wamp\www\lidong\yuanku\Application\Runtime\Cache\Home\bf3b4465296514de17e1f8dd92d84602.php 第 85 行.
NOTIC: [8] Use of undefined constant id - assumed 'id' E:\mysql\wamp\www\lidong\yuanku\Application\Runtime\Cache\Home\bf3b4465296514de17e1f8dd92d84602.php 第 88 行.
NOTIC: [8] Use of undefined constant id - assumed 'id' E:\mysql\wamp\www\lidong\yuanku\Application\Runtime\Cache\Home\bf3b4465296514de17e1f8dd92d84602.php 第 83 行.
NOTIC: [8] Use of undefined constant id - assumed 'id' E:\mysql\wamp\www\lidong\yuanku\Application\Runtime\Cache\Home\bf3b4465296514de17e1f8dd92d84602.php 第 84 行.
NOTIC: [8] Use of undefined constant id - assumed 'id' E:\mysql\wamp\www\lidong\yuanku\Application\Runtime\Cache\Home\bf3b4465296514de17e1f8dd92d84602.php 第 88 行.
SQL: SHOW COLUMNS FROM `news` [ RunTime:0.0073s ]
SQL: SELECT * FROM `news` ORDER BY id desc LIMIT 3   [ RunTime:0.0007s ]
NOTIC: [8] Undefined variable: f_html E:\mysql\wamp\www\lidong\yuanku\Application\Home\Common\function.php 第 15 行.
INFO: Run Behavior\ParseTemplateBehavior [ RunTime:0.060960s ]
INFO: [ view_parse ] --END-- [ RunTime:0.061205s ]
INFO: [ view_filter ] --START--
INFO: Run Behavior\WriteHtmlCacheBehavior [ RunTime:0.001971s ]
INFO: [ view_filter ] --END-- [ RunTime:0.002149s ]
NOTIC: [8] Undefined variable: id E:\mysql\wamp\www\lidong\yuanku\Application\Home\Controller\IndexController.class.php 第 312 行.
NOTIC: [8] Undefined variable: Page E:\mysql\wamp\www\lidong\yuanku\Application\Home\Controller\IndexController.class.php 第 312 行.
NOTIC: [8] Trying to get property of non-object E:\mysql\wamp\www\lidong\yuanku\Application\Home\Controller\IndexController.class.php 第 312 行.
NOTIC: [8] Undefined variable: Page E:\mysql\wamp\www\lidong\yuanku\Application\Home\Controller\IndexController.class.php 第 312 行.
NOTIC: [8] Trying to get property of non-object E:\mysql\wamp\www\lidong\yuanku\Application\Home\Controller\IndexController.class.php 第 312 行.
ERR: 1064:You have an error in your SQL syntax; check the manual that corresponds to your MySQL server version for the right syntax to use near 'AND news_take.news_id=news.id )' at line 1
 [ SQL语句 ] : SELECT * FROM `news` INNER JOIN news_take  WHERE ( news_take.uid= AND news_take.news_id=news.id ) 
ERR: 1064:You have an error in your SQL syntax; check the manual that corresponds to your MySQL server version for the right syntax to use near 'AND news_take.news_id=news.id )' at line 1
 [ SQL语句 ] : SELECT * FROM `news` INNER JOIN news_take  WHERE ( news_take.uid= AND news_take.news_id=news.id ) 

[ 2016-11-02T09:58:51+08:00 ] ::1 /lidong/yuanku/index.php/Home/Index/news_detail/id/27.html
INFO: [ app_init ] --START--
INFO: Run Behavior\BuildLiteBehavior [ RunTime:0.000029s ]
INFO: [ app_init ] --END-- [ RunTime:0.000929s ]
INFO: [ app_begin ] --START--
INFO: Run Behavior\ReadHtmlCacheBehavior [ RunTime:0.002042s ]
INFO: [ app_begin ] --END-- [ RunTime:0.002307s ]
SQL: SHOW COLUMNS FROM `news` [ RunTime:0.0066s ]
SQL: SELECT `id`,`title`,`img`,`date` FROM `news` ORDER BY id desc LIMIT 3   [ RunTime:0.0005s ]
ERR: 1146:Table 'hello.news_take' doesn't exist
 [ SQL语句 ] : SELECT n.id as id,`title`,`name`,`sort_name`,`content`,`img`,`date`,`introduction` FROM news n INNER JOIN author INNER JOIN news_sort INNER JOIN news_take  WHERE ( n.id=27 AND author.id=author_id AND sort_ename=news_sort.e_name ) 
ERR: 1146:Table 'hello.news_take' doesn't exist
 [ SQL语句 ] : SELECT n.id as id,`title`,`name`,`sort_name`,`content`,`img`,`date`,`introduction` FROM news n INNER JOIN author INNER JOIN news_sort INNER JOIN news_take  WHERE ( n.id=27 AND author.id=author_id AND sort_ename=news_sort.e_name ) 

[ 2016-11-02T10:00:12+08:00 ] ::1 /lidong/yuanku/index.php/Home/Index/news_detail/id/27.html
INFO: [ app_init ] --START--
INFO: Run Behavior\BuildLiteBehavior [ RunTime:0.000060s ]
INFO: [ app_init ] --END-- [ RunTime:0.001851s ]
INFO: [ app_begin ] --START--
INFO: Run Behavior\ReadHtmlCacheBehavior [ RunTime:0.002016s ]
INFO: [ app_begin ] --END-- [ RunTime:0.002461s ]
SQL: SHOW COLUMNS FROM `news` [ RunTime:0.0075s ]
SQL: SELECT `id`,`title`,`img`,`date` FROM `news` ORDER BY id desc LIMIT 3   [ RunTime:0.0006s ]
SQL: SELECT n.id as id,`title`,`name`,`sort_name`,`content`,`img`,`date`,`introduction` FROM news n INNER JOIN author INNER JOIN news_sort INNER JOIN news_take  WHERE ( n.id=27 AND author.id=author_id AND sort_ename=news_sort.e_name )  [ RunTime:0.0007s ]
INFO: [ view_parse ] --START--
INFO: [ template_filter ] --START--
INFO: Run Behavior\ContentReplaceBehavior [ RunTime:0.000226s ]
INFO: [ template_filter ] --END-- [ RunTime:0.000457s ]
NOTIC: [8] Use of undefined constant id - assumed 'id' E:\mysql\wamp\www\lidong\yuanku\Application\Runtime\Cache\Home\5ce56c6da75d18834febc25b28cacbc3.php 第 105 行.
NOTIC: [8] Use of undefined constant id - assumed 'id' E:\mysql\wamp\www\lidong\yuanku\Application\Runtime\Cache\Home\5ce56c6da75d18834febc25b28cacbc3.php 第 168 行.
NOTIC: [8] Use of undefined constant id - assumed 'id' E:\mysql\wamp\www\lidong\yuanku\Application\Runtime\Cache\Home\5ce56c6da75d18834febc25b28cacbc3.php 第 169 行.
NOTIC: [8] Use of undefined constant id - assumed 'id' E:\mysql\wamp\www\lidong\yuanku\Application\Runtime\Cache\Home\5ce56c6da75d18834febc25b28cacbc3.php 第 168 行.
NOTIC: [8] Use of undefined constant id - assumed 'id' E:\mysql\wamp\www\lidong\yuanku\Application\Runtime\Cache\Home\5ce56c6da75d18834febc25b28cacbc3.php 第 169 行.
NOTIC: [8] Use of undefined constant id - assumed 'id' E:\mysql\wamp\www\lidong\yuanku\Application\Runtime\Cache\Home\5ce56c6da75d18834febc25b28cacbc3.php 第 168 行.
NOTIC: [8] Use of undefined constant id - assumed 'id' E:\mysql\wamp\www\lidong\yuanku\Application\Runtime\Cache\Home\5ce56c6da75d18834febc25b28cacbc3.php 第 169 行.
SQL: SELECT * FROM `news` ORDER BY id desc LIMIT 3   [ RunTime:0.0005s ]
NOTIC: [8] Undefined variable: f_html E:\mysql\wamp\www\lidong\yuanku\Application\Home\Common\function.php 第 15 行.
INFO: Run Behavior\ParseTemplateBehavior [ RunTime:0.048312s ]
INFO: [ view_parse ] --END-- [ RunTime:0.048514s ]
INFO: [ view_filter ] --START--
INFO: Run Behavior\WriteHtmlCacheBehavior [ RunTime:0.001579s ]
INFO: [ view_filter ] --END-- [ RunTime:0.001736s ]
INFO: [ app_end ] --START--
INFO: Run Behavior\ShowPageTraceBehavior [ RunTime:0.002156s ]
INFO: [ app_end ] --END-- [ RunTime:0.002365s ]

[ 2016-11-02T10:03:20+08:00 ] ::1 /lidong/yuanku/index.php/Home/Index/search.html
INFO: [ app_init ] --START--
INFO: Run Behavior\BuildLiteBehavior [ RunTime:0.000047s ]
INFO: [ app_init ] --END-- [ RunTime:0.001002s ]
INFO: [ app_begin ] --START--
INFO: Run Behavior\ReadHtmlCacheBehavior [ RunTime:0.001165s ]
INFO: [ app_begin ] --END-- [ RunTime:0.001316s ]
SQL: SHOW COLUMNS FROM `news` [ RunTime:0.0081s ]
SQL: SELECT * FROM `news` WHERE ( title like '%林丹%' )  [ RunTime:0.0006s ]
INFO: [ view_parse ] --START--
INFO: [ template_filter ] --START--
INFO: Run Behavior\ContentReplaceBehavior [ RunTime:0.000169s ]
INFO: [ template_filter ] --END-- [ RunTime:0.000340s ]
NOTIC: [8] Undefined variable: title E:\mysql\wamp\www\lidong\yuanku\Application\Runtime\Cache\Home\bf3b4465296514de17e1f8dd92d84602.php 第 4 行.
NOTIC: [8] Use of undefined constant id - assumed 'id' E:\mysql\wamp\www\lidong\yuanku\Application\Runtime\Cache\Home\bf3b4465296514de17e1f8dd92d84602.php 第 83 行.
NOTIC: [8] Use of undefined constant id - assumed 'id' E:\mysql\wamp\www\lidong\yuanku\Application\Runtime\Cache\Home\bf3b4465296514de17e1f8dd92d84602.php 第 84 行.
NOTIC: [8] Use of undefined constant id - assumed 'id' E:\mysql\wamp\www\lidong\yuanku\Application\Runtime\Cache\Home\bf3b4465296514de17e1f8dd92d84602.php 第 88 行.
SQL: SHOW COLUMNS FROM `news` [ RunTime:0.0084s ]
SQL: SELECT * FROM `news` ORDER BY id desc LIMIT 3   [ RunTime:0.0006s ]
NOTIC: [8] Undefined variable: f_html E:\mysql\wamp\www\lidong\yuanku\Application\Home\Common\function.php 第 15 行.
INFO: Run Behavior\ParseTemplateBehavior [ RunTime:0.042215s ]
INFO: [ view_parse ] --END-- [ RunTime:0.042459s ]
INFO: [ view_filter ] --START--
INFO: Run Behavior\WriteHtmlCacheBehavior [ RunTime:0.001073s ]
INFO: [ view_filter ] --END-- [ RunTime:0.001225s ]
NOTIC: [8] Undefined variable: id E:\mysql\wamp\www\lidong\yuanku\Application\Home\Controller\IndexController.class.php 第 312 行.
NOTIC: [8] Undefined variable: Page E:\mysql\wamp\www\lidong\yuanku\Application\Home\Controller\IndexController.class.php 第 312 行.
NOTIC: [8] Trying to get property of non-object E:\mysql\wamp\www\lidong\yuanku\Application\Home\Controller\IndexController.class.php 第 312 行.
NOTIC: [8] Undefined variable: Page E:\mysql\wamp\www\lidong\yuanku\Application\Home\Controller\IndexController.class.php 第 312 行.
NOTIC: [8] Trying to get property of non-object E:\mysql\wamp\www\lidong\yuanku\Application\Home\Controller\IndexController.class.php 第 312 行.
ERR: 1064:You have an error in your SQL syntax; check the manual that corresponds to your MySQL server version for the right syntax to use near 'AND news_take.news_id=news.id )' at line 1
 [ SQL语句 ] : SELECT * FROM `news` INNER JOIN news_take  WHERE ( news_take.uid= AND news_take.news_id=news.id ) 
ERR: 1064:You have an error in your SQL syntax; check the manual that corresponds to your MySQL server version for the right syntax to use near 'AND news_take.news_id=news.id )' at line 1
 [ SQL语句 ] : SELECT * FROM `news` INNER JOIN news_take  WHERE ( news_take.uid= AND news_take.news_id=news.id ) 

[ 2016-11-02T10:03:27+08:00 ] ::1 /lidong/yuanku/index.php/Home/Index/news_detail/id/26.html
INFO: [ app_init ] --START--
INFO: Run Behavior\BuildLiteBehavior [ RunTime:0.000051s ]
INFO: [ app_init ] --END-- [ RunTime:0.001113s ]
INFO: [ app_begin ] --START--
INFO: Run Behavior\ReadHtmlCacheBehavior [ RunTime:0.000843s ]
INFO: [ app_begin ] --END-- [ RunTime:0.000994s ]
SQL: SHOW COLUMNS FROM `news` [ RunTime:0.0069s ]
SQL: SELECT `id`,`title`,`img`,`date` FROM `news` ORDER BY id desc LIMIT 3   [ RunTime:0.0004s ]
SQL: SELECT n.id as id,`title`,`name`,`sort_name`,`content`,`img`,`date`,`introduction` FROM news n INNER JOIN author INNER JOIN news_sort INNER JOIN news_take  WHERE ( n.id=26 AND author.id=author_id AND sort_ename=news_sort.e_name )  [ RunTime:0.0006s ]
INFO: [ view_parse ] --START--
INFO: [ template_filter ] --START--
INFO: Run Behavior\ContentReplaceBehavior [ RunTime:0.000211s ]
INFO: [ template_filter ] --END-- [ RunTime:0.000421s ]
NOTIC: [8] Use of undefined constant id - assumed 'id' E:\mysql\wamp\www\lidong\yuanku\Application\Runtime\Cache\Home\5ce56c6da75d18834febc25b28cacbc3.php 第 105 行.
NOTIC: [8] Use of undefined constant id - assumed 'id' E:\mysql\wamp\www\lidong\yuanku\Application\Runtime\Cache\Home\5ce56c6da75d18834febc25b28cacbc3.php 第 168 行.
NOTIC: [8] Use of undefined constant id - assumed 'id' E:\mysql\wamp\www\lidong\yuanku\Application\Runtime\Cache\Home\5ce56c6da75d18834febc25b28cacbc3.php 第 169 行.
NOTIC: [8] Use of undefined constant id - assumed 'id' E:\mysql\wamp\www\lidong\yuanku\Application\Runtime\Cache\Home\5ce56c6da75d18834febc25b28cacbc3.php 第 168 行.
NOTIC: [8] Use of undefined constant id - assumed 'id' E:\mysql\wamp\www\lidong\yuanku\Application\Runtime\Cache\Home\5ce56c6da75d18834febc25b28cacbc3.php 第 169 行.
NOTIC: [8] Use of undefined constant id - assumed 'id' E:\mysql\wamp\www\lidong\yuanku\Application\Runtime\Cache\Home\5ce56c6da75d18834febc25b28cacbc3.php 第 168 行.
NOTIC: [8] Use of undefined constant id - assumed 'id' E:\mysql\wamp\www\lidong\yuanku\Application\Runtime\Cache\Home\5ce56c6da75d18834febc25b28cacbc3.php 第 169 行.
SQL: SELECT * FROM `news` ORDER BY id desc LIMIT 3   [ RunTime:0.0006s ]
NOTIC: [8] Undefined variable: f_html E:\mysql\wamp\www\lidong\yuanku\Application\Home\Common\function.php 第 15 行.
INFO: Run Behavior\ParseTemplateBehavior [ RunTime:0.033956s ]
INFO: [ view_parse ] --END-- [ RunTime:0.034109s ]
INFO: [ view_filter ] --START--
INFO: Run Behavior\WriteHtmlCacheBehavior [ RunTime:0.001046s ]
INFO: [ view_filter ] --END-- [ RunTime:0.001198s ]
INFO: [ app_end ] --START--
INFO: Run Behavior\ShowPageTraceBehavior [ RunTime:0.001337s ]
INFO: [ app_end ] --END-- [ RunTime:0.001532s ]

[ 2016-11-02T10:03:34+08:00 ] ::1 /lidong/yuanku/index.php/Home/Index/search.html
INFO: [ app_init ] --START--
INFO: Run Behavior\BuildLiteBehavior [ RunTime:0.000031s ]
INFO: [ app_init ] --END-- [ RunTime:0.000632s ]
INFO: [ app_begin ] --START--
INFO: Run Behavior\ReadHtmlCacheBehavior [ RunTime:0.001210s ]
INFO: [ app_begin ] --END-- [ RunTime:0.001448s ]
SQL: SHOW COLUMNS FROM `news` [ RunTime:0.0062s ]
SQL: SELECT * FROM `news` WHERE ( title like '%123%' )  [ RunTime:0.0007s ]
INFO: [ view_parse ] --START--
INFO: [ template_filter ] --START--
INFO: Run Behavior\ContentReplaceBehavior [ RunTime:0.000188s ]
INFO: [ template_filter ] --END-- [ RunTime:0.000429s ]
NOTIC: [8] Undefined variable: title E:\mysql\wamp\www\lidong\yuanku\Application\Runtime\Cache\Home\bf3b4465296514de17e1f8dd92d84602.php 第 4 行.
SQL: SHOW COLUMNS FROM `news` [ RunTime:0.0076s ]
SQL: SELECT * FROM `news` ORDER BY id desc LIMIT 3   [ RunTime:0.0007s ]
NOTIC: [8] Undefined variable: f_html E:\mysql\wamp\www\lidong\yuanku\Application\Home\Common\function.php 第 15 行.
INFO: Run Behavior\ParseTemplateBehavior [ RunTime:0.035117s ]
INFO: [ view_parse ] --END-- [ RunTime:0.035363s ]
INFO: [ view_filter ] --START--
INFO: Run Behavior\WriteHtmlCacheBehavior [ RunTime:0.001177s ]
INFO: [ view_filter ] --END-- [ RunTime:0.001368s ]
NOTIC: [8] Undefined variable: id E:\mysql\wamp\www\lidong\yuanku\Application\Home\Controller\IndexController.class.php 第 312 行.
NOTIC: [8] Undefined variable: Page E:\mysql\wamp\www\lidong\yuanku\Application\Home\Controller\IndexController.class.php 第 312 行.
NOTIC: [8] Trying to get property of non-object E:\mysql\wamp\www\lidong\yuanku\Application\Home\Controller\IndexController.class.php 第 312 行.
NOTIC: [8] Undefined variable: Page E:\mysql\wamp\www\lidong\yuanku\Application\Home\Controller\IndexController.class.php 第 312 行.
NOTIC: [8] Trying to get property of non-object E:\mysql\wamp\www\lidong\yuanku\Application\Home\Controller\IndexController.class.php 第 312 行.
ERR: 1064:You have an error in your SQL syntax; check the manual that corresponds to your MySQL server version for the right syntax to use near 'AND news_take.news_id=news.id )' at line 1
 [ SQL语句 ] : SELECT * FROM `news` INNER JOIN news_take  WHERE ( news_take.uid= AND news_take.news_id=news.id ) 
ERR: 1064:You have an error in your SQL syntax; check the manual that corresponds to your MySQL server version for the right syntax to use near 'AND news_take.news_id=news.id )' at line 1
 [ SQL语句 ] : SELECT * FROM `news` INNER JOIN news_take  WHERE ( news_take.uid= AND news_take.news_id=news.id ) 

[ 2016-11-02T10:03:44+08:00 ] ::1 /lidong/yuanku/index.php/Home/Index/contact_us.html
INFO: [ app_init ] --START--
INFO: Run Behavior\BuildLiteBehavior [ RunTime:0.000092s ]
INFO: [ app_init ] --END-- [ RunTime:0.002178s ]
INFO: [ app_begin ] --START--
INFO: Run Behavior\ReadHtmlCacheBehavior [ RunTime:0.001318s ]
INFO: [ app_begin ] --END-- [ RunTime:0.001519s ]
INFO: [ view_parse ] --START--
INFO: [ template_filter ] --START--
INFO: Run Behavior\ContentReplaceBehavior [ RunTime:0.000200s ]
INFO: [ template_filter ] --END-- [ RunTime:0.000415s ]
SQL: SHOW COLUMNS FROM `news` [ RunTime:0.0067s ]
SQL: SELECT * FROM `news` ORDER BY id desc LIMIT 3   [ RunTime:0.0006s ]
NOTIC: [8] Undefined variable: f_html E:\mysql\wamp\www\lidong\yuanku\Application\Home\Common\function.php 第 15 行.
INFO: Run Behavior\ParseTemplateBehavior [ RunTime:0.069215s ]
INFO: [ view_parse ] --END-- [ RunTime:0.069431s ]
INFO: [ view_filter ] --START--
INFO: Run Behavior\WriteHtmlCacheBehavior [ RunTime:0.001131s ]
INFO: [ view_filter ] --END-- [ RunTime:0.001297s ]
INFO: [ app_end ] --START--
INFO: Run Behavior\ShowPageTraceBehavior [ RunTime:0.001491s ]
INFO: [ app_end ] --END-- [ RunTime:0.001741s ]

[ 2016-11-02T10:03:47+08:00 ] ::1 /lidong/yuanku/index.php/Home/Index/search.html
INFO: [ app_init ] --START--
INFO: Run Behavior\BuildLiteBehavior [ RunTime:0.000031s ]
INFO: [ app_init ] --END-- [ RunTime:0.000597s ]
INFO: [ app_begin ] --START--
INFO: Run Behavior\ReadHtmlCacheBehavior [ RunTime:0.001099s ]
INFO: [ app_begin ] --END-- [ RunTime:0.001312s ]
SQL: SHOW COLUMNS FROM `news` [ RunTime:0.0073s ]
SQL: SELECT * FROM `news` WHERE ( title like '%123%' )  [ RunTime:0.0005s ]
INFO: [ view_parse ] --START--
INFO: [ template_filter ] --START--
INFO: Run Behavior\ContentReplaceBehavior [ RunTime:0.000184s ]
INFO: [ template_filter ] --END-- [ RunTime:0.000400s ]
NOTIC: [8] Undefined variable: title E:\mysql\wamp\www\lidong\yuanku\Application\Runtime\Cache\Home\bf3b4465296514de17e1f8dd92d84602.php 第 4 行.
SQL: SHOW COLUMNS FROM `news` [ RunTime:0.0068s ]
SQL: SELECT * FROM `news` ORDER BY id desc LIMIT 3   [ RunTime:0.0004s ]
NOTIC: [8] Undefined variable: f_html E:\mysql\wamp\www\lidong\yuanku\Application\Home\Common\function.php 第 15 行.
INFO: Run Behavior\ParseTemplateBehavior [ RunTime:0.032364s ]
INFO: [ view_parse ] --END-- [ RunTime:0.032661s ]
INFO: [ view_filter ] --START--
INFO: Run Behavior\WriteHtmlCacheBehavior [ RunTime:0.001307s ]
INFO: [ view_filter ] --END-- [ RunTime:0.001505s ]
NOTIC: [8] Undefined variable: id E:\mysql\wamp\www\lidong\yuanku\Application\Home\Controller\IndexController.class.php 第 312 行.
NOTIC: [8] Undefined variable: Page E:\mysql\wamp\www\lidong\yuanku\Application\Home\Controller\IndexController.class.php 第 312 行.
NOTIC: [8] Trying to get property of non-object E:\mysql\wamp\www\lidong\yuanku\Application\Home\Controller\IndexController.class.php 第 312 行.
NOTIC: [8] Undefined variable: Page E:\mysql\wamp\www\lidong\yuanku\Application\Home\Controller\IndexController.class.php 第 312 行.
NOTIC: [8] Trying to get property of non-object E:\mysql\wamp\www\lidong\yuanku\Application\Home\Controller\IndexController.class.php 第 312 行.
ERR: 1064:You have an error in your SQL syntax; check the manual that corresponds to your MySQL server version for the right syntax to use near 'AND news_take.news_id=news.id )' at line 1
 [ SQL语句 ] : SELECT * FROM `news` INNER JOIN news_take  WHERE ( news_take.uid= AND news_take.news_id=news.id ) 
ERR: 1064:You have an error in your SQL syntax; check the manual that corresponds to your MySQL server version for the right syntax to use near 'AND news_take.news_id=news.id )' at line 1
 [ SQL语句 ] : SELECT * FROM `news` INNER JOIN news_take  WHERE ( news_take.uid= AND news_take.news_id=news.id ) 

[ 2016-11-02T10:03:49+08:00 ] ::1 /lidong/yuanku/index.php/Home/Index/index.html
INFO: [ app_init ] --START--
INFO: Run Behavior\BuildLiteBehavior [ RunTime:0.000041s ]
INFO: [ app_init ] --END-- [ RunTime:0.000807s ]
INFO: [ app_begin ] --START--
INFO: Run Behavior\ReadHtmlCacheBehavior [ RunTime:0.001242s ]
INFO: [ app_begin ] --END-- [ RunTime:0.001446s ]
SQL: SHOW COLUMNS FROM `slide` [ RunTime:0.0069s ]
SQL: SHOW COLUMNS FROM `news` [ RunTime:0.0076s ]
SQL: SELECT * FROM `news` WHERE ( news_position="first" )  [ RunTime:0.0005s ]
SQL: SELECT * FROM `news` WHERE ( news_position="second" ) ORDER BY id desc LIMIT 5   [ RunTime:0.0004s ]
SQL: SELECT * FROM `news` WHERE ( news_position="third" )  [ RunTime:0.0004s ]
SQL: SELECT * FROM `slide`  [ RunTime:0.0003s ]
INFO: [ view_parse ] --START--
INFO: [ template_filter ] --START--
INFO: Run Behavior\ContentReplaceBehavior [ RunTime:0.000341s ]
INFO: [ template_filter ] --END-- [ RunTime:0.000483s ]
SQL: SELECT * FROM `news` ORDER BY id desc LIMIT 3   [ RunTime:0.0007s ]
NOTIC: [8] Undefined variable: f_html E:\mysql\wamp\www\lidong\yuanku\Application\Home\Common\function.php 第 15 行.
INFO: Run Behavior\ParseTemplateBehavior [ RunTime:0.048534s ]
INFO: [ view_parse ] --END-- [ RunTime:0.048750s ]
INFO: [ view_filter ] --START--
INFO: Run Behavior\WriteHtmlCacheBehavior [ RunTime:0.001047s ]
INFO: [ view_filter ] --END-- [ RunTime:0.001221s ]
SQL: SELECT n.id as id,`title`,`name`,`sort_name`,`content`,`img`,`date` FROM news n INNER JOIN author ON author_id=author.id INNER JOIN news_sort ON sort_ename=news_sort.e_name  ORDER BY id desc LIMIT 0,3   [ RunTime:0.0081s ]
INFO: [ app_end ] --START--
INFO: Run Behavior\ShowPageTraceBehavior [ RunTime:0.001599s ]
INFO: [ app_end ] --END-- [ RunTime:0.001856s ]

[ 2016-11-02T10:03:51+08:00 ] ::1 /lidong/yuanku/index.php/Home/Index/contact_us.html
INFO: [ app_init ] --START--
INFO: Run Behavior\BuildLiteBehavior [ RunTime:0.000040s ]
INFO: [ app_init ] --END-- [ RunTime:0.000853s ]
INFO: [ app_begin ] --START--
INFO: Run Behavior\ReadHtmlCacheBehavior [ RunTime:0.001347s ]
INFO: [ app_begin ] --END-- [ RunTime:0.001624s ]
INFO: [ view_parse ] --START--
INFO: [ template_filter ] --START--
INFO: Run Behavior\ContentReplaceBehavior [ RunTime:0.000216s ]
INFO: [ template_filter ] --END-- [ RunTime:0.000546s ]
SQL: SHOW COLUMNS FROM `news` [ RunTime:0.0073s ]
SQL: SELECT * FROM `news` ORDER BY id desc LIMIT 3   [ RunTime:0.0005s ]
NOTIC: [8] Undefined variable: f_html E:\mysql\wamp\www\lidong\yuanku\Application\Home\Common\function.php 第 15 行.
INFO: Run Behavior\ParseTemplateBehavior [ RunTime:0.052631s ]
INFO: [ view_parse ] --END-- [ RunTime:0.052844s ]
INFO: [ view_filter ] --START--
INFO: Run Behavior\WriteHtmlCacheBehavior [ RunTime:0.001591s ]
INFO: [ view_filter ] --END-- [ RunTime:0.001814s ]
INFO: [ app_end ] --START--
INFO: Run Behavior\ShowPageTraceBehavior [ RunTime:0.003862s ]
INFO: [ app_end ] --END-- [ RunTime:0.004087s ]

[ 2016-11-02T10:03:52+08:00 ] ::1 /lidong/yuanku/index.php/Home/Index/index.html
INFO: [ app_init ] --START--
INFO: Run Behavior\BuildLiteBehavior [ RunTime:0.000049s ]
INFO: [ app_init ] --END-- [ RunTime:0.001029s ]
INFO: [ app_begin ] --START--
INFO: Run Behavior\ReadHtmlCacheBehavior [ RunTime:0.001312s ]
INFO: [ app_begin ] --END-- [ RunTime:0.001562s ]
SQL: SHOW COLUMNS FROM `slide` [ RunTime:0.0085s ]
SQL: SHOW COLUMNS FROM `news` [ RunTime:0.0070s ]
SQL: SELECT * FROM `news` WHERE ( news_position="first" )  [ RunTime:0.0006s ]
SQL: SELECT * FROM `news` WHERE ( news_position="second" ) ORDER BY id desc LIMIT 5   [ RunTime:0.0005s ]
SQL: SELECT * FROM `news` WHERE ( news_position="third" )  [ RunTime:0.0006s ]
SQL: SELECT * FROM `slide`  [ RunTime:0.0006s ]
INFO: [ view_parse ] --START--
INFO: [ template_filter ] --START--
INFO: Run Behavior\ContentReplaceBehavior [ RunTime:0.000352s ]
INFO: [ template_filter ] --END-- [ RunTime:0.000496s ]
SQL: SELECT * FROM `news` ORDER BY id desc LIMIT 3   [ RunTime:0.0006s ]
NOTIC: [8] Undefined variable: f_html E:\mysql\wamp\www\lidong\yuanku\Application\Home\Common\function.php 第 15 行.
INFO: Run Behavior\ParseTemplateBehavior [ RunTime:0.046017s ]
INFO: [ view_parse ] --END-- [ RunTime:0.046203s ]
INFO: [ view_filter ] --START--
INFO: Run Behavior\WriteHtmlCacheBehavior [ RunTime:0.001140s ]
INFO: [ view_filter ] --END-- [ RunTime:0.001342s ]
SQL: SELECT n.id as id,`title`,`name`,`sort_name`,`content`,`img`,`date` FROM news n INNER JOIN author ON author_id=author.id INNER JOIN news_sort ON sort_ename=news_sort.e_name  ORDER BY id desc LIMIT 0,3   [ RunTime:0.0077s ]
INFO: [ app_end ] --START--
INFO: Run Behavior\ShowPageTraceBehavior [ RunTime:0.001991s ]
INFO: [ app_end ] --END-- [ RunTime:0.002243s ]

[ 2016-11-02T10:04:18+08:00 ] ::1 /lidong/yuanku/index.php/Home/Index/search.html
INFO: [ app_init ] --START--
INFO: Run Behavior\BuildLiteBehavior [ RunTime:0.000050s ]
INFO: [ app_init ] --END-- [ RunTime:0.001019s ]
INFO: [ app_begin ] --START--
INFO: Run Behavior\ReadHtmlCacheBehavior [ RunTime:0.001069s ]
INFO: [ app_begin ] --END-- [ RunTime:0.001283s ]
SQL: SHOW COLUMNS FROM `news` [ RunTime:0.0067s ]
SQL: SELECT * FROM `news` WHERE ( title like '%123%' )  [ RunTime:0.0007s ]
INFO: [ view_parse ] --START--
INFO: [ template_filter ] --START--
INFO: Run Behavior\ContentReplaceBehavior [ RunTime:0.000157s ]
INFO: [ template_filter ] --END-- [ RunTime:0.000307s ]
NOTIC: [8] Undefined variable: title E:\mysql\wamp\www\lidong\yuanku\Application\Runtime\Cache\Home\bf3b4465296514de17e1f8dd92d84602.php 第 4 行.
SQL: SHOW COLUMNS FROM `news` [ RunTime:0.0076s ]
SQL: SELECT * FROM `news` ORDER BY id desc LIMIT 3   [ RunTime:0.0006s ]
NOTIC: [8] Undefined variable: f_html E:\mysql\wamp\www\lidong\yuanku\Application\Home\Common\function.php 第 15 行.
INFO: Run Behavior\ParseTemplateBehavior [ RunTime:0.034631s ]
INFO: [ view_parse ] --END-- [ RunTime:0.034883s ]
INFO: [ view_filter ] --START--
INFO: Run Behavior\WriteHtmlCacheBehavior [ RunTime:0.001108s ]
INFO: [ view_filter ] --END-- [ RunTime:0.001299s ]
NOTIC: [8] Undefined variable: id E:\mysql\wamp\www\lidong\yuanku\Application\Home\Controller\IndexController.class.php 第 312 行.
NOTIC: [8] Undefined variable: Page E:\mysql\wamp\www\lidong\yuanku\Application\Home\Controller\IndexController.class.php 第 312 行.
NOTIC: [8] Trying to get property of non-object E:\mysql\wamp\www\lidong\yuanku\Application\Home\Controller\IndexController.class.php 第 312 行.
NOTIC: [8] Undefined variable: Page E:\mysql\wamp\www\lidong\yuanku\Application\Home\Controller\IndexController.class.php 第 312 行.
NOTIC: [8] Trying to get property of non-object E:\mysql\wamp\www\lidong\yuanku\Application\Home\Controller\IndexController.class.php 第 312 行.
ERR: 1064:You have an error in your SQL syntax; check the manual that corresponds to your MySQL server version for the right syntax to use near 'AND news_take.news_id=news.id )' at line 1
 [ SQL语句 ] : SELECT * FROM `news` INNER JOIN news_take  WHERE ( news_take.uid= AND news_take.news_id=news.id ) 
ERR: 1064:You have an error in your SQL syntax; check the manual that corresponds to your MySQL server version for the right syntax to use near 'AND news_take.news_id=news.id )' at line 1
 [ SQL语句 ] : SELECT * FROM `news` INNER JOIN news_take  WHERE ( news_take.uid= AND news_take.news_id=news.id ) 

[ 2016-11-02T10:05:58+08:00 ] ::1 /lidong/yuanku/index.php/Home/Index/index.html
INFO: [ app_init ] --START--
INFO: Run Behavior\BuildLiteBehavior [ RunTime:0.000048s ]
INFO: [ app_init ] --END-- [ RunTime:0.000987s ]
INFO: [ app_begin ] --START--
INFO: Run Behavior\ReadHtmlCacheBehavior [ RunTime:0.002394s ]
INFO: [ app_begin ] --END-- [ RunTime:0.002695s ]
SQL: SHOW COLUMNS FROM `slide` [ RunTime:0.0079s ]
SQL: SHOW COLUMNS FROM `news` [ RunTime:0.0091s ]
SQL: SELECT * FROM `news` WHERE ( news_position="first" )  [ RunTime:0.0008s ]
SQL: SELECT * FROM `news` WHERE ( news_position="second" ) ORDER BY id desc LIMIT 5   [ RunTime:0.0006s ]
SQL: SELECT * FROM `news` WHERE ( news_position="third" )  [ RunTime:0.0006s ]
SQL: SELECT * FROM `slide`  [ RunTime:0.0007s ]
INFO: [ view_parse ] --START--
INFO: [ template_filter ] --START--
INFO: Run Behavior\ContentReplaceBehavior [ RunTime:0.000744s ]
INFO: [ template_filter ] --END-- [ RunTime:0.001266s ]
SQL: SELECT * FROM `news` ORDER BY id desc LIMIT 3   [ RunTime:0.0009s ]
NOTIC: [8] Undefined variable: f_html E:\mysql\wamp\www\lidong\yuanku\Application\Home\Common\function.php 第 15 行.
INFO: Run Behavior\ParseTemplateBehavior [ RunTime:0.077919s ]
INFO: [ view_parse ] --END-- [ RunTime:0.078152s ]
INFO: [ view_filter ] --START--
INFO: Run Behavior\WriteHtmlCacheBehavior [ RunTime:0.001328s ]
INFO: [ view_filter ] --END-- [ RunTime:0.001561s ]
SQL: SELECT n.id as id,`title`,`name`,`sort_name`,`content`,`img`,`date` FROM news n INNER JOIN author ON author_id=author.id INNER JOIN news_sort ON sort_ename=news_sort.e_name  ORDER BY id desc LIMIT 0,3   [ RunTime:0.0085s ]
INFO: [ app_end ] --START--
INFO: Run Behavior\ShowPageTraceBehavior [ RunTime:0.001762s ]
INFO: [ app_end ] --END-- [ RunTime:0.001997s ]

[ 2016-11-02T10:06:13+08:00 ] ::1 /lidong/yuanku/index.php/Home/Index/search.html
INFO: [ app_init ] --START--
INFO: Run Behavior\BuildLiteBehavior [ RunTime:0.000048s ]
INFO: [ app_init ] --END-- [ RunTime:0.001170s ]
INFO: [ app_begin ] --START--
INFO: Run Behavior\ReadHtmlCacheBehavior [ RunTime:0.001487s ]
INFO: [ app_begin ] --END-- [ RunTime:0.001744s ]
SQL: SHOW COLUMNS FROM `news` [ RunTime:0.0090s ]
SQL: SELECT * FROM `news` WHERE ( title like '%詹姆斯%' )  [ RunTime:0.0008s ]
INFO: [ view_parse ] --START--
INFO: [ template_filter ] --START--
INFO: Run Behavior\ContentReplaceBehavior [ RunTime:0.000204s ]
INFO: [ template_filter ] --END-- [ RunTime:0.000436s ]
NOTIC: [8] Undefined variable: title E:\mysql\wamp\www\lidong\yuanku\Application\Runtime\Cache\Home\bf3b4465296514de17e1f8dd92d84602.php 第 4 行.
NOTIC: [8] Use of undefined constant id - assumed 'id' E:\mysql\wamp\www\lidong\yuanku\Application\Runtime\Cache\Home\bf3b4465296514de17e1f8dd92d84602.php 第 83 行.
NOTIC: [8] Use of undefined constant id - assumed 'id' E:\mysql\wamp\www\lidong\yuanku\Application\Runtime\Cache\Home\bf3b4465296514de17e1f8dd92d84602.php 第 84 行.
NOTIC: [8] A non well formed numeric value encountered E:\mysql\wamp\www\lidong\yuanku\Application\Runtime\Cache\Home\bf3b4465296514de17e1f8dd92d84602.php 第 85 行.
NOTIC: [8] Use of undefined constant id - assumed 'id' E:\mysql\wamp\www\lidong\yuanku\Application\Runtime\Cache\Home\bf3b4465296514de17e1f8dd92d84602.php 第 88 行.
NOTIC: [8] Use of undefined constant id - assumed 'id' E:\mysql\wamp\www\lidong\yuanku\Application\Runtime\Cache\Home\bf3b4465296514de17e1f8dd92d84602.php 第 83 行.
NOTIC: [8] Use of undefined constant id - assumed 'id' E:\mysql\wamp\www\lidong\yuanku\Application\Runtime\Cache\Home\bf3b4465296514de17e1f8dd92d84602.php 第 84 行.
NOTIC: [8] Use of undefined constant id - assumed 'id' E:\mysql\wamp\www\lidong\yuanku\Application\Runtime\Cache\Home\bf3b4465296514de17e1f8dd92d84602.php 第 88 行.
SQL: SHOW COLUMNS FROM `news` [ RunTime:0.0076s ]
SQL: SELECT * FROM `news` ORDER BY id desc LIMIT 3   [ RunTime:0.0006s ]
NOTIC: [8] Undefined variable: f_html E:\mysql\wamp\www\lidong\yuanku\Application\Home\Common\function.php 第 15 行.
INFO: Run Behavior\ParseTemplateBehavior [ RunTime:0.038402s ]
INFO: [ view_parse ] --END-- [ RunTime:0.038717s ]
INFO: [ view_filter ] --START--
INFO: Run Behavior\WriteHtmlCacheBehavior [ RunTime:0.001009s ]
INFO: [ view_filter ] --END-- [ RunTime:0.001207s ]
NOTIC: [8] Undefined variable: id E:\mysql\wamp\www\lidong\yuanku\Application\Home\Controller\IndexController.class.php 第 312 行.
NOTIC: [8] Undefined variable: Page E:\mysql\wamp\www\lidong\yuanku\Application\Home\Controller\IndexController.class.php 第 312 行.
NOTIC: [8] Trying to get property of non-object E:\mysql\wamp\www\lidong\yuanku\Application\Home\Controller\IndexController.class.php 第 312 行.
NOTIC: [8] Undefined variable: Page E:\mysql\wamp\www\lidong\yuanku\Application\Home\Controller\IndexController.class.php 第 312 行.
NOTIC: [8] Trying to get property of non-object E:\mysql\wamp\www\lidong\yuanku\Application\Home\Controller\IndexController.class.php 第 312 行.
ERR: 1064:You have an error in your SQL syntax; check the manual that corresponds to your MySQL server version for the right syntax to use near 'AND news_take.news_id=news.id )' at line 1
 [ SQL语句 ] : SELECT * FROM `news` INNER JOIN news_take  WHERE ( news_take.uid= AND news_take.news_id=news.id ) 
ERR: 1064:You have an error in your SQL syntax; check the manual that corresponds to your MySQL server version for the right syntax to use near 'AND news_take.news_id=news.id )' at line 1
 [ SQL语句 ] : SELECT * FROM `news` INNER JOIN news_take  WHERE ( news_take.uid= AND news_take.news_id=news.id ) 

[ 2016-11-02T10:11:02+08:00 ] ::1 /lidong/yuanku/index.php/Home/Index/search.html
INFO: [ app_init ] --START--
INFO: Run Behavior\BuildLiteBehavior [ RunTime:0.000043s ]
INFO: [ app_init ] --END-- [ RunTime:0.000722s ]
INFO: [ app_begin ] --START--
INFO: Run Behavior\ReadHtmlCacheBehavior [ RunTime:0.001280s ]
INFO: [ app_begin ] --END-- [ RunTime:0.001503s ]
SQL: SHOW COLUMNS FROM `news` [ RunTime:0.0057s ]
SQL: SELECT * FROM `news` WHERE ( title like '%詹姆斯%' )  [ RunTime:0.0006s ]
ERR: 模板不存在:./Application/Home/View/Index/search.html

[ 2016-11-02T10:12:23+08:00 ] ::1 /lidong/yuanku/index.php/Home/Index/search.html
INFO: [ app_init ] --START--
INFO: Run Behavior\BuildLiteBehavior [ RunTime:0.000049s ]
INFO: [ app_init ] --END-- [ RunTime:0.001248s ]
INFO: [ app_begin ] --START--
INFO: Run Behavior\ReadHtmlCacheBehavior [ RunTime:0.001084s ]
INFO: [ app_begin ] --END-- [ RunTime:0.001355s ]
SQL: SHOW COLUMNS FROM `news` [ RunTime:0.0057s ]
NOTIC: [8] Undefined variable: id E:\mysql\wamp\www\lidong\yuanku\Application\Home\Controller\IndexController.class.php 第 312 行.
NOTIC: [8] Undefined variable: Page E:\mysql\wamp\www\lidong\yuanku\Application\Home\Controller\IndexController.class.php 第 312 行.
NOTIC: [8] Trying to get property of non-object E:\mysql\wamp\www\lidong\yuanku\Application\Home\Controller\IndexController.class.php 第 312 行.
NOTIC: [8] Undefined variable: Page E:\mysql\wamp\www\lidong\yuanku\Application\Home\Controller\IndexController.class.php 第 312 行.
NOTIC: [8] Trying to get property of non-object E:\mysql\wamp\www\lidong\yuanku\Application\Home\Controller\IndexController.class.php 第 312 行.
ERR: 1064:You have an error in your SQL syntax; check the manual that corresponds to your MySQL server version for the right syntax to use near 'AND news_take.news_id=news.id )' at line 1
 [ SQL语句 ] : SELECT * FROM `news` INNER JOIN news_take  WHERE ( news_take.uid= AND news_take.news_id=news.id ) 
ERR: 1064:You have an error in your SQL syntax; check the manual that corresponds to your MySQL server version for the right syntax to use near 'AND news_take.news_id=news.id )' at line 1
 [ SQL语句 ] : SELECT * FROM `news` INNER JOIN news_take  WHERE ( news_take.uid= AND news_take.news_id=news.id ) 

[ 2016-11-02T10:12:46+08:00 ] ::1 /lidong/yuanku/
INFO: [ app_init ] --START--
INFO: Run Behavior\BuildLiteBehavior [ RunTime:0.000046s ]
INFO: [ app_init ] --END-- [ RunTime:0.000667s ]
INFO: [ app_begin ] --START--
INFO: Run Behavior\ReadHtmlCacheBehavior [ RunTime:0.001223s ]
INFO: [ app_begin ] --END-- [ RunTime:0.001433s ]
SQL: SHOW COLUMNS FROM `slide` [ RunTime:0.0068s ]
SQL: SHOW COLUMNS FROM `news` [ RunTime:0.0058s ]
SQL: SELECT * FROM `news` WHERE ( news_position="first" )  [ RunTime:0.0005s ]
SQL: SELECT * FROM `news` WHERE ( news_position="second" ) ORDER BY id desc LIMIT 5   [ RunTime:0.0005s ]
SQL: SELECT * FROM `news` WHERE ( news_position="third" )  [ RunTime:0.0004s ]
SQL: SELECT * FROM `slide`  [ RunTime:0.0004s ]
INFO: [ view_parse ] --START--
INFO: [ template_filter ] --START--
INFO: Run Behavior\ContentReplaceBehavior [ RunTime:0.000392s ]
INFO: [ template_filter ] --END-- [ RunTime:0.000565s ]
SQL: SELECT * FROM `news` ORDER BY id desc LIMIT 3   [ RunTime:0.0007s ]
NOTIC: [8] Undefined variable: f_html E:\mysql\wamp\www\lidong\yuanku\Application\Home\Common\function.php 第 15 行.
INFO: Run Behavior\ParseTemplateBehavior [ RunTime:0.045844s ]
INFO: [ view_parse ] --END-- [ RunTime:0.046038s ]
INFO: [ view_filter ] --START--
INFO: Run Behavior\WriteHtmlCacheBehavior [ RunTime:0.001177s ]
INFO: [ view_filter ] --END-- [ RunTime:0.001346s ]
SQL: SELECT n.id as id,`title`,`name`,`sort_name`,`content`,`img`,`date` FROM news n INNER JOIN author ON author_id=author.id INNER JOIN news_sort ON sort_ename=news_sort.e_name  ORDER BY id desc LIMIT 0,3   [ RunTime:0.0067s ]
INFO: [ app_end ] --START--
INFO: Run Behavior\ShowPageTraceBehavior [ RunTime:0.001487s ]
INFO: [ app_end ] --END-- [ RunTime:0.001700s ]

[ 2016-11-02T10:12:56+08:00 ] ::1 /lidong/yuanku/index.php/Home/Index/lookfor.html
INFO: [ app_init ] --START--
INFO: Run Behavior\BuildLiteBehavior [ RunTime:0.000053s ]
INFO: [ app_init ] --END-- [ RunTime:0.001158s ]
INFO: [ app_begin ] --START--
INFO: Run Behavior\ReadHtmlCacheBehavior [ RunTime:0.003485s ]
INFO: [ app_begin ] --END-- [ RunTime:0.003821s ]
SQL: SHOW COLUMNS FROM `news` [ RunTime:0.0088s ]
SQL: SELECT * FROM `news` WHERE ( title like '%年后%' )  [ RunTime:0.0008s ]
INFO: [ view_parse ] --START--
INFO: [ template_filter ] --START--
INFO: Run Behavior\ContentReplaceBehavior [ RunTime:0.000182s ]
INFO: [ template_filter ] --END-- [ RunTime:0.000390s ]
NOTIC: [8] Undefined variable: title E:\mysql\wamp\www\lidong\yuanku\Application\Runtime\Cache\Home\631b742b5643cd6bdbb8475eaf0c1626.php 第 4 行.
SQL: SHOW COLUMNS FROM `news` [ RunTime:0.0074s ]
SQL: SELECT * FROM `news` ORDER BY id desc LIMIT 3   [ RunTime:0.0005s ]
NOTIC: [8] Undefined variable: f_html E:\mysql\wamp\www\lidong\yuanku\Application\Home\Common\function.php 第 15 行.
INFO: Run Behavior\ParseTemplateBehavior [ RunTime:0.039987s ]
INFO: [ view_parse ] --END-- [ RunTime:0.040253s ]
INFO: [ view_filter ] --START--
INFO: Run Behavior\WriteHtmlCacheBehavior [ RunTime:0.001277s ]
INFO: [ view_filter ] --END-- [ RunTime:0.001476s ]
INFO: [ app_end ] --START--
INFO: Run Behavior\ShowPageTraceBehavior [ RunTime:0.001253s ]
INFO: [ app_end ] --END-- [ RunTime:0.001435s ]

[ 2016-11-02T10:13:12+08:00 ] ::1 /lidong/yuanku/index.php/Home/Index/lookfor.html
INFO: [ app_init ] --START--
INFO: Run Behavior\BuildLiteBehavior [ RunTime:0.000058s ]
INFO: [ app_init ] --END-- [ RunTime:0.000776s ]
INFO: [ app_begin ] --START--
INFO: Run Behavior\ReadHtmlCacheBehavior [ RunTime:0.001672s ]
INFO: [ app_begin ] --END-- [ RunTime:0.001933s ]
SQL: SHOW COLUMNS FROM `news` [ RunTime:0.0062s ]
SQL: SELECT * FROM `news` WHERE ( title like '%詹姆斯%' )  [ RunTime:0.0011s ]
INFO: [ view_parse ] --START--
INFO: [ template_filter ] --START--
INFO: Run Behavior\ContentReplaceBehavior [ RunTime:0.000121s ]
INFO: [ template_filter ] --END-- [ RunTime:0.000251s ]
NOTIC: [8] Undefined variable: title E:\mysql\wamp\www\lidong\yuanku\Application\Runtime\Cache\Home\631b742b5643cd6bdbb8475eaf0c1626.php 第 4 行.
NOTIC: [8] Use of undefined constant id - assumed 'id' E:\mysql\wamp\www\lidong\yuanku\Application\Runtime\Cache\Home\631b742b5643cd6bdbb8475eaf0c1626.php 第 83 行.
NOTIC: [8] Use of undefined constant id - assumed 'id' E:\mysql\wamp\www\lidong\yuanku\Application\Runtime\Cache\Home\631b742b5643cd6bdbb8475eaf0c1626.php 第 84 行.
NOTIC: [8] A non well formed numeric value encountered E:\mysql\wamp\www\lidong\yuanku\Application\Runtime\Cache\Home\631b742b5643cd6bdbb8475eaf0c1626.php 第 85 行.
NOTIC: [8] Use of undefined constant id - assumed 'id' E:\mysql\wamp\www\lidong\yuanku\Application\Runtime\Cache\Home\631b742b5643cd6bdbb8475eaf0c1626.php 第 88 行.
NOTIC: [8] Use of undefined constant id - assumed 'id' E:\mysql\wamp\www\lidong\yuanku\Application\Runtime\Cache\Home\631b742b5643cd6bdbb8475eaf0c1626.php 第 83 行.
NOTIC: [8] Use of undefined constant id - assumed 'id' E:\mysql\wamp\www\lidong\yuanku\Application\Runtime\Cache\Home\631b742b5643cd6bdbb8475eaf0c1626.php 第 84 行.
NOTIC: [8] Use of undefined constant id - assumed 'id' E:\mysql\wamp\www\lidong\yuanku\Application\Runtime\Cache\Home\631b742b5643cd6bdbb8475eaf0c1626.php 第 88 行.
SQL: SHOW COLUMNS FROM `news` [ RunTime:0.0067s ]
SQL: SELECT * FROM `news` ORDER BY id desc LIMIT 3   [ RunTime:0.0005s ]
NOTIC: [8] Undefined variable: f_html E:\mysql\wamp\www\lidong\yuanku\Application\Home\Common\function.php 第 15 行.
INFO: Run Behavior\ParseTemplateBehavior [ RunTime:0.035516s ]
INFO: [ view_parse ] --END-- [ RunTime:0.035820s ]
INFO: [ view_filter ] --START--
INFO: Run Behavior\WriteHtmlCacheBehavior [ RunTime:0.000982s ]
INFO: [ view_filter ] --END-- [ RunTime:0.001222s ]
INFO: [ app_end ] --START--
INFO: Run Behavior\ShowPageTraceBehavior [ RunTime:0.001086s ]
INFO: [ app_end ] --END-- [ RunTime:0.001263s ]

[ 2016-11-02T10:13:14+08:00 ] ::1 /lidong/yuanku/index.php/Home/Index/news_detail/id/27.html
INFO: [ app_init ] --START--
INFO: Run Behavior\BuildLiteBehavior [ RunTime:0.000029s ]
INFO: [ app_init ] --END-- [ RunTime:0.000553s ]
INFO: [ app_begin ] --START--
INFO: Run Behavior\ReadHtmlCacheBehavior [ RunTime:0.000847s ]
INFO: [ app_begin ] --END-- [ RunTime:0.001075s ]
SQL: SHOW COLUMNS FROM `news` [ RunTime:0.0069s ]
SQL: SELECT `id`,`title`,`img`,`date` FROM `news` ORDER BY id desc LIMIT 3   [ RunTime:0.0010s ]
SQL: SELECT n.id as id,`title`,`name`,`sort_name`,`content`,`img`,`date`,`introduction` FROM news n INNER JOIN author INNER JOIN news_sort INNER JOIN news_take  WHERE ( n.id=27 AND author.id=author_id AND sort_ename=news_sort.e_name )  [ RunTime:0.0008s ]
INFO: [ view_parse ] --START--
INFO: [ template_filter ] --START--
INFO: Run Behavior\ContentReplaceBehavior [ RunTime:0.000157s ]
INFO: [ template_filter ] --END-- [ RunTime:0.000300s ]
NOTIC: [8] Use of undefined constant id - assumed 'id' E:\mysql\wamp\www\lidong\yuanku\Application\Runtime\Cache\Home\5ce56c6da75d18834febc25b28cacbc3.php 第 105 行.
NOTIC: [8] Use of undefined constant id - assumed 'id' E:\mysql\wamp\www\lidong\yuanku\Application\Runtime\Cache\Home\5ce56c6da75d18834febc25b28cacbc3.php 第 168 行.
NOTIC: [8] Use of undefined constant id - assumed 'id' E:\mysql\wamp\www\lidong\yuanku\Application\Runtime\Cache\Home\5ce56c6da75d18834febc25b28cacbc3.php 第 169 行.
NOTIC: [8] Use of undefined constant id - assumed 'id' E:\mysql\wamp\www\lidong\yuanku\Application\Runtime\Cache\Home\5ce56c6da75d18834febc25b28cacbc3.php 第 168 行.
NOTIC: [8] Use of undefined constant id - assumed 'id' E:\mysql\wamp\www\lidong\yuanku\Application\Runtime\Cache\Home\5ce56c6da75d18834febc25b28cacbc3.php 第 169 行.
NOTIC: [8] Use of undefined constant id - assumed 'id' E:\mysql\wamp\www\lidong\yuanku\Application\Runtime\Cache\Home\5ce56c6da75d18834febc25b28cacbc3.php 第 168 行.
NOTIC: [8] Use of undefined constant id - assumed 'id' E:\mysql\wamp\www\lidong\yuanku\Application\Runtime\Cache\Home\5ce56c6da75d18834febc25b28cacbc3.php 第 169 行.
SQL: SELECT * FROM `news` ORDER BY id desc LIMIT 3   [ RunTime:0.0005s ]
NOTIC: [8] Undefined variable: f_html E:\mysql\wamp\www\lidong\yuanku\Application\Home\Common\function.php 第 15 行.
INFO: Run Behavior\ParseTemplateBehavior [ RunTime:0.027453s ]
INFO: [ view_parse ] --END-- [ RunTime:0.027680s ]
INFO: [ view_filter ] --START--
INFO: Run Behavior\WriteHtmlCacheBehavior [ RunTime:0.000878s ]
INFO: [ view_filter ] --END-- [ RunTime:0.001070s ]
INFO: [ app_end ] --START--
INFO: Run Behavior\ShowPageTraceBehavior [ RunTime:0.001624s ]
INFO: [ app_end ] --END-- [ RunTime:0.001811s ]

[ 2016-11-02T10:13:21+08:00 ] ::1 /lidong/yuanku/index.php/Home/Index/news_detail/id/26.html
INFO: [ app_init ] --START--
INFO: Run Behavior\BuildLiteBehavior [ RunTime:0.000051s ]
INFO: [ app_init ] --END-- [ RunTime:0.000833s ]
INFO: [ app_begin ] --START--
INFO: Run Behavior\ReadHtmlCacheBehavior [ RunTime:0.001065s ]
INFO: [ app_begin ] --END-- [ RunTime:0.001428s ]
SQL: SHOW COLUMNS FROM `news` [ RunTime:0.0060s ]
SQL: SELECT `id`,`title`,`img`,`date` FROM `news` ORDER BY id desc LIMIT 3   [ RunTime:0.0006s ]
SQL: SELECT n.id as id,`title`,`name`,`sort_name`,`content`,`img`,`date`,`introduction` FROM news n INNER JOIN author INNER JOIN news_sort INNER JOIN news_take  WHERE ( n.id=26 AND author.id=author_id AND sort_ename=news_sort.e_name )  [ RunTime:0.0007s ]
INFO: [ view_parse ] --START--
INFO: [ template_filter ] --START--
INFO: Run Behavior\ContentReplaceBehavior [ RunTime:0.000241s ]
INFO: [ template_filter ] --END-- [ RunTime:0.000604s ]
NOTIC: [8] Use of undefined constant id - assumed 'id' E:\mysql\wamp\www\lidong\yuanku\Application\Runtime\Cache\Home\5ce56c6da75d18834febc25b28cacbc3.php 第 105 行.
NOTIC: [8] Use of undefined constant id - assumed 'id' E:\mysql\wamp\www\lidong\yuanku\Application\Runtime\Cache\Home\5ce56c6da75d18834febc25b28cacbc3.php 第 168 行.
NOTIC: [8] Use of undefined constant id - assumed 'id' E:\mysql\wamp\www\lidong\yuanku\Application\Runtime\Cache\Home\5ce56c6da75d18834febc25b28cacbc3.php 第 169 行.
NOTIC: [8] Use of undefined constant id - assumed 'id' E:\mysql\wamp\www\lidong\yuanku\Application\Runtime\Cache\Home\5ce56c6da75d18834febc25b28cacbc3.php 第 168 行.
NOTIC: [8] Use of undefined constant id - assumed 'id' E:\mysql\wamp\www\lidong\yuanku\Application\Runtime\Cache\Home\5ce56c6da75d18834febc25b28cacbc3.php 第 169 行.
NOTIC: [8] Use of undefined constant id - assumed 'id' E:\mysql\wamp\www\lidong\yuanku\Application\Runtime\Cache\Home\5ce56c6da75d18834febc25b28cacbc3.php 第 168 行.
NOTIC: [8] Use of undefined constant id - assumed 'id' E:\mysql\wamp\www\lidong\yuanku\Application\Runtime\Cache\Home\5ce56c6da75d18834febc25b28cacbc3.php 第 169 行.
SQL: SELECT * FROM `news` ORDER BY id desc LIMIT 3   [ RunTime:0.0018s ]
NOTIC: [8] Undefined variable: f_html E:\mysql\wamp\www\lidong\yuanku\Application\Home\Common\function.php 第 15 行.
INFO: Run Behavior\ParseTemplateBehavior [ RunTime:0.033806s ]
INFO: [ view_parse ] --END-- [ RunTime:0.034026s ]
INFO: [ view_filter ] --START--
INFO: Run Behavior\WriteHtmlCacheBehavior [ RunTime:0.000779s ]
INFO: [ view_filter ] --END-- [ RunTime:0.000924s ]
INFO: [ app_end ] --START--
INFO: Run Behavior\ShowPageTraceBehavior [ RunTime:0.000959s ]
INFO: [ app_end ] --END-- [ RunTime:0.001132s ]

