[ 2016-10-30T15:17:38+08:00 ] ::1 /yuanku/index.php/Home/Personal/index.html
INFO: [ app_init ] --START--
INFO: Run Behavior\BuildLiteBehavior [ RunTime:0.000077s ]
INFO: [ app_init ] --END-- [ RunTime:0.002491s ]
INFO: [ app_begin ] --START--
INFO: Run Behavior\ReadHtmlCacheBehavior [ RunTime:0.002354s ]
INFO: [ app_begin ] --END-- [ RunTime:0.002724s ]
NOTIC: [8] Undefined index: username D:\wamp\www\yuanku\Application\Home\Controller\PersonalController.class.php 第 51 行.
SQL: SELECT * FROM client_user WHERE user_name ='' [ RunTime:0.0346s ]
NOTIC: [8] Undefined offset: 0 D:\wamp\www\yuanku\Application\Home\Controller\PersonalController.class.php 第 52 行.
NOTIC: [8] Undefined index: username D:\wamp\www\yuanku\Application\Home\Controller\PersonalController.class.php 第 37 行.
SQL: SELECT email_address FROM client_user WHERE user_name ='' [ RunTime:0.0009s ]
NOTIC: [8] Undefined offset: 0 D:\wamp\www\yuanku\Application\Home\Controller\PersonalController.class.php 第 38 行.
SQL: SHOW COLUMNS FROM `news` [ RunTime:0.0472s ]
INFO: [ view_parse ] --START--
INFO: [ template_filter ] --START--
INFO: Run Behavior\ContentReplaceBehavior [ RunTime:0.000226s ]
INFO: [ template_filter ] --END-- [ RunTime:0.000556s ]
INFO: Run Behavior\ParseTemplateBehavior [ RunTime:0.059025s ]
INFO: [ view_parse ] --END-- [ RunTime:0.059386s ]
INFO: [ view_filter ] --START--
INFO: Run Behavior\WriteHtmlCacheBehavior [ RunTime:0.001737s ]
INFO: [ view_filter ] --END-- [ RunTime:0.002057s ]

[ 2016-10-30T15:17:41+08:00 ] ::1 /yuanku/index.php/Home/Index/login.html
INFO: [ app_init ] --START--
INFO: Run Behavior\BuildLiteBehavior [ RunTime:0.000044s ]
INFO: [ app_init ] --END-- [ RunTime:0.000739s ]
INFO: [ app_begin ] --START--
INFO: Run Behavior\ReadHtmlCacheBehavior [ RunTime:0.000478s ]
INFO: [ app_begin ] --END-- [ RunTime:0.000610s ]
INFO: [ view_parse ] --START--
INFO: [ template_filter ] --START--
INFO: Run Behavior\ContentReplaceBehavior [ RunTime:0.000395s ]
INFO: [ template_filter ] --END-- [ RunTime:0.000729s ]
INFO: Run Behavior\ParseTemplateBehavior [ RunTime:0.099222s ]
INFO: [ view_parse ] --END-- [ RunTime:0.099599s ]
INFO: [ view_filter ] --START--
INFO: Run Behavior\WriteHtmlCacheBehavior [ RunTime:0.000819s ]
INFO: [ view_filter ] --END-- [ RunTime:0.001108s ]
INFO: [ app_end ] --START--
INFO: Run Behavior\ShowPageTraceBehavior [ RunTime:0.014089s ]
INFO: [ app_end ] --END-- [ RunTime:0.014534s ]

[ 2016-10-30T15:17:46+08:00 ] ::1 /yuanku/index.php/Home/Register/userExistCheck?username=yyt
INFO: [ app_init ] --START--
INFO: Run Behavior\BuildLiteBehavior [ RunTime:0.000027s ]
INFO: [ app_init ] --END-- [ RunTime:0.000443s ]
INFO: [ app_begin ] --START--
INFO: Run Behavior\ReadHtmlCacheBehavior [ RunTime:0.000613s ]
INFO: [ app_begin ] --END-- [ RunTime:0.000733s ]
SQL: SHOW COLUMNS FROM `client_user` [ RunTime:0.0024s ]
SQL: SELECT * FROM `client_user` WHERE ( `user_name`='yyt' ) LIMIT 1   [ RunTime:0.0003s ]
INFO: [ app_end ] --START--
INFO: Run Behavior\ShowPageTraceBehavior [ RunTime:0.000750s ]
INFO: [ app_end ] --END-- [ RunTime:0.000858s ]

[ 2016-10-30T15:17:49+08:00 ] ::1 /yuanku/index.php/Home/Login/checkLogin
INFO: [ app_init ] --START--
INFO: Run Behavior\BuildLiteBehavior [ RunTime:0.000029s ]
INFO: [ app_init ] --END-- [ RunTime:0.000476s ]
INFO: [ app_begin ] --START--
INFO: Run Behavior\ReadHtmlCacheBehavior [ RunTime:0.000612s ]
INFO: [ app_begin ] --END-- [ RunTime:0.000785s ]
SQL: SHOW COLUMNS FROM `client_user` [ RunTime:0.0027s ]
SQL: SELECT * FROM `client_user` WHERE ( user_name="yyt" and user_pwd="123456" ) LIMIT 1   [ RunTime:0.0004s ]
INFO: [ view_parse ] --START--
INFO: [ template_filter ] --START--
INFO: Run Behavior\ContentReplaceBehavior [ RunTime:0.000068s ]
INFO: [ template_filter ] --END-- [ RunTime:0.000174s ]
INFO: Run Behavior\ParseTemplateBehavior [ RunTime:0.006353s ]
INFO: [ view_parse ] --END-- [ RunTime:0.006466s ]
INFO: [ view_filter ] --START--
INFO: Run Behavior\WriteHtmlCacheBehavior [ RunTime:0.000249s ]
INFO: [ view_filter ] --END-- [ RunTime:0.000336s ]
INFO: [ app_end ] --START--
INFO: Run Behavior\ShowPageTraceBehavior [ RunTime:0.000840s ]
INFO: [ app_end ] --END-- [ RunTime:0.000961s ]

[ 2016-10-30T15:17:50+08:00 ] ::1 /yuanku/index.php/Home/Personal/index.html
INFO: [ app_init ] --START--
INFO: Run Behavior\BuildLiteBehavior [ RunTime:0.000052s ]
INFO: [ app_init ] --END-- [ RunTime:0.000783s ]
INFO: [ app_begin ] --START--
INFO: Run Behavior\ReadHtmlCacheBehavior [ RunTime:0.000877s ]
INFO: [ app_begin ] --END-- [ RunTime:0.001095s ]
SQL: SELECT * FROM client_user WHERE user_name ='yyt' [ RunTime:0.0003s ]
SQL: SELECT email_address FROM client_user WHERE user_name ='yyt' [ RunTime:0.0003s ]
SQL: SHOW COLUMNS FROM `news` [ RunTime:0.0030s ]
NOTIC: [8] Undefined variable: start_index D:\wamp\www\yuanku\Application\Home\Controller\PersonalController.class.php 第 21 行.
NOTIC: [8] Undefined variable: page_count D:\wamp\www\yuanku\Application\Home\Controller\PersonalController.class.php 第 21 行.
SQL: SELECT n.id as nid,`title`,`name`,`sort_name`,`img`,`date` FROM news n INNER JOIN author ON author_id=author.id INNER JOIN news_sort ON sort_ename=news_sort.e_name  WHERE ( uid=40 ) ORDER BY date desc  [ RunTime:0.1321s ]
INFO: [ view_parse ] --START--
INFO: [ template_filter ] --START--
INFO: Run Behavior\ContentReplaceBehavior [ RunTime:0.000405s ]
INFO: [ template_filter ] --END-- [ RunTime:0.000718s ]
INFO: Run Behavior\ParseTemplateBehavior [ RunTime:0.085941s ]
INFO: [ view_parse ] --END-- [ RunTime:0.086276s ]
INFO: [ view_filter ] --START--
INFO: Run Behavior\WriteHtmlCacheBehavior [ RunTime:0.000395s ]
INFO: [ view_filter ] --END-- [ RunTime:0.000550s ]
INFO: [ app_end ] --START--
INFO: Run Behavior\ShowPageTraceBehavior [ RunTime:0.001033s ]
INFO: [ app_end ] --END-- [ RunTime:0.001214s ]

[ 2016-10-30T15:17:53+08:00 ] ::1 /yuanku/index.php/Home/Personal/published_article.html
INFO: [ app_init ] --START--
INFO: Run Behavior\BuildLiteBehavior [ RunTime:0.000023s ]
INFO: [ app_init ] --END-- [ RunTime:0.000423s ]
INFO: [ app_begin ] --START--
INFO: Run Behavior\ReadHtmlCacheBehavior [ RunTime:0.000594s ]
INFO: [ app_begin ] --END-- [ RunTime:0.000740s ]
SQL: SELECT * FROM client_user WHERE user_name ='yyt' [ RunTime:0.0004s ]
SQL: SELECT email_address FROM client_user WHERE user_name ='yyt' [ RunTime:0.0003s ]
SQL: SHOW COLUMNS FROM `news` [ RunTime:0.0033s ]
SQL: SELECT COUNT(*) AS tp_count FROM `news` LIMIT 1   [ RunTime:0.0003s ]
NOTIC: [8] Undefined variable: page_html D:\wamp\www\yuanku\Application\Home\Controller\PersonalController.class.php 第 160 行.
SQL: SELECT n.id as nid,`title`,`name`,`sort_name`,`img`,`date` FROM news n INNER JOIN author ON author_id=author.id INNER JOIN news_sort ON sort_ename=news_sort.e_name  WHERE ( uid=40 ) ORDER BY date desc LIMIT 0,15   [ RunTime:0.0006s ]
INFO: [ view_parse ] --START--
INFO: [ template_filter ] --START--
INFO: Run Behavior\ContentReplaceBehavior [ RunTime:0.000298s ]
INFO: [ template_filter ] --END-- [ RunTime:0.000534s ]
INFO: Run Behavior\ParseTemplateBehavior [ RunTime:0.051134s ]
INFO: [ view_parse ] --END-- [ RunTime:0.051297s ]
INFO: [ view_filter ] --START--
INFO: Run Behavior\WriteHtmlCacheBehavior [ RunTime:0.000356s ]
INFO: [ view_filter ] --END-- [ RunTime:0.000457s ]
INFO: [ app_end ] --START--
INFO: Run Behavior\ShowPageTraceBehavior [ RunTime:0.000854s ]
INFO: [ app_end ] --END-- [ RunTime:0.001007s ]

[ 2016-10-30T15:17:56+08:00 ] ::1 /yuanku/index.php/Home/Personal/published_article.html
INFO: [ app_init ] --START--
INFO: Run Behavior\BuildLiteBehavior [ RunTime:0.000055s ]
INFO: [ app_init ] --END-- [ RunTime:0.000778s ]
INFO: [ app_begin ] --START--
INFO: Run Behavior\ReadHtmlCacheBehavior [ RunTime:0.000834s ]
INFO: [ app_begin ] --END-- [ RunTime:0.001031s ]
SQL: SELECT * FROM client_user WHERE user_name ='yyt' [ RunTime:0.0003s ]
SQL: SELECT email_address FROM client_user WHERE user_name ='yyt' [ RunTime:0.0002s ]
SQL: SHOW COLUMNS FROM `news` [ RunTime:0.0029s ]
SQL: SELECT COUNT(*) AS tp_count FROM `news` LIMIT 1   [ RunTime:0.0002s ]
NOTIC: [8] Undefined variable: page_html D:\wamp\www\yuanku\Application\Home\Controller\PersonalController.class.php 第 160 行.
SQL: SELECT n.id as nid,`title`,`name`,`sort_name`,`img`,`date` FROM news n INNER JOIN author ON author_id=author.id INNER JOIN news_sort ON sort_ename=news_sort.e_name  WHERE ( uid=40 ) ORDER BY date desc LIMIT 0,15   [ RunTime:0.0005s ]
INFO: [ view_parse ] --START--
INFO: [ template_filter ] --START--
INFO: Run Behavior\ContentReplaceBehavior [ RunTime:0.000168s ]
INFO: [ template_filter ] --END-- [ RunTime:0.000316s ]
INFO: Run Behavior\ParseTemplateBehavior [ RunTime:0.031774s ]
INFO: [ view_parse ] --END-- [ RunTime:0.031911s ]
INFO: [ view_filter ] --START--
INFO: Run Behavior\WriteHtmlCacheBehavior [ RunTime:0.000320s ]
INFO: [ view_filter ] --END-- [ RunTime:0.000417s ]
INFO: [ app_end ] --START--
INFO: Run Behavior\ShowPageTraceBehavior [ RunTime:0.000493s ]
INFO: [ app_end ] --END-- [ RunTime:0.000597s ]

[ 2016-10-30T15:17:58+08:00 ] ::1 /yuanku/index.php/Home/Index/contact_us.html
INFO: [ app_init ] --START--
INFO: Run Behavior\BuildLiteBehavior [ RunTime:0.000054s ]
INFO: [ app_init ] --END-- [ RunTime:0.000727s ]
INFO: [ app_begin ] --START--
INFO: Run Behavior\ReadHtmlCacheBehavior [ RunTime:0.000790s ]
INFO: [ app_begin ] --END-- [ RunTime:0.000981s ]
INFO: [ view_parse ] --START--
INFO: [ template_filter ] --START--
INFO: Run Behavior\ContentReplaceBehavior [ RunTime:0.000142s ]
INFO: [ template_filter ] --END-- [ RunTime:0.000272s ]
INFO: Run Behavior\ParseTemplateBehavior [ RunTime:0.030968s ]
INFO: [ view_parse ] --END-- [ RunTime:0.031133s ]
INFO: [ view_filter ] --START--
INFO: Run Behavior\WriteHtmlCacheBehavior [ RunTime:0.000258s ]
INFO: [ view_filter ] --END-- [ RunTime:0.000359s ]
INFO: [ app_end ] --START--
INFO: Run Behavior\ShowPageTraceBehavior [ RunTime:0.000665s ]
INFO: [ app_end ] --END-- [ RunTime:0.000773s ]

[ 2016-10-30T15:18:02+08:00 ] ::1 /yuanku/index.php/Home/Index/contact_us.html
INFO: [ app_init ] --START--
INFO: Run Behavior\BuildLiteBehavior [ RunTime:0.000027s ]
INFO: [ app_init ] --END-- [ RunTime:0.000472s ]
INFO: [ app_begin ] --START--
INFO: Run Behavior\ReadHtmlCacheBehavior [ RunTime:0.000610s ]
INFO: [ app_begin ] --END-- [ RunTime:0.000737s ]
SQL: SHOW COLUMNS FROM `client_feedback` [ RunTime:0.0564s ]
NOTIC: [8] Undefined index: validate D:\wamp\www\yuanku\ThinkPHP\Library\Think\Model.class.php 第 1185 行.
NOTIC: [8] Undefined index: auto D:\wamp\www\yuanku\ThinkPHP\Library\Think\Model.class.php 第 1128 行.
SQL: INSERT INTO `client_feedback` (`fb_name`,`fb_email`,`fb_theme`,`fb_msg`,`fb_time`) VALUES ('','','','','2016-10-30 15:18:02') [ RunTime:0.0927s ]
INFO: [ view_parse ] --START--
INFO: [ template_filter ] --START--
INFO: Run Behavior\ContentReplaceBehavior [ RunTime:0.000071s ]
INFO: [ template_filter ] --END-- [ RunTime:0.000191s ]
INFO: Run Behavior\ParseTemplateBehavior [ RunTime:0.009420s ]
INFO: [ view_parse ] --END-- [ RunTime:0.009601s ]
INFO: [ view_filter ] --START--
INFO: Run Behavior\WriteHtmlCacheBehavior [ RunTime:0.000428s ]
INFO: [ view_filter ] --END-- [ RunTime:0.000577s ]
INFO: [ app_end ] --START--
INFO: Run Behavior\ShowPageTraceBehavior [ RunTime:0.000797s ]
INFO: [ app_end ] --END-- [ RunTime:0.000952s ]

[ 2016-10-30T15:18:04+08:00 ] ::1 /yuanku/index.php/Home/Index/contact_us.html
INFO: [ app_init ] --START--
INFO: Run Behavior\BuildLiteBehavior [ RunTime:0.000068s ]
INFO: [ app_init ] --END-- [ RunTime:0.002377s ]
INFO: [ app_begin ] --START--
INFO: Run Behavior\ReadHtmlCacheBehavior [ RunTime:0.000818s ]
INFO: [ app_begin ] --END-- [ RunTime:0.001010s ]
INFO: [ view_parse ] --START--
INFO: [ template_filter ] --START--
INFO: Run Behavior\ContentReplaceBehavior [ RunTime:0.000155s ]
INFO: [ template_filter ] --END-- [ RunTime:0.000291s ]
INFO: Run Behavior\ParseTemplateBehavior [ RunTime:0.017777s ]
INFO: [ view_parse ] --END-- [ RunTime:0.018115s ]
INFO: [ view_filter ] --START--
INFO: Run Behavior\WriteHtmlCacheBehavior [ RunTime:0.000359s ]
INFO: [ view_filter ] --END-- [ RunTime:0.000532s ]
INFO: [ app_end ] --START--
INFO: Run Behavior\ShowPageTraceBehavior [ RunTime:0.000534s ]
INFO: [ app_end ] --END-- [ RunTime:0.000645s ]

[ 2016-10-30T15:18:07+08:00 ] ::1 /yuanku/index.php/Home/Personal/logout
INFO: [ app_init ] --START--
INFO: Run Behavior\BuildLiteBehavior [ RunTime:0.000026s ]
INFO: [ app_init ] --END-- [ RunTime:0.000436s ]
INFO: [ app_begin ] --START--
INFO: Run Behavior\ReadHtmlCacheBehavior [ RunTime:0.000523s ]
INFO: [ app_begin ] --END-- [ RunTime:0.000640s ]
INFO: [ view_parse ] --START--
INFO: [ template_filter ] --START--
INFO: Run Behavior\ContentReplaceBehavior [ RunTime:0.000077s ]
INFO: [ template_filter ] --END-- [ RunTime:0.000200s ]
INFO: Run Behavior\ParseTemplateBehavior [ RunTime:0.006842s ]
INFO: [ view_parse ] --END-- [ RunTime:0.006961s ]
INFO: [ view_filter ] --START--
INFO: Run Behavior\WriteHtmlCacheBehavior [ RunTime:0.000252s ]
INFO: [ view_filter ] --END-- [ RunTime:0.001264s ]
INFO: [ app_end ] --START--
INFO: Run Behavior\ShowPageTraceBehavior [ RunTime:0.000809s ]
INFO: [ app_end ] --END-- [ RunTime:0.000935s ]

[ 2016-10-30T15:18:09+08:00 ] ::1 /yuanku/index.php/Home/Index/login.html
INFO: [ app_init ] --START--
INFO: Run Behavior\BuildLiteBehavior [ RunTime:0.000023s ]
INFO: [ app_init ] --END-- [ RunTime:0.000375s ]
INFO: [ app_begin ] --START--
INFO: Run Behavior\ReadHtmlCacheBehavior [ RunTime:0.000462s ]
INFO: [ app_begin ] --END-- [ RunTime:0.000563s ]
INFO: [ view_parse ] --START--
INFO: [ template_filter ] --START--
INFO: Run Behavior\ContentReplaceBehavior [ RunTime:0.000240s ]
INFO: [ template_filter ] --END-- [ RunTime:0.000440s ]
INFO: Run Behavior\ParseTemplateBehavior [ RunTime:0.012883s ]
INFO: [ view_parse ] --END-- [ RunTime:0.013022s ]
INFO: [ view_filter ] --START--
INFO: Run Behavior\WriteHtmlCacheBehavior [ RunTime:0.000303s ]
INFO: [ view_filter ] --END-- [ RunTime:0.000407s ]
INFO: [ app_end ] --START--
INFO: Run Behavior\ShowPageTraceBehavior [ RunTime:0.000573s ]
INFO: [ app_end ] --END-- [ RunTime:0.000709s ]

[ 2016-10-30T15:18:12+08:00 ] ::1 /yuanku/index.php/Home/Register/userExistCheck?username=kaka
INFO: [ app_init ] --START--
INFO: Run Behavior\BuildLiteBehavior [ RunTime:0.000025s ]
INFO: [ app_init ] --END-- [ RunTime:0.000432s ]
INFO: [ app_begin ] --START--
INFO: Run Behavior\ReadHtmlCacheBehavior [ RunTime:0.000653s ]
INFO: [ app_begin ] --END-- [ RunTime:0.000770s ]
SQL: SHOW COLUMNS FROM `client_user` [ RunTime:0.0038s ]
SQL: SELECT * FROM `client_user` WHERE ( `user_name`='kaka' ) LIMIT 1   [ RunTime:0.0007s ]
INFO: [ app_end ] --START--
INFO: Run Behavior\ShowPageTraceBehavior [ RunTime:0.001157s ]
INFO: [ app_end ] --END-- [ RunTime:0.001471s ]

[ 2016-10-30T15:18:14+08:00 ] ::1 /yuanku/index.php/Home/Login/checkLogin
INFO: [ app_init ] --START--
INFO: Run Behavior\BuildLiteBehavior [ RunTime:0.000056s ]
INFO: [ app_init ] --END-- [ RunTime:0.000544s ]
INFO: [ app_begin ] --START--
INFO: Run Behavior\ReadHtmlCacheBehavior [ RunTime:0.000830s ]
INFO: [ app_begin ] --END-- [ RunTime:0.001198s ]
SQL: SHOW COLUMNS FROM `client_user` [ RunTime:0.0029s ]
SQL: SELECT * FROM `client_user` WHERE ( user_name="kaka" and user_pwd="123456" ) LIMIT 1   [ RunTime:0.0004s ]
INFO: [ view_parse ] --START--
INFO: [ template_filter ] --START--
INFO: Run Behavior\ContentReplaceBehavior [ RunTime:0.000081s ]
INFO: [ template_filter ] --END-- [ RunTime:0.000207s ]
INFO: Run Behavior\ParseTemplateBehavior [ RunTime:0.007005s ]
INFO: [ view_parse ] --END-- [ RunTime:0.007126s ]
INFO: [ view_filter ] --START--
INFO: Run Behavior\WriteHtmlCacheBehavior [ RunTime:0.000283s ]
INFO: [ view_filter ] --END-- [ RunTime:0.000382s ]
INFO: [ app_end ] --START--
INFO: Run Behavior\ShowPageTraceBehavior [ RunTime:0.000503s ]
INFO: [ app_end ] --END-- [ RunTime:0.000608s ]

[ 2016-10-30T15:18:15+08:00 ] ::1 /yuanku/index.php/Home/Personal/index.html
INFO: [ app_init ] --START--
INFO: Run Behavior\BuildLiteBehavior [ RunTime:0.000039s ]
INFO: [ app_init ] --END-- [ RunTime:0.000639s ]
INFO: [ app_begin ] --START--
INFO: Run Behavior\ReadHtmlCacheBehavior [ RunTime:0.001129s ]
INFO: [ app_begin ] --END-- [ RunTime:0.001323s ]
SQL: SELECT * FROM client_user WHERE user_name ='kaka' [ RunTime:0.0003s ]
SQL: SELECT email_address FROM client_user WHERE user_name ='kaka' [ RunTime:0.0002s ]
SQL: SHOW COLUMNS FROM `news` [ RunTime:0.0033s ]
NOTIC: [8] Undefined variable: start_index D:\wamp\www\yuanku\Application\Home\Controller\PersonalController.class.php 第 21 行.
NOTIC: [8] Undefined variable: page_count D:\wamp\www\yuanku\Application\Home\Controller\PersonalController.class.php 第 21 行.
SQL: SELECT n.id as nid,`title`,`name`,`sort_name`,`img`,`date` FROM news n INNER JOIN author ON author_id=author.id INNER JOIN news_sort ON sort_ename=news_sort.e_name  WHERE ( uid=39 ) ORDER BY date desc  [ RunTime:0.0012s ]
INFO: [ view_parse ] --START--
INFO: [ template_filter ] --START--
INFO: Run Behavior\ContentReplaceBehavior [ RunTime:0.000143s ]
INFO: [ template_filter ] --END-- [ RunTime:0.000256s ]
INFO: Run Behavior\ParseTemplateBehavior [ RunTime:0.014608s ]
INFO: [ view_parse ] --END-- [ RunTime:0.014780s ]
INFO: [ view_filter ] --START--
INFO: Run Behavior\WriteHtmlCacheBehavior [ RunTime:0.000340s ]
INFO: [ view_filter ] --END-- [ RunTime:0.000501s ]
INFO: [ app_end ] --START--
INFO: Run Behavior\ShowPageTraceBehavior [ RunTime:0.000565s ]
INFO: [ app_end ] --END-- [ RunTime:0.000665s ]

[ 2016-10-30T15:18:17+08:00 ] ::1 /yuanku/index.php/Home/Personal/published_article.html
INFO: [ app_init ] --START--
INFO: Run Behavior\BuildLiteBehavior [ RunTime:0.000064s ]
INFO: [ app_init ] --END-- [ RunTime:0.001220s ]
INFO: [ app_begin ] --START--
INFO: Run Behavior\ReadHtmlCacheBehavior [ RunTime:0.001256s ]
INFO: [ app_begin ] --END-- [ RunTime:0.001525s ]
SQL: SELECT * FROM client_user WHERE user_name ='kaka' [ RunTime:0.0005s ]
SQL: SELECT email_address FROM client_user WHERE user_name ='kaka' [ RunTime:0.0004s ]
SQL: SHOW COLUMNS FROM `news` [ RunTime:0.0041s ]
SQL: SELECT COUNT(*) AS tp_count FROM `news` LIMIT 1   [ RunTime:0.0004s ]
NOTIC: [8] Undefined variable: page_html D:\wamp\www\yuanku\Application\Home\Controller\PersonalController.class.php 第 160 行.
SQL: SELECT n.id as nid,`title`,`name`,`sort_name`,`img`,`date` FROM news n INNER JOIN author ON author_id=author.id INNER JOIN news_sort ON sort_ename=news_sort.e_name  WHERE ( uid=39 ) ORDER BY date desc LIMIT 0,15   [ RunTime:0.0009s ]
INFO: [ view_parse ] --START--
INFO: [ template_filter ] --START--
INFO: Run Behavior\ContentReplaceBehavior [ RunTime:0.000317s ]
INFO: [ template_filter ] --END-- [ RunTime:0.000533s ]
NOTIC: [8] Undefined index: content D:\wamp\www\yuanku\Application\Runtime\Cache\Home\856c0e0fd070d62e9c2028e71eaf2001.php 第 165 行.
NOTIC: [8] Use of undefined constant nid - assumed 'nid' D:\wamp\www\yuanku\Application\Runtime\Cache\Home\856c0e0fd070d62e9c2028e71eaf2001.php 第 170 行.
NOTIC: [8] Use of undefined constant nid - assumed 'nid' D:\wamp\www\yuanku\Application\Runtime\Cache\Home\856c0e0fd070d62e9c2028e71eaf2001.php 第 172 行.
NOTIC: [8] Undefined index: content D:\wamp\www\yuanku\Application\Runtime\Cache\Home\856c0e0fd070d62e9c2028e71eaf2001.php 第 165 行.
NOTIC: [8] Use of undefined constant nid - assumed 'nid' D:\wamp\www\yuanku\Application\Runtime\Cache\Home\856c0e0fd070d62e9c2028e71eaf2001.php 第 170 行.
NOTIC: [8] Use of undefined constant nid - assumed 'nid' D:\wamp\www\yuanku\Application\Runtime\Cache\Home\856c0e0fd070d62e9c2028e71eaf2001.php 第 172 行.
NOTIC: [8] Undefined index: content D:\wamp\www\yuanku\Application\Runtime\Cache\Home\856c0e0fd070d62e9c2028e71eaf2001.php 第 165 行.
NOTIC: [8] Use of undefined constant nid - assumed 'nid' D:\wamp\www\yuanku\Application\Runtime\Cache\Home\856c0e0fd070d62e9c2028e71eaf2001.php 第 170 行.
NOTIC: [8] Use of undefined constant nid - assumed 'nid' D:\wamp\www\yuanku\Application\Runtime\Cache\Home\856c0e0fd070d62e9c2028e71eaf2001.php 第 172 行.
INFO: Run Behavior\ParseTemplateBehavior [ RunTime:0.033303s ]
INFO: [ view_parse ] --END-- [ RunTime:0.033482s ]
INFO: [ view_filter ] --START--
INFO: Run Behavior\WriteHtmlCacheBehavior [ RunTime:0.000469s ]
INFO: [ view_filter ] --END-- [ RunTime:0.000621s ]
INFO: [ app_end ] --START--
INFO: Run Behavior\ShowPageTraceBehavior [ RunTime:0.000759s ]
INFO: [ app_end ] --END-- [ RunTime:0.000923s ]

[ 2016-10-30T15:18:19+08:00 ] ::1 /yuanku/index.php/Home/Index/news_detail/id/41.html
INFO: [ app_init ] --START--
INFO: Run Behavior\BuildLiteBehavior [ RunTime:0.000026s ]
INFO: [ app_init ] --END-- [ RunTime:0.000418s ]
INFO: [ app_begin ] --START--
INFO: Run Behavior\ReadHtmlCacheBehavior [ RunTime:0.000542s ]
INFO: [ app_begin ] --END-- [ RunTime:0.000670s ]
SQL: SHOW COLUMNS FROM `news` [ RunTime:0.0034s ]
SQL: SELECT * FROM `news` INNER JOIN author INNER JOIN news_sort  WHERE ( news.id=41 AND author.id=author_id AND sort_ename=news_sort.e_name )  [ RunTime:0.0008s ]
INFO: [ view_parse ] --START--
INFO: [ template_filter ] --START--
INFO: Run Behavior\ContentReplaceBehavior [ RunTime:0.000152s ]
INFO: [ template_filter ] --END-- [ RunTime:0.000288s ]
INFO: Run Behavior\ParseTemplateBehavior [ RunTime:0.054511s ]
INFO: [ view_parse ] --END-- [ RunTime:0.054705s ]
INFO: [ view_filter ] --START--
INFO: Run Behavior\WriteHtmlCacheBehavior [ RunTime:0.000256s ]
INFO: [ view_filter ] --END-- [ RunTime:0.000353s ]
INFO: [ app_end ] --START--
INFO: Run Behavior\ShowPageTraceBehavior [ RunTime:0.000477s ]
INFO: [ app_end ] --END-- [ RunTime:0.000578s ]

[ 2016-10-30T15:18:34+08:00 ] ::1 /yuanku/index.php/Home/Personal/index
INFO: [ app_init ] --START--
INFO: Run Behavior\BuildLiteBehavior [ RunTime:0.000025s ]
INFO: [ app_init ] --END-- [ RunTime:0.000458s ]
INFO: [ app_begin ] --START--
INFO: Run Behavior\ReadHtmlCacheBehavior [ RunTime:0.000447s ]
INFO: [ app_begin ] --END-- [ RunTime:0.000556s ]
SQL: SELECT * FROM client_user WHERE user_name ='kaka' [ RunTime:0.0004s ]
SQL: SELECT email_address FROM client_user WHERE user_name ='kaka' [ RunTime:0.0003s ]
SQL: SHOW COLUMNS FROM `news` [ RunTime:0.0027s ]
NOTIC: [8] Undefined variable: start_index D:\wamp\www\yuanku\Application\Home\Controller\PersonalController.class.php 第 21 行.
NOTIC: [8] Undefined variable: page_count D:\wamp\www\yuanku\Application\Home\Controller\PersonalController.class.php 第 21 行.
SQL: SELECT n.id as nid,`title`,`name`,`sort_name`,`img`,`date` FROM news n INNER JOIN author ON author_id=author.id INNER JOIN news_sort ON sort_ename=news_sort.e_name  WHERE ( uid=39 ) ORDER BY date desc  [ RunTime:0.0008s ]
INFO: [ view_parse ] --START--
INFO: [ template_filter ] --START--
INFO: Run Behavior\ContentReplaceBehavior [ RunTime:0.000160s ]
INFO: [ template_filter ] --END-- [ RunTime:0.000291s ]
INFO: Run Behavior\ParseTemplateBehavior [ RunTime:0.018823s ]
INFO: [ view_parse ] --END-- [ RunTime:0.018994s ]
INFO: [ view_filter ] --START--
INFO: Run Behavior\WriteHtmlCacheBehavior [ RunTime:0.000347s ]
INFO: [ view_filter ] --END-- [ RunTime:0.000482s ]
INFO: [ app_end ] --START--
INFO: Run Behavior\ShowPageTraceBehavior [ RunTime:0.001144s ]
INFO: [ app_end ] --END-- [ RunTime:0.001333s ]

[ 2016-10-30T15:18:37+08:00 ] ::1 /yuanku/index.php/Home/Personal/edit_message
INFO: [ app_init ] --START--
INFO: Run Behavior\BuildLiteBehavior [ RunTime:0.000046s ]
INFO: [ app_init ] --END-- [ RunTime:0.000831s ]
INFO: [ app_begin ] --START--
INFO: Run Behavior\ReadHtmlCacheBehavior [ RunTime:0.000529s ]
INFO: [ app_begin ] --END-- [ RunTime:0.000668s ]
SQL: SELECT * FROM client_user WHERE user_name ='kaka' [ RunTime:0.0003s ]
SQL: SELECT email_address FROM client_user WHERE user_name ='kaka' [ RunTime:0.0003s ]
SQL: SHOW COLUMNS FROM `client_user` [ RunTime:0.0033s ]
SQL: SELECT * FROM `client_user` WHERE ( `user_name`='kaka' ) LIMIT 1   [ RunTime:0.0003s ]
INFO: [ view_parse ] --START--
INFO: [ template_filter ] --START--
INFO: Run Behavior\ContentReplaceBehavior [ RunTime:0.000149s ]
INFO: [ template_filter ] --END-- [ RunTime:0.000273s ]
INFO: Run Behavior\ParseTemplateBehavior [ RunTime:0.041676s ]
INFO: [ view_parse ] --END-- [ RunTime:0.041814s ]
INFO: [ view_filter ] --START--
INFO: Run Behavior\WriteHtmlCacheBehavior [ RunTime:0.000326s ]
INFO: [ view_filter ] --END-- [ RunTime:0.000428s ]
INFO: [ app_end ] --START--
INFO: Run Behavior\ShowPageTraceBehavior [ RunTime:0.000694s ]
INFO: [ app_end ] --END-- [ RunTime:0.000811s ]

[ 2016-10-30T15:18:40+08:00 ] ::1 /yuanku/index.php/Home/Personal/edit_message
INFO: [ app_init ] --START--
INFO: Run Behavior\BuildLiteBehavior [ RunTime:0.000078s ]
INFO: [ app_init ] --END-- [ RunTime:0.000770s ]
INFO: [ app_begin ] --START--
INFO: Run Behavior\ReadHtmlCacheBehavior [ RunTime:0.000788s ]
INFO: [ app_begin ] --END-- [ RunTime:0.000996s ]
SQL: SELECT * FROM client_user WHERE user_name ='kaka' [ RunTime:0.0005s ]
SQL: SELECT email_address FROM client_user WHERE user_name ='kaka' [ RunTime:0.0003s ]
SQL: SHOW COLUMNS FROM `client_user` [ RunTime:0.0043s ]
SQL: SELECT * FROM `client_user` WHERE ( `user_name`='kaka' ) LIMIT 1   [ RunTime:0.0005s ]
INFO: [ view_parse ] --START--
INFO: [ template_filter ] --START--
INFO: Run Behavior\ContentReplaceBehavior [ RunTime:0.000154s ]
INFO: [ template_filter ] --END-- [ RunTime:0.000290s ]
INFO: Run Behavior\ParseTemplateBehavior [ RunTime:0.018010s ]
INFO: [ view_parse ] --END-- [ RunTime:0.018182s ]
INFO: [ view_filter ] --START--
INFO: Run Behavior\WriteHtmlCacheBehavior [ RunTime:0.000270s ]
INFO: [ view_filter ] --END-- [ RunTime:0.000367s ]
INFO: [ app_end ] --START--
INFO: Run Behavior\ShowPageTraceBehavior [ RunTime:0.000516s ]
INFO: [ app_end ] --END-- [ RunTime:0.000625s ]

[ 2016-10-30T15:18:43+08:00 ] ::1 /yuanku/index.php/Home/Personal/published_article.html
INFO: [ app_init ] --START--
INFO: Run Behavior\BuildLiteBehavior [ RunTime:0.000041s ]
INFO: [ app_init ] --END-- [ RunTime:0.000680s ]
INFO: [ app_begin ] --START--
INFO: Run Behavior\ReadHtmlCacheBehavior [ RunTime:0.000774s ]
INFO: [ app_begin ] --END-- [ RunTime:0.000965s ]
SQL: SELECT * FROM client_user WHERE user_name ='kaka' [ RunTime:0.0004s ]
SQL: SELECT email_address FROM client_user WHERE user_name ='kaka' [ RunTime:0.0003s ]
SQL: SHOW COLUMNS FROM `news` [ RunTime:0.0033s ]
SQL: SELECT COUNT(*) AS tp_count FROM `news` LIMIT 1   [ RunTime:0.0003s ]
NOTIC: [8] Undefined variable: page_html D:\wamp\www\yuanku\Application\Home\Controller\PersonalController.class.php 第 160 行.
SQL: SELECT n.id as nid,`title`,`name`,`sort_name`,`img`,`date` FROM news n INNER JOIN author ON author_id=author.id INNER JOIN news_sort ON sort_ename=news_sort.e_name  WHERE ( uid=39 ) ORDER BY date desc LIMIT 0,15   [ RunTime:0.0008s ]
INFO: [ view_parse ] --START--
INFO: [ template_filter ] --START--
INFO: Run Behavior\ContentReplaceBehavior [ RunTime:0.000155s ]
INFO: [ template_filter ] --END-- [ RunTime:0.000287s ]
NOTIC: [8] Undefined index: content D:\wamp\www\yuanku\Application\Runtime\Cache\Home\856c0e0fd070d62e9c2028e71eaf2001.php 第 165 行.
NOTIC: [8] Use of undefined constant nid - assumed 'nid' D:\wamp\www\yuanku\Application\Runtime\Cache\Home\856c0e0fd070d62e9c2028e71eaf2001.php 第 170 行.
NOTIC: [8] Use of undefined constant nid - assumed 'nid' D:\wamp\www\yuanku\Application\Runtime\Cache\Home\856c0e0fd070d62e9c2028e71eaf2001.php 第 172 行.
NOTIC: [8] Undefined index: content D:\wamp\www\yuanku\Application\Runtime\Cache\Home\856c0e0fd070d62e9c2028e71eaf2001.php 第 165 行.
NOTIC: [8] Use of undefined constant nid - assumed 'nid' D:\wamp\www\yuanku\Application\Runtime\Cache\Home\856c0e0fd070d62e9c2028e71eaf2001.php 第 170 行.
NOTIC: [8] Use of undefined constant nid - assumed 'nid' D:\wamp\www\yuanku\Application\Runtime\Cache\Home\856c0e0fd070d62e9c2028e71eaf2001.php 第 172 行.
NOTIC: [8] Undefined index: content D:\wamp\www\yuanku\Application\Runtime\Cache\Home\856c0e0fd070d62e9c2028e71eaf2001.php 第 165 行.
NOTIC: [8] Use of undefined constant nid - assumed 'nid' D:\wamp\www\yuanku\Application\Runtime\Cache\Home\856c0e0fd070d62e9c2028e71eaf2001.php 第 170 行.
NOTIC: [8] Use of undefined constant nid - assumed 'nid' D:\wamp\www\yuanku\Application\Runtime\Cache\Home\856c0e0fd070d62e9c2028e71eaf2001.php 第 172 行.
INFO: Run Behavior\ParseTemplateBehavior [ RunTime:0.018179s ]
INFO: [ view_parse ] --END-- [ RunTime:0.018310s ]
INFO: [ view_filter ] --START--
INFO: Run Behavior\WriteHtmlCacheBehavior [ RunTime:0.000282s ]
INFO: [ view_filter ] --END-- [ RunTime:0.000381s ]
INFO: [ app_end ] --START--
INFO: Run Behavior\ShowPageTraceBehavior [ RunTime:0.000668s ]
INFO: [ app_end ] --END-- [ RunTime:0.000801s ]

[ 2016-10-30T15:18:44+08:00 ] ::1 /yuanku/index.php/Home/Personal/article_edit/id/39.html
INFO: [ app_init ] --START--
INFO: Run Behavior\BuildLiteBehavior [ RunTime:0.000043s ]
INFO: [ app_init ] --END-- [ RunTime:0.000731s ]
INFO: [ app_begin ] --START--
INFO: Run Behavior\ReadHtmlCacheBehavior [ RunTime:0.001468s ]
INFO: [ app_begin ] --END-- [ RunTime:0.001800s ]
SQL: SELECT * FROM client_user WHERE user_name ='kaka' [ RunTime:0.0005s ]
SQL: SELECT email_address FROM client_user WHERE user_name ='kaka' [ RunTime:0.0005s ]
SQL: SHOW COLUMNS FROM `news` [ RunTime:0.0053s ]
SQL: SHOW COLUMNS FROM `author` [ RunTime:0.0046s ]
SQL: SHOW COLUMNS FROM `news_sort` [ RunTime:0.0051s ]
SQL: SELECT * FROM `news` WHERE ( id=39 )  [ RunTime:0.0005s ]
SQL: SELECT `id`,`name` FROM `author` WHERE ( uid=39 ) LIMIT 1   [ RunTime:0.0003s ]
SQL: SELECT * FROM `news_sort`  [ RunTime:0.0003s ]
INFO: [ view_parse ] --START--
INFO: [ template_filter ] --START--
INFO: Run Behavior\ContentReplaceBehavior [ RunTime:0.000273s ]
INFO: [ template_filter ] --END-- [ RunTime:0.000578s ]
NOTIC: [8] Use of undefined constant title - assumed 'title' D:\wamp\www\yuanku\Application\Runtime\Cache\Home\a939fc941569c6e9871e0b1649fadeb7.php 第 149 行.
INFO: Run Behavior\ParseTemplateBehavior [ RunTime:0.102372s ]
INFO: [ view_parse ] --END-- [ RunTime:0.102573s ]
INFO: [ view_filter ] --START--
INFO: Run Behavior\WriteHtmlCacheBehavior [ RunTime:0.000449s ]
INFO: [ view_filter ] --END-- [ RunTime:0.000609s ]
INFO: [ app_end ] --START--
INFO: Run Behavior\ShowPageTraceBehavior [ RunTime:0.000716s ]
INFO: [ app_end ] --END-- [ RunTime:0.000871s ]

[ 2016-10-30T15:19:09+08:00 ] ::1 /yuanku/index.php/Home/Personal/article_edit.html
INFO: [ app_init ] --START--
INFO: Run Behavior\BuildLiteBehavior [ RunTime:0.000042s ]
INFO: [ app_init ] --END-- [ RunTime:0.000739s ]
INFO: [ app_begin ] --START--
INFO: Run Behavior\ReadHtmlCacheBehavior [ RunTime:0.000735s ]
INFO: [ app_begin ] --END-- [ RunTime:0.000885s ]
SQL: SELECT * FROM client_user WHERE user_name ='kaka' [ RunTime:0.0004s ]
SQL: SELECT email_address FROM client_user WHERE user_name ='kaka' [ RunTime:0.0003s ]
SQL: SHOW COLUMNS FROM `news` [ RunTime:0.0039s ]
NOTIC: [8] Undefined index: validate D:\wamp\www\yuanku\ThinkPHP\Library\Think\Model.class.php 第 1185 行.
NOTIC: [8] Undefined index: auto D:\wamp\www\yuanku\ThinkPHP\Library\Think\Model.class.php 第 1128 行.
SQL: UPDATE `news` SET `title`='KKDD',`author_id`='7',`sort_ename`='iball',`content`='&lt;p&gt;kakaka &amp;nbsp; &amp;nbsp; &amp;nbsp; &amp;nbsp; &amp;nbsp; &amp;nbsp; &amp;nbsp; &amp;nbsp; &amp;nbsp; &amp;nbsp;&lt;/p&gt;&lt;!--  --&gt;&lt;p&gt;
									&lt;/p&gt;' WHERE `id` = 39 [ RunTime:0.0015s ]
INFO: [ view_parse ] --START--
INFO: [ template_filter ] --START--
INFO: Run Behavior\ContentReplaceBehavior [ RunTime:0.000083s ]
INFO: [ template_filter ] --END-- [ RunTime:0.000214s ]
INFO: Run Behavior\ParseTemplateBehavior [ RunTime:0.007456s ]
INFO: [ view_parse ] --END-- [ RunTime:0.007852s ]
INFO: [ view_filter ] --START--
INFO: Run Behavior\WriteHtmlCacheBehavior [ RunTime:0.000382s ]
INFO: [ view_filter ] --END-- [ RunTime:0.000484s ]
INFO: [ app_end ] --START--
INFO: Run Behavior\ShowPageTraceBehavior [ RunTime:0.000603s ]
INFO: [ app_end ] --END-- [ RunTime:0.000708s ]

[ 2016-10-30T15:19:10+08:00 ] ::1 /yuanku/index.php/Home/Index/news.html
INFO: [ app_init ] --START--
INFO: Run Behavior\BuildLiteBehavior [ RunTime:0.000028s ]
INFO: [ app_init ] --END-- [ RunTime:0.000535s ]
INFO: [ app_begin ] --START--
INFO: Run Behavior\ReadHtmlCacheBehavior [ RunTime:0.000502s ]
INFO: [ app_begin ] --END-- [ RunTime:0.000636s ]
SQL: SHOW COLUMNS FROM `news` [ RunTime:0.0038s ]
SQL: SELECT n.id as id,`title`,`name`,`sort_name`,`content`,`img`,`date` FROM news n INNER JOIN author ON author_id=author.id INNER JOIN news_sort ON sort_ename=news_sort.e_name  ORDER BY id desc LIMIT 0,10   [ RunTime:0.0032s ]
SQL: SELECT COUNT(*) AS tp_count FROM `news` LIMIT 1   [ RunTime:0.0003s ]
NOTIC: [8] Undefined variable: page_html D:\wamp\www\yuanku\Application\Home\Controller\IndexController.class.php 第 96 行.
INFO: [ view_parse ] --START--
INFO: [ template_filter ] --START--
INFO: Run Behavior\ContentReplaceBehavior [ RunTime:0.000118s ]
INFO: [ template_filter ] --END-- [ RunTime:0.000230s ]
NOTIC: [8] Use of undefined constant id - assumed 'id' D:\wamp\www\yuanku\Application\Runtime\Cache\Home\cecb45903f8aa0e33f62e7ce7ef7b49f.php 第 97 行.
NOTIC: [8] Use of undefined constant id - assumed 'id' D:\wamp\www\yuanku\Application\Runtime\Cache\Home\cecb45903f8aa0e33f62e7ce7ef7b49f.php 第 97 行.
NOTIC: [8] Use of undefined constant id - assumed 'id' D:\wamp\www\yuanku\Application\Runtime\Cache\Home\cecb45903f8aa0e33f62e7ce7ef7b49f.php 第 97 行.
NOTIC: [8] Use of undefined constant id - assumed 'id' D:\wamp\www\yuanku\Application\Runtime\Cache\Home\cecb45903f8aa0e33f62e7ce7ef7b49f.php 第 97 行.
NOTIC: [8] Use of undefined constant id - assumed 'id' D:\wamp\www\yuanku\Application\Runtime\Cache\Home\cecb45903f8aa0e33f62e7ce7ef7b49f.php 第 97 行.
NOTIC: [8] Use of undefined constant id - assumed 'id' D:\wamp\www\yuanku\Application\Runtime\Cache\Home\cecb45903f8aa0e33f62e7ce7ef7b49f.php 第 97 行.
NOTIC: [8] Use of undefined constant id - assumed 'id' D:\wamp\www\yuanku\Application\Runtime\Cache\Home\cecb45903f8aa0e33f62e7ce7ef7b49f.php 第 97 行.
NOTIC: [8] Use of undefined constant id - assumed 'id' D:\wamp\www\yuanku\Application\Runtime\Cache\Home\cecb45903f8aa0e33f62e7ce7ef7b49f.php 第 97 行.
NOTIC: [8] Use of undefined constant id - assumed 'id' D:\wamp\www\yuanku\Application\Runtime\Cache\Home\cecb45903f8aa0e33f62e7ce7ef7b49f.php 第 97 行.
NOTIC: [8] Use of undefined constant id - assumed 'id' D:\wamp\www\yuanku\Application\Runtime\Cache\Home\cecb45903f8aa0e33f62e7ce7ef7b49f.php 第 97 行.
NOTIC: [8] Use of undefined constant id - assumed 'id' D:\wamp\www\yuanku\Application\Runtime\Cache\Home\cecb45903f8aa0e33f62e7ce7ef7b49f.php 第 97 行.
NOTIC: [8] Use of undefined constant id - assumed 'id' D:\wamp\www\yuanku\Application\Runtime\Cache\Home\cecb45903f8aa0e33f62e7ce7ef7b49f.php 第 97 行.
NOTIC: [8] Use of undefined constant id - assumed 'id' D:\wamp\www\yuanku\Application\Runtime\Cache\Home\cecb45903f8aa0e33f62e7ce7ef7b49f.php 第 97 行.
NOTIC: [8] Use of undefined constant id - assumed 'id' D:\wamp\www\yuanku\Application\Runtime\Cache\Home\cecb45903f8aa0e33f62e7ce7ef7b49f.php 第 97 行.
NOTIC: [8] Use of undefined constant id - assumed 'id' D:\wamp\www\yuanku\Application\Runtime\Cache\Home\cecb45903f8aa0e33f62e7ce7ef7b49f.php 第 97 行.
NOTIC: [8] Use of undefined constant id - assumed 'id' D:\wamp\www\yuanku\Application\Runtime\Cache\Home\cecb45903f8aa0e33f62e7ce7ef7b49f.php 第 97 行.
NOTIC: [8] Use of undefined constant id - assumed 'id' D:\wamp\www\yuanku\Application\Runtime\Cache\Home\cecb45903f8aa0e33f62e7ce7ef7b49f.php 第 97 行.
NOTIC: [8] Use of undefined constant id - assumed 'id' D:\wamp\www\yuanku\Application\Runtime\Cache\Home\cecb45903f8aa0e33f62e7ce7ef7b49f.php 第 97 行.
NOTIC: [8] A non well formed numeric value encountered D:\wamp\www\yuanku\Application\Runtime\Cache\Home\cecb45903f8aa0e33f62e7ce7ef7b49f.php 第 100 行.
NOTIC: [8] Use of undefined constant id - assumed 'id' D:\wamp\www\yuanku\Application\Runtime\Cache\Home\cecb45903f8aa0e33f62e7ce7ef7b49f.php 第 97 行.
NOTIC: [8] Use of undefined constant id - assumed 'id' D:\wamp\www\yuanku\Application\Runtime\Cache\Home\cecb45903f8aa0e33f62e7ce7ef7b49f.php 第 97 行.
NOTIC: [8] A non well formed numeric value encountered D:\wamp\www\yuanku\Application\Runtime\Cache\Home\cecb45903f8aa0e33f62e7ce7ef7b49f.php 第 100 行.
INFO: Run Behavior\ParseTemplateBehavior [ RunTime:0.043548s ]
INFO: [ view_parse ] --END-- [ RunTime:0.043666s ]
INFO: [ view_filter ] --START--
INFO: Run Behavior\WriteHtmlCacheBehavior [ RunTime:0.000317s ]
INFO: [ view_filter ] --END-- [ RunTime:0.000414s ]
INFO: [ app_end ] --START--
INFO: Run Behavior\ShowPageTraceBehavior [ RunTime:0.000527s ]
INFO: [ app_end ] --END-- [ RunTime:0.000629s ]

[ 2016-10-30T15:19:23+08:00 ] ::1 /yuanku/index.php/Home/Nba/index.html
INFO: [ app_init ] --START--
INFO: Run Behavior\BuildLiteBehavior [ RunTime:0.000033s ]
INFO: [ app_init ] --END-- [ RunTime:0.000632s ]
INFO: [ app_begin ] --START--
INFO: Run Behavior\ReadHtmlCacheBehavior [ RunTime:0.000549s ]
INFO: [ app_begin ] --END-- [ RunTime:0.000706s ]
INFO: [ view_parse ] --START--
INFO: [ template_filter ] --START--
INFO: Run Behavior\ContentReplaceBehavior [ RunTime:0.000337s ]
INFO: [ template_filter ] --END-- [ RunTime:0.000480s ]
INFO: Run Behavior\ParseTemplateBehavior [ RunTime:0.035808s ]
INFO: [ view_parse ] --END-- [ RunTime:0.035928s ]
INFO: [ view_filter ] --START--
INFO: Run Behavior\WriteHtmlCacheBehavior [ RunTime:0.000301s ]
INFO: [ view_filter ] --END-- [ RunTime:0.000396s ]
INFO: [ app_end ] --START--
INFO: Run Behavior\ShowPageTraceBehavior [ RunTime:0.000431s ]
INFO: [ app_end ] --END-- [ RunTime:0.000531s ]

[ 2016-10-30T15:19:23+08:00 ] ::1 /yuanku/index.php/Home/Nba/baseket_ball_files/0.jpg
INFO: [ app_init ] --START--
INFO: Run Behavior\BuildLiteBehavior [ RunTime:0.000028s ]
INFO: [ app_init ] --END-- [ RunTime:0.000580s ]

[ 2016-10-30T15:19:23+08:00 ] ::1 /yuanku/index.php/Home/Nba/baseket_ball_files/0_009.jpg
INFO: [ app_init ] --START--
INFO: Run Behavior\BuildLiteBehavior [ RunTime:0.000028s ]
INFO: [ app_init ] --END-- [ RunTime:0.000477s ]

[ 2016-10-30T15:19:23+08:00 ] ::1 /yuanku/index.php/Home/Nba/baseket_ball_files/0_014.jpg
INFO: [ app_init ] --START--
INFO: Run Behavior\BuildLiteBehavior [ RunTime:0.000028s ]
INFO: [ app_init ] --END-- [ RunTime:0.000469s ]

[ 2016-10-30T15:19:23+08:00 ] ::1 /yuanku/index.php/Home/Nba/baseket_ball_files/0_017.jpg
INFO: [ app_init ] --START--
INFO: Run Behavior\BuildLiteBehavior [ RunTime:0.000025s ]
INFO: [ app_init ] --END-- [ RunTime:0.000471s ]

[ 2016-10-30T15:19:23+08:00 ] ::1 /yuanku/index.php/Home/Nba/baseket_ball_files/124465100.jpg
INFO: [ app_init ] --START--
INFO: Run Behavior\BuildLiteBehavior [ RunTime:0.001116s ]
INFO: [ app_init ] --END-- [ RunTime:0.001743s ]

[ 2016-10-30T15:19:23+08:00 ] ::1 /yuanku/index.php/Home/Nba/baseket_ball_files/0_033.jpg
INFO: [ app_init ] --START--
INFO: Run Behavior\BuildLiteBehavior [ RunTime:0.000042s ]
INFO: [ app_init ] --END-- [ RunTime:0.000633s ]

[ 2016-10-30T15:19:23+08:00 ] ::1 /yuanku/index.php/Home/Nba/baseket_ball_files/0_030.jpg
INFO: [ app_init ] --START--
INFO: Run Behavior\BuildLiteBehavior [ RunTime:0.000039s ]
INFO: [ app_init ] --END-- [ RunTime:0.000720s ]

[ 2016-10-30T15:19:23+08:00 ] ::1 /yuanku/index.php/Home/Nba/baseket_ball_files/0_035.jpg
INFO: [ app_init ] --START--
INFO: Run Behavior\BuildLiteBehavior [ RunTime:0.000029s ]
INFO: [ app_init ] --END-- [ RunTime:0.000631s ]

[ 2016-10-30T15:19:23+08:00 ] ::1 /yuanku/index.php/Home/Nba/baseket_ball_files/0_011.jpg
INFO: [ app_init ] --START--
INFO: Run Behavior\BuildLiteBehavior [ RunTime:0.000045s ]
INFO: [ app_init ] --END-- [ RunTime:0.002137s ]

[ 2016-10-30T15:19:23+08:00 ] ::1 /yuanku/index.php/Home/Nba/baseket_ball_files/0_012.jpg
INFO: [ app_init ] --START--
INFO: Run Behavior\BuildLiteBehavior [ RunTime:0.000044s ]
INFO: [ app_init ] --END-- [ RunTime:0.000652s ]

[ 2016-10-30T15:19:23+08:00 ] ::1 /yuanku/index.php/Home/Nba/baseket_ball_files/0_022.jpg
INFO: [ app_init ] --START--
INFO: Run Behavior\BuildLiteBehavior [ RunTime:0.000046s ]
INFO: [ app_init ] --END-- [ RunTime:0.000643s ]

[ 2016-10-30T15:19:23+08:00 ] ::1 /yuanku/index.php/Home/Nba/baseket_ball_files/0_006.jpg
INFO: [ app_init ] --START--
INFO: Run Behavior\BuildLiteBehavior [ RunTime:0.000043s ]
INFO: [ app_init ] --END-- [ RunTime:0.000630s ]

[ 2016-10-30T15:19:23+08:00 ] ::1 /yuanku/index.php/Home/Nba/baseket_ball_files/138792428.png
INFO: [ app_init ] --START--
INFO: Run Behavior\BuildLiteBehavior [ RunTime:0.000042s ]
INFO: [ app_init ] --END-- [ RunTime:0.000629s ]

[ 2016-10-30T15:19:23+08:00 ] ::1 /yuanku/index.php/Home/Nba/baseket_ball_files/138792725.png
INFO: [ app_init ] --START--
INFO: Run Behavior\BuildLiteBehavior [ RunTime:0.000040s ]
INFO: [ app_init ] --END-- [ RunTime:0.000623s ]

[ 2016-10-30T15:19:23+08:00 ] ::1 /yuanku/index.php/Home/Nba/baseket_ball_files/138792890.png
INFO: [ app_init ] --START--
INFO: Run Behavior\BuildLiteBehavior [ RunTime:0.000044s ]
INFO: [ app_init ] --END-- [ RunTime:0.000674s ]

[ 2016-10-30T15:19:23+08:00 ] ::1 /yuanku/index.php/Home/Nba/baseket_ball_files/138793463.png
INFO: [ app_init ] --START--
INFO: Run Behavior\BuildLiteBehavior [ RunTime:0.000036s ]
INFO: [ app_init ] --END-- [ RunTime:0.000791s ]

[ 2016-10-30T15:19:23+08:00 ] ::1 /yuanku/index.php/Home/Nba/baseket_ball_files/136538823.png
INFO: [ app_init ] --START--
INFO: Run Behavior\BuildLiteBehavior [ RunTime:0.000044s ]
INFO: [ app_init ] --END-- [ RunTime:0.000661s ]

[ 2016-10-30T15:19:23+08:00 ] ::1 /yuanku/index.php/Home/Nba/baseket_ball_files/138792982.png
INFO: [ app_init ] --START--
INFO: Run Behavior\BuildLiteBehavior [ RunTime:0.000041s ]
INFO: [ app_init ] --END-- [ RunTime:0.000930s ]

[ 2016-10-30T15:19:23+08:00 ] ::1 /yuanku/index.php/Home/Nba/baseket_ball_files/135829617.jpg
INFO: [ app_init ] --START--
INFO: Run Behavior\BuildLiteBehavior [ RunTime:0.000046s ]
INFO: [ app_init ] --END-- [ RunTime:0.000646s ]

[ 2016-10-30T15:19:23+08:00 ] ::1 /yuanku/index.php/Home/Nba/baseket_ball_files/135829741.jpg
INFO: [ app_init ] --START--
INFO: Run Behavior\BuildLiteBehavior [ RunTime:0.000041s ]
INFO: [ app_init ] --END-- [ RunTime:0.000656s ]

[ 2016-10-30T15:19:23+08:00 ] ::1 /yuanku/index.php/Home/Nba/baseket_ball_files/135221881.jpg
INFO: [ app_init ] --START--
INFO: Run Behavior\BuildLiteBehavior [ RunTime:0.000046s ]
INFO: [ app_init ] --END-- [ RunTime:0.000673s ]

[ 2016-10-30T15:19:23+08:00 ] ::1 /yuanku/index.php/Home/Nba/baseket_ball_files/139431754.png
INFO: [ app_init ] --START--
INFO: Run Behavior\BuildLiteBehavior [ RunTime:0.000041s ]
INFO: [ app_init ] --END-- [ RunTime:0.001021s ]

[ 2016-10-30T15:19:23+08:00 ] ::1 /yuanku/index.php/Home/Nba/baseket_ball_files/135830935.jpg
INFO: [ app_init ] --START--
INFO: Run Behavior\BuildLiteBehavior [ RunTime:0.000041s ]
INFO: [ app_init ] --END-- [ RunTime:0.000666s ]

[ 2016-10-30T15:19:23+08:00 ] ::1 /yuanku/index.php/Home/Nba/baseket_ball_files/135830765.jpg
INFO: [ app_init ] --START--
INFO: Run Behavior\BuildLiteBehavior [ RunTime:0.000046s ]
INFO: [ app_init ] --END-- [ RunTime:0.000857s ]

[ 2016-10-30T15:19:23+08:00 ] ::1 /yuanku/index.php/Home/Nba/baseket_ball_files/135830562.jpg
INFO: [ app_init ] --START--
INFO: Run Behavior\BuildLiteBehavior [ RunTime:0.000036s ]
INFO: [ app_init ] --END-- [ RunTime:0.000595s ]

[ 2016-10-30T15:19:23+08:00 ] ::1 /yuanku/index.php/Home/Nba/baseket_ball_files/135830208.jpg
INFO: [ app_init ] --START--
INFO: Run Behavior\BuildLiteBehavior [ RunTime:0.000041s ]
INFO: [ app_init ] --END-- [ RunTime:0.000691s ]

[ 2016-10-30T15:19:26+08:00 ] ::1 /yuanku/index.php/Home/Index/news.html
INFO: [ app_init ] --START--
INFO: Run Behavior\BuildLiteBehavior [ RunTime:0.000051s ]
INFO: [ app_init ] --END-- [ RunTime:0.000884s ]
INFO: [ app_begin ] --START--
INFO: Run Behavior\ReadHtmlCacheBehavior [ RunTime:0.001032s ]
INFO: [ app_begin ] --END-- [ RunTime:0.001269s ]
SQL: SHOW COLUMNS FROM `news` [ RunTime:0.0028s ]
SQL: SELECT n.id as id,`title`,`name`,`sort_name`,`content`,`img`,`date` FROM news n INNER JOIN author ON author_id=author.id INNER JOIN news_sort ON sort_ename=news_sort.e_name  ORDER BY id desc LIMIT 0,10   [ RunTime:0.0032s ]
SQL: SELECT COUNT(*) AS tp_count FROM `news` LIMIT 1   [ RunTime:0.0003s ]
NOTIC: [8] Undefined variable: page_html D:\wamp\www\yuanku\Application\Home\Controller\IndexController.class.php 第 96 行.
INFO: [ view_parse ] --START--
INFO: [ template_filter ] --START--
INFO: Run Behavior\ContentReplaceBehavior [ RunTime:0.000184s ]
INFO: [ template_filter ] --END-- [ RunTime:0.000407s ]
NOTIC: [8] Use of undefined constant id - assumed 'id' D:\wamp\www\yuanku\Application\Runtime\Cache\Home\cecb45903f8aa0e33f62e7ce7ef7b49f.php 第 97 行.
NOTIC: [8] Use of undefined constant id - assumed 'id' D:\wamp\www\yuanku\Application\Runtime\Cache\Home\cecb45903f8aa0e33f62e7ce7ef7b49f.php 第 97 行.
NOTIC: [8] Use of undefined constant id - assumed 'id' D:\wamp\www\yuanku\Application\Runtime\Cache\Home\cecb45903f8aa0e33f62e7ce7ef7b49f.php 第 97 行.
NOTIC: [8] Use of undefined constant id - assumed 'id' D:\wamp\www\yuanku\Application\Runtime\Cache\Home\cecb45903f8aa0e33f62e7ce7ef7b49f.php 第 97 行.
NOTIC: [8] Use of undefined constant id - assumed 'id' D:\wamp\www\yuanku\Application\Runtime\Cache\Home\cecb45903f8aa0e33f62e7ce7ef7b49f.php 第 97 行.
NOTIC: [8] Use of undefined constant id - assumed 'id' D:\wamp\www\yuanku\Application\Runtime\Cache\Home\cecb45903f8aa0e33f62e7ce7ef7b49f.php 第 97 行.
NOTIC: [8] Use of undefined constant id - assumed 'id' D:\wamp\www\yuanku\Application\Runtime\Cache\Home\cecb45903f8aa0e33f62e7ce7ef7b49f.php 第 97 行.
NOTIC: [8] Use of undefined constant id - assumed 'id' D:\wamp\www\yuanku\Application\Runtime\Cache\Home\cecb45903f8aa0e33f62e7ce7ef7b49f.php 第 97 行.
NOTIC: [8] Use of undefined constant id - assumed 'id' D:\wamp\www\yuanku\Application\Runtime\Cache\Home\cecb45903f8aa0e33f62e7ce7ef7b49f.php 第 97 行.
NOTIC: [8] Use of undefined constant id - assumed 'id' D:\wamp\www\yuanku\Application\Runtime\Cache\Home\cecb45903f8aa0e33f62e7ce7ef7b49f.php 第 97 行.
NOTIC: [8] Use of undefined constant id - assumed 'id' D:\wamp\www\yuanku\Application\Runtime\Cache\Home\cecb45903f8aa0e33f62e7ce7ef7b49f.php 第 97 行.
NOTIC: [8] Use of undefined constant id - assumed 'id' D:\wamp\www\yuanku\Application\Runtime\Cache\Home\cecb45903f8aa0e33f62e7ce7ef7b49f.php 第 97 行.
NOTIC: [8] Use of undefined constant id - assumed 'id' D:\wamp\www\yuanku\Application\Runtime\Cache\Home\cecb45903f8aa0e33f62e7ce7ef7b49f.php 第 97 行.
NOTIC: [8] Use of undefined constant id - assumed 'id' D:\wamp\www\yuanku\Application\Runtime\Cache\Home\cecb45903f8aa0e33f62e7ce7ef7b49f.php 第 97 行.
NOTIC: [8] Use of undefined constant id - assumed 'id' D:\wamp\www\yuanku\Application\Runtime\Cache\Home\cecb45903f8aa0e33f62e7ce7ef7b49f.php 第 97 行.
NOTIC: [8] Use of undefined constant id - assumed 'id' D:\wamp\www\yuanku\Application\Runtime\Cache\Home\cecb45903f8aa0e33f62e7ce7ef7b49f.php 第 97 行.
NOTIC: [8] Use of undefined constant id - assumed 'id' D:\wamp\www\yuanku\Application\Runtime\Cache\Home\cecb45903f8aa0e33f62e7ce7ef7b49f.php 第 97 行.
NOTIC: [8] Use of undefined constant id - assumed 'id' D:\wamp\www\yuanku\Application\Runtime\Cache\Home\cecb45903f8aa0e33f62e7ce7ef7b49f.php 第 97 行.
NOTIC: [8] A non well formed numeric value encountered D:\wamp\www\yuanku\Application\Runtime\Cache\Home\cecb45903f8aa0e33f62e7ce7ef7b49f.php 第 100 行.
NOTIC: [8] Use of undefined constant id - assumed 'id' D:\wamp\www\yuanku\Application\Runtime\Cache\Home\cecb45903f8aa0e33f62e7ce7ef7b49f.php 第 97 行.
NOTIC: [8] Use of undefined constant id - assumed 'id' D:\wamp\www\yuanku\Application\Runtime\Cache\Home\cecb45903f8aa0e33f62e7ce7ef7b49f.php 第 97 行.
NOTIC: [8] A non well formed numeric value encountered D:\wamp\www\yuanku\Application\Runtime\Cache\Home\cecb45903f8aa0e33f62e7ce7ef7b49f.php 第 100 行.
INFO: Run Behavior\ParseTemplateBehavior [ RunTime:0.018333s ]
INFO: [ view_parse ] --END-- [ RunTime:0.018467s ]
INFO: [ view_filter ] --START--
INFO: Run Behavior\WriteHtmlCacheBehavior [ RunTime:0.000345s ]
INFO: [ view_filter ] --END-- [ RunTime:0.000439s ]
INFO: [ app_end ] --START--
INFO: Run Behavior\ShowPageTraceBehavior [ RunTime:0.000701s ]
INFO: [ app_end ] --END-- [ RunTime:0.000837s ]

[ 2016-10-30T15:19:29+08:00 ] ::1 /yuanku/index.php/Home/Index/about_us.html
INFO: [ app_init ] --START--
INFO: Run Behavior\BuildLiteBehavior [ RunTime:0.000051s ]
INFO: [ app_init ] --END-- [ RunTime:0.000959s ]
INFO: [ app_begin ] --START--
INFO: Run Behavior\ReadHtmlCacheBehavior [ RunTime:0.001086s ]
INFO: [ app_begin ] --END-- [ RunTime:0.001343s ]
INFO: [ view_parse ] --START--
INFO: [ template_filter ] --START--
INFO: Run Behavior\ContentReplaceBehavior [ RunTime:0.000198s ]
INFO: [ template_filter ] --END-- [ RunTime:0.000318s ]
INFO: Run Behavior\ParseTemplateBehavior [ RunTime:0.038654s ]
INFO: [ view_parse ] --END-- [ RunTime:0.038828s ]
INFO: [ view_filter ] --START--
INFO: Run Behavior\WriteHtmlCacheBehavior [ RunTime:0.000244s ]
INFO: [ view_filter ] --END-- [ RunTime:0.000340s ]
INFO: [ app_end ] --START--
INFO: Run Behavior\ShowPageTraceBehavior [ RunTime:0.000518s ]
INFO: [ app_end ] --END-- [ RunTime:0.000620s ]

