[ 2016-11-03T10:27:04+08:00 ] ::1 /lidong/yuanku/
INFO: [ app_init ] --START--
INFO: Run Behavior\BuildLiteBehavior [ RunTime:0.000069s ]
INFO: [ app_init ] --END-- [ RunTime:0.022992s ]
INFO: [ app_begin ] --START--
INFO: Run Behavior\ReadHtmlCacheBehavior [ RunTime:0.030591s ]
INFO: [ app_begin ] --END-- [ RunTime:0.030918s ]
SQL: SHOW COLUMNS FROM `slide` [ RunTime:0.0630s ]
SQL: SHOW COLUMNS FROM `news` [ RunTime:0.0782s ]
SQL: SELECT * FROM `news` WHERE ( news_position="first" )  [ RunTime:0.0194s ]
SQL: SELECT * FROM `news` WHERE ( news_position="second" ) ORDER BY id desc LIMIT 5   [ RunTime:0.0007s ]
SQL: SELECT * FROM `news` WHERE ( news_position="third" )  [ RunTime:0.0006s ]
SQL: SELECT * FROM `slide`  [ RunTime:0.0007s ]
SQL: SHOW COLUMNS FROM `system_conf` [ RunTime:0.0785s ]
SQL: SELECT * FROM `system_conf` LIMIT 1   [ RunTime:0.0005s ]
INFO: [ view_parse ] --START--
INFO: [ template_filter ] --START--
INFO: Run Behavior\ContentReplaceBehavior [ RunTime:0.000422s ]
INFO: [ template_filter ] --END-- [ RunTime:0.000569s ]
NOTIC: [8] Undefined variable: news_j E:\mysql\wamp\www\lidong\yuanku\Application\Runtime\Cache\Home\2a94b8bda04ff446dcedd42276fc99ee.php 第 771 行.
NOTIC: [8] Undefined variable: news_j E:\mysql\wamp\www\lidong\yuanku\Application\Runtime\Cache\Home\2a94b8bda04ff446dcedd42276fc99ee.php 第 772 行.
NOTIC: [8] Undefined variable: news_j E:\mysql\wamp\www\lidong\yuanku\Application\Runtime\Cache\Home\2a94b8bda04ff446dcedd42276fc99ee.php 第 783 行.
NOTIC: [8] Undefined variable: news_j E:\mysql\wamp\www\lidong\yuanku\Application\Runtime\Cache\Home\2a94b8bda04ff446dcedd42276fc99ee.php 第 794 行.
NOTIC: [8] Undefined variable: news_j E:\mysql\wamp\www\lidong\yuanku\Application\Runtime\Cache\Home\2a94b8bda04ff446dcedd42276fc99ee.php 第 807 行.
NOTIC: [8] Undefined variable: news_j E:\mysql\wamp\www\lidong\yuanku\Application\Runtime\Cache\Home\2a94b8bda04ff446dcedd42276fc99ee.php 第 818 行.
SQL: SELECT * FROM `news` ORDER BY id desc LIMIT 3   [ RunTime:0.0006s ]
NOTIC: [8] Undefined variable: f_html E:\mysql\wamp\www\lidong\yuanku\Application\Home\Common\function.php 第 15 行.
INFO: Run Behavior\ParseTemplateBehavior [ RunTime:0.303596s ]
INFO: [ view_parse ] --END-- [ RunTime:0.303764s ]
INFO: [ view_filter ] --START--
INFO: Run Behavior\WriteHtmlCacheBehavior [ RunTime:0.013508s ]
INFO: [ view_filter ] --END-- [ RunTime:0.013728s ]
SQL: SELECT n.id as id,`title`,`name`,`sort_name`,`content`,`img`,`date` FROM news n INNER JOIN author ON author_id=author.id INNER JOIN news_sort ON sort_ename=news_sort.e_name  ORDER BY id desc LIMIT 0,3   [ RunTime:0.1267s ]
INFO: [ app_end ] --START--
INFO: Run Behavior\ShowPageTraceBehavior [ RunTime:0.012151s ]
INFO: [ app_end ] --END-- [ RunTime:0.012277s ]

[ 2016-11-03T10:27:04+08:00 ] ::1 /lidong/yuanku/
INFO: [ app_init ] --START--
INFO: Run Behavior\BuildLiteBehavior [ RunTime:0.000026s ]
INFO: [ app_init ] --END-- [ RunTime:0.000527s ]
INFO: [ app_begin ] --START--
INFO: Run Behavior\ReadHtmlCacheBehavior [ RunTime:0.000738s ]
INFO: [ app_begin ] --END-- [ RunTime:0.000876s ]
SQL: SHOW COLUMNS FROM `slide` [ RunTime:0.0115s ]
SQL: SHOW COLUMNS FROM `news` [ RunTime:0.0129s ]
SQL: SELECT * FROM `news` WHERE ( news_position="first" )  [ RunTime:0.0004s ]
SQL: SELECT * FROM `news` WHERE ( news_position="second" ) ORDER BY id desc LIMIT 5   [ RunTime:0.0003s ]
SQL: SELECT * FROM `news` WHERE ( news_position="third" )  [ RunTime:0.0003s ]
SQL: SELECT * FROM `slide`  [ RunTime:0.0003s ]
INFO: [ view_parse ] --START--
INFO: [ template_filter ] --START--
INFO: Run Behavior\ContentReplaceBehavior [ RunTime:0.000378s ]
INFO: [ template_filter ] --END-- [ RunTime:0.000501s ]
NOTIC: [8] Undefined variable: news_j E:\mysql\wamp\www\lidong\yuanku\Application\Runtime\Cache\Home\2a94b8bda04ff446dcedd42276fc99ee.php 第 771 行.
NOTIC: [8] Undefined variable: news_j E:\mysql\wamp\www\lidong\yuanku\Application\Runtime\Cache\Home\2a94b8bda04ff446dcedd42276fc99ee.php 第 772 行.
NOTIC: [8] Undefined variable: news_j E:\mysql\wamp\www\lidong\yuanku\Application\Runtime\Cache\Home\2a94b8bda04ff446dcedd42276fc99ee.php 第 783 行.
NOTIC: [8] Undefined variable: news_j E:\mysql\wamp\www\lidong\yuanku\Application\Runtime\Cache\Home\2a94b8bda04ff446dcedd42276fc99ee.php 第 794 行.
NOTIC: [8] Undefined variable: news_j E:\mysql\wamp\www\lidong\yuanku\Application\Runtime\Cache\Home\2a94b8bda04ff446dcedd42276fc99ee.php 第 807 行.
NOTIC: [8] Undefined variable: news_j E:\mysql\wamp\www\lidong\yuanku\Application\Runtime\Cache\Home\2a94b8bda04ff446dcedd42276fc99ee.php 第 818 行.
SQL: SELECT * FROM `news` ORDER BY id desc LIMIT 3   [ RunTime:0.0004s ]
NOTIC: [8] Undefined variable: f_html E:\mysql\wamp\www\lidong\yuanku\Application\Home\Common\function.php 第 15 行.
INFO: Run Behavior\ParseTemplateBehavior [ RunTime:0.061098s ]
INFO: [ view_parse ] --END-- [ RunTime:0.061253s ]
INFO: [ view_filter ] --START--
INFO: Run Behavior\WriteHtmlCacheBehavior [ RunTime:0.000500s ]
INFO: [ view_filter ] --END-- [ RunTime:0.000596s ]
SQL: SELECT n.id as id,`title`,`name`,`sort_name`,`content`,`img`,`date` FROM news n INNER JOIN author ON author_id=author.id INNER JOIN news_sort ON sort_ename=news_sort.e_name  ORDER BY id desc LIMIT 0,3   [ RunTime:0.0090s ]
INFO: [ app_end ] --START--
INFO: Run Behavior\ShowPageTraceBehavior [ RunTime:0.000988s ]
INFO: [ app_end ] --END-- [ RunTime:0.001097s ]

[ 2016-11-03T10:31:17+08:00 ] ::1 /lidong/yuanku/index.php/Home/Index/news.html
INFO: [ app_init ] --START--
INFO: Run Behavior\BuildLiteBehavior [ RunTime:0.000032s ]
INFO: [ app_init ] --END-- [ RunTime:0.000810s ]
INFO: [ app_begin ] --START--
INFO: Run Behavior\ReadHtmlCacheBehavior [ RunTime:0.001143s ]
INFO: [ app_begin ] --END-- [ RunTime:0.001287s ]
SQL: SHOW COLUMNS FROM `news` [ RunTime:0.0097s ]
SQL: SELECT n.id as id,`title`,`name`,`sort_name`,`content`,`img`,`date` FROM news n INNER JOIN author ON author_id=author.id INNER JOIN news_sort ON sort_ename=news_sort.e_name  ORDER BY id desc LIMIT 0,10   [ RunTime:0.0117s ]
SQL: SELECT COUNT(*) AS tp_count FROM `news` LIMIT 1   [ RunTime:0.0002s ]
NOTIC: [8] Undefined variable: page_html E:\mysql\wamp\www\lidong\yuanku\Application\Home\Controller\IndexController.class.php 第 143 行.
INFO: [ view_parse ] --START--
INFO: [ template_filter ] --START--
INFO: Run Behavior\ContentReplaceBehavior [ RunTime:0.000111s ]
INFO: [ template_filter ] --END-- [ RunTime:0.000218s ]
NOTIC: [8] Use of undefined constant id - assumed 'id' E:\mysql\wamp\www\lidong\yuanku\Application\Runtime\Cache\Home\cecb45903f8aa0e33f62e7ce7ef7b49f.php 第 97 行.
NOTIC: [8] Use of undefined constant id - assumed 'id' E:\mysql\wamp\www\lidong\yuanku\Application\Runtime\Cache\Home\cecb45903f8aa0e33f62e7ce7ef7b49f.php 第 97 行.
NOTIC: [8] Use of undefined constant id - assumed 'id' E:\mysql\wamp\www\lidong\yuanku\Application\Runtime\Cache\Home\cecb45903f8aa0e33f62e7ce7ef7b49f.php 第 97 行.
NOTIC: [8] Use of undefined constant id - assumed 'id' E:\mysql\wamp\www\lidong\yuanku\Application\Runtime\Cache\Home\cecb45903f8aa0e33f62e7ce7ef7b49f.php 第 97 行.
NOTIC: [8] Use of undefined constant id - assumed 'id' E:\mysql\wamp\www\lidong\yuanku\Application\Runtime\Cache\Home\cecb45903f8aa0e33f62e7ce7ef7b49f.php 第 97 行.
NOTIC: [8] Use of undefined constant id - assumed 'id' E:\mysql\wamp\www\lidong\yuanku\Application\Runtime\Cache\Home\cecb45903f8aa0e33f62e7ce7ef7b49f.php 第 97 行.
NOTIC: [8] A non well formed numeric value encountered E:\mysql\wamp\www\lidong\yuanku\Application\Runtime\Cache\Home\cecb45903f8aa0e33f62e7ce7ef7b49f.php 第 100 行.
NOTIC: [8] Use of undefined constant id - assumed 'id' E:\mysql\wamp\www\lidong\yuanku\Application\Runtime\Cache\Home\cecb45903f8aa0e33f62e7ce7ef7b49f.php 第 97 行.
NOTIC: [8] A non well formed numeric value encountered E:\mysql\wamp\www\lidong\yuanku\Application\Runtime\Cache\Home\cecb45903f8aa0e33f62e7ce7ef7b49f.php 第 100 行.
NOTIC: [8] Use of undefined constant id - assumed 'id' E:\mysql\wamp\www\lidong\yuanku\Application\Runtime\Cache\Home\cecb45903f8aa0e33f62e7ce7ef7b49f.php 第 97 行.
NOTIC: [8] A non well formed numeric value encountered E:\mysql\wamp\www\lidong\yuanku\Application\Runtime\Cache\Home\cecb45903f8aa0e33f62e7ce7ef7b49f.php 第 100 行.
NOTIC: [8] Use of undefined constant id - assumed 'id' E:\mysql\wamp\www\lidong\yuanku\Application\Runtime\Cache\Home\cecb45903f8aa0e33f62e7ce7ef7b49f.php 第 97 行.
NOTIC: [8] A non well formed numeric value encountered E:\mysql\wamp\www\lidong\yuanku\Application\Runtime\Cache\Home\cecb45903f8aa0e33f62e7ce7ef7b49f.php 第 100 行.
NOTIC: [8] Use of undefined constant id - assumed 'id' E:\mysql\wamp\www\lidong\yuanku\Application\Runtime\Cache\Home\cecb45903f8aa0e33f62e7ce7ef7b49f.php 第 97 行.
NOTIC: [8] A non well formed numeric value encountered E:\mysql\wamp\www\lidong\yuanku\Application\Runtime\Cache\Home\cecb45903f8aa0e33f62e7ce7ef7b49f.php 第 100 行.
SQL: SELECT * FROM `news` ORDER BY id desc LIMIT 3   [ RunTime:0.0005s ]
NOTIC: [8] Undefined variable: f_html E:\mysql\wamp\www\lidong\yuanku\Application\Home\Common\function.php 第 15 行.
INFO: Run Behavior\ParseTemplateBehavior [ RunTime:0.030801s ]
INFO: [ view_parse ] --END-- [ RunTime:0.030927s ]
INFO: [ view_filter ] --START--
INFO: Run Behavior\WriteHtmlCacheBehavior [ RunTime:0.000814s ]
INFO: [ view_filter ] --END-- [ RunTime:0.000922s ]
INFO: [ app_end ] --START--
INFO: Run Behavior\ShowPageTraceBehavior [ RunTime:0.000929s ]
INFO: [ app_end ] --END-- [ RunTime:0.001028s ]

[ 2016-11-03T10:31:21+08:00 ] ::1 /lidong/yuanku/index.php/Home/Index/news_detail/id/27.html
INFO: [ app_init ] --START--
INFO: Run Behavior\BuildLiteBehavior [ RunTime:0.000030s ]
INFO: [ app_init ] --END-- [ RunTime:0.000579s ]
INFO: [ app_begin ] --START--
INFO: Run Behavior\ReadHtmlCacheBehavior [ RunTime:0.001466s ]
INFO: [ app_begin ] --END-- [ RunTime:0.001637s ]
SQL: SHOW COLUMNS FROM `news` [ RunTime:0.0113s ]
SQL: SELECT `id`,`title`,`img`,`date` FROM `news` ORDER BY id desc LIMIT 3   [ RunTime:0.0003s ]
SQL: SELECT n.id as id,`title`,`name`,`sort_name`,`content`,`img`,`date`,`introduction` FROM news n INNER JOIN author INNER JOIN news_sort  WHERE ( n.id=27 AND author.id=author_id AND sort_ename=news_sort.e_name )  [ RunTime:0.0003s ]
INFO: [ view_parse ] --START--
INFO: [ template_filter ] --START--
INFO: Run Behavior\ContentReplaceBehavior [ RunTime:0.000125s ]
INFO: [ template_filter ] --END-- [ RunTime:0.000238s ]
NOTIC: [8] Use of undefined constant id - assumed 'id' E:\mysql\wamp\www\lidong\yuanku\Application\Runtime\Cache\Home\5ce56c6da75d18834febc25b28cacbc3.php 第 106 行.
NOTIC: [8] Use of undefined constant id - assumed 'id' E:\mysql\wamp\www\lidong\yuanku\Application\Runtime\Cache\Home\5ce56c6da75d18834febc25b28cacbc3.php 第 169 行.
NOTIC: [8] Use of undefined constant id - assumed 'id' E:\mysql\wamp\www\lidong\yuanku\Application\Runtime\Cache\Home\5ce56c6da75d18834febc25b28cacbc3.php 第 170 行.
NOTIC: [8] Use of undefined constant id - assumed 'id' E:\mysql\wamp\www\lidong\yuanku\Application\Runtime\Cache\Home\5ce56c6da75d18834febc25b28cacbc3.php 第 169 行.
NOTIC: [8] Use of undefined constant id - assumed 'id' E:\mysql\wamp\www\lidong\yuanku\Application\Runtime\Cache\Home\5ce56c6da75d18834febc25b28cacbc3.php 第 170 行.
NOTIC: [8] Use of undefined constant id - assumed 'id' E:\mysql\wamp\www\lidong\yuanku\Application\Runtime\Cache\Home\5ce56c6da75d18834febc25b28cacbc3.php 第 169 行.
NOTIC: [8] Use of undefined constant id - assumed 'id' E:\mysql\wamp\www\lidong\yuanku\Application\Runtime\Cache\Home\5ce56c6da75d18834febc25b28cacbc3.php 第 170 行.
SQL: SELECT * FROM `news` ORDER BY id desc LIMIT 3   [ RunTime:0.0005s ]
NOTIC: [8] Undefined variable: f_html E:\mysql\wamp\www\lidong\yuanku\Application\Home\Common\function.php 第 15 行.
INFO: Run Behavior\ParseTemplateBehavior [ RunTime:0.062411s ]
INFO: [ view_parse ] --END-- [ RunTime:0.062596s ]
INFO: [ view_filter ] --START--
INFO: Run Behavior\WriteHtmlCacheBehavior [ RunTime:0.000642s ]
INFO: [ view_filter ] --END-- [ RunTime:0.000745s ]
INFO: [ app_end ] --START--
INFO: Run Behavior\ShowPageTraceBehavior [ RunTime:0.000706s ]
INFO: [ app_end ] --END-- [ RunTime:0.000807s ]

[ 2016-11-03T11:09:10+08:00 ] ::1 /lidong/yuanku/index.php/Home/Index/index.html
INFO: [ app_init ] --START--
INFO: Run Behavior\BuildLiteBehavior [ RunTime:0.000026s ]
INFO: [ app_init ] --END-- [ RunTime:0.000606s ]
INFO: [ app_begin ] --START--
INFO: Run Behavior\ReadHtmlCacheBehavior [ RunTime:0.000922s ]
INFO: [ app_begin ] --END-- [ RunTime:0.001052s ]
SQL: SHOW COLUMNS FROM `slide` [ RunTime:0.0103s ]
SQL: SHOW COLUMNS FROM `news` [ RunTime:0.0114s ]
SQL: SELECT * FROM `news` WHERE ( news_position="first" )  [ RunTime:0.0004s ]
SQL: SELECT * FROM `news` WHERE ( news_position="second" ) ORDER BY id desc LIMIT 5   [ RunTime:0.0003s ]
SQL: SELECT * FROM `news` WHERE ( news_position="third" )  [ RunTime:0.0003s ]
SQL: SELECT * FROM `slide`  [ RunTime:0.0002s ]
INFO: [ view_parse ] --START--
INFO: [ template_filter ] --START--
INFO: Run Behavior\ContentReplaceBehavior [ RunTime:0.000353s ]
INFO: [ template_filter ] --END-- [ RunTime:0.000472s ]
NOTIC: [8] Undefined variable: news_j E:\mysql\wamp\www\lidong\yuanku\Application\Runtime\Cache\Home\2a94b8bda04ff446dcedd42276fc99ee.php 第 771 行.
NOTIC: [8] Undefined variable: news_j E:\mysql\wamp\www\lidong\yuanku\Application\Runtime\Cache\Home\2a94b8bda04ff446dcedd42276fc99ee.php 第 772 行.
NOTIC: [8] Undefined variable: news_j E:\mysql\wamp\www\lidong\yuanku\Application\Runtime\Cache\Home\2a94b8bda04ff446dcedd42276fc99ee.php 第 783 行.
NOTIC: [8] Undefined variable: news_j E:\mysql\wamp\www\lidong\yuanku\Application\Runtime\Cache\Home\2a94b8bda04ff446dcedd42276fc99ee.php 第 794 行.
NOTIC: [8] Undefined variable: news_j E:\mysql\wamp\www\lidong\yuanku\Application\Runtime\Cache\Home\2a94b8bda04ff446dcedd42276fc99ee.php 第 807 行.
NOTIC: [8] Undefined variable: news_j E:\mysql\wamp\www\lidong\yuanku\Application\Runtime\Cache\Home\2a94b8bda04ff446dcedd42276fc99ee.php 第 818 行.
SQL: SELECT * FROM `news` ORDER BY id desc LIMIT 3   [ RunTime:0.0005s ]
NOTIC: [8] Undefined variable: f_html E:\mysql\wamp\www\lidong\yuanku\Application\Home\Common\function.php 第 15 行.
INFO: Run Behavior\ParseTemplateBehavior [ RunTime:0.038446s ]
INFO: [ view_parse ] --END-- [ RunTime:0.038578s ]
INFO: [ view_filter ] --START--
INFO: Run Behavior\WriteHtmlCacheBehavior [ RunTime:0.001057s ]
INFO: [ view_filter ] --END-- [ RunTime:0.001213s ]
SQL: SELECT n.id as id,`title`,`name`,`sort_name`,`content`,`img`,`date` FROM news n INNER JOIN author ON author_id=author.id INNER JOIN news_sort ON sort_ename=news_sort.e_name  ORDER BY id desc LIMIT 0,3   [ RunTime:0.0118s ]
INFO: [ app_end ] --START--
INFO: Run Behavior\ShowPageTraceBehavior [ RunTime:0.001369s ]
INFO: [ app_end ] --END-- [ RunTime:0.001535s ]

[ 2016-11-03T11:09:17+08:00 ] ::1 /lidong/yuanku/index.php/Home/Index/admin
INFO: [ app_init ] --START--
INFO: Run Behavior\BuildLiteBehavior [ RunTime:0.000027s ]
INFO: [ app_init ] --END-- [ RunTime:0.000561s ]
INFO: [ app_begin ] --START--
INFO: Run Behavior\ReadHtmlCacheBehavior [ RunTime:0.000654s ]
INFO: [ app_begin ] --END-- [ RunTime:0.000786s ]
ERR: 非法操作:admin

[ 2016-11-03T11:09:31+08:00 ] ::1 /lidong/yuanku/index.php/Home/Index/index.html
INFO: [ app_init ] --START--
INFO: Run Behavior\BuildLiteBehavior [ RunTime:0.000026s ]
INFO: [ app_init ] --END-- [ RunTime:0.000522s ]
INFO: [ app_begin ] --START--
INFO: Run Behavior\ReadHtmlCacheBehavior [ RunTime:0.000680s ]
INFO: [ app_begin ] --END-- [ RunTime:0.000810s ]
SQL: SHOW COLUMNS FROM `slide` [ RunTime:0.0095s ]
SQL: SHOW COLUMNS FROM `news` [ RunTime:0.0096s ]
SQL: SELECT * FROM `news` WHERE ( news_position="first" )  [ RunTime:0.0003s ]
SQL: SELECT * FROM `news` WHERE ( news_position="second" ) ORDER BY id desc LIMIT 5   [ RunTime:0.0002s ]
SQL: SELECT * FROM `news` WHERE ( news_position="third" )  [ RunTime:0.0002s ]
SQL: SELECT * FROM `slide`  [ RunTime:0.0003s ]
INFO: [ view_parse ] --START--
INFO: [ template_filter ] --START--
INFO: Run Behavior\ContentReplaceBehavior [ RunTime:0.000389s ]
INFO: [ template_filter ] --END-- [ RunTime:0.000526s ]
NOTIC: [8] Undefined variable: news_j E:\mysql\wamp\www\lidong\yuanku\Application\Runtime\Cache\Home\2a94b8bda04ff446dcedd42276fc99ee.php 第 771 行.
NOTIC: [8] Undefined variable: news_j E:\mysql\wamp\www\lidong\yuanku\Application\Runtime\Cache\Home\2a94b8bda04ff446dcedd42276fc99ee.php 第 772 行.
NOTIC: [8] Undefined variable: news_j E:\mysql\wamp\www\lidong\yuanku\Application\Runtime\Cache\Home\2a94b8bda04ff446dcedd42276fc99ee.php 第 783 行.
NOTIC: [8] Undefined variable: news_j E:\mysql\wamp\www\lidong\yuanku\Application\Runtime\Cache\Home\2a94b8bda04ff446dcedd42276fc99ee.php 第 794 行.
NOTIC: [8] Undefined variable: news_j E:\mysql\wamp\www\lidong\yuanku\Application\Runtime\Cache\Home\2a94b8bda04ff446dcedd42276fc99ee.php 第 807 行.
NOTIC: [8] Undefined variable: news_j E:\mysql\wamp\www\lidong\yuanku\Application\Runtime\Cache\Home\2a94b8bda04ff446dcedd42276fc99ee.php 第 818 行.
SQL: SELECT * FROM `news` ORDER BY id desc LIMIT 3   [ RunTime:0.0007s ]
NOTIC: [8] Undefined variable: f_html E:\mysql\wamp\www\lidong\yuanku\Application\Home\Common\function.php 第 15 行.
INFO: Run Behavior\ParseTemplateBehavior [ RunTime:0.036481s ]
INFO: [ view_parse ] --END-- [ RunTime:0.036601s ]
INFO: [ view_filter ] --START--
INFO: Run Behavior\WriteHtmlCacheBehavior [ RunTime:0.000669s ]
INFO: [ view_filter ] --END-- [ RunTime:0.000769s ]
SQL: SELECT n.id as id,`title`,`name`,`sort_name`,`content`,`img`,`date` FROM news n INNER JOIN author ON author_id=author.id INNER JOIN news_sort ON sort_ename=news_sort.e_name  ORDER BY id desc LIMIT 0,3   [ RunTime:0.0097s ]
INFO: [ app_end ] --START--
INFO: Run Behavior\ShowPageTraceBehavior [ RunTime:0.000896s ]
INFO: [ app_end ] --END-- [ RunTime:0.000996s ]

[ 2016-11-03T11:19:49+08:00 ] ::1 /lidong/yuanku/
INFO: [ app_init ] --START--
INFO: Run Behavior\BuildLiteBehavior [ RunTime:0.000028s ]
INFO: [ app_init ] --END-- [ RunTime:0.000693s ]
INFO: [ app_begin ] --START--
INFO: Run Behavior\ReadHtmlCacheBehavior [ RunTime:0.000906s ]
INFO: [ app_begin ] --END-- [ RunTime:0.001048s ]
SQL: SHOW COLUMNS FROM `slide` [ RunTime:0.0113s ]
SQL: SHOW COLUMNS FROM `news` [ RunTime:0.0103s ]
SQL: SELECT * FROM `news` WHERE ( news_position="first" )  [ RunTime:0.0005s ]
SQL: SELECT * FROM `news` WHERE ( news_position="second" ) ORDER BY id desc LIMIT 5   [ RunTime:0.0004s ]
SQL: SELECT * FROM `news` WHERE ( news_position="third" )  [ RunTime:0.0004s ]
SQL: SELECT * FROM `slide`  [ RunTime:0.0004s ]
INFO: [ view_parse ] --START--
INFO: [ template_filter ] --START--
INFO: Run Behavior\ContentReplaceBehavior [ RunTime:0.000397s ]
INFO: [ template_filter ] --END-- [ RunTime:0.000552s ]
NOTIC: [8] Undefined variable: news_j E:\mysql\wamp\www\lidong\yuanku\Application\Runtime\Cache\Home\2a94b8bda04ff446dcedd42276fc99ee.php 第 771 行.
NOTIC: [8] Undefined variable: news_j E:\mysql\wamp\www\lidong\yuanku\Application\Runtime\Cache\Home\2a94b8bda04ff446dcedd42276fc99ee.php 第 772 行.
NOTIC: [8] Undefined variable: news_j E:\mysql\wamp\www\lidong\yuanku\Application\Runtime\Cache\Home\2a94b8bda04ff446dcedd42276fc99ee.php 第 783 行.
NOTIC: [8] Undefined variable: news_j E:\mysql\wamp\www\lidong\yuanku\Application\Runtime\Cache\Home\2a94b8bda04ff446dcedd42276fc99ee.php 第 794 行.
NOTIC: [8] Undefined variable: news_j E:\mysql\wamp\www\lidong\yuanku\Application\Runtime\Cache\Home\2a94b8bda04ff446dcedd42276fc99ee.php 第 807 行.
NOTIC: [8] Undefined variable: news_j E:\mysql\wamp\www\lidong\yuanku\Application\Runtime\Cache\Home\2a94b8bda04ff446dcedd42276fc99ee.php 第 818 行.
SQL: SELECT * FROM `news` ORDER BY id desc LIMIT 3   [ RunTime:0.0005s ]
NOTIC: [8] Undefined variable: f_html E:\mysql\wamp\www\lidong\yuanku\Application\Home\Common\function.php 第 15 行.
INFO: Run Behavior\ParseTemplateBehavior [ RunTime:0.038372s ]
INFO: [ view_parse ] --END-- [ RunTime:0.038496s ]
INFO: [ view_filter ] --START--
INFO: Run Behavior\WriteHtmlCacheBehavior [ RunTime:0.000721s ]
INFO: [ view_filter ] --END-- [ RunTime:0.000826s ]
SQL: SELECT n.id as id,`title`,`name`,`sort_name`,`content`,`img`,`date` FROM news n INNER JOIN author ON author_id=author.id INNER JOIN news_sort ON sort_ename=news_sort.e_name  ORDER BY id desc LIMIT 0,3   [ RunTime:0.0114s ]
INFO: [ app_end ] --START--
INFO: Run Behavior\ShowPageTraceBehavior [ RunTime:0.001177s ]
INFO: [ app_end ] --END-- [ RunTime:0.001337s ]

[ 2016-11-03T11:40:24+08:00 ] ::1 /lidong/yuanku/index.php/Home/Index/news_detail/id/2.html
INFO: [ app_init ] --START--
INFO: Run Behavior\BuildLiteBehavior [ RunTime:0.000054s ]
INFO: [ app_init ] --END-- [ RunTime:0.001122s ]
INFO: [ app_begin ] --START--
INFO: Run Behavior\ReadHtmlCacheBehavior [ RunTime:0.001409s ]
INFO: [ app_begin ] --END-- [ RunTime:0.001680s ]
SQL: SHOW COLUMNS FROM `news` [ RunTime:0.0157s ]
SQL: SELECT `id`,`title`,`img`,`date` FROM `news` ORDER BY id desc LIMIT 3   [ RunTime:0.0004s ]
SQL: SELECT n.id as id,`title`,`name`,`sort_name`,`content`,`img`,`date`,`introduction` FROM news n INNER JOIN author INNER JOIN news_sort  WHERE ( n.id=2 AND author.id=author_id AND sort_ename=news_sort.e_name )  [ RunTime:0.0004s ]
INFO: [ view_parse ] --START--
INFO: [ template_filter ] --START--
INFO: Run Behavior\ContentReplaceBehavior [ RunTime:0.000165s ]
INFO: [ template_filter ] --END-- [ RunTime:0.000314s ]
NOTIC: [8] A non well formed numeric value encountered E:\mysql\wamp\www\lidong\yuanku\Application\Runtime\Cache\Home\5ce56c6da75d18834febc25b28cacbc3.php 第 101 行.
NOTIC: [8] Use of undefined constant id - assumed 'id' E:\mysql\wamp\www\lidong\yuanku\Application\Runtime\Cache\Home\5ce56c6da75d18834febc25b28cacbc3.php 第 106 行.
NOTIC: [8] Use of undefined constant id - assumed 'id' E:\mysql\wamp\www\lidong\yuanku\Application\Runtime\Cache\Home\5ce56c6da75d18834febc25b28cacbc3.php 第 169 行.
NOTIC: [8] Use of undefined constant id - assumed 'id' E:\mysql\wamp\www\lidong\yuanku\Application\Runtime\Cache\Home\5ce56c6da75d18834febc25b28cacbc3.php 第 170 行.
NOTIC: [8] Use of undefined constant id - assumed 'id' E:\mysql\wamp\www\lidong\yuanku\Application\Runtime\Cache\Home\5ce56c6da75d18834febc25b28cacbc3.php 第 169 行.
NOTIC: [8] Use of undefined constant id - assumed 'id' E:\mysql\wamp\www\lidong\yuanku\Application\Runtime\Cache\Home\5ce56c6da75d18834febc25b28cacbc3.php 第 170 行.
NOTIC: [8] Use of undefined constant id - assumed 'id' E:\mysql\wamp\www\lidong\yuanku\Application\Runtime\Cache\Home\5ce56c6da75d18834febc25b28cacbc3.php 第 169 行.
NOTIC: [8] Use of undefined constant id - assumed 'id' E:\mysql\wamp\www\lidong\yuanku\Application\Runtime\Cache\Home\5ce56c6da75d18834febc25b28cacbc3.php 第 170 行.
SQL: SELECT * FROM `news` ORDER BY id desc LIMIT 3   [ RunTime:0.0009s ]
NOTIC: [8] Undefined variable: f_html E:\mysql\wamp\www\lidong\yuanku\Application\Home\Common\function.php 第 15 行.
INFO: Run Behavior\ParseTemplateBehavior [ RunTime:0.027674s ]
INFO: [ view_parse ] --END-- [ RunTime:0.027836s ]
INFO: [ view_filter ] --START--
INFO: Run Behavior\WriteHtmlCacheBehavior [ RunTime:0.000987s ]
INFO: [ view_filter ] --END-- [ RunTime:0.001109s ]
INFO: [ app_end ] --START--
INFO: Run Behavior\ShowPageTraceBehavior [ RunTime:0.000868s ]
INFO: [ app_end ] --END-- [ RunTime:0.000975s ]

