[ 2016-10-23T17:01:20+08:00 ] ::1 /thinkphp_3.2.3_full/yuanku/index.php
INFO: [ app_init ] --START--
INFO: Run Behavior\BuildLiteBehavior [ RunTime:0.000096s ]
INFO: [ app_init ] --END-- [ RunTime:0.007658s ]
INFO: [ app_begin ] --START--
INFO: Run Behavior\ReadHtmlCacheBehavior [ RunTime:0.009317s ]
INFO: [ app_begin ] --END-- [ RunTime:0.027910s ]
SQL: SHOW COLUMNS FROM `system_conf` [ RunTime:0.0801s ]
SQL: SELECT * FROM `system_conf` LIMIT 1   [ RunTime:0.0005s ]
NOTIC: [2] unlink(./Application/Runtime/Temp/08b89d3caec7cf7e0564ae3bf9683308.php) [<a href='function.unlink'>function.unlink</a>]: No such file or directory C:\wamp\www\thinkphp_3.2.3_full\yuanku\ThinkPHP\Library\Think\Cache\Driver\File.class.php 第 157 行.
INFO: [ view_parse ] --START--
INFO: [ template_filter ] --START--
INFO: Run Behavior\ContentReplaceBehavior [ RunTime:0.000619s ]
INFO: [ template_filter ] --END-- [ RunTime:0.000866s ]
INFO: Run Behavior\ParseTemplateBehavior [ RunTime:0.149896s ]
INFO: [ view_parse ] --END-- [ RunTime:0.150154s ]
INFO: [ view_filter ] --START--
INFO: Run Behavior\WriteHtmlCacheBehavior [ RunTime:0.013218s ]
INFO: [ view_filter ] --END-- [ RunTime:0.013419s ]
INFO: [ app_end ] --START--
INFO: Run Behavior\ShowPageTraceBehavior [ RunTime:0.012897s ]
INFO: [ app_end ] --END-- [ RunTime:0.013052s ]

