<<<<<<< HEAD
[ 2016-10-22T21:46:13+08:00 ] ::1 /lidong/yuanku/
INFO: [ app_init ] --START--
INFO: Run Behavior\BuildLiteBehavior [ RunTime:0.000064s ]
INFO: [ app_init ] --END-- [ RunTime:0.001848s ]
INFO: [ app_begin ] --START--
INFO: Run Behavior\ReadHtmlCacheBehavior [ RunTime:0.004361s ]
INFO: [ app_begin ] --END-- [ RunTime:0.005182s ]
SQL: SHOW COLUMNS FROM `system_conf` [ RunTime:0.1862s ]
SQL: SELECT * FROM `system_conf` LIMIT 1   [ RunTime:0.0004s ]
INFO: [ view_parse ] --START--
INFO: [ template_filter ] --START--
INFO: Run Behavior\ContentReplaceBehavior [ RunTime:0.000334s ]
INFO: [ template_filter ] --END-- [ RunTime:0.000559s ]
INFO: Run Behavior\ParseTemplateBehavior [ RunTime:0.036524s ]
INFO: [ view_parse ] --END-- [ RunTime:0.036733s ]
INFO: [ view_filter ] --START--
INFO: Run Behavior\WriteHtmlCacheBehavior [ RunTime:0.000783s ]
INFO: [ view_filter ] --END-- [ RunTime:0.000909s ]
INFO: [ app_end ] --START--
INFO: Run Behavior\ShowPageTraceBehavior [ RunTime:0.001015s ]
INFO: [ app_end ] --END-- [ RunTime:0.001136s ]
=======
[ 2016-10-22T11:43:10+08:00 ] ::1 /yuanku/index.php/
INFO: [ app_init ] --START--
INFO: Run Behavior\BuildLiteBehavior [ RunTime:0.000042s ]
INFO: [ app_init ] --END-- [ RunTime:0.000866s ]
INFO: [ app_begin ] --START--
INFO: Run Behavior\ReadHtmlCacheBehavior [ RunTime:0.001148s ]
INFO: [ app_begin ] --END-- [ RunTime:0.001378s ]
INFO: [ view_parse ] --START--
INFO: [ template_filter ] --START--
INFO: Run Behavior\ContentReplaceBehavior [ RunTime:0.001096s ]
INFO: [ template_filter ] --END-- [ RunTime:0.001526s ]
INFO: Run Behavior\ParseTemplateBehavior [ RunTime:0.142549s ]
INFO: [ view_parse ] --END-- [ RunTime:0.142994s ]
INFO: [ view_filter ] --START--
INFO: Run Behavior\WriteHtmlCacheBehavior [ RunTime:0.001287s ]
INFO: [ view_filter ] --END-- [ RunTime:0.001620s ]
INFO: [ app_end ] --START--
INFO: Run Behavior\ShowPageTraceBehavior [ RunTime:0.002396s ]
INFO: [ app_end ] --END-- [ RunTime:0.002722s ]

[ 2016-10-22T11:43:15+08:00 ] ::1 /yuanku/index.php/Home/Index/register
INFO: [ app_init ] --START--
INFO: Run Behavior\BuildLiteBehavior [ RunTime:0.000044s ]
INFO: [ app_init ] --END-- [ RunTime:0.000776s ]
INFO: [ app_begin ] --START--
INFO: Run Behavior\ReadHtmlCacheBehavior [ RunTime:0.001114s ]
INFO: [ app_begin ] --END-- [ RunTime:0.001326s ]
INFO: [ view_parse ] --START--
INFO: [ template_filter ] --START--
INFO: Run Behavior\ContentReplaceBehavior [ RunTime:0.000230s ]
INFO: [ template_filter ] --END-- [ RunTime:0.000456s ]
INFO: Run Behavior\ParseTemplateBehavior [ RunTime:0.039811s ]
INFO: [ view_parse ] --END-- [ RunTime:0.040095s ]
INFO: [ view_filter ] --START--
INFO: Run Behavior\WriteHtmlCacheBehavior [ RunTime:0.001060s ]
INFO: [ view_filter ] --END-- [ RunTime:0.001315s ]
INFO: [ app_end ] --START--
INFO: Run Behavior\ShowPageTraceBehavior [ RunTime:0.001522s ]
INFO: [ app_end ] --END-- [ RunTime:0.001781s ]

[ 2016-10-22T11:43:15+08:00 ] ::1 /yuanku/index.php/Home/Register/userExistCheck?username=%E6%95%B0%E5%AD%97%E5%AA%92%E4%BD%93%E6%8A%80%E6%9C%AF
INFO: [ app_init ] --START--
INFO: Run Behavior\BuildLiteBehavior [ RunTime:0.000037s ]
INFO: [ app_init ] --END-- [ RunTime:0.000517s ]
INFO: [ app_begin ] --START--
INFO: Run Behavior\ReadHtmlCacheBehavior [ RunTime:0.000674s ]
INFO: [ app_begin ] --END-- [ RunTime:0.000786s ]
SQL: SHOW COLUMNS FROM `client_user` [ RunTime:0.0034s ]
SQL: SELECT * FROM `client_user` WHERE ( `user_name`='数字媒体技术' ) LIMIT 1   [ RunTime:0.0004s ]
INFO: [ app_end ] --START--
INFO: Run Behavior\ShowPageTraceBehavior [ RunTime:0.000795s ]
INFO: [ app_end ] --END-- [ RunTime:0.000916s ]

[ 2016-10-22T11:43:19+08:00 ] ::1 /yuanku/index.php/Home/Index/register
INFO: [ app_init ] --START--
INFO: Run Behavior\BuildLiteBehavior [ RunTime:0.000045s ]
INFO: [ app_init ] --END-- [ RunTime:0.000872s ]
INFO: [ app_begin ] --START--
INFO: Run Behavior\ReadHtmlCacheBehavior [ RunTime:0.001172s ]
INFO: [ app_begin ] --END-- [ RunTime:0.001408s ]
INFO: [ view_parse ] --START--
INFO: [ template_filter ] --START--
INFO: Run Behavior\ContentReplaceBehavior [ RunTime:0.000251s ]
INFO: [ template_filter ] --END-- [ RunTime:0.000490s ]
INFO: Run Behavior\ParseTemplateBehavior [ RunTime:0.021333s ]
INFO: [ view_parse ] --END-- [ RunTime:0.021609s ]
INFO: [ view_filter ] --START--
INFO: Run Behavior\WriteHtmlCacheBehavior [ RunTime:0.000740s ]
INFO: [ view_filter ] --END-- [ RunTime:0.000924s ]
INFO: [ app_end ] --START--
INFO: Run Behavior\ShowPageTraceBehavior [ RunTime:0.001182s ]
INFO: [ app_end ] --END-- [ RunTime:0.001379s ]

[ 2016-10-22T11:43:19+08:00 ] ::1 /yuanku/index.php/Home/Register/userExistCheck?username=%E6%95%B0%E5%AD%97%E5%AA%92%E4%BD%93%E6%8A%80%E6%9C%AF
INFO: [ app_init ] --START--
INFO: Run Behavior\BuildLiteBehavior [ RunTime:0.000038s ]
INFO: [ app_init ] --END-- [ RunTime:0.000870s ]
INFO: [ app_begin ] --START--
INFO: Run Behavior\ReadHtmlCacheBehavior [ RunTime:0.001111s ]
INFO: [ app_begin ] --END-- [ RunTime:0.001299s ]
SQL: SHOW COLUMNS FROM `client_user` [ RunTime:0.0035s ]
SQL: SELECT * FROM `client_user` WHERE ( `user_name`='数字媒体技术' ) LIMIT 1   [ RunTime:0.0007s ]
INFO: [ app_end ] --START--
INFO: Run Behavior\ShowPageTraceBehavior [ RunTime:0.000758s ]
INFO: [ app_end ] --END-- [ RunTime:0.000865s ]

[ 2016-10-22T11:43:20+08:00 ] ::1 /yuanku/index.php/Home/Index/register
INFO: [ app_init ] --START--
INFO: Run Behavior\BuildLiteBehavior [ RunTime:0.000040s ]
INFO: [ app_init ] --END-- [ RunTime:0.000788s ]
INFO: [ app_begin ] --START--
INFO: Run Behavior\ReadHtmlCacheBehavior [ RunTime:0.001119s ]
INFO: [ app_begin ] --END-- [ RunTime:0.001339s ]
INFO: [ view_parse ] --START--
INFO: [ template_filter ] --START--
INFO: Run Behavior\ContentReplaceBehavior [ RunTime:0.000209s ]
INFO: [ template_filter ] --END-- [ RunTime:0.000399s ]
INFO: Run Behavior\ParseTemplateBehavior [ RunTime:0.020273s ]
INFO: [ view_parse ] --END-- [ RunTime:0.020488s ]
INFO: [ view_filter ] --START--
INFO: Run Behavior\WriteHtmlCacheBehavior [ RunTime:0.000596s ]
INFO: [ view_filter ] --END-- [ RunTime:0.000745s ]
INFO: [ app_end ] --START--
INFO: Run Behavior\ShowPageTraceBehavior [ RunTime:0.000809s ]
INFO: [ app_end ] --END-- [ RunTime:0.000940s ]

[ 2016-10-22T11:43:20+08:00 ] ::1 /yuanku/index.php/Home/Register/userExistCheck?username=%E6%95%B0%E5%AD%97%E5%AA%92%E4%BD%93%E6%8A%80%E6%9C%AF
INFO: [ app_init ] --START--
INFO: Run Behavior\BuildLiteBehavior [ RunTime:0.000041s ]
INFO: [ app_init ] --END-- [ RunTime:0.000854s ]
INFO: [ app_begin ] --START--
INFO: Run Behavior\ReadHtmlCacheBehavior [ RunTime:0.000575s ]
INFO: [ app_begin ] --END-- [ RunTime:0.000692s ]
SQL: SHOW COLUMNS FROM `client_user` [ RunTime:0.0050s ]
SQL: SELECT * FROM `client_user` WHERE ( `user_name`='数字媒体技术' ) LIMIT 1   [ RunTime:0.0004s ]
INFO: [ app_end ] --START--
INFO: Run Behavior\ShowPageTraceBehavior [ RunTime:0.000714s ]
INFO: [ app_end ] --END-- [ RunTime:0.000812s ]

[ 2016-10-22T11:43:20+08:00 ] ::1 /yuanku/index.php/Home/Index/register
INFO: [ app_init ] --START--
INFO: Run Behavior\BuildLiteBehavior [ RunTime:0.000035s ]
INFO: [ app_init ] --END-- [ RunTime:0.000423s ]
INFO: [ app_begin ] --START--
INFO: Run Behavior\ReadHtmlCacheBehavior [ RunTime:0.000536s ]
INFO: [ app_begin ] --END-- [ RunTime:0.000664s ]
INFO: [ view_parse ] --START--
INFO: [ template_filter ] --START--
INFO: Run Behavior\ContentReplaceBehavior [ RunTime:0.000119s ]
INFO: [ template_filter ] --END-- [ RunTime:0.000231s ]
INFO: Run Behavior\ParseTemplateBehavior [ RunTime:0.010034s ]
INFO: [ view_parse ] --END-- [ RunTime:0.010181s ]
INFO: [ view_filter ] --START--
INFO: Run Behavior\WriteHtmlCacheBehavior [ RunTime:0.000329s ]
INFO: [ view_filter ] --END-- [ RunTime:0.000416s ]
INFO: [ app_end ] --START--
INFO: Run Behavior\ShowPageTraceBehavior [ RunTime:0.000572s ]
INFO: [ app_end ] --END-- [ RunTime:0.000664s ]

[ 2016-10-22T11:43:20+08:00 ] ::1 /yuanku/index.php/Home/Register/userExistCheck?username=%E6%95%B0%E5%AD%97%E5%AA%92%E4%BD%93%E6%8A%80%E6%9C%AF
INFO: [ app_init ] --START--
INFO: Run Behavior\BuildLiteBehavior [ RunTime:0.000033s ]
INFO: [ app_init ] --END-- [ RunTime:0.000472s ]
INFO: [ app_begin ] --START--
INFO: Run Behavior\ReadHtmlCacheBehavior [ RunTime:0.000666s ]
INFO: [ app_begin ] --END-- [ RunTime:0.000784s ]
SQL: SHOW COLUMNS FROM `client_user` [ RunTime:0.0028s ]
SQL: SELECT * FROM `client_user` WHERE ( `user_name`='数字媒体技术' ) LIMIT 1   [ RunTime:0.0016s ]
INFO: [ app_end ] --START--
INFO: Run Behavior\ShowPageTraceBehavior [ RunTime:0.001011s ]
INFO: [ app_end ] --END-- [ RunTime:0.001163s ]

[ 2016-10-22T11:43:24+08:00 ] ::1 /yuanku/index.php/Home/Index/contact_us
INFO: [ app_init ] --START--
INFO: Run Behavior\BuildLiteBehavior [ RunTime:0.000049s ]
INFO: [ app_init ] --END-- [ RunTime:0.000874s ]
INFO: [ app_begin ] --START--
INFO: Run Behavior\ReadHtmlCacheBehavior [ RunTime:0.001202s ]
INFO: [ app_begin ] --END-- [ RunTime:0.001440s ]
INFO: [ view_parse ] --START--
INFO: [ template_filter ] --START--
INFO: Run Behavior\ContentReplaceBehavior [ RunTime:0.000254s ]
INFO: [ template_filter ] --END-- [ RunTime:0.000503s ]
INFO: Run Behavior\ParseTemplateBehavior [ RunTime:0.031432s ]
INFO: [ view_parse ] --END-- [ RunTime:0.031700s ]
INFO: [ view_filter ] --START--
INFO: Run Behavior\WriteHtmlCacheBehavior [ RunTime:0.000749s ]
INFO: [ view_filter ] --END-- [ RunTime:0.001011s ]
INFO: [ app_end ] --START--
INFO: Run Behavior\ShowPageTraceBehavior [ RunTime:0.001321s ]
INFO: [ app_end ] --END-- [ RunTime:0.001528s ]

[ 2016-10-22T11:43:26+08:00 ] ::1 /yuanku/index.php/Home/Index/about_us
INFO: [ app_init ] --START--
INFO: Run Behavior\BuildLiteBehavior [ RunTime:0.000060s ]
INFO: [ app_init ] --END-- [ RunTime:0.000896s ]
INFO: [ app_begin ] --START--
INFO: Run Behavior\ReadHtmlCacheBehavior [ RunTime:0.001061s ]
INFO: [ app_begin ] --END-- [ RunTime:0.001274s ]
INFO: [ view_parse ] --START--
INFO: [ template_filter ] --START--
INFO: Run Behavior\ContentReplaceBehavior [ RunTime:0.000369s ]
INFO: [ template_filter ] --END-- [ RunTime:0.000602s ]
INFO: Run Behavior\ParseTemplateBehavior [ RunTime:0.077127s ]
INFO: [ view_parse ] --END-- [ RunTime:0.077341s ]
INFO: [ view_filter ] --START--
INFO: Run Behavior\WriteHtmlCacheBehavior [ RunTime:0.000542s ]
INFO: [ view_filter ] --END-- [ RunTime:0.000706s ]
INFO: [ app_end ] --START--
INFO: Run Behavior\ShowPageTraceBehavior [ RunTime:0.000940s ]
INFO: [ app_end ] --END-- [ RunTime:0.001139s ]

[ 2016-10-22T11:43:29+08:00 ] ::1 /yuanku/index.php/Home/Index/personal
INFO: [ app_init ] --START--
INFO: Run Behavior\BuildLiteBehavior [ RunTime:0.000044s ]
INFO: [ app_init ] --END-- [ RunTime:0.000738s ]
INFO: [ app_begin ] --START--
INFO: Run Behavior\ReadHtmlCacheBehavior [ RunTime:0.001089s ]
INFO: [ app_begin ] --END-- [ RunTime:0.001316s ]
INFO: [ view_parse ] --START--
INFO: [ template_filter ] --START--
INFO: Run Behavior\ContentReplaceBehavior [ RunTime:0.000443s ]
INFO: [ template_filter ] --END-- [ RunTime:0.000726s ]
NOTIC: [8] Undefined variable: title D:\wamp\www\yuanku\Application\Runtime\Cache\Home\c32ce1ba62d248c865a32a620b180fb9.php 第 6 行.
NOTIC: [8] Undefined variable: title D:\wamp\www\yuanku\Application\Runtime\Cache\Home\c32ce1ba62d248c865a32a620b180fb9.php 第 88 行.
NOTIC: [8] Undefined variable: head_photo D:\wamp\www\yuanku\Application\Runtime\Cache\Home\c32ce1ba62d248c865a32a620b180fb9.php 第 198 行.
NOTIC: [8] Undefined variable: email_address D:\wamp\www\yuanku\Application\Runtime\Cache\Home\c32ce1ba62d248c865a32a620b180fb9.php 第 211 行.
INFO: Run Behavior\ParseTemplateBehavior [ RunTime:0.076940s ]
INFO: [ view_parse ] --END-- [ RunTime:0.077170s ]
INFO: [ view_filter ] --START--
INFO: Run Behavior\WriteHtmlCacheBehavior [ RunTime:0.000902s ]
INFO: [ view_filter ] --END-- [ RunTime:0.001121s ]
INFO: [ app_end ] --START--
INFO: Run Behavior\ShowPageTraceBehavior [ RunTime:0.001322s ]
INFO: [ app_end ] --END-- [ RunTime:0.001582s ]

[ 2016-10-22T11:43:29+08:00 ] ::1 /yuanku/
INFO: [ app_init ] --START--
INFO: Run Behavior\BuildLiteBehavior [ RunTime:0.000043s ]
INFO: [ app_init ] --END-- [ RunTime:0.000702s ]
INFO: [ app_begin ] --START--
INFO: Run Behavior\ReadHtmlCacheBehavior [ RunTime:0.000894s ]
INFO: [ app_begin ] --END-- [ RunTime:0.001075s ]
INFO: [ view_parse ] --START--
INFO: [ template_filter ] --START--
INFO: Run Behavior\ContentReplaceBehavior [ RunTime:0.000312s ]
INFO: [ template_filter ] --END-- [ RunTime:0.000453s ]
INFO: Run Behavior\ParseTemplateBehavior [ RunTime:0.026201s ]
INFO: [ view_parse ] --END-- [ RunTime:0.026444s ]
INFO: [ view_filter ] --START--
INFO: Run Behavior\WriteHtmlCacheBehavior [ RunTime:0.000464s ]
INFO: [ view_filter ] --END-- [ RunTime:0.000573s ]
INFO: [ app_end ] --START--
INFO: Run Behavior\ShowPageTraceBehavior [ RunTime:0.000628s ]
INFO: [ app_end ] --END-- [ RunTime:0.000733s ]

[ 2016-10-22T11:43:32+08:00 ] ::1 /yuanku/index.php/Home/Index/personal
INFO: [ app_init ] --START--
INFO: Run Behavior\BuildLiteBehavior [ RunTime:0.000077s ]
INFO: [ app_init ] --END-- [ RunTime:0.001292s ]
INFO: [ app_begin ] --START--
INFO: Run Behavior\ReadHtmlCacheBehavior [ RunTime:0.002288s ]
INFO: [ app_begin ] --END-- [ RunTime:0.002661s ]
INFO: [ view_parse ] --START--
INFO: [ template_filter ] --START--
INFO: Run Behavior\ContentReplaceBehavior [ RunTime:0.000538s ]
INFO: [ template_filter ] --END-- [ RunTime:0.000892s ]
NOTIC: [8] Undefined variable: title D:\wamp\www\yuanku\Application\Runtime\Cache\Home\c32ce1ba62d248c865a32a620b180fb9.php 第 6 行.
NOTIC: [8] Undefined variable: title D:\wamp\www\yuanku\Application\Runtime\Cache\Home\c32ce1ba62d248c865a32a620b180fb9.php 第 88 行.
NOTIC: [8] Undefined variable: head_photo D:\wamp\www\yuanku\Application\Runtime\Cache\Home\c32ce1ba62d248c865a32a620b180fb9.php 第 198 行.
NOTIC: [8] Undefined variable: email_address D:\wamp\www\yuanku\Application\Runtime\Cache\Home\c32ce1ba62d248c865a32a620b180fb9.php 第 211 行.
INFO: Run Behavior\ParseTemplateBehavior [ RunTime:0.047957s ]
INFO: [ view_parse ] --END-- [ RunTime:0.048304s ]
INFO: [ view_filter ] --START--
INFO: Run Behavior\WriteHtmlCacheBehavior [ RunTime:0.001517s ]
INFO: [ view_filter ] --END-- [ RunTime:0.001833s ]
INFO: [ app_end ] --START--
INFO: Run Behavior\ShowPageTraceBehavior [ RunTime:0.003874s ]
INFO: [ app_end ] --END-- [ RunTime:0.004232s ]

[ 2016-10-22T11:43:32+08:00 ] ::1 /yuanku/
INFO: [ app_init ] --START--
INFO: Run Behavior\BuildLiteBehavior [ RunTime:0.000029s ]
INFO: [ app_init ] --END-- [ RunTime:0.000487s ]
INFO: [ app_begin ] --START--
INFO: Run Behavior\ReadHtmlCacheBehavior [ RunTime:0.000694s ]
INFO: [ app_begin ] --END-- [ RunTime:0.000859s ]
INFO: [ view_parse ] --START--
INFO: [ template_filter ] --START--
INFO: Run Behavior\ContentReplaceBehavior [ RunTime:0.000575s ]
INFO: [ template_filter ] --END-- [ RunTime:0.000809s ]
INFO: Run Behavior\ParseTemplateBehavior [ RunTime:0.022789s ]
INFO: [ view_parse ] --END-- [ RunTime:0.022951s ]
INFO: [ view_filter ] --START--
INFO: Run Behavior\WriteHtmlCacheBehavior [ RunTime:0.000435s ]
INFO: [ view_filter ] --END-- [ RunTime:0.000550s ]
INFO: [ app_end ] --START--
INFO: Run Behavior\ShowPageTraceBehavior [ RunTime:0.000654s ]
INFO: [ app_end ] --END-- [ RunTime:0.000762s ]

[ 2016-10-22T11:43:33+08:00 ] ::1 /yuanku/index.php/Home/Index/personal
INFO: [ app_init ] --START--
INFO: Run Behavior\BuildLiteBehavior [ RunTime:0.000073s ]
INFO: [ app_init ] --END-- [ RunTime:0.001180s ]
INFO: [ app_begin ] --START--
INFO: Run Behavior\ReadHtmlCacheBehavior [ RunTime:0.001409s ]
INFO: [ app_begin ] --END-- [ RunTime:0.001773s ]
INFO: [ view_parse ] --START--
INFO: [ template_filter ] --START--
INFO: Run Behavior\ContentReplaceBehavior [ RunTime:0.000525s ]
INFO: [ template_filter ] --END-- [ RunTime:0.000892s ]
NOTIC: [8] Undefined variable: title D:\wamp\www\yuanku\Application\Runtime\Cache\Home\c32ce1ba62d248c865a32a620b180fb9.php 第 6 行.
NOTIC: [8] Undefined variable: title D:\wamp\www\yuanku\Application\Runtime\Cache\Home\c32ce1ba62d248c865a32a620b180fb9.php 第 88 行.
NOTIC: [8] Undefined variable: head_photo D:\wamp\www\yuanku\Application\Runtime\Cache\Home\c32ce1ba62d248c865a32a620b180fb9.php 第 198 行.
NOTIC: [8] Undefined variable: email_address D:\wamp\www\yuanku\Application\Runtime\Cache\Home\c32ce1ba62d248c865a32a620b180fb9.php 第 211 行.
INFO: Run Behavior\ParseTemplateBehavior [ RunTime:0.045522s ]
INFO: [ view_parse ] --END-- [ RunTime:0.045868s ]
INFO: [ view_filter ] --START--
INFO: Run Behavior\WriteHtmlCacheBehavior [ RunTime:0.000712s ]
INFO: [ view_filter ] --END-- [ RunTime:0.001021s ]
INFO: [ app_end ] --START--
INFO: Run Behavior\ShowPageTraceBehavior [ RunTime:0.001583s ]
INFO: [ app_end ] --END-- [ RunTime:0.001978s ]

[ 2016-10-22T11:43:33+08:00 ] ::1 /yuanku/
INFO: [ app_init ] --START--
INFO: Run Behavior\BuildLiteBehavior [ RunTime:0.000028s ]
INFO: [ app_init ] --END-- [ RunTime:0.000480s ]
INFO: [ app_begin ] --START--
INFO: Run Behavior\ReadHtmlCacheBehavior [ RunTime:0.000805s ]
INFO: [ app_begin ] --END-- [ RunTime:0.000967s ]
INFO: [ view_parse ] --START--
INFO: [ template_filter ] --START--
INFO: Run Behavior\ContentReplaceBehavior [ RunTime:0.000636s ]
INFO: [ template_filter ] --END-- [ RunTime:0.001301s ]
INFO: Run Behavior\ParseTemplateBehavior [ RunTime:0.024527s ]
INFO: [ view_parse ] --END-- [ RunTime:0.024731s ]
INFO: [ view_filter ] --START--
INFO: Run Behavior\WriteHtmlCacheBehavior [ RunTime:0.000713s ]
INFO: [ view_filter ] --END-- [ RunTime:0.000905s ]
INFO: [ app_end ] --START--
INFO: Run Behavior\ShowPageTraceBehavior [ RunTime:0.001009s ]
INFO: [ app_end ] --END-- [ RunTime:0.001188s ]

[ 2016-10-22T11:43:34+08:00 ] ::1 /yuanku/index.php/Home/Index/personal
INFO: [ app_init ] --START--
INFO: Run Behavior\BuildLiteBehavior [ RunTime:0.000048s ]
INFO: [ app_init ] --END-- [ RunTime:0.000810s ]
INFO: [ app_begin ] --START--
INFO: Run Behavior\ReadHtmlCacheBehavior [ RunTime:0.001294s ]
INFO: [ app_begin ] --END-- [ RunTime:0.001517s ]
INFO: [ view_parse ] --START--
INFO: [ template_filter ] --START--
INFO: Run Behavior\ContentReplaceBehavior [ RunTime:0.000320s ]
INFO: [ template_filter ] --END-- [ RunTime:0.000545s ]
NOTIC: [8] Undefined variable: title D:\wamp\www\yuanku\Application\Runtime\Cache\Home\c32ce1ba62d248c865a32a620b180fb9.php 第 6 行.
NOTIC: [8] Undefined variable: title D:\wamp\www\yuanku\Application\Runtime\Cache\Home\c32ce1ba62d248c865a32a620b180fb9.php 第 88 行.
NOTIC: [8] Undefined variable: head_photo D:\wamp\www\yuanku\Application\Runtime\Cache\Home\c32ce1ba62d248c865a32a620b180fb9.php 第 198 行.
NOTIC: [8] Undefined variable: email_address D:\wamp\www\yuanku\Application\Runtime\Cache\Home\c32ce1ba62d248c865a32a620b180fb9.php 第 211 行.
INFO: Run Behavior\ParseTemplateBehavior [ RunTime:0.026700s ]
INFO: [ view_parse ] --END-- [ RunTime:0.026908s ]
INFO: [ view_filter ] --START--
INFO: Run Behavior\WriteHtmlCacheBehavior [ RunTime:0.000908s ]
INFO: [ view_filter ] --END-- [ RunTime:0.001103s ]
INFO: [ app_end ] --START--
INFO: Run Behavior\ShowPageTraceBehavior [ RunTime:0.001322s ]
INFO: [ app_end ] --END-- [ RunTime:0.001520s ]

[ 2016-10-22T11:43:34+08:00 ] ::1 /yuanku/
INFO: [ app_init ] --START--
INFO: Run Behavior\BuildLiteBehavior [ RunTime:0.000034s ]
INFO: [ app_init ] --END-- [ RunTime:0.000477s ]
INFO: [ app_begin ] --START--
INFO: Run Behavior\ReadHtmlCacheBehavior [ RunTime:0.000969s ]
INFO: [ app_begin ] --END-- [ RunTime:0.001172s ]
INFO: [ view_parse ] --START--
INFO: [ template_filter ] --START--
INFO: Run Behavior\ContentReplaceBehavior [ RunTime:0.000497s ]
INFO: [ template_filter ] --END-- [ RunTime:0.000866s ]
INFO: Run Behavior\ParseTemplateBehavior [ RunTime:0.027554s ]
INFO: [ view_parse ] --END-- [ RunTime:0.027758s ]
INFO: [ view_filter ] --START--
INFO: Run Behavior\WriteHtmlCacheBehavior [ RunTime:0.000430s ]
INFO: [ view_filter ] --END-- [ RunTime:0.000546s ]
INFO: [ app_end ] --START--
INFO: Run Behavior\ShowPageTraceBehavior [ RunTime:0.000644s ]
INFO: [ app_end ] --END-- [ RunTime:0.000753s ]

[ 2016-10-22T11:43:43+08:00 ] ::1 /yuanku/index.php/Home/Index/personal
INFO: [ app_init ] --START--
INFO: Run Behavior\BuildLiteBehavior [ RunTime:0.000077s ]
INFO: [ app_init ] --END-- [ RunTime:0.001347s ]
INFO: [ app_begin ] --START--
INFO: Run Behavior\ReadHtmlCacheBehavior [ RunTime:0.003795s ]
INFO: [ app_begin ] --END-- [ RunTime:0.004631s ]
INFO: [ view_parse ] --START--
INFO: [ template_filter ] --START--
INFO: Run Behavior\ContentReplaceBehavior [ RunTime:0.000527s ]
INFO: [ template_filter ] --END-- [ RunTime:0.000913s ]
NOTIC: [8] Undefined variable: title D:\wamp\www\yuanku\Application\Runtime\Cache\Home\c32ce1ba62d248c865a32a620b180fb9.php 第 6 行.
NOTIC: [8] Undefined variable: title D:\wamp\www\yuanku\Application\Runtime\Cache\Home\c32ce1ba62d248c865a32a620b180fb9.php 第 88 行.
NOTIC: [8] Undefined variable: head_photo D:\wamp\www\yuanku\Application\Runtime\Cache\Home\c32ce1ba62d248c865a32a620b180fb9.php 第 198 行.
NOTIC: [8] Undefined variable: email_address D:\wamp\www\yuanku\Application\Runtime\Cache\Home\c32ce1ba62d248c865a32a620b180fb9.php 第 211 行.
INFO: Run Behavior\ParseTemplateBehavior [ RunTime:0.046624s ]
INFO: [ view_parse ] --END-- [ RunTime:0.047010s ]
INFO: [ view_filter ] --START--
INFO: Run Behavior\WriteHtmlCacheBehavior [ RunTime:0.003450s ]
INFO: [ view_filter ] --END-- [ RunTime:0.003817s ]
INFO: [ app_end ] --START--
INFO: Run Behavior\ShowPageTraceBehavior [ RunTime:0.002392s ]
INFO: [ app_end ] --END-- [ RunTime:0.002752s ]

[ 2016-10-22T11:43:43+08:00 ] ::1 /yuanku/
INFO: [ app_init ] --START--
INFO: Run Behavior\BuildLiteBehavior [ RunTime:0.000025s ]
INFO: [ app_init ] --END-- [ RunTime:0.000417s ]
INFO: [ app_begin ] --START--
INFO: Run Behavior\ReadHtmlCacheBehavior [ RunTime:0.000481s ]
INFO: [ app_begin ] --END-- [ RunTime:0.000605s ]
INFO: [ view_parse ] --START--
INFO: [ template_filter ] --START--
INFO: Run Behavior\ContentReplaceBehavior [ RunTime:0.000290s ]
INFO: [ template_filter ] --END-- [ RunTime:0.000425s ]
INFO: Run Behavior\ParseTemplateBehavior [ RunTime:0.020263s ]
INFO: [ view_parse ] --END-- [ RunTime:0.020394s ]
INFO: [ view_filter ] --START--
INFO: Run Behavior\WriteHtmlCacheBehavior [ RunTime:0.000245s ]
INFO: [ view_filter ] --END-- [ RunTime:0.000384s ]
INFO: [ app_end ] --START--
INFO: Run Behavior\ShowPageTraceBehavior [ RunTime:0.000539s ]
INFO: [ app_end ] --END-- [ RunTime:0.000647s ]

[ 2016-10-22T11:43:51+08:00 ] ::1 /yuanku/index.php/Home/Index/register
INFO: [ app_init ] --START--
INFO: Run Behavior\BuildLiteBehavior [ RunTime:0.000049s ]
INFO: [ app_init ] --END-- [ RunTime:0.000993s ]
INFO: [ app_begin ] --START--
INFO: Run Behavior\ReadHtmlCacheBehavior [ RunTime:0.001307s ]
INFO: [ app_begin ] --END-- [ RunTime:0.001528s ]
INFO: [ view_parse ] --START--
INFO: [ template_filter ] --START--
INFO: Run Behavior\ContentReplaceBehavior [ RunTime:0.000288s ]
INFO: [ template_filter ] --END-- [ RunTime:0.000524s ]
INFO: Run Behavior\ParseTemplateBehavior [ RunTime:0.023034s ]
INFO: [ view_parse ] --END-- [ RunTime:0.023271s ]
INFO: [ view_filter ] --START--
INFO: Run Behavior\WriteHtmlCacheBehavior [ RunTime:0.000878s ]
INFO: [ view_filter ] --END-- [ RunTime:0.001074s ]
INFO: [ app_end ] --START--
INFO: Run Behavior\ShowPageTraceBehavior [ RunTime:0.001303s ]
INFO: [ app_end ] --END-- [ RunTime:0.001497s ]

[ 2016-10-22T11:43:51+08:00 ] ::1 /yuanku/index.php/Home/Register/userExistCheck?username=%E6%95%B0%E5%AD%97%E5%AA%92%E4%BD%93%E6%8A%80%E6%9C%AF
INFO: [ app_init ] --START--
INFO: Run Behavior\BuildLiteBehavior [ RunTime:0.000027s ]
INFO: [ app_init ] --END-- [ RunTime:0.000449s ]
INFO: [ app_begin ] --START--
INFO: Run Behavior\ReadHtmlCacheBehavior [ RunTime:0.000705s ]
INFO: [ app_begin ] --END-- [ RunTime:0.000807s ]
SQL: SHOW COLUMNS FROM `client_user` [ RunTime:0.0028s ]
SQL: SELECT * FROM `client_user` WHERE ( `user_name`='数字媒体技术' ) LIMIT 1   [ RunTime:0.0004s ]
INFO: [ app_end ] --START--
INFO: Run Behavior\ShowPageTraceBehavior [ RunTime:0.000884s ]
INFO: [ app_end ] --END-- [ RunTime:0.000994s ]

[ 2016-10-22T11:43:57+08:00 ] ::1 /yuanku/index.php/Home/Index/register
INFO: [ app_init ] --START--
INFO: Run Behavior\BuildLiteBehavior [ RunTime:0.000047s ]
INFO: [ app_init ] --END-- [ RunTime:0.000849s ]
INFO: [ app_begin ] --START--
INFO: Run Behavior\ReadHtmlCacheBehavior [ RunTime:0.001339s ]
INFO: [ app_begin ] --END-- [ RunTime:0.001576s ]
INFO: [ view_parse ] --START--
INFO: [ template_filter ] --START--
INFO: Run Behavior\ContentReplaceBehavior [ RunTime:0.000256s ]
INFO: [ template_filter ] --END-- [ RunTime:0.000483s ]
INFO: Run Behavior\ParseTemplateBehavior [ RunTime:0.021356s ]
INFO: [ view_parse ] --END-- [ RunTime:0.021603s ]
INFO: [ view_filter ] --START--
INFO: Run Behavior\WriteHtmlCacheBehavior [ RunTime:0.001001s ]
INFO: [ view_filter ] --END-- [ RunTime:0.001205s ]
INFO: [ app_end ] --START--
INFO: Run Behavior\ShowPageTraceBehavior [ RunTime:0.001325s ]
INFO: [ app_end ] --END-- [ RunTime:0.001519s ]

[ 2016-10-22T11:43:57+08:00 ] ::1 /yuanku/index.php/Home/Register/userExistCheck?username=%E6%95%B0%E5%AD%97%E5%AA%92%E4%BD%93%E6%8A%80%E6%9C%AF
INFO: [ app_init ] --START--
INFO: Run Behavior\BuildLiteBehavior [ RunTime:0.000038s ]
INFO: [ app_init ] --END-- [ RunTime:0.000428s ]
INFO: [ app_begin ] --START--
INFO: Run Behavior\ReadHtmlCacheBehavior [ RunTime:0.001215s ]
INFO: [ app_begin ] --END-- [ RunTime:0.001349s ]
SQL: SHOW COLUMNS FROM `client_user` [ RunTime:0.0028s ]
SQL: SELECT * FROM `client_user` WHERE ( `user_name`='数字媒体技术' ) LIMIT 1   [ RunTime:0.0004s ]
INFO: [ app_end ] --START--
INFO: Run Behavior\ShowPageTraceBehavior [ RunTime:0.000850s ]
INFO: [ app_end ] --END-- [ RunTime:0.000972s ]

[ 2016-10-22T11:43:58+08:00 ] ::1 /yuanku/index.php/Home/Index/register
INFO: [ app_init ] --START--
INFO: Run Behavior\BuildLiteBehavior [ RunTime:0.000046s ]
INFO: [ app_init ] --END-- [ RunTime:0.000805s ]
INFO: [ app_begin ] --START--
INFO: Run Behavior\ReadHtmlCacheBehavior [ RunTime:0.001180s ]
INFO: [ app_begin ] --END-- [ RunTime:0.001410s ]
INFO: [ view_parse ] --START--
INFO: [ template_filter ] --START--
INFO: Run Behavior\ContentReplaceBehavior [ RunTime:0.000241s ]
INFO: [ template_filter ] --END-- [ RunTime:0.000469s ]
INFO: Run Behavior\ParseTemplateBehavior [ RunTime:0.022488s ]
INFO: [ view_parse ] --END-- [ RunTime:0.022722s ]
INFO: [ view_filter ] --START--
INFO: Run Behavior\WriteHtmlCacheBehavior [ RunTime:0.000862s ]
INFO: [ view_filter ] --END-- [ RunTime:0.001067s ]
INFO: [ app_end ] --START--
INFO: Run Behavior\ShowPageTraceBehavior [ RunTime:0.001214s ]
INFO: [ app_end ] --END-- [ RunTime:0.001415s ]

[ 2016-10-22T11:43:58+08:00 ] ::1 /yuanku/index.php/Home/Register/userExistCheck?username=%E6%95%B0%E5%AD%97%E5%AA%92%E4%BD%93%E6%8A%80%E6%9C%AF
INFO: [ app_init ] --START--
INFO: Run Behavior\BuildLiteBehavior [ RunTime:0.000028s ]
INFO: [ app_init ] --END-- [ RunTime:0.000466s ]
INFO: [ app_begin ] --START--
INFO: Run Behavior\ReadHtmlCacheBehavior [ RunTime:0.000633s ]
INFO: [ app_begin ] --END-- [ RunTime:0.000746s ]
SQL: SHOW COLUMNS FROM `client_user` [ RunTime:0.0027s ]
SQL: SELECT * FROM `client_user` WHERE ( `user_name`='数字媒体技术' ) LIMIT 1   [ RunTime:0.0003s ]
INFO: [ app_end ] --START--
INFO: Run Behavior\ShowPageTraceBehavior [ RunTime:0.000806s ]
INFO: [ app_end ] --END-- [ RunTime:0.000920s ]

[ 2016-10-22T11:50:34+08:00 ] ::1 /yuanku/
INFO: [ app_init ] --START--
INFO: Run Behavior\BuildLiteBehavior [ RunTime:0.000040s ]
INFO: [ app_init ] --END-- [ RunTime:0.000712s ]
INFO: [ app_begin ] --START--
INFO: Run Behavior\ReadHtmlCacheBehavior [ RunTime:0.000979s ]
INFO: [ app_begin ] --END-- [ RunTime:0.001177s ]
INFO: [ view_parse ] --START--
INFO: [ template_filter ] --START--
INFO: Run Behavior\ContentReplaceBehavior [ RunTime:0.000455s ]
INFO: [ template_filter ] --END-- [ RunTime:0.000691s ]
INFO: Run Behavior\ParseTemplateBehavior [ RunTime:0.023590s ]
INFO: [ view_parse ] --END-- [ RunTime:0.023765s ]
INFO: [ view_filter ] --START--
INFO: Run Behavior\WriteHtmlCacheBehavior [ RunTime:0.000556s ]
INFO: [ view_filter ] --END-- [ RunTime:0.000715s ]
INFO: [ app_end ] --START--
INFO: Run Behavior\ShowPageTraceBehavior [ RunTime:0.001018s ]
INFO: [ app_end ] --END-- [ RunTime:0.001181s ]

[ 2016-10-22T11:50:38+08:00 ] ::1 /yuanku/index.php/Home/Index/login
INFO: [ app_init ] --START--
INFO: Run Behavior\BuildLiteBehavior [ RunTime:0.000047s ]
INFO: [ app_init ] --END-- [ RunTime:0.000907s ]
INFO: [ app_begin ] --START--
INFO: Run Behavior\ReadHtmlCacheBehavior [ RunTime:0.001236s ]
INFO: [ app_begin ] --END-- [ RunTime:0.001471s ]
INFO: [ view_parse ] --START--
INFO: [ template_filter ] --START--
INFO: Run Behavior\ContentReplaceBehavior [ RunTime:0.000614s ]
INFO: [ template_filter ] --END-- [ RunTime:0.001101s ]
INFO: Run Behavior\ParseTemplateBehavior [ RunTime:0.100644s ]
INFO: [ view_parse ] --END-- [ RunTime:0.100970s ]
INFO: [ view_filter ] --START--
INFO: Run Behavior\WriteHtmlCacheBehavior [ RunTime:0.000857s ]
INFO: [ view_filter ] --END-- [ RunTime:0.001092s ]
INFO: [ app_end ] --START--
INFO: Run Behavior\ShowPageTraceBehavior [ RunTime:0.001522s ]
INFO: [ app_end ] --END-- [ RunTime:0.001757s ]

[ 2016-10-22T11:50:38+08:00 ] ::1 /yuanku/index.php/Home/Register/userExistCheck?username=%E6%95%B0%E5%AD%97%E5%AA%92%E4%BD%93%E6%8A%80%E6%9C%AF
INFO: [ app_init ] --START--
INFO: Run Behavior\BuildLiteBehavior [ RunTime:0.000028s ]
INFO: [ app_init ] --END-- [ RunTime:0.000560s ]
INFO: [ app_begin ] --START--
INFO: Run Behavior\ReadHtmlCacheBehavior [ RunTime:0.001289s ]
INFO: [ app_begin ] --END-- [ RunTime:0.001502s ]
SQL: SHOW COLUMNS FROM `client_user` [ RunTime:0.0033s ]
SQL: SELECT * FROM `client_user` WHERE ( `user_name`='数字媒体技术' ) LIMIT 1   [ RunTime:0.0004s ]
INFO: [ app_end ] --START--
INFO: Run Behavior\ShowPageTraceBehavior [ RunTime:0.000964s ]
INFO: [ app_end ] --END-- [ RunTime:0.001098s ]

[ 2016-10-22T11:50:42+08:00 ] ::1 /yuanku/index.php/Home/Login/checkLogin
INFO: [ app_init ] --START--
INFO: Run Behavior\BuildLiteBehavior [ RunTime:0.000047s ]
INFO: [ app_init ] --END-- [ RunTime:0.000965s ]
INFO: [ app_begin ] --START--
INFO: Run Behavior\ReadHtmlCacheBehavior [ RunTime:0.001177s ]
INFO: [ app_begin ] --END-- [ RunTime:0.001426s ]
SQL: SHOW COLUMNS FROM `client_user` [ RunTime:0.0080s ]
SQL: SELECT * FROM `client_user` WHERE ( user_name="数字媒体技术" and user_pwd="e10adc3949ba59abbe56e057f20f883e" ) LIMIT 1   [ RunTime:0.0010s ]
INFO: [ view_parse ] --START--
INFO: [ template_filter ] --START--
INFO: Run Behavior\ContentReplaceBehavior [ RunTime:0.000241s ]
INFO: [ template_filter ] --END-- [ RunTime:0.000651s ]
INFO: Run Behavior\ParseTemplateBehavior [ RunTime:0.022971s ]
INFO: [ view_parse ] --END-- [ RunTime:0.023403s ]
INFO: [ view_filter ] --START--
INFO: Run Behavior\WriteHtmlCacheBehavior [ RunTime:0.001396s ]
INFO: [ view_filter ] --END-- [ RunTime:0.001796s ]

[ 2016-10-22T11:50:43+08:00 ] ::1 /yuanku/index.php/Home/Index/login.html
INFO: [ app_init ] --START--
INFO: Run Behavior\BuildLiteBehavior [ RunTime:0.000048s ]
INFO: [ app_init ] --END-- [ RunTime:0.000930s ]
INFO: [ app_begin ] --START--
INFO: Run Behavior\ReadHtmlCacheBehavior [ RunTime:0.001274s ]
INFO: [ app_begin ] --END-- [ RunTime:0.001499s ]
INFO: [ view_parse ] --START--
INFO: [ template_filter ] --START--
INFO: Run Behavior\ContentReplaceBehavior [ RunTime:0.000160s ]
INFO: [ template_filter ] --END-- [ RunTime:0.000279s ]
INFO: Run Behavior\ParseTemplateBehavior [ RunTime:0.018638s ]
INFO: [ view_parse ] --END-- [ RunTime:0.018867s ]
INFO: [ view_filter ] --START--
INFO: Run Behavior\WriteHtmlCacheBehavior [ RunTime:0.000391s ]
INFO: [ view_filter ] --END-- [ RunTime:0.000498s ]
INFO: [ app_end ] --START--
INFO: Run Behavior\ShowPageTraceBehavior [ RunTime:0.000641s ]
INFO: [ app_end ] --END-- [ RunTime:0.000754s ]

[ 2016-10-22T11:50:43+08:00 ] ::1 /yuanku/index.php/Home/Register/userExistCheck?username=%E6%95%B0%E5%AD%97%E5%AA%92%E4%BD%93%E6%8A%80%E6%9C%AF
INFO: [ app_init ] --START--
INFO: Run Behavior\BuildLiteBehavior [ RunTime:0.000026s ]
INFO: [ app_init ] --END-- [ RunTime:0.000468s ]
INFO: [ app_begin ] --START--
INFO: Run Behavior\ReadHtmlCacheBehavior [ RunTime:0.001483s ]
INFO: [ app_begin ] --END-- [ RunTime:0.001684s ]
SQL: SHOW COLUMNS FROM `client_user` [ RunTime:0.0026s ]
SQL: SELECT * FROM `client_user` WHERE ( `user_name`='数字媒体技术' ) LIMIT 1   [ RunTime:0.0003s ]
INFO: [ app_end ] --START--
INFO: Run Behavior\ShowPageTraceBehavior [ RunTime:0.001195s ]
INFO: [ app_end ] --END-- [ RunTime:0.001505s ]

[ 2016-10-22T11:50:55+08:00 ] ::1 /yuanku/index.php/Home/Register/userExistCheck?username=%E5%B0%8F%E6%A0%B7%E9%85%B8
INFO: [ app_init ] --START--
INFO: Run Behavior\BuildLiteBehavior [ RunTime:0.000084s ]
INFO: [ app_init ] --END-- [ RunTime:0.001040s ]
INFO: [ app_begin ] --START--
INFO: Run Behavior\ReadHtmlCacheBehavior [ RunTime:0.001025s ]
INFO: [ app_begin ] --END-- [ RunTime:0.001212s ]
SQL: SHOW COLUMNS FROM `client_user` [ RunTime:0.0035s ]
SQL: SELECT * FROM `client_user` WHERE ( `user_name`='小样酸' ) LIMIT 1   [ RunTime:0.0003s ]
INFO: [ app_end ] --START--
INFO: Run Behavior\ShowPageTraceBehavior [ RunTime:0.000666s ]
INFO: [ app_end ] --END-- [ RunTime:0.000771s ]

[ 2016-10-22T11:51:03+08:00 ] ::1 /yuanku/index.php/Home/Register/userExistCheck?username=%E5%B0%8F%E6%A0%B7%E9%85%B8Q%E8%BD%AF%E7%B3%96
INFO: [ app_init ] --START--
INFO: Run Behavior\BuildLiteBehavior [ RunTime:0.000042s ]
INFO: [ app_init ] --END-- [ RunTime:0.000710s ]
INFO: [ app_begin ] --START--
INFO: Run Behavior\ReadHtmlCacheBehavior [ RunTime:0.001045s ]
INFO: [ app_begin ] --END-- [ RunTime:0.001350s ]
SQL: SHOW COLUMNS FROM `client_user` [ RunTime:0.0026s ]
SQL: SELECT * FROM `client_user` WHERE ( `user_name`='小样酸Q软糖' ) LIMIT 1   [ RunTime:0.0004s ]
INFO: [ app_end ] --START--
INFO: Run Behavior\ShowPageTraceBehavior [ RunTime:0.000889s ]
INFO: [ app_end ] --END-- [ RunTime:0.001026s ]

[ 2016-10-22T11:51:10+08:00 ] ::1 /yuanku/index.php/Home/Login/checkLogin
INFO: [ app_init ] --START--
INFO: Run Behavior\BuildLiteBehavior [ RunTime:0.000046s ]
INFO: [ app_init ] --END-- [ RunTime:0.000754s ]
INFO: [ app_begin ] --START--
INFO: Run Behavior\ReadHtmlCacheBehavior [ RunTime:0.000900s ]
INFO: [ app_begin ] --END-- [ RunTime:0.001131s ]
SQL: SHOW COLUMNS FROM `client_user` [ RunTime:0.0029s ]
SQL: SELECT * FROM `client_user` WHERE ( user_name="小样酸Q软糖" and user_pwd="25d55ad283aa400af464c76d713c07ad" ) LIMIT 1   [ RunTime:0.0004s ]
INFO: [ view_parse ] --START--
INFO: [ template_filter ] --START--
INFO: Run Behavior\ContentReplaceBehavior [ RunTime:0.000066s ]
INFO: [ template_filter ] --END-- [ RunTime:0.000176s ]
INFO: Run Behavior\ParseTemplateBehavior [ RunTime:0.006482s ]
INFO: [ view_parse ] --END-- [ RunTime:0.006625s ]
INFO: [ view_filter ] --START--
INFO: Run Behavior\WriteHtmlCacheBehavior [ RunTime:0.000282s ]
INFO: [ view_filter ] --END-- [ RunTime:0.000375s ]
INFO: [ app_end ] --START--
INFO: Run Behavior\ShowPageTraceBehavior [ RunTime:0.000463s ]
INFO: [ app_end ] --END-- [ RunTime:0.000564s ]

[ 2016-10-22T11:51:11+08:00 ] ::1 /yuanku/index.php/Home/Personal/index.html
INFO: [ app_init ] --START--
INFO: Run Behavior\BuildLiteBehavior [ RunTime:0.000070s ]
INFO: [ app_init ] --END-- [ RunTime:0.001188s ]
INFO: [ app_begin ] --START--
INFO: Run Behavior\ReadHtmlCacheBehavior [ RunTime:0.000873s ]
INFO: [ app_begin ] --END-- [ RunTime:0.001093s ]
SQL: SELECT * FROM client_user WHERE user_name ='小样酸Q软糖' [ RunTime:0.0007s ]
SQL: SELECT email_address FROM client_user WHERE user_name ='小样酸Q软糖' [ RunTime:0.0007s ]
INFO: [ view_parse ] --START--
INFO: [ template_filter ] --START--
INFO: Run Behavior\ContentReplaceBehavior [ RunTime:0.000408s ]
INFO: [ template_filter ] --END-- [ RunTime:0.000709s ]
NOTIC: [8] Undefined variable: title D:\wamp\www\yuanku\Application\Runtime\Cache\Home\c32ce1ba62d248c865a32a620b180fb9.php 第 6 行.
NOTIC: [8] Undefined variable: title D:\wamp\www\yuanku\Application\Runtime\Cache\Home\c32ce1ba62d248c865a32a620b180fb9.php 第 88 行.
INFO: Run Behavior\ParseTemplateBehavior [ RunTime:0.032491s ]
INFO: [ view_parse ] --END-- [ RunTime:0.032786s ]
INFO: [ view_filter ] --START--
INFO: Run Behavior\WriteHtmlCacheBehavior [ RunTime:0.000524s ]
INFO: [ view_filter ] --END-- [ RunTime:0.000750s ]
INFO: [ app_end ] --START--
INFO: Run Behavior\ShowPageTraceBehavior [ RunTime:0.001090s ]
INFO: [ app_end ] --END-- [ RunTime:0.001325s ]

[ 2016-10-22T11:51:47+08:00 ] ::1 /yuanku/index.php/Home/Personal/index
INFO: [ app_init ] --START--
INFO: Run Behavior\BuildLiteBehavior [ RunTime:0.000032s ]
INFO: [ app_init ] --END-- [ RunTime:0.000539s ]
INFO: [ app_begin ] --START--
INFO: Run Behavior\ReadHtmlCacheBehavior [ RunTime:0.000431s ]
INFO: [ app_begin ] --END-- [ RunTime:0.000540s ]
SQL: SELECT * FROM client_user WHERE user_name ='小样酸Q软糖' [ RunTime:0.0004s ]
SQL: SELECT email_address FROM client_user WHERE user_name ='小样酸Q软糖' [ RunTime:0.0003s ]
INFO: [ view_parse ] --START--
INFO: [ template_filter ] --START--
INFO: Run Behavior\ContentReplaceBehavior [ RunTime:0.000175s ]
INFO: [ template_filter ] --END-- [ RunTime:0.000311s ]
NOTIC: [8] Undefined variable: title D:\wamp\www\yuanku\Application\Runtime\Cache\Home\c32ce1ba62d248c865a32a620b180fb9.php 第 6 行.
NOTIC: [8] Undefined variable: title D:\wamp\www\yuanku\Application\Runtime\Cache\Home\c32ce1ba62d248c865a32a620b180fb9.php 第 88 行.
INFO: Run Behavior\ParseTemplateBehavior [ RunTime:0.014229s ]
INFO: [ view_parse ] --END-- [ RunTime:0.014364s ]
INFO: [ view_filter ] --START--
INFO: Run Behavior\WriteHtmlCacheBehavior [ RunTime:0.000244s ]
INFO: [ view_filter ] --END-- [ RunTime:0.000336s ]
INFO: [ app_end ] --START--
INFO: Run Behavior\ShowPageTraceBehavior [ RunTime:0.000457s ]
INFO: [ app_end ] --END-- [ RunTime:0.000554s ]

[ 2016-10-22T11:51:50+08:00 ] ::1 /yuanku/index.php/Home/Personal/edit_message
INFO: [ app_init ] --START--
INFO: Run Behavior\BuildLiteBehavior [ RunTime:0.000043s ]
INFO: [ app_init ] --END-- [ RunTime:0.000735s ]
INFO: [ app_begin ] --START--
INFO: Run Behavior\ReadHtmlCacheBehavior [ RunTime:0.001204s ]
INFO: [ app_begin ] --END-- [ RunTime:0.001561s ]
INFO: [ view_parse ] --START--
INFO: [ template_filter ] --START--
INFO: Run Behavior\ContentReplaceBehavior [ RunTime:0.000349s ]
INFO: [ template_filter ] --END-- [ RunTime:0.000698s ]
NOTIC: [8] Undefined variable: title D:\wamp\www\yuanku\Application\Runtime\Cache\Home\9191c1be059f40706b0dfab2fb30d52c.php 第 8 行.
INFO: Run Behavior\ParseTemplateBehavior [ RunTime:0.078198s ]
INFO: [ view_parse ] --END-- [ RunTime:0.078490s ]
INFO: [ view_filter ] --START--
INFO: Run Behavior\WriteHtmlCacheBehavior [ RunTime:0.000610s ]
INFO: [ view_filter ] --END-- [ RunTime:0.000885s ]
INFO: [ app_end ] --START--
INFO: Run Behavior\ShowPageTraceBehavior [ RunTime:0.001587s ]
INFO: [ app_end ] --END-- [ RunTime:0.002120s ]
>>>>>>> c5274da217807b8663f2627f49f18c03f70c0b56

