[ 2016-11-03T10:31:18+08:00 ] ::1 /lidong/yuanku/Public/img/news_img/580f14ae1bd16.png
INFO: [ app_init ] --START--
INFO: Run Behavior\BuildLiteBehavior [ RunTime:0.000041s ]
INFO: [ app_init ] --END-- [ RunTime:0.000775s ]
ERR: 无法加载模块:Public

[ 2016-11-03T10:31:18+08:00 ] ::1 /lidong/yuanku/Public/img/news_img/58132196aae53.jpg
INFO: [ app_init ] --START--
INFO: Run Behavior\BuildLiteBehavior [ RunTime:0.000025s ]
INFO: [ app_init ] --END-- [ RunTime:0.000568s ]
ERR: 无法加载模块:Public

[ 2016-11-03T10:31:18+08:00 ] ::1 /lidong/yuanku/Public/img/news_img/5812c08774f9f.jpg
INFO: [ app_init ] --START--
INFO: Run Behavior\BuildLiteBehavior [ RunTime:0.000042s ]
INFO: [ app_init ] --END-- [ RunTime:0.000772s ]
ERR: 无法加载模块:Public

[ 2016-11-03T10:31:18+08:00 ] ::1 /lidong/yuanku/Public/img/news_img/blog-img-03.jpg
INFO: [ app_init ] --START--
INFO: Run Behavior\BuildLiteBehavior [ RunTime:0.000043s ]
INFO: [ app_init ] --END-- [ RunTime:0.000795s ]
ERR: 无法加载模块:Public

[ 2016-11-03T10:31:18+08:00 ] ::1 /lidong/yuanku/Public/img/news_img/580f12dac2d47.png
INFO: [ app_init ] --START--
INFO: Run Behavior\BuildLiteBehavior [ RunTime:0.000027s ]
INFO: [ app_init ] --END-- [ RunTime:0.000535s ]
ERR: 无法加载模块:Public

[ 2016-11-03T10:31:18+08:00 ] ::1 /lidong/yuanku/Public/img/news_img/blog-img-05.jpg
INFO: [ app_init ] --START--
INFO: Run Behavior\BuildLiteBehavior [ RunTime:0.000045s ]
INFO: [ app_init ] --END-- [ RunTime:0.000914s ]
ERR: 无法加载模块:Public

[ 2016-11-03T10:31:18+08:00 ] ::1 /lidong/yuanku/Public/img/news_img/blog-img-06.jpg
INFO: [ app_init ] --START--
INFO: Run Behavior\BuildLiteBehavior [ RunTime:0.000027s ]
INFO: [ app_init ] --END-- [ RunTime:0.000478s ]
ERR: 无法加载模块:Public

[ 2016-11-03T10:31:21+08:00 ] ::1 /lidong/yuanku/Public/img/news_img/58132196aae53.jpg
INFO: [ app_init ] --START--
INFO: Run Behavior\BuildLiteBehavior [ RunTime:0.000051s ]
INFO: [ app_init ] --END-- [ RunTime:0.000943s ]
ERR: 无法加载模块:Public

[ 2016-11-03T10:31:21+08:00 ] ::1 /lidong/yuanku/Public/img/news_img/5812c08774f9f.jpg
INFO: [ app_init ] --START--
INFO: Run Behavior\BuildLiteBehavior [ RunTime:0.000024s ]
INFO: [ app_init ] --END-- [ RunTime:0.000491s ]
ERR: 无法加载模块:Public

[ 2016-11-03T11:20:18+08:00 ] ::1 /lidong/yuanku/Uploads./2016-10-14/58004d3c2bdb8.png
INFO: [ app_init ] --START--
INFO: Run Behavior\BuildLiteBehavior [ RunTime:0.000042s ]
INFO: [ app_init ] --END-- [ RunTime:0.000643s ]
ERR: 无法加载模块:Uploads

[ 2016-11-03T11:21:13+08:00 ] ::1 /lidong/yuanku/Uploads./2016-10-14/58004d3c2bdb8.png
INFO: [ app_init ] --START--
INFO: Run Behavior\BuildLiteBehavior [ RunTime:0.000046s ]
INFO: [ app_init ] --END-- [ RunTime:0.000774s ]
ERR: 无法加载模块:Uploads

[ 2016-11-03T11:21:13+08:00 ] ::1 /lidong/yuanku/Public/bootstrap-3.3.0/fonts/glyphicons-halflings-regular.woff2
INFO: [ app_init ] --START--
INFO: Run Behavior\BuildLiteBehavior [ RunTime:0.000042s ]
INFO: [ app_init ] --END-- [ RunTime:0.000816s ]
ERR: 无法加载模块:Public

[ 2016-11-03T11:21:17+08:00 ] ::1 /lidong/yuanku/Uploads./2016-10-14/58004d3c2bdb8.png
INFO: [ app_init ] --START--
INFO: Run Behavior\BuildLiteBehavior [ RunTime:0.000047s ]
INFO: [ app_init ] --END-- [ RunTime:0.000896s ]
ERR: 无法加载模块:Uploads

[ 2016-11-03T11:21:17+08:00 ] ::1 /lidong/yuanku/Public/bootstrap-3.3.0/fonts/glyphicons-halflings-regular.woff2
INFO: [ app_init ] --START--
INFO: Run Behavior\BuildLiteBehavior [ RunTime:0.000043s ]
INFO: [ app_init ] --END-- [ RunTime:0.000746s ]
ERR: 无法加载模块:Public

[ 2016-11-03T11:21:21+08:00 ] ::1 /lidong/yuanku/Uploads./2016-10-14/58004d3c2bdb8.png
INFO: [ app_init ] --START--
INFO: Run Behavior\BuildLiteBehavior [ RunTime:0.000045s ]
INFO: [ app_init ] --END-- [ RunTime:0.001222s ]
ERR: 无法加载模块:Uploads

[ 2016-11-03T11:21:22+08:00 ] ::1 /lidong/yuanku/Public/img/news_img/site-img224.jpg
INFO: [ app_init ] --START--
INFO: Run Behavior\BuildLiteBehavior [ RunTime:0.000028s ]
INFO: [ app_init ] --END-- [ RunTime:0.000563s ]
ERR: 无法加载模块:Public

[ 2016-11-03T11:21:49+08:00 ] ::1 /lidong/yuanku/Uploads./2016-10-14/58004d3c2bdb8.png
INFO: [ app_init ] --START--
INFO: Run Behavior\BuildLiteBehavior [ RunTime:0.000026s ]
INFO: [ app_init ] --END-- [ RunTime:0.000557s ]
ERR: 无法加载模块:Uploads

[ 2016-11-03T11:21:49+08:00 ] ::1 /lidong/yuanku/Public/js/admin/news.js
INFO: [ app_init ] --START--
INFO: Run Behavior\BuildLiteBehavior [ RunTime:0.000041s ]
INFO: [ app_init ] --END-- [ RunTime:0.000955s ]
ERR: 无法加载模块:Public

[ 2016-11-03T11:21:49+08:00 ] ::1 /lidong/yuanku/Public/bootstrap-3.3.0/fonts/glyphicons-halflings-regular.woff2
INFO: [ app_init ] --START--
INFO: Run Behavior\BuildLiteBehavior [ RunTime:0.000116s ]
INFO: [ app_init ] --END-- [ RunTime:0.001238s ]
ERR: 无法加载模块:Public

[ 2016-11-03T11:21:51+08:00 ] ::1 /lidong/yuanku/Uploads./2016-10-14/58004d3c2bdb8.png
INFO: [ app_init ] --START--
INFO: Run Behavior\BuildLiteBehavior [ RunTime:0.000040s ]
INFO: [ app_init ] --END-- [ RunTime:0.000776s ]
ERR: 无法加载模块:Uploads

[ 2016-11-03T11:21:51+08:00 ] ::1 /lidong/yuanku/Public/bootstrap-3.3.0/fonts/glyphicons-halflings-regular.woff2
INFO: [ app_init ] --START--
INFO: Run Behavior\BuildLiteBehavior [ RunTime:0.000026s ]
INFO: [ app_init ] --END-- [ RunTime:0.000569s ]
ERR: 无法加载模块:Public

[ 2016-11-03T11:21:53+08:00 ] ::1 /lidong/yuanku/Uploads./2016-10-14/58004d3c2bdb8.png
INFO: [ app_init ] --START--
INFO: Run Behavior\BuildLiteBehavior [ RunTime:0.000041s ]
INFO: [ app_init ] --END-- [ RunTime:0.000838s ]
ERR: 无法加载模块:Uploads

[ 2016-11-03T11:21:53+08:00 ] ::1 /lidong/yuanku/Public/bootstrap-3.3.0/fonts/glyphicons-halflings-regular.woff2
INFO: [ app_init ] --START--
INFO: Run Behavior\BuildLiteBehavior [ RunTime:0.000049s ]
INFO: [ app_init ] --END-- [ RunTime:0.001017s ]
ERR: 无法加载模块:Public

[ 2016-11-03T11:21:59+08:00 ] ::1 /lidong/yuanku/Uploads./2016-10-14/58004d3c2bdb8.png
INFO: [ app_init ] --START--
INFO: Run Behavior\BuildLiteBehavior [ RunTime:0.000047s ]
INFO: [ app_init ] --END-- [ RunTime:0.000851s ]
ERR: 无法加载模块:Uploads

[ 2016-11-03T11:21:59+08:00 ] ::1 /lidong/yuanku/Public/img/news_img/site-img224.jpg
INFO: [ app_init ] --START--
INFO: Run Behavior\BuildLiteBehavior [ RunTime:0.000026s ]
INFO: [ app_init ] --END-- [ RunTime:0.000586s ]
ERR: 无法加载模块:Public

[ 2016-11-03T11:22:10+08:00 ] ::1 /lidong/yuanku/Uploads./2016-10-14/58004d3c2bdb8.png
INFO: [ app_init ] --START--
INFO: Run Behavior\BuildLiteBehavior [ RunTime:0.000137s ]
INFO: [ app_init ] --END-- [ RunTime:0.001316s ]
ERR: 无法加载模块:Uploads

[ 2016-11-03T11:22:10+08:00 ] ::1 /lidong/yuanku/Public/bootstrap-3.3.0/fonts/glyphicons-halflings-regular.woff2
INFO: [ app_init ] --START--
INFO: Run Behavior\BuildLiteBehavior [ RunTime:0.000026s ]
INFO: [ app_init ] --END-- [ RunTime:0.000537s ]
ERR: 无法加载模块:Public

[ 2016-11-03T11:22:10+08:00 ] ::1 /lidong/yuanku/Public/js/admin/news.js
INFO: [ app_init ] --START--
INFO: Run Behavior\BuildLiteBehavior [ RunTime:0.000121s ]
INFO: [ app_init ] --END-- [ RunTime:0.000923s ]
ERR: 无法加载模块:Public

[ 2016-11-03T11:22:15+08:00 ] ::1 /lidong/yuanku/Uploads./2016-10-14/58004d3c2bdb8.png
INFO: [ app_init ] --START--
INFO: Run Behavior\BuildLiteBehavior [ RunTime:0.000043s ]
INFO: [ app_init ] --END-- [ RunTime:0.000891s ]
ERR: 无法加载模块:Uploads

[ 2016-11-03T11:22:15+08:00 ] ::1 /lidong/yuanku/Public/bootstrap-3.3.0/fonts/glyphicons-halflings-regular.woff2
INFO: [ app_init ] --START--
INFO: Run Behavior\BuildLiteBehavior [ RunTime:0.000027s ]
INFO: [ app_init ] --END-- [ RunTime:0.000583s ]
ERR: 无法加载模块:Public

[ 2016-11-03T11:22:17+08:00 ] ::1 /lidong/yuanku/Uploads./2016-10-14/58004d3c2bdb8.png
INFO: [ app_init ] --START--
INFO: Run Behavior\BuildLiteBehavior [ RunTime:0.000045s ]
INFO: [ app_init ] --END-- [ RunTime:0.000893s ]
ERR: 无法加载模块:Uploads

[ 2016-11-03T11:22:17+08:00 ] ::1 /lidong/yuanku/Public/bootstrap-3.3.0/fonts/glyphicons-halflings-regular.woff2
INFO: [ app_init ] --START--
INFO: Run Behavior\BuildLiteBehavior [ RunTime:0.000027s ]
INFO: [ app_init ] --END-- [ RunTime:0.000567s ]
ERR: 无法加载模块:Public

[ 2016-11-03T11:23:32+08:00 ] ::1 /lidong/yuanku/Uploads./2016-10-14/58004d3c2bdb8.png
INFO: [ app_init ] --START--
INFO: Run Behavior\BuildLiteBehavior [ RunTime:0.000040s ]
INFO: [ app_init ] --END-- [ RunTime:0.000848s ]
ERR: 无法加载模块:Uploads

[ 2016-11-03T11:23:32+08:00 ] ::1 /lidong/yuanku/Public/bootstrap-3.3.0/fonts/glyphicons-halflings-regular.woff2
INFO: [ app_init ] --START--
INFO: Run Behavior\BuildLiteBehavior [ RunTime:0.000045s ]
INFO: [ app_init ] --END-- [ RunTime:0.000981s ]
ERR: 无法加载模块:Public

[ 2016-11-03T11:23:59+08:00 ] ::1 /lidong/yuanku/Uploads./2016-10-14/58004d3c2bdb8.png
INFO: [ app_init ] --START--
INFO: Run Behavior\BuildLiteBehavior [ RunTime:0.000046s ]
INFO: [ app_init ] --END-- [ RunTime:0.002301s ]
ERR: 无法加载模块:Uploads

[ 2016-11-03T11:23:59+08:00 ] ::1 /lidong/yuanku/Public/bootstrap-3.3.0/fonts/glyphicons-halflings-regular.woff2
INFO: [ app_init ] --START--
INFO: Run Behavior\BuildLiteBehavior [ RunTime:0.000079s ]
INFO: [ app_init ] --END-- [ RunTime:0.001608s ]
ERR: 无法加载模块:Public

[ 2016-11-03T11:24:08+08:00 ] ::1 /lidong/yuanku/Uploads./2016-10-14/58004d3c2bdb8.png
INFO: [ app_init ] --START--
INFO: Run Behavior\BuildLiteBehavior [ RunTime:0.000043s ]
INFO: [ app_init ] --END-- [ RunTime:0.000805s ]
ERR: 无法加载模块:Uploads

[ 2016-11-03T11:24:08+08:00 ] ::1 /lidong/yuanku/Public/bootstrap-3.3.0/fonts/glyphicons-halflings-regular.woff2
INFO: [ app_init ] --START--
INFO: Run Behavior\BuildLiteBehavior [ RunTime:0.000087s ]
INFO: [ app_init ] --END-- [ RunTime:0.001318s ]
ERR: 无法加载模块:Public

[ 2016-11-03T11:25:29+08:00 ] ::1 /lidong/yuanku/Uploads./2016-10-14/58004d3c2bdb8.png
INFO: [ app_init ] --START--
INFO: Run Behavior\BuildLiteBehavior [ RunTime:0.000026s ]
INFO: [ app_init ] --END-- [ RunTime:0.000523s ]
ERR: 无法加载模块:Uploads

[ 2016-11-03T11:25:29+08:00 ] ::1 /lidong/yuanku/Public/bootstrap-3.3.0/fonts/glyphicons-halflings-regular.woff2
INFO: [ app_init ] --START--
INFO: Run Behavior\BuildLiteBehavior [ RunTime:0.000051s ]
INFO: [ app_init ] --END-- [ RunTime:0.001249s ]
ERR: 无法加载模块:Public

[ 2016-11-03T11:25:55+08:00 ] ::1 /lidong/yuanku/Uploads./2016-10-14/58004d3c2bdb8.png
INFO: [ app_init ] --START--
INFO: Run Behavior\BuildLiteBehavior [ RunTime:0.000043s ]
INFO: [ app_init ] --END-- [ RunTime:0.002069s ]
ERR: 无法加载模块:Uploads

[ 2016-11-03T11:25:55+08:00 ] ::1 /lidong/yuanku/Public/bootstrap-3.3.0/fonts/glyphicons-halflings-regular.woff2
INFO: [ app_init ] --START--
INFO: Run Behavior\BuildLiteBehavior [ RunTime:0.000043s ]
INFO: [ app_init ] --END-- [ RunTime:0.001301s ]
ERR: 无法加载模块:Public

[ 2016-11-03T11:26:13+08:00 ] ::1 /lidong/yuanku/Uploads./2016-10-14/58004d3c2bdb8.png
INFO: [ app_init ] --START--
INFO: Run Behavior\BuildLiteBehavior [ RunTime:0.000048s ]
INFO: [ app_init ] --END-- [ RunTime:0.000886s ]
ERR: 无法加载模块:Uploads

[ 2016-11-03T11:26:13+08:00 ] ::1 /lidong/yuanku/Public/bootstrap-3.3.0/fonts/glyphicons-halflings-regular.woff2
INFO: [ app_init ] --START--
INFO: Run Behavior\BuildLiteBehavior [ RunTime:0.000030s ]
INFO: [ app_init ] --END-- [ RunTime:0.000800s ]
ERR: 无法加载模块:Public

[ 2016-11-03T11:26:32+08:00 ] ::1 /lidong/yuanku/Uploads./2016-10-14/58004d3c2bdb8.png
INFO: [ app_init ] --START--
INFO: Run Behavior\BuildLiteBehavior [ RunTime:0.000027s ]
INFO: [ app_init ] --END-- [ RunTime:0.000509s ]
ERR: 无法加载模块:Uploads

[ 2016-11-03T11:26:32+08:00 ] ::1 /lidong/yuanku/Public/bootstrap-3.3.0/fonts/glyphicons-halflings-regular.woff2
INFO: [ app_init ] --START--
INFO: Run Behavior\BuildLiteBehavior [ RunTime:0.000049s ]
INFO: [ app_init ] --END-- [ RunTime:0.001836s ]
ERR: 无法加载模块:Public

[ 2016-11-03T11:27:00+08:00 ] ::1 /lidong/yuanku/Uploads./2016-10-14/58004d3c2bdb8.png
INFO: [ app_init ] --START--
INFO: Run Behavior\BuildLiteBehavior [ RunTime:0.000043s ]
INFO: [ app_init ] --END-- [ RunTime:0.003363s ]
ERR: 无法加载模块:Uploads

[ 2016-11-03T11:27:00+08:00 ] ::1 /lidong/yuanku/Public/bootstrap-3.3.0/fonts/glyphicons-halflings-regular.woff2
INFO: [ app_init ] --START--
INFO: Run Behavior\BuildLiteBehavior [ RunTime:0.000044s ]
INFO: [ app_init ] --END-- [ RunTime:0.000917s ]
ERR: 无法加载模块:Public

[ 2016-11-03T11:27:27+08:00 ] ::1 /lidong/yuanku/Uploads./2016-10-14/58004d3c2bdb8.png
INFO: [ app_init ] --START--
INFO: Run Behavior\BuildLiteBehavior [ RunTime:0.000044s ]
INFO: [ app_init ] --END-- [ RunTime:0.000762s ]
ERR: 无法加载模块:Uploads

[ 2016-11-03T11:27:27+08:00 ] ::1 /lidong/yuanku/Public/bootstrap-3.3.0/fonts/glyphicons-halflings-regular.woff2
INFO: [ app_init ] --START--
INFO: Run Behavior\BuildLiteBehavior [ RunTime:0.000049s ]
INFO: [ app_init ] --END-- [ RunTime:0.000977s ]
ERR: 无法加载模块:Public

[ 2016-11-03T11:27:32+08:00 ] ::1 /lidong/yuanku/Public/css/admin/maps/style.css.map
INFO: [ app_init ] --START--
INFO: Run Behavior\BuildLiteBehavior [ RunTime:0.000062s ]
INFO: [ app_init ] --END-- [ RunTime:0.001069s ]
ERR: 无法加载模块:Public

[ 2016-11-03T11:27:32+08:00 ] ::1 /lidong/yuanku/Public/css/admin/bootstrap.min.css.map
INFO: [ app_init ] --START--
INFO: Run Behavior\BuildLiteBehavior [ RunTime:0.000042s ]
INFO: [ app_init ] --END-- [ RunTime:0.000885s ]
ERR: 无法加载模块:Public

[ 2016-11-03T11:27:32+08:00 ] ::1 /lidong/yuanku/Public/js/waves.min.js.map
INFO: [ app_init ] --START--
INFO: Run Behavior\BuildLiteBehavior [ RunTime:0.000047s ]
INFO: [ app_init ] --END-- [ RunTime:0.000923s ]
ERR: 无法加载模块:Public

[ 2016-11-03T11:27:32+08:00 ] ::1 /lidong/yuanku/Public/js/jquery.min.map
INFO: [ app_init ] --START--
INFO: Run Behavior\BuildLiteBehavior [ RunTime:0.000049s ]
INFO: [ app_init ] --END-- [ RunTime:0.001048s ]
ERR: 无法加载模块:Public

[ 2016-11-03T11:28:57+08:00 ] ::1 /lidong/yuanku/Uploads./2016-10-14/58004d3c2bdb8.png
INFO: [ app_init ] --START--
INFO: Run Behavior\BuildLiteBehavior [ RunTime:0.000065s ]
INFO: [ app_init ] --END-- [ RunTime:0.000853s ]
ERR: 无法加载模块:Uploads

[ 2016-11-03T11:28:57+08:00 ] ::1 /lidong/yuanku/Public/js/admin/news.js
INFO: [ app_init ] --START--
INFO: Run Behavior\BuildLiteBehavior [ RunTime:0.000041s ]
INFO: [ app_init ] --END-- [ RunTime:0.000868s ]
ERR: 无法加载模块:Public

[ 2016-11-03T11:28:57+08:00 ] ::1 /lidong/yuanku/Public/bootstrap-3.3.0/fonts/glyphicons-halflings-regular.woff2
INFO: [ app_init ] --START--
INFO: Run Behavior\BuildLiteBehavior [ RunTime:0.000042s ]
INFO: [ app_init ] --END-- [ RunTime:0.000764s ]
ERR: 无法加载模块:Public

[ 2016-11-03T11:28:57+08:00 ] ::1 /lidong/yuanku/Uploads./2016-10-14/58004d3c2bdb8.png
INFO: [ app_init ] --START--
INFO: Run Behavior\BuildLiteBehavior [ RunTime:0.000045s ]
INFO: [ app_init ] --END-- [ RunTime:0.000838s ]
ERR: 无法加载模块:Uploads

[ 2016-11-03T11:28:57+08:00 ] ::1 /lidong/yuanku/Public/js/admin/news.js
INFO: [ app_init ] --START--
INFO: Run Behavior\BuildLiteBehavior [ RunTime:0.000048s ]
INFO: [ app_init ] --END-- [ RunTime:0.000822s ]
ERR: 无法加载模块:Public

[ 2016-11-03T11:28:57+08:00 ] ::1 /lidong/yuanku/Public/bootstrap-3.3.0/fonts/glyphicons-halflings-regular.woff2
INFO: [ app_init ] --START--
INFO: Run Behavior\BuildLiteBehavior [ RunTime:0.000027s ]
INFO: [ app_init ] --END-- [ RunTime:0.000545s ]
ERR: 无法加载模块:Public

[ 2016-11-03T11:28:59+08:00 ] ::1 /lidong/yuanku/Uploads./2016-10-14/58004d3c2bdb8.png
INFO: [ app_init ] --START--
INFO: Run Behavior\BuildLiteBehavior [ RunTime:0.000045s ]
INFO: [ app_init ] --END-- [ RunTime:0.000863s ]
ERR: 无法加载模块:Uploads

[ 2016-11-03T11:28:59+08:00 ] ::1 /lidong/yuanku/Public/js/admin/news.js
INFO: [ app_init ] --START--
INFO: Run Behavior\BuildLiteBehavior [ RunTime:0.000045s ]
INFO: [ app_init ] --END-- [ RunTime:0.000976s ]
ERR: 无法加载模块:Public

[ 2016-11-03T11:28:59+08:00 ] ::1 /lidong/yuanku/Public/bootstrap-3.3.0/fonts/glyphicons-halflings-regular.woff2
INFO: [ app_init ] --START--
INFO: Run Behavior\BuildLiteBehavior [ RunTime:0.000028s ]
INFO: [ app_init ] --END-- [ RunTime:0.000568s ]
ERR: 无法加载模块:Public

[ 2016-11-03T11:31:39+08:00 ] ::1 /lidong/yuanku/Public/js/admin/news.js
INFO: [ app_init ] --START--
INFO: Run Behavior\BuildLiteBehavior [ RunTime:0.000042s ]
INFO: [ app_init ] --END-- [ RunTime:0.001090s ]
ERR: 无法加载模块:Public

[ 2016-11-03T11:31:39+08:00 ] ::1 /lidong/yuanku/Uploads./2016-10-14/58004d3c2bdb8.png
INFO: [ app_init ] --START--
INFO: Run Behavior\BuildLiteBehavior [ RunTime:0.000047s ]
INFO: [ app_init ] --END-- [ RunTime:0.000937s ]
ERR: 无法加载模块:Uploads

[ 2016-11-03T11:31:39+08:00 ] ::1 /lidong/yuanku/Public/bootstrap-3.3.0/fonts/glyphicons-halflings-regular.woff2
INFO: [ app_init ] --START--
INFO: Run Behavior\BuildLiteBehavior [ RunTime:0.000040s ]
INFO: [ app_init ] --END-- [ RunTime:0.000878s ]
ERR: 无法加载模块:Public

[ 2016-11-03T11:31:42+08:00 ] ::1 /lidong/yuanku/Uploads./2016-10-14/58004d3c2bdb8.png
INFO: [ app_init ] --START--
INFO: Run Behavior\BuildLiteBehavior [ RunTime:0.000042s ]
INFO: [ app_init ] --END-- [ RunTime:0.000795s ]
ERR: 无法加载模块:Uploads

[ 2016-11-03T11:31:42+08:00 ] ::1 /lidong/yuanku/Public/bootstrap-3.3.0/fonts/glyphicons-halflings-regular.woff2
INFO: [ app_init ] --START--
INFO: Run Behavior\BuildLiteBehavior [ RunTime:0.000139s ]
INFO: [ app_init ] --END-- [ RunTime:0.001552s ]
ERR: 无法加载模块:Public

[ 2016-11-03T11:31:44+08:00 ] ::1 /lidong/yuanku/Uploads./2016-10-14/58004d3c2bdb8.png
INFO: [ app_init ] --START--
INFO: Run Behavior\BuildLiteBehavior [ RunTime:0.000048s ]
INFO: [ app_init ] --END-- [ RunTime:0.000937s ]
ERR: 无法加载模块:Uploads

[ 2016-11-03T11:31:44+08:00 ] ::1 /lidong/yuanku/Public/css/admin/new.css
INFO: [ app_init ] --START--
INFO: Run Behavior\BuildLiteBehavior [ RunTime:0.000029s ]
INFO: [ app_init ] --END-- [ RunTime:0.000589s ]
ERR: 无法加载模块:Public

[ 2016-11-03T11:31:44+08:00 ] ::1 /lidong/yuanku/Public/bootstrap-3.3.0/fonts/glyphicons-halflings-regular.woff2
INFO: [ app_init ] --START--
INFO: Run Behavior\BuildLiteBehavior [ RunTime:0.000028s ]
INFO: [ app_init ] --END-- [ RunTime:0.000521s ]
ERR: 无法加载模块:Public

[ 2016-11-03T11:38:27+08:00 ] ::1 /lidong/yuanku/Public/css/admin/new.css
INFO: [ app_init ] --START--
INFO: Run Behavior\BuildLiteBehavior [ RunTime:0.000035s ]
INFO: [ app_init ] --END-- [ RunTime:0.000653s ]
ERR: 无法加载模块:Public

[ 2016-11-03T11:38:27+08:00 ] ::1 /lidong/yuanku/Uploads./2016-10-14/58004d3c2bdb8.png
INFO: [ app_init ] --START--
INFO: Run Behavior\BuildLiteBehavior [ RunTime:0.000077s ]
INFO: [ app_init ] --END-- [ RunTime:0.003140s ]
ERR: 无法加载模块:Uploads

[ 2016-11-03T11:38:27+08:00 ] ::1 /lidong/yuanku/Public/bootstrap-3.3.0/fonts/glyphicons-halflings-regular.woff2
INFO: [ app_init ] --START--
INFO: Run Behavior\BuildLiteBehavior [ RunTime:0.000045s ]
INFO: [ app_init ] --END-- [ RunTime:0.000596s ]
ERR: 无法加载模块:Public

[ 2016-11-03T11:39:02+08:00 ] ::1 /lidong/yuanku/Uploads./2016-10-14/58004d3c2bdb8.png
INFO: [ app_init ] --START--
INFO: Run Behavior\BuildLiteBehavior [ RunTime:0.000049s ]
INFO: [ app_init ] --END-- [ RunTime:0.000847s ]
ERR: 无法加载模块:Uploads

[ 2016-11-03T11:39:02+08:00 ] ::1 /lidong/yuanku/Public/bootstrap-3.3.0/fonts/glyphicons-halflings-regular.woff2
INFO: [ app_init ] --START--
INFO: Run Behavior\BuildLiteBehavior [ RunTime:0.000064s ]
INFO: [ app_init ] --END-- [ RunTime:0.001298s ]
ERR: 无法加载模块:Public

[ 2016-11-03T11:39:30+08:00 ] ::1 /lidong/yuanku/Uploads./2016-10-14/58004d3c2bdb8.png
INFO: [ app_init ] --START--
INFO: Run Behavior\BuildLiteBehavior [ RunTime:0.000047s ]
INFO: [ app_init ] --END-- [ RunTime:0.000910s ]
ERR: 无法加载模块:Uploads

[ 2016-11-03T11:39:30+08:00 ] ::1 /lidong/yuanku/Public/bootstrap-3.3.0/fonts/glyphicons-halflings-regular.woff2
INFO: [ app_init ] --START--
INFO: Run Behavior\BuildLiteBehavior [ RunTime:0.000028s ]
INFO: [ app_init ] --END-- [ RunTime:0.000614s ]
ERR: 无法加载模块:Public

[ 2016-11-03T11:39:32+08:00 ] ::1 /lidong/yuanku/Uploads./2016-10-14/58004d3c2bdb8.png
INFO: [ app_init ] --START--
INFO: Run Behavior\BuildLiteBehavior [ RunTime:0.000027s ]
INFO: [ app_init ] --END-- [ RunTime:0.000514s ]
ERR: 无法加载模块:Uploads

[ 2016-11-03T11:39:32+08:00 ] ::1 /lidong/yuanku/Public/bootstrap-3.3.0/fonts/glyphicons-halflings-regular.woff2
INFO: [ app_init ] --START--
INFO: Run Behavior\BuildLiteBehavior [ RunTime:0.000049s ]
INFO: [ app_init ] --END-- [ RunTime:0.000912s ]
ERR: 无法加载模块:Public

[ 2016-11-03T11:40:20+08:00 ] ::1 /lidong/yuanku/Uploads./2016-10-14/58004d3c2bdb8.png
INFO: [ app_init ] --START--
INFO: Run Behavior\BuildLiteBehavior [ RunTime:0.000039s ]
INFO: [ app_init ] --END-- [ RunTime:0.001187s ]
ERR: 无法加载模块:Uploads

[ 2016-11-03T11:40:20+08:00 ] ::1 /lidong/yuanku/Public/bootstrap-3.3.0/fonts/glyphicons-halflings-regular.woff2
INFO: [ app_init ] --START--
INFO: Run Behavior\BuildLiteBehavior [ RunTime:0.000041s ]
INFO: [ app_init ] --END-- [ RunTime:0.000705s ]
ERR: 无法加载模块:Public

[ 2016-11-03T11:40:25+08:00 ] ::1 /lidong/yuanku/Public/img/news_img/5812c08774f9f.jpg
INFO: [ app_init ] --START--
INFO: Run Behavior\BuildLiteBehavior [ RunTime:0.000043s ]
INFO: [ app_init ] --END-- [ RunTime:0.000764s ]
ERR: 无法加载模块:Public

[ 2016-11-03T11:40:25+08:00 ] ::1 /lidong/yuanku/Public/img/news_img/58132196aae53.jpg
INFO: [ app_init ] --START--
INFO: Run Behavior\BuildLiteBehavior [ RunTime:0.000038s ]
INFO: [ app_init ] --END-- [ RunTime:0.000763s ]
ERR: 无法加载模块:Public

