[ 2016-10-01T10:43:43+08:00 ] ::1 /thinkphp_3.2.3_full/index.php?m=home2
INFO: [ app_init ] --START--
INFO: Run Behavior\BuildLiteBehavior [ RunTime:0.000125s ]
INFO: [ app_init ] --END-- [ RunTime:0.001214s ]
ERR: 无法加载模块:Home2

[ 2016-10-01T10:43:43+08:00 ] ::1 /thinkphp_3.2.3_full/index.php?m=home2
INFO: [ app_init ] --START--
INFO: Run Behavior\BuildLiteBehavior [ RunTime:0.000220s ]
INFO: [ app_init ] --END-- [ RunTime:0.002472s ]
ERR: 无法加载模块:Home2

[ 2016-10-01T10:43:49+08:00 ] ::1 /thinkphp_3.2.3_full/index.php?m=admin
INFO: [ app_init ] --START--
INFO: Run Behavior\BuildLiteBehavior [ RunTime:0.000128s ]
INFO: [ app_init ] --END-- [ RunTime:0.001273s ]
ERR: 无法加载模块:Admin

[ 2016-10-01T10:43:49+08:00 ] ::1 /thinkphp_3.2.3_full/index.php?m=admin
INFO: [ app_init ] --START--
INFO: Run Behavior\BuildLiteBehavior [ RunTime:0.000230s ]
INFO: [ app_init ] --END-- [ RunTime:0.002187s ]
ERR: 无法加载模块:Admin

[ 2016-10-01T10:44:17+08:00 ] ::1 /thinkphp_3.2.3_full/index.php?m=admin
INFO: [ app_init ] --START--
INFO: Run Behavior\BuildLiteBehavior [ RunTime:0.000136s ]
INFO: [ app_init ] --END-- [ RunTime:0.001272s ]
ERR: 无法加载模块:Admin

[ 2016-10-01T10:44:17+08:00 ] ::1 /thinkphp_3.2.3_full/index.php?m=admin
INFO: [ app_init ] --START--
INFO: Run Behavior\BuildLiteBehavior [ RunTime:0.000225s ]
INFO: [ app_init ] --END-- [ RunTime:0.002992s ]
ERR: 无法加载模块:Admin

[ 2016-10-01T10:45:22+08:00 ] ::1 /thinkphp_3.2.3_full/index.php?m=admin
INFO: [ app_init ] --START--
INFO: Run Behavior\BuildLiteBehavior [ RunTime:0.000127s ]
INFO: [ app_init ] --END-- [ RunTime:0.001155s ]
ERR: 无法加载模块:Admin

[ 2016-10-01T10:45:22+08:00 ] ::1 /thinkphp_3.2.3_full/index.php?m=admin
INFO: [ app_init ] --START--
INFO: Run Behavior\BuildLiteBehavior [ RunTime:0.000133s ]
INFO: [ app_init ] --END-- [ RunTime:0.001735s ]
ERR: 无法加载模块:Admin

[ 2016-10-01T10:46:19+08:00 ] ::1 /thinkphp_3.2.3_full/index.php?m=Admin
INFO: [ app_init ] --START--
INFO: Run Behavior\BuildLiteBehavior [ RunTime:0.000624s ]
INFO: [ app_init ] --END-- [ RunTime:0.002854s ]
ERR: 无法加载模块:Admin

[ 2016-10-01T10:46:20+08:00 ] ::1 /thinkphp_3.2.3_full/index.php?m=Admin
INFO: [ app_init ] --START--
INFO: Run Behavior\BuildLiteBehavior [ RunTime:0.000205s ]
INFO: [ app_init ] --END-- [ RunTime:0.001521s ]
ERR: 无法加载模块:Admin

[ 2016-10-01T10:46:49+08:00 ] ::1 /thinkphp_3.2.3_full/index.php?m=Homel
INFO: [ app_init ] --START--
INFO: Run Behavior\BuildLiteBehavior [ RunTime:0.000156s ]
INFO: [ app_init ] --END-- [ RunTime:0.001371s ]
ERR: 无法加载模块:Homel

[ 2016-10-01T10:46:49+08:00 ] ::1 /thinkphp_3.2.3_full/index.php?m=Homel
INFO: [ app_init ] --START--
INFO: Run Behavior\BuildLiteBehavior [ RunTime:0.000209s ]
INFO: [ app_init ] --END-- [ RunTime:0.001734s ]
ERR: 无法加载模块:Homel

[ 2016-10-01T10:46:52+08:00 ] ::1 /thinkphp_3.2.3_full/index.php?m=Admin
INFO: [ app_init ] --START--
INFO: Run Behavior\BuildLiteBehavior [ RunTime:0.000128s ]
INFO: [ app_init ] --END-- [ RunTime:0.001203s ]
ERR: 无法加载模块:Admin

[ 2016-10-01T10:46:53+08:00 ] ::1 /thinkphp_3.2.3_full/index.php?m=Admin
INFO: [ app_init ] --START--
INFO: Run Behavior\BuildLiteBehavior [ RunTime:0.000275s ]
INFO: [ app_init ] --END-- [ RunTime:0.002431s ]
ERR: 无法加载模块:Admin

[ 2016-10-01T10:48:55+08:00 ] ::1 /thinkphp_3.2.3_full/index.php?m=Admin
INFO: [ app_init ] --START--
INFO: Run Behavior\BuildLiteBehavior [ RunTime:0.000240s ]
INFO: [ app_init ] --END-- [ RunTime:0.002403s ]
ERR: 无法加载模块:Admin

[ 2016-10-01T10:48:55+08:00 ] ::1 /thinkphp_3.2.3_full/index.php?m=Admin
INFO: [ app_init ] --START--
INFO: Run Behavior\BuildLiteBehavior [ RunTime:0.000213s ]
INFO: [ app_init ] --END-- [ RunTime:0.002085s ]
ERR: 无法加载模块:Admin

[ 2016-10-01T10:48:55+08:00 ] ::1 /thinkphp_3.2.3_full/index.php?m=Admin
INFO: [ app_init ] --START--
INFO: Run Behavior\BuildLiteBehavior [ RunTime:0.000132s ]
INFO: [ app_init ] --END-- [ RunTime:0.001665s ]
ERR: 无法加载模块:Admin

[ 2016-10-01T10:48:56+08:00 ] ::1 /thinkphp_3.2.3_full/index.php?m=Admin
INFO: [ app_init ] --START--
INFO: Run Behavior\BuildLiteBehavior [ RunTime:0.000453s ]
INFO: [ app_init ] --END-- [ RunTime:0.004550s ]
ERR: 无法加载模块:Admin

[ 2016-10-01T10:48:57+08:00 ] ::1 /thinkphp_3.2.3_full/index.php?m=Admin
INFO: [ app_init ] --START--
INFO: Run Behavior\BuildLiteBehavior [ RunTime:0.000129s ]
INFO: [ app_init ] --END-- [ RunTime:0.001311s ]
ERR: 无法加载模块:Admin

[ 2016-10-01T10:48:57+08:00 ] ::1 /thinkphp_3.2.3_full/index.php?m=Admin
INFO: [ app_init ] --START--
INFO: Run Behavior\BuildLiteBehavior [ RunTime:0.000219s ]
INFO: [ app_init ] --END-- [ RunTime:0.002107s ]
ERR: 无法加载模块:Admin

[ 2016-10-01T10:49:30+08:00 ] ::1 /thinkphp_3.2.3_full/index.php/Admin
INFO: [ app_init ] --START--
INFO: Run Behavior\BuildLiteBehavior [ RunTime:0.000128s ]
INFO: [ app_init ] --END-- [ RunTime:0.001185s ]
ERR: 无法加载模块:Admin

[ 2016-10-01T10:49:30+08:00 ] ::1 /thinkphp_3.2.3_full/index.php/Admin
INFO: [ app_init ] --START--
INFO: Run Behavior\BuildLiteBehavior [ RunTime:0.000129s ]
INFO: [ app_init ] --END-- [ RunTime:0.001394s ]
ERR: 无法加载模块:Admin

[ 2016-10-01T10:50:24+08:00 ] ::1 /thinkphp_3.2.3_full/index.php/Admin
INFO: [ app_init ] --START--
INFO: Run Behavior\BuildLiteBehavior [ RunTime:0.000169s ]
INFO: [ app_init ] --END-- [ RunTime:0.001695s ]
ERR: 无法加载模块:Admin

[ 2016-10-01T10:50:24+08:00 ] ::1 /thinkphp_3.2.3_full/index.php/Admin
INFO: [ app_init ] --START--
INFO: Run Behavior\BuildLiteBehavior [ RunTime:0.000130s ]
INFO: [ app_init ] --END-- [ RunTime:0.001315s ]
ERR: 无法加载模块:Admin

[ 2016-10-01T10:52:32+08:00 ] ::1 /thinkphp_3.2.3_full/index.php/Admins
INFO: [ app_init ] --START--
INFO: Run Behavior\BuildLiteBehavior [ RunTime:0.000129s ]
INFO: [ app_init ] --END-- [ RunTime:0.001414s ]
ERR: 无法加载模块:Admins

[ 2016-10-01T10:52:32+08:00 ] ::1 /thinkphp_3.2.3_full/index.php/Admins
INFO: [ app_init ] --START--
INFO: Run Behavior\BuildLiteBehavior [ RunTime:0.000145s ]
INFO: [ app_init ] --END-- [ RunTime:0.001810s ]
ERR: 无法加载模块:Admins

[ 2016-10-01T10:58:54+08:00 ] ::1 /thinkphp_3.2.3_full/Homell
INFO: [ app_init ] --START--
INFO: Run Behavior\BuildLiteBehavior [ RunTime:0.000292s ]
INFO: [ app_init ] --END-- [ RunTime:0.002866s ]
ERR: 无法加载模块:Homell

[ 2016-10-01T10:58:54+08:00 ] ::1 /thinkphp_3.2.3_full/Homell
INFO: [ app_init ] --START--
INFO: Run Behavior\BuildLiteBehavior [ RunTime:0.000130s ]
INFO: [ app_init ] --END-- [ RunTime:0.001581s ]
ERR: 无法加载模块:Homell

[ 2016-10-01T11:25:52+08:00 ] ::1 /thinkphp_3.2.3_full/index.php/admin-news-index
INFO: [ app_init ] --START--
INFO: Run Behavior\BuildLiteBehavior [ RunTime:0.000168s ]
INFO: [ app_init ] --END-- [ RunTime:0.003047s ]
ERR: 无法加载模块:Admin-news-index

[ 2016-10-01T11:25:53+08:00 ] ::1 /thinkphp_3.2.3_full/index.php/admin-news-index
INFO: [ app_init ] --START--
INFO: Run Behavior\BuildLiteBehavior [ RunTime:0.000156s ]
INFO: [ app_init ] --END-- [ RunTime:0.001532s ]
ERR: 无法加载模块:Admin-news-index

[ 2016-10-01T11:26:22+08:00 ] ::1 /thinkphp_3.2.3_full/index.php/admin-news-index
INFO: [ app_init ] --START--
INFO: Run Behavior\BuildLiteBehavior [ RunTime:0.000155s ]
INFO: [ app_init ] --END-- [ RunTime:0.002000s ]
ERR: 无法加载模块:Admin-news-index

[ 2016-10-01T11:26:23+08:00 ] ::1 /thinkphp_3.2.3_full/index.php/admin-news-index
INFO: [ app_init ] --START--
INFO: Run Behavior\BuildLiteBehavior [ RunTime:0.000145s ]
INFO: [ app_init ] --END-- [ RunTime:0.003600s ]
ERR: 无法加载模块:Admin-news-index

[ 2016-10-01T11:30:25+08:00 ] ::1 /thinkphp_3.2.3_full/index.php/admin%5Enews%5Eindex
INFO: [ app_init ] --START--
INFO: Run Behavior\BuildLiteBehavior [ RunTime:0.000131s ]
INFO: [ app_init ] --END-- [ RunTime:0.001229s ]
ERR: 无法加载模块:Admin^news^index

[ 2016-10-01T11:30:25+08:00 ] ::1 /thinkphp_3.2.3_full/index.php/admin%5Enews%5Eindex
INFO: [ app_init ] --START--
INFO: Run Behavior\BuildLiteBehavior [ RunTime:0.000286s ]
INFO: [ app_init ] --END-- [ RunTime:0.002770s ]
ERR: 无法加载模块:Admin^news^index

[ 2016-10-01T11:33:20+08:00 ] ::1 /thinkphp_3.2.3_full/news/index
INFO: [ app_init ] --START--
INFO: Run Behavior\BuildLiteBehavior [ RunTime:0.000506s ]
INFO: [ app_init ] --END-- [ RunTime:0.005892s ]
ERR: 无法加载模块:News

[ 2016-10-01T11:33:20+08:00 ] ::1 /thinkphp_3.2.3_full/news/index
INFO: [ app_init ] --START--
INFO: Run Behavior\BuildLiteBehavior [ RunTime:0.000281s ]
INFO: [ app_init ] --END-- [ RunTime:0.002350s ]
ERR: 无法加载模块:News

[ 2016-10-01T11:33:30+08:00 ] ::1 /thinkphp_3.2.3_full/news/index
INFO: [ app_init ] --START--
INFO: Run Behavior\BuildLiteBehavior [ RunTime:0.000155s ]
INFO: [ app_init ] --END-- [ RunTime:0.001759s ]
ERR: 无法加载模块:News

[ 2016-10-01T11:33:31+08:00 ] ::1 /thinkphp_3.2.3_full/news/index
INFO: [ app_init ] --START--
INFO: Run Behavior\BuildLiteBehavior [ RunTime:0.000226s ]
INFO: [ app_init ] --END-- [ RunTime:0.002809s ]
ERR: 无法加载模块:News

[ 2016-10-01T11:34:07+08:00 ] ::1 /thinkphp_3.2.3_full/news/index
INFO: [ app_init ] --START--
INFO: Run Behavior\BuildLiteBehavior [ RunTime:0.000130s ]
INFO: [ app_init ] --END-- [ RunTime:0.001389s ]
ERR: 无法加载模块:News

[ 2016-10-01T11:34:07+08:00 ] ::1 /thinkphp_3.2.3_full/news/index
INFO: [ app_init ] --START--
INFO: Run Behavior\BuildLiteBehavior [ RunTime:0.000177s ]
INFO: [ app_init ] --END-- [ RunTime:0.001741s ]
ERR: 无法加载模块:News

[ 2016-10-01T11:35:16+08:00 ] ::1 /thinkphp_3.2.3_full/admin/news/index
INFO: [ app_init ] --START--
INFO: Run Behavior\BuildLiteBehavior [ RunTime:0.000166s ]
INFO: [ app_init ] --END-- [ RunTime:0.001288s ]
ERR: 无法加载模块:News

[ 2016-10-01T11:35:16+08:00 ] ::1 /thinkphp_3.2.3_full/admin/news/index
INFO: [ app_init ] --START--
INFO: Run Behavior\BuildLiteBehavior [ RunTime:0.000129s ]
INFO: [ app_init ] --END-- [ RunTime:0.001390s ]
ERR: 无法加载模块:News

[ 2016-10-01T11:35:24+08:00 ] ::1 /thinkphp_3.2.3_full/admin/index
INFO: [ app_init ] --START--
INFO: Run Behavior\BuildLiteBehavior [ RunTime:0.000280s ]
INFO: [ app_init ] --END-- [ RunTime:0.004912s ]
ERR: 无法加载模块:News

[ 2016-10-01T11:35:24+08:00 ] ::1 /thinkphp_3.2.3_full/admin/index
INFO: [ app_init ] --START--
INFO: Run Behavior\BuildLiteBehavior [ RunTime:0.000375s ]
INFO: [ app_init ] --END-- [ RunTime:0.007139s ]
ERR: 无法加载模块:News

