[ 2016-10-30T15:19:10+08:00 ] ::1 /yuanku/Public/img/news_img/580f0d4c58a02.png
INFO: [ app_init ] --START--
INFO: Run Behavior\BuildLiteBehavior [ RunTime:0.000036s ]
INFO: [ app_init ] --END-- [ RunTime:0.000721s ]
ERR: 无法加载模块:Public

[ 2016-10-30T15:19:23+08:00 ] ::1 /yuanku/Public/img/icon_vplay_small.png
INFO: [ app_init ] --START--
INFO: Run Behavior\BuildLiteBehavior [ RunTime:0.000028s ]
INFO: [ app_init ] --END-- [ RunTime:0.000414s ]
ERR: 无法加载模块:Public

[ 2016-10-30T15:19:23+08:00 ] ::1 /yuanku/Public/img/best_tag_bg.png
INFO: [ app_init ] --START--
INFO: Run Behavior\BuildLiteBehavior [ RunTime:0.000059s ]
INFO: [ app_init ] --END-- [ RunTime:0.000931s ]
ERR: 无法加载模块:Public

[ 2016-10-30T15:19:26+08:00 ] ::1 /yuanku/Public/img/news_img/580f0d4c58a02.png
INFO: [ app_init ] --START--
INFO: Run Behavior\BuildLiteBehavior [ RunTime:0.000050s ]
INFO: [ app_init ] --END-- [ RunTime:0.000706s ]
ERR: 无法加载模块:Public

[ 2016-10-30T15:19:30+08:00 ] ::1 /yuanku/Public/css/images/white-line.png
INFO: [ app_init ] --START--
INFO: Run Behavior\BuildLiteBehavior [ RunTime:0.000026s ]
INFO: [ app_init ] --END-- [ RunTime:0.000426s ]
ERR: 无法加载模块:Public

