<<<<<<< HEAD
[ 2016-10-04T09:03:52+08:00 ] ::1 /lidong/yuanku/js/bootstrap.min.js
INFO: [ app_init ] --START--
INFO: Run Behavior\BuildLiteBehavior [ RunTime:0.000042s ]
INFO: [ app_init ] --END-- [ RunTime:0.000829s ]
ERR: 无法加载模块:Js

[ 2016-10-04T09:06:01+08:00 ] ::1 /lidong/yuanku/js/bootstrap.min.js
INFO: [ app_init ] --START--
INFO: Run Behavior\BuildLiteBehavior [ RunTime:0.000026s ]
INFO: [ app_init ] --END-- [ RunTime:0.000560s ]
ERR: 无法加载模块:Js

[ 2016-10-04T09:06:01+08:00 ] ::1 /lidong/yuanku/js/bootstrap.min.js
INFO: [ app_init ] --START--
INFO: Run Behavior\BuildLiteBehavior [ RunTime:0.000025s ]
INFO: [ app_init ] --END-- [ RunTime:0.000542s ]
ERR: 无法加载模块:Js

[ 2016-10-04T09:06:57+08:00 ] 127.0.0.1 /lidong/yuanku/js/bootstrap.min.js
INFO: [ app_init ] --START--
INFO: Run Behavior\BuildLiteBehavior [ RunTime:0.000026s ]
INFO: [ app_init ] --END-- [ RunTime:0.000524s ]
ERR: 无法加载模块:Js

[ 2016-10-04T09:06:58+08:00 ] 127.0.0.1 /lidong/yuanku/js/bootstrap.min.js
INFO: [ app_init ] --START--
INFO: Run Behavior\BuildLiteBehavior [ RunTime:0.000025s ]
INFO: [ app_init ] --END-- [ RunTime:0.000499s ]
ERR: 无法加载模块:Js

[ 2016-10-04T11:17:23+08:00 ] ::1 /lidong/yuanku/js/bootstrap.min.js
INFO: [ app_init ] --START--
INFO: Run Behavior\BuildLiteBehavior [ RunTime:0.000038s ]
INFO: [ app_init ] --END-- [ RunTime:0.000761s ]
ERR: 无法加载模块:Js

[ 2016-10-04T11:17:33+08:00 ] ::1 /lidong/yuanku/js/bootstrap.min.js
INFO: [ app_init ] --START--
INFO: Run Behavior\BuildLiteBehavior [ RunTime:0.000049s ]
INFO: [ app_init ] --END-- [ RunTime:0.000930s ]
ERR: 无法加载模块:Js

[ 2016-10-04T11:19:30+08:00 ] ::1 /lidong/yuanku/inex.php
INFO: [ app_init ] --START--
INFO: Run Behavior\BuildLiteBehavior [ RunTime:0.000047s ]
INFO: [ app_init ] --END-- [ RunTime:0.000929s ]
ERR: 无法加载模块:Inex

[ 2016-10-04T11:19:50+08:00 ] ::1 /lidong/yuanku/js/bootstrap.min.js
INFO: [ app_init ] --START--
INFO: Run Behavior\BuildLiteBehavior [ RunTime:0.000034s ]
INFO: [ app_init ] --END-- [ RunTime:0.000838s ]
ERR: 无法加载模块:Js

[ 2016-10-04T11:19:58+08:00 ] ::1 /lidong/yuanku/js/bootstrap.min.js
INFO: [ app_init ] --START--
INFO: Run Behavior\BuildLiteBehavior [ RunTime:0.000030s ]
INFO: [ app_init ] --END-- [ RunTime:0.000604s ]
ERR: 无法加载模块:Js

[ 2016-10-04T14:41:14+08:00 ] ::1 /lidong/yuanku/js/bootstrap.min.js
INFO: [ app_init ] --START--
INFO: Run Behavior\BuildLiteBehavior [ RunTime:0.000048s ]
INFO: [ app_init ] --END-- [ RunTime:0.000945s ]
ERR: 无法加载模块:Js

[ 2016-10-04T14:41:20+08:00 ] ::1 /lidong/yuanku/news
INFO: [ app_init ] --START--
INFO: Run Behavior\BuildLiteBehavior [ RunTime:0.000030s ]
INFO: [ app_init ] --END-- [ RunTime:0.000605s ]
ERR: 无法加载模块:News

[ 2016-10-04T14:42:32+08:00 ] 127.0.0.1 /lidong/yuanku/Public/css/img/icon_logo.png
INFO: [ app_init ] --START--
INFO: Run Behavior\BuildLiteBehavior [ RunTime:0.000047s ]
INFO: [ app_init ] --END-- [ RunTime:0.000966s ]
ERR: 无法加载模块:Public

[ 2016-10-04T14:43:25+08:00 ] ::1 /lidong/yuanku/js/bootstrap.min.js
INFO: [ app_init ] --START--
INFO: Run Behavior\BuildLiteBehavior [ RunTime:0.000048s ]
INFO: [ app_init ] --END-- [ RunTime:0.000803s ]
ERR: 无法加载模块:Js

[ 2016-10-04T14:47:05+08:00 ] ::1 /lidong/yuanku/js/bootstrap.min.js
INFO: [ app_init ] --START--
INFO: Run Behavior\BuildLiteBehavior [ RunTime:0.000053s ]
INFO: [ app_init ] --END-- [ RunTime:0.000954s ]
ERR: 无法加载模块:Js

[ 2016-10-04T14:47:28+08:00 ] ::1 /lidong/yuanku/js/bootstrap.min.js
INFO: [ app_init ] --START--
INFO: Run Behavior\BuildLiteBehavior [ RunTime:0.000076s ]
INFO: [ app_init ] --END-- [ RunTime:0.001149s ]
ERR: 无法加载模块:Js

[ 2016-10-04T16:49:08+08:00 ] ::1 /lidong/yuanku/js/bootstrap.min.js
INFO: [ app_init ] --START--
INFO: Run Behavior\BuildLiteBehavior [ RunTime:0.000047s ]
INFO: [ app_init ] --END-- [ RunTime:0.000791s ]
ERR: 无法加载模块:Js

[ 2016-10-04T16:56:41+08:00 ] ::1 /lidong/yuanku/js/bootstrap.min.js
INFO: [ app_init ] --START--
INFO: Run Behavior\BuildLiteBehavior [ RunTime:0.000048s ]
INFO: [ app_init ] --END-- [ RunTime:0.000880s ]
ERR: 无法加载模块:Js

[ 2016-10-04T16:58:05+08:00 ] ::1 /lidong/yuanku/js/bootstrap.min.js
INFO: [ app_init ] --START--
INFO: Run Behavior\BuildLiteBehavior [ RunTime:0.000092s ]
INFO: [ app_init ] --END-- [ RunTime:0.001013s ]
ERR: 无法加载模块:Js

[ 2016-10-04T17:06:32+08:00 ] ::1 /lidong/yuanku/js/bootstrap.min.js
INFO: [ app_init ] --START--
INFO: Run Behavior\BuildLiteBehavior [ RunTime:0.000046s ]
INFO: [ app_init ] --END-- [ RunTime:0.000860s ]
ERR: 无法加载模块:Js

[ 2016-10-04T17:07:02+08:00 ] ::1 /lidong/yuanku/Public/js/site.min.map
INFO: [ app_init ] --START--
INFO: Run Behavior\BuildLiteBehavior [ RunTime:0.000050s ]
INFO: [ app_init ] --END-- [ RunTime:0.000878s ]
ERR: 无法加载模块:Public

[ 2016-10-04T17:07:03+08:00 ] ::1 /lidong/yuanku/Public/css/home/about.css.map
INFO: [ app_init ] --START--
INFO: Run Behavior\BuildLiteBehavior [ RunTime:0.000055s ]
INFO: [ app_init ] --END-- [ RunTime:0.000943s ]
ERR: 无法加载模块:Public

[ 2016-10-04T17:07:32+08:00 ] ::1 /lidong/yuanku/Public/js/site.min.map
INFO: [ app_init ] --START--
INFO: Run Behavior\BuildLiteBehavior [ RunTime:0.000051s ]
INFO: [ app_init ] --END-- [ RunTime:0.000912s ]
ERR: 无法加载模块:Public

[ 2016-10-04T17:07:32+08:00 ] ::1 /lidong/yuanku/Public/css/home/about.css.map
INFO: [ app_init ] --START--
INFO: Run Behavior\BuildLiteBehavior [ RunTime:0.000048s ]
INFO: [ app_init ] --END-- [ RunTime:0.000883s ]
ERR: 无法加载模块:Public

[ 2016-10-04T17:34:44+08:00 ] ::1 /lidong/yuanku/js/bootstrap.min.js
INFO: [ app_init ] --START--
INFO: Run Behavior\BuildLiteBehavior [ RunTime:0.000044s ]
INFO: [ app_init ] --END-- [ RunTime:0.000818s ]
ERR: 无法加载模块:Js

[ 2016-10-04T17:35:16+08:00 ] ::1 /lidong/yuanku/js/bootstrap.min.js
INFO: [ app_init ] --START--
INFO: Run Behavior\BuildLiteBehavior [ RunTime:0.000046s ]
INFO: [ app_init ] --END-- [ RunTime:0.000975s ]
ERR: 无法加载模块:Js

[ 2016-10-04T17:35:19+08:00 ] ::1 /lidong/yuanku/js/bootstrap.min.js
INFO: [ app_init ] --START--
INFO: Run Behavior\BuildLiteBehavior [ RunTime:0.000051s ]
INFO: [ app_init ] --END-- [ RunTime:0.000983s ]
ERR: 无法加载模块:Js
=======
[ 2016-10-04T10:55:49+08:00 ] ::1 /201610/thinkphp_3.2.3_full/yuanku/js/bootstrap.min.js
INFO: [ app_init ] --START--
INFO: Run Behavior\BuildLiteBehavior [ RunTime:0.000024s ]
INFO: [ app_init ] --END-- [ RunTime:0.000999s ]
ERR: 无法加载模块:Js

[ 2016-10-04T10:55:50+08:00 ] ::1 /201610/thinkphp_3.2.3_full/yuanku/js/bootstrap.min.js
INFO: [ app_init ] --START--
INFO: Run Behavior\BuildLiteBehavior [ RunTime:0.000024s ]
INFO: [ app_init ] --END-- [ RunTime:0.001078s ]
ERR: 无法加载模块:Js

[ 2016-10-04T10:56:31+08:00 ] ::1 /201610/thinkphp_3.2.3_full/yuanku/js/bootstrap.min.js
INFO: [ app_init ] --START--
INFO: Run Behavior\BuildLiteBehavior [ RunTime:0.000040s ]
INFO: [ app_init ] --END-- [ RunTime:0.000895s ]
ERR: 无法加载模块:Js

[ 2016-10-04T11:00:25+08:00 ] ::1 /201610/thinkphp_3.2.3_full/yuanku/js/bootstrap.min.js
INFO: [ app_init ] --START--
INFO: Run Behavior\BuildLiteBehavior [ RunTime:0.000026s ]
INFO: [ app_init ] --END-- [ RunTime:0.000995s ]
ERR: 无法加载模块:Js

[ 2016-10-04T11:01:02+08:00 ] ::1 /201610/thinkphp_3.2.3_full/yuanku/js/bootstrap.min.js
INFO: [ app_init ] --START--
INFO: Run Behavior\BuildLiteBehavior [ RunTime:0.000022s ]
INFO: [ app_init ] --END-- [ RunTime:0.000753s ]
ERR: 无法加载模块:Js

[ 2016-10-04T11:03:30+08:00 ] ::1 /201610/thinkphp_3.2.3_full/yuanku/js/bootstrap.min.js
INFO: [ app_init ] --START--
INFO: Run Behavior\BuildLiteBehavior [ RunTime:0.000026s ]
INFO: [ app_init ] --END-- [ RunTime:0.001285s ]
ERR: 无法加载模块:Js

[ 2016-10-04T11:04:53+08:00 ] ::1 /201610/thinkphp_3.2.3_full/yuanku/js/bootstrap.min.js
INFO: [ app_init ] --START--
INFO: Run Behavior\BuildLiteBehavior [ RunTime:0.000031s ]
INFO: [ app_init ] --END-- [ RunTime:0.001878s ]
ERR: 无法加载模块:Js

[ 2016-10-04T11:13:01+08:00 ] ::1 /201610/thinkphp_3.2.3_full/yuanku/js/bootstrap.min.js
INFO: [ app_init ] --START--
INFO: Run Behavior\BuildLiteBehavior [ RunTime:0.000061s ]
INFO: [ app_init ] --END-- [ RunTime:0.001491s ]
ERR: 无法加载模块:Js

[ 2016-10-04T11:13:26+08:00 ] ::1 /201610/thinkphp_3.2.3_full/yuanku/js/bootstrap.min.js
INFO: [ app_init ] --START--
INFO: Run Behavior\BuildLiteBehavior [ RunTime:0.000028s ]
INFO: [ app_init ] --END-- [ RunTime:0.001087s ]
ERR: 无法加载模块:Js

[ 2016-10-04T11:13:27+08:00 ] ::1 /201610/thinkphp_3.2.3_full/yuanku/js/bootstrap.min.js
INFO: [ app_init ] --START--
INFO: Run Behavior\BuildLiteBehavior [ RunTime:0.000029s ]
INFO: [ app_init ] --END-- [ RunTime:0.001264s ]
ERR: 无法加载模块:Js

[ 2016-10-04T11:16:51+08:00 ] ::1 /201610/thinkphp_3.2.3_full/yuanku/js/bootstrap.min.js
INFO: [ app_init ] --START--
INFO: Run Behavior\BuildLiteBehavior [ RunTime:0.000032s ]
INFO: [ app_init ] --END-- [ RunTime:0.003892s ]
ERR: 无法加载模块:Js

[ 2016-10-04T11:17:13+08:00 ] ::1 /201610/thinkphp_3.2.3_full/yuanku/js/bootstrap.min.js
INFO: [ app_init ] --START--
INFO: Run Behavior\BuildLiteBehavior [ RunTime:0.000028s ]
INFO: [ app_init ] --END-- [ RunTime:0.001137s ]
ERR: 无法加载模块:Js

[ 2016-10-04T11:17:14+08:00 ] ::1 /201610/thinkphp_3.2.3_full/yuanku/js/bootstrap.min.js
INFO: [ app_init ] --START--
INFO: Run Behavior\BuildLiteBehavior [ RunTime:0.000026s ]
INFO: [ app_init ] --END-- [ RunTime:0.001872s ]
ERR: 无法加载模块:Js

[ 2016-10-04T17:21:52+08:00 ] ::1 /201610/thinkphp_3.2.3_full/yuanku/Public/css/home/%E2%80%98__PUBLIC__/font/nevis.ttf%E2%80%99
INFO: [ app_init ] --START--
INFO: Run Behavior\BuildLiteBehavior [ RunTime:0.000108s ]
INFO: [ app_init ] --END-- [ RunTime:0.001261s ]
ERR: 无法加载模块:Public

[ 2016-10-04T17:21:55+08:00 ] ::1 /201610/thinkphp_3.2.3_full/yuanku/Public/css/home/%E2%80%98__PUBLIC__/font/nevis.ttf%E2%80%99
INFO: [ app_init ] --START--
INFO: Run Behavior\BuildLiteBehavior [ RunTime:0.000032s ]
INFO: [ app_init ] --END-- [ RunTime:0.001492s ]
ERR: 无法加载模块:Public

[ 2016-10-04T17:22:02+08:00 ] ::1 /201610/thinkphp_3.2.3_full/yuanku/Public/css/home/%E2%80%98__PUBLIC__/font/nevis.ttf%E2%80%99
INFO: [ app_init ] --START--
INFO: Run Behavior\BuildLiteBehavior [ RunTime:0.000025s ]
INFO: [ app_init ] --END-- [ RunTime:0.001098s ]
ERR: 无法加载模块:Public

[ 2016-10-04T17:22:48+08:00 ] ::1 /201610/thinkphp_3.2.3_full/yuanku/Public/css/home/%E2%80%98../font/nevis.ttf%E2%80%99
INFO: [ app_init ] --START--
INFO: Run Behavior\BuildLiteBehavior [ RunTime:0.000029s ]
INFO: [ app_init ] --END-- [ RunTime:0.000959s ]
ERR: 无法加载模块:Public

[ 2016-10-04T17:22:50+08:00 ] ::1 /201610/thinkphp_3.2.3_full/yuanku/Public/css/home/%E2%80%98../font/nevis.ttf%E2%80%99
INFO: [ app_init ] --START--
INFO: Run Behavior\BuildLiteBehavior [ RunTime:0.000036s ]
INFO: [ app_init ] --END-- [ RunTime:0.003209s ]
ERR: 无法加载模块:Public

[ 2016-10-04T17:23:11+08:00 ] ::1 /201610/thinkphp_3.2.3_full/yuanku/Public/css/home/font/nevis.ttf%E2%80%99
INFO: [ app_init ] --START--
INFO: Run Behavior\BuildLiteBehavior [ RunTime:0.000031s ]
INFO: [ app_init ] --END-- [ RunTime:0.001077s ]
ERR: 无法加载模块:Public

[ 2016-10-04T17:23:15+08:00 ] ::1 /201610/thinkphp_3.2.3_full/yuanku/Public/css/home/font/nevis.ttf%E2%80%99
INFO: [ app_init ] --START--
INFO: Run Behavior\BuildLiteBehavior [ RunTime:0.000026s ]
INFO: [ app_init ] --END-- [ RunTime:0.000873s ]
ERR: 无法加载模块:Public

[ 2016-10-04T17:23:36+08:00 ] ::1 /201610/thinkphp_3.2.3_full/yuanku/Public/font/nevis.ttf
INFO: [ app_init ] --START--
INFO: Run Behavior\BuildLiteBehavior [ RunTime:0.000028s ]
INFO: [ app_init ] --END-- [ RunTime:0.001053s ]
ERR: 无法加载模块:Public
>>>>>>> 655336e0e9328084065312b4a4306784e76bb344

