[ 2016-10-18T09:05:59+08:00 ] ::1 /thinkphp_3.2.3_full/yuanku/admin/
INFO: [ app_init ] --START--
INFO: Run Behavior\BuildLiteBehavior [ RunTime:0.000140s ]
INFO: [ app_init ] --END-- [ RunTime:0.001278s ]
INFO: [ app_begin ] --START--
INFO: Run Behavior\ReadHtmlCacheBehavior [ RunTime:0.001193s ]
INFO: [ app_begin ] --END-- [ RunTime:0.001902s ]
INFO: [ view_parse ] --START--
INFO: [ template_filter ] --START--
INFO: Run Behavior\ContentReplaceBehavior [ RunTime:0.000287s ]
INFO: [ template_filter ] --END-- [ RunTime:0.001024s ]
INFO: Run Behavior\ParseTemplateBehavior [ RunTime:0.020286s ]
INFO: [ view_parse ] --END-- [ RunTime:0.021304s ]
INFO: [ view_filter ] --START--
INFO: Run Behavior\WriteHtmlCacheBehavior [ RunTime:0.001676s ]
INFO: [ view_filter ] --END-- [ RunTime:0.002435s ]

[ 2016-10-18T09:06:02+08:00 ] ::1 /thinkphp_3.2.3_full/yuanku/index.php/Admin/Login/index.html
INFO: [ app_init ] --START--
INFO: Run Behavior\BuildLiteBehavior [ RunTime:0.000220s ]
INFO: [ app_init ] --END-- [ RunTime:0.002011s ]
INFO: [ app_begin ] --START--
INFO: Run Behavior\ReadHtmlCacheBehavior [ RunTime:0.001420s ]
INFO: [ app_begin ] --END-- [ RunTime:0.002384s ]
INFO: [ view_parse ] --START--
INFO: [ template_filter ] --START--
INFO: Run Behavior\ContentReplaceBehavior [ RunTime:0.000416s ]
INFO: [ template_filter ] --END-- [ RunTime:0.001309s ]
NOTIC: [8] Undefined variable: title C:\wamp\www\thinkphp_3.2.3_full\yuanku\Application\Runtime\Cache\Admin\32ec6c906c117a7c2bf504769276d87a.php 第 4 行.
INFO: Run Behavior\ParseTemplateBehavior [ RunTime:0.026122s ]
INFO: [ view_parse ] --END-- [ RunTime:0.026888s ]
INFO: [ view_filter ] --START--
INFO: Run Behavior\WriteHtmlCacheBehavior [ RunTime:0.000789s ]
INFO: [ view_filter ] --END-- [ RunTime:0.001423s ]
INFO: [ app_end ] --START--
INFO: Run Behavior\ShowPageTraceBehavior [ RunTime:0.001097s ]
INFO: [ app_end ] --END-- [ RunTime:0.001718s ]

[ 2016-10-18T09:06:02+08:00 ] ::1 /thinkphp_3.2.3_full/yuanku/index.php/Admin/Login/get_verify.html
INFO: [ app_init ] --START--
INFO: Run Behavior\BuildLiteBehavior [ RunTime:0.000145s ]
INFO: [ app_init ] --END-- [ RunTime:0.001328s ]
INFO: [ app_begin ] --START--
INFO: Run Behavior\ReadHtmlCacheBehavior [ RunTime:0.001225s ]
INFO: [ app_begin ] --END-- [ RunTime:0.002210s ]
INFO: [ app_end ] --START--
INFO: Run Behavior\ShowPageTraceBehavior [ RunTime:0.001230s ]
INFO: [ app_end ] --END-- [ RunTime:0.002311s ]

[ 2016-10-18T09:06:21+08:00 ] ::1 /thinkphp_3.2.3_full/yuanku/index.php/Admin/Login/index.html
INFO: [ app_init ] --START--
INFO: Run Behavior\BuildLiteBehavior [ RunTime:0.000239s ]
INFO: [ app_init ] --END-- [ RunTime:0.002534s ]
INFO: [ app_begin ] --START--
INFO: Run Behavior\ReadHtmlCacheBehavior [ RunTime:0.000929s ]
INFO: [ app_begin ] --END-- [ RunTime:0.001653s ]
INFO: [ view_parse ] --START--
INFO: [ template_filter ] --START--
INFO: Run Behavior\ContentReplaceBehavior [ RunTime:0.000334s ]
INFO: [ template_filter ] --END-- [ RunTime:0.001014s ]
NOTIC: [8] Undefined variable: title C:\wamp\www\thinkphp_3.2.3_full\yuanku\Application\Runtime\Cache\Admin\32ec6c906c117a7c2bf504769276d87a.php 第 4 行.
INFO: Run Behavior\ParseTemplateBehavior [ RunTime:0.021019s ]
INFO: [ view_parse ] --END-- [ RunTime:0.021698s ]
INFO: [ view_filter ] --START--
INFO: Run Behavior\WriteHtmlCacheBehavior [ RunTime:0.000733s ]
INFO: [ view_filter ] --END-- [ RunTime:0.001417s ]
INFO: [ app_end ] --START--
INFO: Run Behavior\ShowPageTraceBehavior [ RunTime:0.001131s ]
INFO: [ app_end ] --END-- [ RunTime:0.001788s ]

[ 2016-10-18T09:06:22+08:00 ] ::1 /thinkphp_3.2.3_full/yuanku/index.php/Admin/Login/get_verify.html
INFO: [ app_init ] --START--
INFO: Run Behavior\BuildLiteBehavior [ RunTime:0.000136s ]
INFO: [ app_init ] --END-- [ RunTime:0.001294s ]
INFO: [ app_begin ] --START--
INFO: Run Behavior\ReadHtmlCacheBehavior [ RunTime:0.000997s ]
INFO: [ app_begin ] --END-- [ RunTime:0.001753s ]
INFO: [ app_end ] --START--
INFO: Run Behavior\ShowPageTraceBehavior [ RunTime:0.001162s ]
INFO: [ app_end ] --END-- [ RunTime:0.001896s ]

