[ 2016-11-02T10:16:05+08:00 ] ::1 /lidong/yuanku/admin
INFO: [ app_init ] --START--
INFO: Run Behavior\BuildLiteBehavior [ RunTime:0.000047s ]
INFO: [ app_init ] --END-- [ RunTime:0.000920s ]
INFO: [ app_begin ] --START--
INFO: Run Behavior\ReadHtmlCacheBehavior [ RunTime:0.002510s ]
INFO: [ app_begin ] --END-- [ RunTime:0.002753s ]
INFO: [ view_parse ] --START--
INFO: [ template_filter ] --START--
INFO: Run Behavior\ContentReplaceBehavior [ RunTime:0.000112s ]
INFO: [ template_filter ] --END-- [ RunTime:0.000392s ]
INFO: Run Behavior\ParseTemplateBehavior [ RunTime:0.042085s ]
INFO: [ view_parse ] --END-- [ RunTime:0.042409s ]
INFO: [ view_filter ] --START--
INFO: Run Behavior\WriteHtmlCacheBehavior [ RunTime:0.001255s ]
INFO: [ view_filter ] --END-- [ RunTime:0.001450s ]

[ 2016-11-02T10:16:08+08:00 ] ::1 /lidong/yuanku/index.php/Admin/Login/index.html
INFO: [ app_init ] --START--
INFO: Run Behavior\BuildLiteBehavior [ RunTime:0.000042s ]
INFO: [ app_init ] --END-- [ RunTime:0.000724s ]
INFO: [ app_begin ] --START--
INFO: Run Behavior\ReadHtmlCacheBehavior [ RunTime:0.000952s ]
INFO: [ app_begin ] --END-- [ RunTime:0.001082s ]
INFO: [ view_parse ] --START--
INFO: [ template_filter ] --START--
INFO: Run Behavior\ContentReplaceBehavior [ RunTime:0.000134s ]
INFO: [ template_filter ] --END-- [ RunTime:0.000319s ]
NOTIC: [8] Undefined variable: title E:\mysql\wamp\www\lidong\yuanku\Application\Runtime\Cache\Admin\32ec6c906c117a7c2bf504769276d87a.php 第 4 行.
INFO: Run Behavior\ParseTemplateBehavior [ RunTime:0.065515s ]
INFO: [ view_parse ] --END-- [ RunTime:0.065681s ]
INFO: [ view_filter ] --START--
INFO: Run Behavior\WriteHtmlCacheBehavior [ RunTime:0.001082s ]
INFO: [ view_filter ] --END-- [ RunTime:0.001247s ]
INFO: [ app_end ] --START--
INFO: Run Behavior\ShowPageTraceBehavior [ RunTime:0.001965s ]
INFO: [ app_end ] --END-- [ RunTime:0.002705s ]

[ 2016-11-02T10:16:09+08:00 ] ::1 /lidong/yuanku/index.php/Admin/Login/get_verify.html
INFO: [ app_init ] --START--
INFO: Run Behavior\BuildLiteBehavior [ RunTime:0.000047s ]
INFO: [ app_init ] --END-- [ RunTime:0.001070s ]
INFO: [ app_begin ] --START--
INFO: Run Behavior\ReadHtmlCacheBehavior [ RunTime:0.001067s ]
INFO: [ app_begin ] --END-- [ RunTime:0.001301s ]
INFO: [ app_end ] --START--
INFO: Run Behavior\ShowPageTraceBehavior [ RunTime:0.006034s ]
INFO: [ app_end ] --END-- [ RunTime:0.006283s ]

[ 2016-11-02T10:16:24+08:00 ] ::1 /lidong/yuanku/index.php/Admin/Login/ajax_login.html
INFO: [ app_init ] --START--
INFO: Run Behavior\BuildLiteBehavior [ RunTime:0.000045s ]
INFO: [ app_init ] --END-- [ RunTime:0.000793s ]
INFO: [ app_begin ] --START--
INFO: Run Behavior\ReadHtmlCacheBehavior [ RunTime:0.001012s ]
INFO: [ app_begin ] --END-- [ RunTime:0.001212s ]
SQL: SHOW COLUMNS FROM `admin_user` [ RunTime:0.0079s ]
SQL: SELECT * FROM `admin_user` WHERE ( user_name="admin" and user_pwd="123456" ) LIMIT 1   [ RunTime:0.0006s ]
SQL: SHOW COLUMNS FROM `think_auth_group_access` [ RunTime:0.0074s ]
SQL: SELECT * FROM `think_auth_group_access` WHERE ( uid=12 ) LIMIT 1   [ RunTime:0.0005s ]

[ 2016-11-02T10:16:24+08:00 ] ::1 /lidong/yuanku/index.php/Admin/index/index.html
INFO: [ app_init ] --START--
INFO: Run Behavior\BuildLiteBehavior [ RunTime:0.000046s ]
INFO: [ app_init ] --END-- [ RunTime:0.000838s ]
INFO: [ app_begin ] --START--
INFO: Run Behavior\ReadHtmlCacheBehavior [ RunTime:0.000797s ]
INFO: [ app_begin ] --END-- [ RunTime:0.001029s ]
SQL: SHOW COLUMNS FROM `admin_user` [ RunTime:0.0067s ]
SQL: SELECT * FROM `admin_user` WHERE ( id=12 ) LIMIT 1   [ RunTime:0.0005s ]
INFO: [ view_parse ] --START--
INFO: [ template_filter ] --START--
INFO: Run Behavior\ContentReplaceBehavior [ RunTime:0.000382s ]
INFO: [ template_filter ] --END-- [ RunTime:0.000523s ]
NOTIC: [8] Undefined variable: title E:\mysql\wamp\www\lidong\yuanku\Application\Runtime\Cache\Admin\b595b808c2ebeeeb0478ffc30bb4e87a.php 第 4 行.
INFO: Run Behavior\ParseTemplateBehavior [ RunTime:0.074977s ]
INFO: [ view_parse ] --END-- [ RunTime:0.075198s ]
INFO: [ view_filter ] --START--
INFO: Run Behavior\WriteHtmlCacheBehavior [ RunTime:0.001249s ]
INFO: [ view_filter ] --END-- [ RunTime:0.001464s ]
INFO: [ app_end ] --START--
INFO: Run Behavior\ShowPageTraceBehavior [ RunTime:0.001985s ]
INFO: [ app_end ] --END-- [ RunTime:0.002207s ]

[ 2016-11-02T10:16:25+08:00 ] ::1 /lidong/yuanku/index.php/Admin/index/img/contacts/1.png
INFO: [ app_init ] --START--
INFO: Run Behavior\BuildLiteBehavior [ RunTime:0.000048s ]
INFO: [ app_init ] --END-- [ RunTime:0.000870s ]

[ 2016-11-02T10:16:25+08:00 ] ::1 /lidong/yuanku/index.php/Admin/index/img/contacts/4.png
INFO: [ app_init ] --START--
INFO: Run Behavior\BuildLiteBehavior [ RunTime:0.000042s ]
INFO: [ app_init ] --END-- [ RunTime:0.000978s ]

[ 2016-11-02T10:16:25+08:00 ] ::1 /lidong/yuanku/index.php/Admin/index/img/contacts/3.png
INFO: [ app_init ] --START--
INFO: Run Behavior\BuildLiteBehavior [ RunTime:0.000056s ]
INFO: [ app_init ] --END-- [ RunTime:0.000861s ]

[ 2016-11-02T10:16:25+08:00 ] ::1 /lidong/yuanku/index.php/Admin/index/img/contacts/2.png
INFO: [ app_init ] --START--
INFO: Run Behavior\BuildLiteBehavior [ RunTime:0.000042s ]
INFO: [ app_init ] --END-- [ RunTime:0.000892s ]

[ 2016-11-02T10:16:25+08:00 ] ::1 /lidong/yuanku/index.php/Admin/index/img/contacts/5.png
INFO: [ app_init ] --START--
INFO: Run Behavior\BuildLiteBehavior [ RunTime:0.000045s ]
INFO: [ app_init ] --END-- [ RunTime:0.001045s ]

[ 2016-11-02T10:16:29+08:00 ] ::1 /lidong/yuanku/index.php/Admin/news/index.html
INFO: [ app_init ] --START--
INFO: Run Behavior\BuildLiteBehavior [ RunTime:0.000042s ]
INFO: [ app_init ] --END-- [ RunTime:0.000780s ]
INFO: [ app_begin ] --START--
INFO: Run Behavior\ReadHtmlCacheBehavior [ RunTime:0.000976s ]
INFO: [ app_begin ] --END-- [ RunTime:0.001252s ]
SQL: SHOW COLUMNS FROM `admin_user` [ RunTime:0.0071s ]
SQL: SELECT * FROM `admin_user` WHERE ( id=12 ) LIMIT 1   [ RunTime:0.0006s ]
SQL: SHOW COLUMNS FROM `news` [ RunTime:0.0077s ]
SQL: SELECT COUNT(*) AS tp_count FROM `news` LIMIT 1   [ RunTime:0.0004s ]
NOTIC: [8] Undefined variable: page_html E:\mysql\wamp\www\lidong\yuanku\Application\Admin\Controller\NewsController.class.php 第 25 行.
SQL: SELECT n.id as nid,`title`,`name`,`sort_name`,`img`,`date` FROM news n INNER JOIN author ON author_id=author.id INNER JOIN news_sort ON sort_ename=news_sort.e_name  ORDER BY n.id desc LIMIT 0,10   [ RunTime:0.0012s ]
INFO: [ view_parse ] --START--
INFO: [ template_filter ] --START--
INFO: Run Behavior\ContentReplaceBehavior [ RunTime:0.000339s ]
INFO: [ template_filter ] --END-- [ RunTime:0.000548s ]
NOTIC: [8] Undefined variable: title E:\mysql\wamp\www\lidong\yuanku\Application\Runtime\Cache\Admin\36087655c6ab8580337cdc45b35a926d.php 第 4 行.
NOTIC: [8] Use of undefined constant nid - assumed 'nid' E:\mysql\wamp\www\lidong\yuanku\Application\Runtime\Cache\Admin\36087655c6ab8580337cdc45b35a926d.php 第 462 行.
NOTIC: [8] Use of undefined constant nid - assumed 'nid' E:\mysql\wamp\www\lidong\yuanku\Application\Runtime\Cache\Admin\36087655c6ab8580337cdc45b35a926d.php 第 462 行.
NOTIC: [8] Use of undefined constant nid - assumed 'nid' E:\mysql\wamp\www\lidong\yuanku\Application\Runtime\Cache\Admin\36087655c6ab8580337cdc45b35a926d.php 第 462 行.
NOTIC: [8] Use of undefined constant nid - assumed 'nid' E:\mysql\wamp\www\lidong\yuanku\Application\Runtime\Cache\Admin\36087655c6ab8580337cdc45b35a926d.php 第 462 行.
NOTIC: [8] Use of undefined constant nid - assumed 'nid' E:\mysql\wamp\www\lidong\yuanku\Application\Runtime\Cache\Admin\36087655c6ab8580337cdc45b35a926d.php 第 462 行.
NOTIC: [8] A non well formed numeric value encountered E:\mysql\wamp\www\lidong\yuanku\Application\Runtime\Cache\Admin\36087655c6ab8580337cdc45b35a926d.php 第 459 行.
NOTIC: [8] Use of undefined constant nid - assumed 'nid' E:\mysql\wamp\www\lidong\yuanku\Application\Runtime\Cache\Admin\36087655c6ab8580337cdc45b35a926d.php 第 462 行.
NOTIC: [8] A non well formed numeric value encountered E:\mysql\wamp\www\lidong\yuanku\Application\Runtime\Cache\Admin\36087655c6ab8580337cdc45b35a926d.php 第 459 行.
NOTIC: [8] Use of undefined constant nid - assumed 'nid' E:\mysql\wamp\www\lidong\yuanku\Application\Runtime\Cache\Admin\36087655c6ab8580337cdc45b35a926d.php 第 462 行.
NOTIC: [8] A non well formed numeric value encountered E:\mysql\wamp\www\lidong\yuanku\Application\Runtime\Cache\Admin\36087655c6ab8580337cdc45b35a926d.php 第 459 行.
NOTIC: [8] Use of undefined constant nid - assumed 'nid' E:\mysql\wamp\www\lidong\yuanku\Application\Runtime\Cache\Admin\36087655c6ab8580337cdc45b35a926d.php 第 462 行.
NOTIC: [8] A non well formed numeric value encountered E:\mysql\wamp\www\lidong\yuanku\Application\Runtime\Cache\Admin\36087655c6ab8580337cdc45b35a926d.php 第 459 行.
NOTIC: [8] Use of undefined constant nid - assumed 'nid' E:\mysql\wamp\www\lidong\yuanku\Application\Runtime\Cache\Admin\36087655c6ab8580337cdc45b35a926d.php 第 462 行.
NOTIC: [8] A non well formed numeric value encountered E:\mysql\wamp\www\lidong\yuanku\Application\Runtime\Cache\Admin\36087655c6ab8580337cdc45b35a926d.php 第 459 行.
NOTIC: [8] Use of undefined constant nid - assumed 'nid' E:\mysql\wamp\www\lidong\yuanku\Application\Runtime\Cache\Admin\36087655c6ab8580337cdc45b35a926d.php 第 462 行.
INFO: Run Behavior\ParseTemplateBehavior [ RunTime:0.088976s ]
INFO: [ view_parse ] --END-- [ RunTime:0.089201s ]
INFO: [ view_filter ] --START--
INFO: Run Behavior\WriteHtmlCacheBehavior [ RunTime:0.001035s ]
INFO: [ view_filter ] --END-- [ RunTime:0.001241s ]
INFO: [ app_end ] --START--
INFO: Run Behavior\ShowPageTraceBehavior [ RunTime:0.001189s ]
INFO: [ app_end ] --END-- [ RunTime:0.001377s ]

[ 2016-11-02T10:16:29+08:00 ] ::1 /lidong/yuanku/index.php/Admin/news/img/contacts/3.png
INFO: [ app_init ] --START--
INFO: Run Behavior\BuildLiteBehavior [ RunTime:0.000047s ]
INFO: [ app_init ] --END-- [ RunTime:0.000967s ]

[ 2016-11-02T10:16:29+08:00 ] ::1 /lidong/yuanku/index.php/Admin/news/img/contacts/1.png
INFO: [ app_init ] --START--
INFO: Run Behavior\BuildLiteBehavior [ RunTime:0.000045s ]
INFO: [ app_init ] --END-- [ RunTime:0.000833s ]

[ 2016-11-02T10:16:29+08:00 ] ::1 /lidong/yuanku/index.php/Admin/news/img/contacts/5.png
INFO: [ app_init ] --START--
INFO: Run Behavior\BuildLiteBehavior [ RunTime:0.000046s ]
INFO: [ app_init ] --END-- [ RunTime:0.000941s ]

[ 2016-11-02T10:16:29+08:00 ] ::1 /lidong/yuanku/index.php/Admin/news/img/contacts/4.png
INFO: [ app_init ] --START--
INFO: Run Behavior\BuildLiteBehavior [ RunTime:0.000053s ]
INFO: [ app_init ] --END-- [ RunTime:0.001190s ]

[ 2016-11-02T10:16:29+08:00 ] ::1 /lidong/yuanku/index.php/Admin/news/img/contacts/2.png
INFO: [ app_init ] --START--
INFO: Run Behavior\BuildLiteBehavior [ RunTime:0.000047s ]
INFO: [ app_init ] --END-- [ RunTime:0.018611s ]

[ 2016-11-02T10:16:37+08:00 ] ::1 /lidong/yuanku/index.php/Admin/news/sort.html
INFO: [ app_init ] --START--
INFO: Run Behavior\BuildLiteBehavior [ RunTime:0.000050s ]
INFO: [ app_init ] --END-- [ RunTime:0.001173s ]
INFO: [ app_begin ] --START--
INFO: Run Behavior\ReadHtmlCacheBehavior [ RunTime:0.001376s ]
INFO: [ app_begin ] --END-- [ RunTime:0.001575s ]
SQL: SHOW COLUMNS FROM `admin_user` [ RunTime:0.0071s ]
SQL: SELECT * FROM `admin_user` WHERE ( id=12 ) LIMIT 1   [ RunTime:0.0005s ]
SQL: SHOW COLUMNS FROM `news_sort` [ RunTime:0.0073s ]
SQL: SELECT COUNT(*) AS tp_count FROM `news_sort` LIMIT 1   [ RunTime:0.0004s ]
NOTIC: [8] Undefined variable: page_html E:\mysql\wamp\www\lidong\yuanku\Application\Admin\Controller\NewsController.class.php 第 216 行.
SQL: SELECT * FROM `news_sort` ORDER BY id desc LIMIT 0,5   [ RunTime:0.0008s ]
INFO: [ view_parse ] --START--
INFO: [ template_filter ] --START--
INFO: Run Behavior\ContentReplaceBehavior [ RunTime:0.000351s ]
INFO: [ template_filter ] --END-- [ RunTime:0.000589s ]
NOTIC: [8] Undefined variable: title E:\mysql\wamp\www\lidong\yuanku\Application\Runtime\Cache\Admin\1f4622e36af5daf9d693aa1ef888c57e.php 第 4 行.
NOTIC: [8] Use of undefined constant e_name - assumed 'e_name' E:\mysql\wamp\www\lidong\yuanku\Application\Runtime\Cache\Admin\1f4622e36af5daf9d693aa1ef888c57e.php 第 456 行.
NOTIC: [8] Use of undefined constant id - assumed 'id' E:\mysql\wamp\www\lidong\yuanku\Application\Runtime\Cache\Admin\1f4622e36af5daf9d693aa1ef888c57e.php 第 457 行.
NOTIC: [8] Use of undefined constant id - assumed 'id' E:\mysql\wamp\www\lidong\yuanku\Application\Runtime\Cache\Admin\1f4622e36af5daf9d693aa1ef888c57e.php 第 458 行.
NOTIC: [8] Use of undefined constant e_name - assumed 'e_name' E:\mysql\wamp\www\lidong\yuanku\Application\Runtime\Cache\Admin\1f4622e36af5daf9d693aa1ef888c57e.php 第 456 行.
NOTIC: [8] Use of undefined constant id - assumed 'id' E:\mysql\wamp\www\lidong\yuanku\Application\Runtime\Cache\Admin\1f4622e36af5daf9d693aa1ef888c57e.php 第 457 行.
NOTIC: [8] Use of undefined constant id - assumed 'id' E:\mysql\wamp\www\lidong\yuanku\Application\Runtime\Cache\Admin\1f4622e36af5daf9d693aa1ef888c57e.php 第 458 行.
NOTIC: [8] Use of undefined constant e_name - assumed 'e_name' E:\mysql\wamp\www\lidong\yuanku\Application\Runtime\Cache\Admin\1f4622e36af5daf9d693aa1ef888c57e.php 第 456 行.
NOTIC: [8] Use of undefined constant id - assumed 'id' E:\mysql\wamp\www\lidong\yuanku\Application\Runtime\Cache\Admin\1f4622e36af5daf9d693aa1ef888c57e.php 第 457 行.
NOTIC: [8] Use of undefined constant id - assumed 'id' E:\mysql\wamp\www\lidong\yuanku\Application\Runtime\Cache\Admin\1f4622e36af5daf9d693aa1ef888c57e.php 第 458 行.
NOTIC: [8] Use of undefined constant e_name - assumed 'e_name' E:\mysql\wamp\www\lidong\yuanku\Application\Runtime\Cache\Admin\1f4622e36af5daf9d693aa1ef888c57e.php 第 456 行.
NOTIC: [8] Use of undefined constant id - assumed 'id' E:\mysql\wamp\www\lidong\yuanku\Application\Runtime\Cache\Admin\1f4622e36af5daf9d693aa1ef888c57e.php 第 457 行.
NOTIC: [8] Use of undefined constant id - assumed 'id' E:\mysql\wamp\www\lidong\yuanku\Application\Runtime\Cache\Admin\1f4622e36af5daf9d693aa1ef888c57e.php 第 458 行.
NOTIC: [8] Use of undefined constant e_name - assumed 'e_name' E:\mysql\wamp\www\lidong\yuanku\Application\Runtime\Cache\Admin\1f4622e36af5daf9d693aa1ef888c57e.php 第 456 行.
NOTIC: [8] Use of undefined constant id - assumed 'id' E:\mysql\wamp\www\lidong\yuanku\Application\Runtime\Cache\Admin\1f4622e36af5daf9d693aa1ef888c57e.php 第 457 行.
NOTIC: [8] Use of undefined constant id - assumed 'id' E:\mysql\wamp\www\lidong\yuanku\Application\Runtime\Cache\Admin\1f4622e36af5daf9d693aa1ef888c57e.php 第 458 行.
INFO: Run Behavior\ParseTemplateBehavior [ RunTime:0.098456s ]
INFO: [ view_parse ] --END-- [ RunTime:0.098652s ]
INFO: [ view_filter ] --START--
INFO: Run Behavior\WriteHtmlCacheBehavior [ RunTime:0.001878s ]
INFO: [ view_filter ] --END-- [ RunTime:0.002072s ]
INFO: [ app_end ] --START--
INFO: Run Behavior\ShowPageTraceBehavior [ RunTime:0.001426s ]
INFO: [ app_end ] --END-- [ RunTime:0.001601s ]

[ 2016-11-02T10:16:38+08:00 ] ::1 /lidong/yuanku/index.php/Admin/news/img/contacts/1.png
INFO: [ app_init ] --START--
INFO: Run Behavior\BuildLiteBehavior [ RunTime:0.000044s ]
INFO: [ app_init ] --END-- [ RunTime:0.000876s ]

[ 2016-11-02T10:16:38+08:00 ] ::1 /lidong/yuanku/index.php/Admin/news/img/contacts/3.png
INFO: [ app_init ] --START--
INFO: Run Behavior\BuildLiteBehavior [ RunTime:0.000047s ]
INFO: [ app_init ] --END-- [ RunTime:0.001059s ]

[ 2016-11-02T10:16:38+08:00 ] ::1 /lidong/yuanku/index.php/Admin/news/img/contacts/4.png
INFO: [ app_init ] --START--
INFO: Run Behavior\BuildLiteBehavior [ RunTime:0.000042s ]
INFO: [ app_init ] --END-- [ RunTime:0.000881s ]

[ 2016-11-02T10:16:38+08:00 ] ::1 /lidong/yuanku/index.php/Admin/news/img/contacts/5.png
INFO: [ app_init ] --START--
INFO: Run Behavior\BuildLiteBehavior [ RunTime:0.000050s ]
INFO: [ app_init ] --END-- [ RunTime:0.000913s ]

[ 2016-11-02T10:16:38+08:00 ] ::1 /lidong/yuanku/index.php/Admin/news/img/contacts/2.png
INFO: [ app_init ] --START--
INFO: Run Behavior\BuildLiteBehavior [ RunTime:0.000048s ]
INFO: [ app_init ] --END-- [ RunTime:0.001001s ]

[ 2016-11-02T10:16:42+08:00 ] ::1 /lidong/yuanku/index.php/Admin/News/sort/page_num/2.html
INFO: [ app_init ] --START--
INFO: Run Behavior\BuildLiteBehavior [ RunTime:0.000047s ]
INFO: [ app_init ] --END-- [ RunTime:0.000818s ]
INFO: [ app_begin ] --START--
INFO: Run Behavior\ReadHtmlCacheBehavior [ RunTime:0.001065s ]
INFO: [ app_begin ] --END-- [ RunTime:0.001291s ]
SQL: SHOW COLUMNS FROM `admin_user` [ RunTime:0.0080s ]
SQL: SELECT * FROM `admin_user` WHERE ( id=12 ) LIMIT 1   [ RunTime:0.0010s ]
SQL: SHOW COLUMNS FROM `news_sort` [ RunTime:0.0057s ]
SQL: SELECT COUNT(*) AS tp_count FROM `news_sort` LIMIT 1   [ RunTime:0.0004s ]
NOTIC: [8] Undefined variable: page_html E:\mysql\wamp\www\lidong\yuanku\Application\Admin\Controller\NewsController.class.php 第 216 行.
SQL: SELECT * FROM `news_sort` ORDER BY id desc LIMIT 5,5   [ RunTime:0.0005s ]
INFO: [ view_parse ] --START--
INFO: [ template_filter ] --START--
INFO: Run Behavior\ContentReplaceBehavior [ RunTime:0.000327s ]
INFO: [ template_filter ] --END-- [ RunTime:0.000569s ]
NOTIC: [8] Undefined variable: title E:\mysql\wamp\www\lidong\yuanku\Application\Runtime\Cache\Admin\1f4622e36af5daf9d693aa1ef888c57e.php 第 4 行.
NOTIC: [8] Use of undefined constant e_name - assumed 'e_name' E:\mysql\wamp\www\lidong\yuanku\Application\Runtime\Cache\Admin\1f4622e36af5daf9d693aa1ef888c57e.php 第 456 行.
NOTIC: [8] Use of undefined constant id - assumed 'id' E:\mysql\wamp\www\lidong\yuanku\Application\Runtime\Cache\Admin\1f4622e36af5daf9d693aa1ef888c57e.php 第 457 行.
NOTIC: [8] Use of undefined constant id - assumed 'id' E:\mysql\wamp\www\lidong\yuanku\Application\Runtime\Cache\Admin\1f4622e36af5daf9d693aa1ef888c57e.php 第 458 行.
INFO: Run Behavior\ParseTemplateBehavior [ RunTime:0.033139s ]
INFO: [ view_parse ] --END-- [ RunTime:0.033370s ]
INFO: [ view_filter ] --START--
INFO: Run Behavior\WriteHtmlCacheBehavior [ RunTime:0.000918s ]
INFO: [ view_filter ] --END-- [ RunTime:0.001119s ]
INFO: [ app_end ] --START--
INFO: Run Behavior\ShowPageTraceBehavior [ RunTime:0.002562s ]
INFO: [ app_end ] --END-- [ RunTime:0.002786s ]

[ 2016-11-02T10:16:42+08:00 ] ::1 /lidong/yuanku/index.php/Admin/News/sort/page_num/img/contacts/3.png
INFO: [ app_init ] --START--
INFO: Run Behavior\BuildLiteBehavior [ RunTime:0.000049s ]
INFO: [ app_init ] --END-- [ RunTime:0.001881s ]

[ 2016-11-02T10:16:42+08:00 ] ::1 /lidong/yuanku/index.php/Admin/News/sort/page_num/img/contacts/2.png
INFO: [ app_init ] --START--
INFO: Run Behavior\BuildLiteBehavior [ RunTime:0.000042s ]
INFO: [ app_init ] --END-- [ RunTime:0.000861s ]

[ 2016-11-02T10:16:42+08:00 ] ::1 /lidong/yuanku/index.php/Admin/News/sort/page_num/img/contacts/5.png
INFO: [ app_init ] --START--
INFO: Run Behavior\BuildLiteBehavior [ RunTime:0.000045s ]
INFO: [ app_init ] --END-- [ RunTime:0.001840s ]

[ 2016-11-02T10:16:42+08:00 ] ::1 /lidong/yuanku/index.php/Admin/News/sort/page_num/img/contacts/1.png
INFO: [ app_init ] --START--
INFO: Run Behavior\BuildLiteBehavior [ RunTime:0.000043s ]
INFO: [ app_init ] --END-- [ RunTime:0.001252s ]

[ 2016-11-02T10:16:42+08:00 ] ::1 /lidong/yuanku/index.php/Admin/News/sort/page_num/img/contacts/4.png
INFO: [ app_init ] --START--
INFO: Run Behavior\BuildLiteBehavior [ RunTime:0.000053s ]
INFO: [ app_init ] --END-- [ RunTime:0.007667s ]

[ 2016-11-02T10:16:45+08:00 ] ::1 /lidong/yuanku/index.php/Admin/News/sort_detail/e_name/nba.html
INFO: [ app_init ] --START--
INFO: Run Behavior\BuildLiteBehavior [ RunTime:0.000065s ]
INFO: [ app_init ] --END-- [ RunTime:0.000890s ]
INFO: [ app_begin ] --START--
INFO: Run Behavior\ReadHtmlCacheBehavior [ RunTime:0.001595s ]
INFO: [ app_begin ] --END-- [ RunTime:0.001836s ]
SQL: SHOW COLUMNS FROM `admin_user` [ RunTime:0.0069s ]
SQL: SELECT * FROM `admin_user` WHERE ( id=12 ) LIMIT 1   [ RunTime:0.0005s ]
SQL: SHOW COLUMNS FROM `news` [ RunTime:0.0071s ]
SQL: SELECT COUNT(*) AS tp_count FROM `news` WHERE ( sort_ename="nba" ) LIMIT 1   [ RunTime:0.0011s ]
NOTIC: [8] Undefined variable: page_html E:\mysql\wamp\www\lidong\yuanku\Application\Admin\Controller\NewsController.class.php 第 298 行.
SQL: SELECT n.id as nid,`title`,`name`,`sort_name`,`content`,`img`,`date` FROM news n INNER JOIN author ON author_id=author.id INNER JOIN news_sort ON sort_ename=news_sort.e_name  WHERE ( sort_ename="nba" ) LIMIT 0,3   [ RunTime:0.0007s ]
INFO: [ view_parse ] --START--
INFO: [ template_filter ] --START--
INFO: Run Behavior\ContentReplaceBehavior [ RunTime:0.000331s ]
INFO: [ template_filter ] --END-- [ RunTime:0.000546s ]
NOTIC: [8] Undefined variable: title E:\mysql\wamp\www\lidong\yuanku\Application\Runtime\Cache\Admin\71e01883f1c5816aaacbfcc86c885ffe.php 第 4 行.
NOTIC: [8] Use of undefined constant sort_name - assumed 'sort_name' E:\mysql\wamp\www\lidong\yuanku\Application\Runtime\Cache\Admin\71e01883f1c5816aaacbfcc86c885ffe.php 第 435 行.
NOTIC: [8] A non well formed numeric value encountered E:\mysql\wamp\www\lidong\yuanku\Application\Runtime\Cache\Admin\71e01883f1c5816aaacbfcc86c885ffe.php 第 456 行.
NOTIC: [8] Use of undefined constant nid - assumed 'nid' E:\mysql\wamp\www\lidong\yuanku\Application\Runtime\Cache\Admin\71e01883f1c5816aaacbfcc86c885ffe.php 第 459 行.
NOTIC: [8] Use of undefined constant nid - assumed 'nid' E:\mysql\wamp\www\lidong\yuanku\Application\Runtime\Cache\Admin\71e01883f1c5816aaacbfcc86c885ffe.php 第 460 行.
NOTIC: [8] Use of undefined constant nid - assumed 'nid' E:\mysql\wamp\www\lidong\yuanku\Application\Runtime\Cache\Admin\71e01883f1c5816aaacbfcc86c885ffe.php 第 461 行.
NOTIC: [8] A non well formed numeric value encountered E:\mysql\wamp\www\lidong\yuanku\Application\Runtime\Cache\Admin\71e01883f1c5816aaacbfcc86c885ffe.php 第 456 行.
NOTIC: [8] Use of undefined constant nid - assumed 'nid' E:\mysql\wamp\www\lidong\yuanku\Application\Runtime\Cache\Admin\71e01883f1c5816aaacbfcc86c885ffe.php 第 459 行.
NOTIC: [8] Use of undefined constant nid - assumed 'nid' E:\mysql\wamp\www\lidong\yuanku\Application\Runtime\Cache\Admin\71e01883f1c5816aaacbfcc86c885ffe.php 第 460 行.
NOTIC: [8] Use of undefined constant nid - assumed 'nid' E:\mysql\wamp\www\lidong\yuanku\Application\Runtime\Cache\Admin\71e01883f1c5816aaacbfcc86c885ffe.php 第 461 行.
NOTIC: [8] A non well formed numeric value encountered E:\mysql\wamp\www\lidong\yuanku\Application\Runtime\Cache\Admin\71e01883f1c5816aaacbfcc86c885ffe.php 第 456 行.
NOTIC: [8] Use of undefined constant nid - assumed 'nid' E:\mysql\wamp\www\lidong\yuanku\Application\Runtime\Cache\Admin\71e01883f1c5816aaacbfcc86c885ffe.php 第 459 行.
NOTIC: [8] Use of undefined constant nid - assumed 'nid' E:\mysql\wamp\www\lidong\yuanku\Application\Runtime\Cache\Admin\71e01883f1c5816aaacbfcc86c885ffe.php 第 460 行.
NOTIC: [8] Use of undefined constant nid - assumed 'nid' E:\mysql\wamp\www\lidong\yuanku\Application\Runtime\Cache\Admin\71e01883f1c5816aaacbfcc86c885ffe.php 第 461 行.
INFO: Run Behavior\ParseTemplateBehavior [ RunTime:0.065490s ]
INFO: [ view_parse ] --END-- [ RunTime:0.065659s ]
INFO: [ view_filter ] --START--
INFO: Run Behavior\WriteHtmlCacheBehavior [ RunTime:0.000785s ]
INFO: [ view_filter ] --END-- [ RunTime:0.000886s ]
INFO: [ app_end ] --START--
INFO: Run Behavior\ShowPageTraceBehavior [ RunTime:0.000873s ]
INFO: [ app_end ] --END-- [ RunTime:0.000973s ]

[ 2016-11-02T10:16:45+08:00 ] ::1 /lidong/yuanku/index.php/Admin/News/sort_detail/e_name/img/contacts/1.png
INFO: [ app_init ] --START--
INFO: Run Behavior\BuildLiteBehavior [ RunTime:0.000048s ]
INFO: [ app_init ] --END-- [ RunTime:0.000926s ]

[ 2016-11-02T10:16:45+08:00 ] ::1 /lidong/yuanku/index.php/Admin/News/sort_detail/e_name/img/contacts/5.png
INFO: [ app_init ] --START--
INFO: Run Behavior\BuildLiteBehavior [ RunTime:0.000050s ]
INFO: [ app_init ] --END-- [ RunTime:0.000868s ]

[ 2016-11-02T10:16:45+08:00 ] ::1 /lidong/yuanku/index.php/Admin/News/sort_detail/e_name/img/contacts/3.png
INFO: [ app_init ] --START--
INFO: Run Behavior\BuildLiteBehavior [ RunTime:0.000059s ]
INFO: [ app_init ] --END-- [ RunTime:0.001040s ]

[ 2016-11-02T10:16:45+08:00 ] ::1 /lidong/yuanku/index.php/Admin/News/sort_detail/e_name/img/contacts/2.png
INFO: [ app_init ] --START--
INFO: Run Behavior\BuildLiteBehavior [ RunTime:0.000116s ]
INFO: [ app_init ] --END-- [ RunTime:0.000948s ]

[ 2016-11-02T10:16:45+08:00 ] ::1 /lidong/yuanku/index.php/Admin/News/sort_detail/e_name/img/contacts/4.png
INFO: [ app_init ] --START--
INFO: Run Behavior\BuildLiteBehavior [ RunTime:0.000052s ]
INFO: [ app_init ] --END-- [ RunTime:0.001575s ]

