[ 2016-10-25T17:18:38+08:00 ] ::1 /yuanku/admin
INFO: [ app_init ] --START--
INFO: Run Behavior\BuildLiteBehavior [ RunTime:0.000036s ]
INFO: [ app_init ] --END-- [ RunTime:0.000733s ]
INFO: [ app_begin ] --START--
INFO: Run Behavior\ReadHtmlCacheBehavior [ RunTime:0.000786s ]
INFO: [ app_begin ] --END-- [ RunTime:0.000958s ]
INFO: [ view_parse ] --START--
INFO: [ template_filter ] --START--
INFO: Run Behavior\ContentReplaceBehavior [ RunTime:0.000119s ]
INFO: [ template_filter ] --END-- [ RunTime:0.000320s ]
INFO: Run Behavior\ParseTemplateBehavior [ RunTime:0.023832s ]
INFO: [ view_parse ] --END-- [ RunTime:0.024125s ]
INFO: [ view_filter ] --START--
INFO: Run Behavior\WriteHtmlCacheBehavior [ RunTime:0.000573s ]
INFO: [ view_filter ] --END-- [ RunTime:0.000861s ]

[ 2016-10-25T17:18:42+08:00 ] ::1 /yuanku/index.php/Admin/Login/index.html
INFO: [ app_init ] --START--
INFO: Run Behavior\BuildLiteBehavior [ RunTime:0.000045s ]
INFO: [ app_init ] --END-- [ RunTime:0.000737s ]
INFO: [ app_begin ] --START--
INFO: Run Behavior\ReadHtmlCacheBehavior [ RunTime:0.000870s ]
INFO: [ app_begin ] --END-- [ RunTime:0.001183s ]
INFO: [ view_parse ] --START--
INFO: [ template_filter ] --START--
INFO: Run Behavior\ContentReplaceBehavior [ RunTime:0.000228s ]
INFO: [ template_filter ] --END-- [ RunTime:0.000424s ]
NOTIC: [8] Undefined variable: title D:\wamp\www\yuanku\Application\Runtime\Cache\Admin\32ec6c906c117a7c2bf504769276d87a.php 第 4 行.
INFO: Run Behavior\ParseTemplateBehavior [ RunTime:0.132141s ]
INFO: [ view_parse ] --END-- [ RunTime:0.132554s ]
INFO: [ view_filter ] --START--
INFO: Run Behavior\WriteHtmlCacheBehavior [ RunTime:0.000482s ]
INFO: [ view_filter ] --END-- [ RunTime:0.000665s ]
INFO: [ app_end ] --START--
INFO: Run Behavior\ShowPageTraceBehavior [ RunTime:0.000941s ]
INFO: [ app_end ] --END-- [ RunTime:0.001124s ]

[ 2016-10-25T17:18:43+08:00 ] ::1 /yuanku/index.php/Admin/Login/get_verify.html
INFO: [ app_init ] --START--
INFO: Run Behavior\BuildLiteBehavior [ RunTime:0.000044s ]
INFO: [ app_init ] --END-- [ RunTime:0.000645s ]
INFO: [ app_begin ] --START--
INFO: Run Behavior\ReadHtmlCacheBehavior [ RunTime:0.000718s ]
INFO: [ app_begin ] --END-- [ RunTime:0.000908s ]
INFO: [ app_end ] --START--
INFO: Run Behavior\ShowPageTraceBehavior [ RunTime:0.000567s ]
INFO: [ app_end ] --END-- [ RunTime:0.000721s ]

[ 2016-10-25T17:18:55+08:00 ] ::1 /yuanku/index.php/Admin/Login/ajax_login.html
INFO: [ app_init ] --START--
INFO: Run Behavior\BuildLiteBehavior [ RunTime:0.000045s ]
INFO: [ app_init ] --END-- [ RunTime:0.000642s ]
INFO: [ app_begin ] --START--
INFO: Run Behavior\ReadHtmlCacheBehavior [ RunTime:0.000854s ]
INFO: [ app_begin ] --END-- [ RunTime:0.001124s ]
SQL: SHOW COLUMNS FROM `admin_user` [ RunTime:0.0369s ]
SQL: SELECT * FROM `admin_user` WHERE ( user_name="yxp" and user_pwd="123456" ) LIMIT 1   [ RunTime:0.0005s ]

[ 2016-10-25T17:18:56+08:00 ] ::1 /yuanku/index.php/Admin/index/index.html
INFO: [ app_init ] --START--
INFO: Run Behavior\BuildLiteBehavior [ RunTime:0.000026s ]
INFO: [ app_init ] --END-- [ RunTime:0.000450s ]
INFO: [ app_begin ] --START--
INFO: Run Behavior\ReadHtmlCacheBehavior [ RunTime:0.000668s ]
INFO: [ app_begin ] --END-- [ RunTime:0.000856s ]
SQL: SHOW COLUMNS FROM `admin_user` [ RunTime:0.0034s ]
SQL: SELECT * FROM `admin_user` WHERE ( id=15 ) LIMIT 1   [ RunTime:0.0205s ]
INFO: [ view_parse ] --START--
INFO: [ template_filter ] --START--
INFO: Run Behavior\ContentReplaceBehavior [ RunTime:0.000315s ]
INFO: [ template_filter ] --END-- [ RunTime:0.000481s ]
NOTIC: [8] Undefined variable: title D:\wamp\www\yuanku\Application\Runtime\Cache\Admin\b595b808c2ebeeeb0478ffc30bb4e87a.php 第 4 行.
INFO: Run Behavior\ParseTemplateBehavior [ RunTime:0.079100s ]
INFO: [ view_parse ] --END-- [ RunTime:0.079326s ]
INFO: [ view_filter ] --START--
INFO: Run Behavior\WriteHtmlCacheBehavior [ RunTime:0.000517s ]
INFO: [ view_filter ] --END-- [ RunTime:0.000679s ]
INFO: [ app_end ] --START--
INFO: Run Behavior\ShowPageTraceBehavior [ RunTime:0.000732s ]
INFO: [ app_end ] --END-- [ RunTime:0.000935s ]

[ 2016-10-25T17:18:56+08:00 ] ::1 /yuanku/index.php/Admin/index/img/contacts/3.png
INFO: [ app_init ] --START--
INFO: Run Behavior\BuildLiteBehavior [ RunTime:0.000044s ]
INFO: [ app_init ] --END-- [ RunTime:0.000691s ]

[ 2016-10-25T17:18:56+08:00 ] ::1 /yuanku/index.php/Admin/index/img/contacts/4.png
INFO: [ app_init ] --START--
INFO: Run Behavior\BuildLiteBehavior [ RunTime:0.000050s ]
INFO: [ app_init ] --END-- [ RunTime:0.000742s ]

[ 2016-10-25T17:18:56+08:00 ] ::1 /yuanku/index.php/Admin/index/img/contacts/1.png
INFO: [ app_init ] --START--
INFO: Run Behavior\BuildLiteBehavior [ RunTime:0.000055s ]
INFO: [ app_init ] --END-- [ RunTime:0.000804s ]

[ 2016-10-25T17:18:56+08:00 ] ::1 /yuanku/index.php/Admin/index/img/contacts/5.png
INFO: [ app_init ] --START--
INFO: Run Behavior\BuildLiteBehavior [ RunTime:0.000048s ]
INFO: [ app_init ] --END-- [ RunTime:0.000705s ]

[ 2016-10-25T17:18:56+08:00 ] ::1 /yuanku/index.php/Admin/index/img/contacts/2.png
INFO: [ app_init ] --START--
INFO: Run Behavior\BuildLiteBehavior [ RunTime:0.000045s ]
INFO: [ app_init ] --END-- [ RunTime:0.000742s ]

[ 2016-10-25T17:19:08+08:00 ] ::1 /yuanku/index.php/Admin/index/index.html
INFO: [ app_init ] --START--
INFO: Run Behavior\BuildLiteBehavior [ RunTime:0.000047s ]
INFO: [ app_init ] --END-- [ RunTime:0.001006s ]
INFO: [ app_begin ] --START--
INFO: Run Behavior\ReadHtmlCacheBehavior [ RunTime:0.001156s ]
INFO: [ app_begin ] --END-- [ RunTime:0.001375s ]
SQL: SHOW COLUMNS FROM `admin_user` [ RunTime:0.0051s ]
SQL: SELECT * FROM `admin_user` WHERE ( id=15 ) LIMIT 1   [ RunTime:0.0009s ]
INFO: [ view_parse ] --START--
INFO: [ template_filter ] --START--
INFO: Run Behavior\ContentReplaceBehavior [ RunTime:0.000378s ]
INFO: [ template_filter ] --END-- [ RunTime:0.000663s ]
NOTIC: [8] Undefined variable: title D:\wamp\www\yuanku\Application\Runtime\Cache\Admin\b595b808c2ebeeeb0478ffc30bb4e87a.php 第 4 行.
INFO: Run Behavior\ParseTemplateBehavior [ RunTime:0.025973s ]
INFO: [ view_parse ] --END-- [ RunTime:0.027159s ]
INFO: [ view_filter ] --START--
INFO: Run Behavior\WriteHtmlCacheBehavior [ RunTime:0.000571s ]
INFO: [ view_filter ] --END-- [ RunTime:0.000766s ]
INFO: [ app_end ] --START--
INFO: Run Behavior\ShowPageTraceBehavior [ RunTime:0.003098s ]
INFO: [ app_end ] --END-- [ RunTime:0.003355s ]

[ 2016-10-25T17:19:08+08:00 ] ::1 /yuanku/index.php/Admin/index/img/contacts/3.png
INFO: [ app_init ] --START--
INFO: Run Behavior\BuildLiteBehavior [ RunTime:0.000045s ]
INFO: [ app_init ] --END-- [ RunTime:0.000654s ]

[ 2016-10-25T17:19:08+08:00 ] ::1 /yuanku/index.php/Admin/index/img/contacts/2.png
INFO: [ app_init ] --START--
INFO: Run Behavior\BuildLiteBehavior [ RunTime:0.000046s ]
INFO: [ app_init ] --END-- [ RunTime:0.000664s ]

[ 2016-10-25T17:19:08+08:00 ] ::1 /yuanku/index.php/Admin/index/img/contacts/5.png
INFO: [ app_init ] --START--
INFO: Run Behavior\BuildLiteBehavior [ RunTime:0.000045s ]
INFO: [ app_init ] --END-- [ RunTime:0.000736s ]

[ 2016-10-25T17:19:08+08:00 ] ::1 /yuanku/index.php/Admin/index/img/contacts/4.png
INFO: [ app_init ] --START--
INFO: Run Behavior\BuildLiteBehavior [ RunTime:0.000044s ]
INFO: [ app_init ] --END-- [ RunTime:0.000652s ]

[ 2016-10-25T17:19:08+08:00 ] ::1 /yuanku/index.php/Admin/index/img/contacts/1.png
INFO: [ app_init ] --START--
INFO: Run Behavior\BuildLiteBehavior [ RunTime:0.000044s ]
INFO: [ app_init ] --END-- [ RunTime:0.000610s ]

[ 2016-10-25T17:21:23+08:00 ] ::1 /yuanku/index.php/Admin/index/index.html
INFO: [ app_init ] --START--
INFO: Run Behavior\BuildLiteBehavior [ RunTime:0.000124s ]
INFO: [ app_init ] --END-- [ RunTime:0.000838s ]
INFO: [ app_begin ] --START--
INFO: Run Behavior\ReadHtmlCacheBehavior [ RunTime:0.000761s ]
INFO: [ app_begin ] --END-- [ RunTime:0.000940s ]
SQL: SHOW COLUMNS FROM `admin_user` [ RunTime:0.0035s ]
SQL: SELECT * FROM `admin_user` WHERE ( id=15 ) LIMIT 1   [ RunTime:0.0004s ]
INFO: [ view_parse ] --START--
INFO: [ template_filter ] --START--
INFO: Run Behavior\ContentReplaceBehavior [ RunTime:0.000369s ]
INFO: [ template_filter ] --END-- [ RunTime:0.000588s ]
NOTIC: [8] Undefined variable: title D:\wamp\www\yuanku\Application\Runtime\Cache\Admin\b595b808c2ebeeeb0478ffc30bb4e87a.php 第 4 行.
INFO: Run Behavior\ParseTemplateBehavior [ RunTime:0.022118s ]
INFO: [ view_parse ] --END-- [ RunTime:0.022319s ]
INFO: [ view_filter ] --START--
INFO: Run Behavior\WriteHtmlCacheBehavior [ RunTime:0.000540s ]
INFO: [ view_filter ] --END-- [ RunTime:0.000697s ]
INFO: [ app_end ] --START--
INFO: Run Behavior\ShowPageTraceBehavior [ RunTime:0.000788s ]
INFO: [ app_end ] --END-- [ RunTime:0.000950s ]

[ 2016-10-25T17:21:23+08:00 ] ::1 /yuanku/index.php/Admin/index/img/contacts/1.png
INFO: [ app_init ] --START--
INFO: Run Behavior\BuildLiteBehavior [ RunTime:0.000043s ]
INFO: [ app_init ] --END-- [ RunTime:0.000630s ]

[ 2016-10-25T17:21:23+08:00 ] ::1 /yuanku/index.php/Admin/index/img/contacts/4.png
INFO: [ app_init ] --START--
INFO: Run Behavior\BuildLiteBehavior [ RunTime:0.000044s ]
INFO: [ app_init ] --END-- [ RunTime:0.000689s ]

[ 2016-10-25T17:21:23+08:00 ] ::1 /yuanku/index.php/Admin/index/img/contacts/5.png
INFO: [ app_init ] --START--
INFO: Run Behavior\BuildLiteBehavior [ RunTime:0.000042s ]
INFO: [ app_init ] --END-- [ RunTime:0.000656s ]

[ 2016-10-25T17:21:23+08:00 ] ::1 /yuanku/index.php/Admin/index/img/contacts/3.png
INFO: [ app_init ] --START--
INFO: Run Behavior\BuildLiteBehavior [ RunTime:0.000079s ]
INFO: [ app_init ] --END-- [ RunTime:0.000929s ]

[ 2016-10-25T17:21:23+08:00 ] ::1 /yuanku/index.php/Admin/index/img/contacts/2.png
INFO: [ app_init ] --START--
INFO: Run Behavior\BuildLiteBehavior [ RunTime:0.000050s ]
INFO: [ app_init ] --END-- [ RunTime:0.000729s ]

[ 2016-10-25T17:21:28+08:00 ] ::1 /yuanku/index.php/Admin/client/client_list.html
INFO: [ app_init ] --START--
INFO: Run Behavior\BuildLiteBehavior [ RunTime:0.000042s ]
INFO: [ app_init ] --END-- [ RunTime:0.000602s ]
INFO: [ app_begin ] --START--
INFO: Run Behavior\ReadHtmlCacheBehavior [ RunTime:0.001177s ]
INFO: [ app_begin ] --END-- [ RunTime:0.001382s ]
SQL: SHOW COLUMNS FROM `client_user` [ RunTime:0.0033s ]
SQL: SELECT COUNT(*) AS tp_count FROM `client_user` LIMIT 1   [ RunTime:0.0522s ]
NOTIC: [8] Undefined variable: page_html D:\wamp\www\yuanku\Application\Admin\Controller\ClientController.class.php 第 26 行.
SQL: SELECT * FROM `client_user` LIMIT 0,5   [ RunTime:0.0120s ]
INFO: [ view_parse ] --START--
INFO: [ template_filter ] --START--
INFO: Run Behavior\ContentReplaceBehavior [ RunTime:0.000355s ]
INFO: [ template_filter ] --END-- [ RunTime:0.000560s ]
NOTIC: [8] Undefined variable: title D:\wamp\www\yuanku\Application\Runtime\Cache\Admin\bb7a653ce0ff9b672e7e52e209ea5a59.php 第 4 行.
NOTIC: [8] Undefined variable: user_info D:\wamp\www\yuanku\Application\Runtime\Cache\Admin\bb7a653ce0ff9b672e7e52e209ea5a59.php 第 125 行.
NOTIC: [8] Undefined variable: user_info D:\wamp\www\yuanku\Application\Runtime\Cache\Admin\bb7a653ce0ff9b672e7e52e209ea5a59.php 第 130 行.
NOTIC: [8] Undefined variable: vo D:\wamp\www\yuanku\Application\Runtime\Cache\Admin\bb7a653ce0ff9b672e7e52e209ea5a59.php 第 401 行.
NOTIC: [8] Use of undefined constant id - assumed 'id' D:\wamp\www\yuanku\Application\Runtime\Cache\Admin\bb7a653ce0ff9b672e7e52e209ea5a59.php 第 404 行.
NOTIC: [8] Use of undefined constant id - assumed 'id' D:\wamp\www\yuanku\Application\Runtime\Cache\Admin\bb7a653ce0ff9b672e7e52e209ea5a59.php 第 405 行.
NOTIC: [8] Undefined variable: vo D:\wamp\www\yuanku\Application\Runtime\Cache\Admin\bb7a653ce0ff9b672e7e52e209ea5a59.php 第 401 行.
NOTIC: [8] Use of undefined constant id - assumed 'id' D:\wamp\www\yuanku\Application\Runtime\Cache\Admin\bb7a653ce0ff9b672e7e52e209ea5a59.php 第 404 行.
NOTIC: [8] Use of undefined constant id - assumed 'id' D:\wamp\www\yuanku\Application\Runtime\Cache\Admin\bb7a653ce0ff9b672e7e52e209ea5a59.php 第 405 行.
NOTIC: [8] Undefined variable: vo D:\wamp\www\yuanku\Application\Runtime\Cache\Admin\bb7a653ce0ff9b672e7e52e209ea5a59.php 第 401 行.
NOTIC: [8] Use of undefined constant id - assumed 'id' D:\wamp\www\yuanku\Application\Runtime\Cache\Admin\bb7a653ce0ff9b672e7e52e209ea5a59.php 第 404 行.
NOTIC: [8] Use of undefined constant id - assumed 'id' D:\wamp\www\yuanku\Application\Runtime\Cache\Admin\bb7a653ce0ff9b672e7e52e209ea5a59.php 第 405 行.
NOTIC: [8] Undefined variable: vo D:\wamp\www\yuanku\Application\Runtime\Cache\Admin\bb7a653ce0ff9b672e7e52e209ea5a59.php 第 401 行.
NOTIC: [8] Use of undefined constant id - assumed 'id' D:\wamp\www\yuanku\Application\Runtime\Cache\Admin\bb7a653ce0ff9b672e7e52e209ea5a59.php 第 404 行.
NOTIC: [8] Use of undefined constant id - assumed 'id' D:\wamp\www\yuanku\Application\Runtime\Cache\Admin\bb7a653ce0ff9b672e7e52e209ea5a59.php 第 405 行.
NOTIC: [8] Undefined variable: vo D:\wamp\www\yuanku\Application\Runtime\Cache\Admin\bb7a653ce0ff9b672e7e52e209ea5a59.php 第 401 行.
NOTIC: [8] Use of undefined constant id - assumed 'id' D:\wamp\www\yuanku\Application\Runtime\Cache\Admin\bb7a653ce0ff9b672e7e52e209ea5a59.php 第 404 行.
NOTIC: [8] Use of undefined constant id - assumed 'id' D:\wamp\www\yuanku\Application\Runtime\Cache\Admin\bb7a653ce0ff9b672e7e52e209ea5a59.php 第 405 行.
INFO: Run Behavior\ParseTemplateBehavior [ RunTime:0.038914s ]
INFO: [ view_parse ] --END-- [ RunTime:0.039100s ]
INFO: [ view_filter ] --START--
INFO: Run Behavior\WriteHtmlCacheBehavior [ RunTime:0.000517s ]
INFO: [ view_filter ] --END-- [ RunTime:0.000691s ]
INFO: [ app_end ] --START--
INFO: Run Behavior\ShowPageTraceBehavior [ RunTime:0.000773s ]
INFO: [ app_end ] --END-- [ RunTime:0.000931s ]

[ 2016-10-25T17:21:28+08:00 ] ::1 /yuanku/index.php/Admin/client/img/contacts/2.png
INFO: [ app_init ] --START--
INFO: Run Behavior\BuildLiteBehavior [ RunTime:0.000036s ]
INFO: [ app_init ] --END-- [ RunTime:0.000585s ]

[ 2016-10-25T17:21:28+08:00 ] ::1 /yuanku/index.php/Admin/client/img/contacts/5.png
INFO: [ app_init ] --START--
INFO: Run Behavior\BuildLiteBehavior [ RunTime:0.000046s ]
INFO: [ app_init ] --END-- [ RunTime:0.001054s ]

[ 2016-10-25T17:21:28+08:00 ] ::1 /yuanku/index.php/Admin/client/img/contacts/3.png
INFO: [ app_init ] --START--
INFO: Run Behavior\BuildLiteBehavior [ RunTime:0.000040s ]
INFO: [ app_init ] --END-- [ RunTime:0.000607s ]

[ 2016-10-25T17:21:28+08:00 ] ::1 /yuanku/index.php/Admin/client/img/contacts/4.png
INFO: [ app_init ] --START--
INFO: Run Behavior\BuildLiteBehavior [ RunTime:0.000038s ]
INFO: [ app_init ] --END-- [ RunTime:0.000575s ]

[ 2016-10-25T17:21:28+08:00 ] ::1 /yuanku/index.php/Admin/client/img/contacts/1.png
INFO: [ app_init ] --START--
INFO: Run Behavior\BuildLiteBehavior [ RunTime:0.000042s ]
INFO: [ app_init ] --END-- [ RunTime:0.000633s ]

[ 2016-10-25T17:21:32+08:00 ] ::1 /yuanku/index.php/Admin/client/feedback.html
INFO: [ app_init ] --START--
INFO: Run Behavior\BuildLiteBehavior [ RunTime:0.000048s ]
INFO: [ app_init ] --END-- [ RunTime:0.000679s ]
INFO: [ app_begin ] --START--
INFO: Run Behavior\ReadHtmlCacheBehavior [ RunTime:0.000803s ]
INFO: [ app_begin ] --END-- [ RunTime:0.001002s ]
INFO: [ view_parse ] --START--
INFO: [ template_filter ] --START--
INFO: Run Behavior\ContentReplaceBehavior [ RunTime:0.000330s ]
INFO: [ template_filter ] --END-- [ RunTime:0.000513s ]
NOTIC: [8] Undefined variable: title D:\wamp\www\yuanku\Application\Runtime\Cache\Admin\d50f718653290e46fbffd9fbe2a9ded0.php 第 4 行.
NOTIC: [8] Undefined variable: user_info D:\wamp\www\yuanku\Application\Runtime\Cache\Admin\d50f718653290e46fbffd9fbe2a9ded0.php 第 126 行.
NOTIC: [8] Undefined variable: user_info D:\wamp\www\yuanku\Application\Runtime\Cache\Admin\d50f718653290e46fbffd9fbe2a9ded0.php 第 131 行.
INFO: Run Behavior\ParseTemplateBehavior [ RunTime:0.070930s ]
INFO: [ view_parse ] --END-- [ RunTime:0.071118s ]
INFO: [ view_filter ] --START--
INFO: Run Behavior\WriteHtmlCacheBehavior [ RunTime:0.000378s ]
INFO: [ view_filter ] --END-- [ RunTime:0.000535s ]
INFO: [ app_end ] --START--
INFO: Run Behavior\ShowPageTraceBehavior [ RunTime:0.000690s ]
INFO: [ app_end ] --END-- [ RunTime:0.000867s ]

[ 2016-10-25T17:21:32+08:00 ] ::1 /yuanku/index.php/Admin/client/img/contacts/3.png
INFO: [ app_init ] --START--
INFO: Run Behavior\BuildLiteBehavior [ RunTime:0.000040s ]
INFO: [ app_init ] --END-- [ RunTime:0.000595s ]

[ 2016-10-25T17:21:32+08:00 ] ::1 /yuanku/index.php/Admin/client/img/contacts/4.png
INFO: [ app_init ] --START--
INFO: Run Behavior\BuildLiteBehavior [ RunTime:0.000045s ]
INFO: [ app_init ] --END-- [ RunTime:0.000655s ]

[ 2016-10-25T17:21:32+08:00 ] ::1 /yuanku/index.php/Admin/client/img/contacts/1.png
INFO: [ app_init ] --START--
INFO: Run Behavior\BuildLiteBehavior [ RunTime:0.000044s ]
INFO: [ app_init ] --END-- [ RunTime:0.000633s ]

[ 2016-10-25T17:21:32+08:00 ] ::1 /yuanku/index.php/Admin/client/img/contacts/5.png
INFO: [ app_init ] --START--
INFO: Run Behavior\BuildLiteBehavior [ RunTime:0.000037s ]
INFO: [ app_init ] --END-- [ RunTime:0.000581s ]

[ 2016-10-25T17:21:32+08:00 ] ::1 /yuanku/index.php/Admin/client/img/contacts/2.png
INFO: [ app_init ] --START--
INFO: Run Behavior\BuildLiteBehavior [ RunTime:0.000043s ]
INFO: [ app_init ] --END-- [ RunTime:0.000642s ]

[ 2016-10-25T17:21:36+08:00 ] ::1 /yuanku/index.php/Admin/client/feedback.html
INFO: [ app_init ] --START--
INFO: Run Behavior\BuildLiteBehavior [ RunTime:0.000045s ]
INFO: [ app_init ] --END-- [ RunTime:0.000667s ]
INFO: [ app_begin ] --START--
INFO: Run Behavior\ReadHtmlCacheBehavior [ RunTime:0.000946s ]
INFO: [ app_begin ] --END-- [ RunTime:0.001151s ]
INFO: [ view_parse ] --START--
INFO: [ template_filter ] --START--
INFO: Run Behavior\ContentReplaceBehavior [ RunTime:0.000347s ]
INFO: [ template_filter ] --END-- [ RunTime:0.000608s ]
NOTIC: [8] Undefined variable: title D:\wamp\www\yuanku\Application\Runtime\Cache\Admin\d50f718653290e46fbffd9fbe2a9ded0.php 第 4 行.
NOTIC: [8] Undefined variable: user_info D:\wamp\www\yuanku\Application\Runtime\Cache\Admin\d50f718653290e46fbffd9fbe2a9ded0.php 第 126 行.
NOTIC: [8] Undefined variable: user_info D:\wamp\www\yuanku\Application\Runtime\Cache\Admin\d50f718653290e46fbffd9fbe2a9ded0.php 第 131 行.
INFO: Run Behavior\ParseTemplateBehavior [ RunTime:0.030158s ]
INFO: [ view_parse ] --END-- [ RunTime:0.030375s ]
INFO: [ view_filter ] --START--
INFO: Run Behavior\WriteHtmlCacheBehavior [ RunTime:0.000580s ]
INFO: [ view_filter ] --END-- [ RunTime:0.000773s ]
INFO: [ app_end ] --START--
INFO: Run Behavior\ShowPageTraceBehavior [ RunTime:0.001088s ]
INFO: [ app_end ] --END-- [ RunTime:0.001271s ]

[ 2016-10-25T17:21:36+08:00 ] ::1 /yuanku/index.php/Admin/client/img/contacts/3.png
INFO: [ app_init ] --START--
INFO: Run Behavior\BuildLiteBehavior [ RunTime:0.000042s ]
INFO: [ app_init ] --END-- [ RunTime:0.000614s ]

[ 2016-10-25T17:21:36+08:00 ] ::1 /yuanku/index.php/Admin/client/img/contacts/4.png
INFO: [ app_init ] --START--
INFO: Run Behavior\BuildLiteBehavior [ RunTime:0.000045s ]
INFO: [ app_init ] --END-- [ RunTime:0.000685s ]

[ 2016-10-25T17:21:36+08:00 ] ::1 /yuanku/index.php/Admin/client/img/contacts/2.png
INFO: [ app_init ] --START--
INFO: Run Behavior\BuildLiteBehavior [ RunTime:0.000043s ]
INFO: [ app_init ] --END-- [ RunTime:0.000696s ]

[ 2016-10-25T17:21:36+08:00 ] ::1 /yuanku/index.php/Admin/client/img/contacts/5.png
INFO: [ app_init ] --START--
INFO: Run Behavior\BuildLiteBehavior [ RunTime:0.000038s ]
INFO: [ app_init ] --END-- [ RunTime:0.000608s ]

[ 2016-10-25T17:21:36+08:00 ] ::1 /yuanku/index.php/Admin/client/img/contacts/1.png
INFO: [ app_init ] --START--
INFO: Run Behavior\BuildLiteBehavior [ RunTime:0.000040s ]
INFO: [ app_init ] --END-- [ RunTime:0.000600s ]

[ 2016-10-25T17:21:47+08:00 ] ::1 /yuanku/index.php/Admin/client/feedback.html
INFO: [ app_init ] --START--
INFO: Run Behavior\BuildLiteBehavior [ RunTime:0.000026s ]
INFO: [ app_init ] --END-- [ RunTime:0.000432s ]
INFO: [ app_begin ] --START--
INFO: Run Behavior\ReadHtmlCacheBehavior [ RunTime:0.000896s ]
INFO: [ app_begin ] --END-- [ RunTime:0.001102s ]
INFO: [ view_parse ] --START--
INFO: [ template_filter ] --START--
INFO: Run Behavior\ContentReplaceBehavior [ RunTime:0.000316s ]
INFO: [ template_filter ] --END-- [ RunTime:0.000537s ]
NOTIC: [8] Undefined variable: title D:\wamp\www\yuanku\Application\Runtime\Cache\Admin\d50f718653290e46fbffd9fbe2a9ded0.php 第 4 行.
NOTIC: [8] Undefined variable: user_info D:\wamp\www\yuanku\Application\Runtime\Cache\Admin\d50f718653290e46fbffd9fbe2a9ded0.php 第 126 行.
NOTIC: [8] Undefined variable: user_info D:\wamp\www\yuanku\Application\Runtime\Cache\Admin\d50f718653290e46fbffd9fbe2a9ded0.php 第 131 行.
INFO: Run Behavior\ParseTemplateBehavior [ RunTime:0.022071s ]
INFO: [ view_parse ] --END-- [ RunTime:0.022341s ]
INFO: [ view_filter ] --START--
INFO: Run Behavior\WriteHtmlCacheBehavior [ RunTime:0.000310s ]
INFO: [ view_filter ] --END-- [ RunTime:0.000429s ]
INFO: [ app_end ] --START--
INFO: Run Behavior\ShowPageTraceBehavior [ RunTime:0.000687s ]
INFO: [ app_end ] --END-- [ RunTime:0.000836s ]

[ 2016-10-25T17:21:47+08:00 ] ::1 /yuanku/index.php/Admin/client/img/contacts/2.png
INFO: [ app_init ] --START--
INFO: Run Behavior\BuildLiteBehavior [ RunTime:0.000039s ]
INFO: [ app_init ] --END-- [ RunTime:0.000603s ]

[ 2016-10-25T17:21:47+08:00 ] ::1 /yuanku/index.php/Admin/client/img/contacts/4.png
INFO: [ app_init ] --START--
INFO: Run Behavior\BuildLiteBehavior [ RunTime:0.000043s ]
INFO: [ app_init ] --END-- [ RunTime:0.000645s ]

[ 2016-10-25T17:21:47+08:00 ] ::1 /yuanku/index.php/Admin/client/img/contacts/5.png
INFO: [ app_init ] --START--
INFO: Run Behavior\BuildLiteBehavior [ RunTime:0.000044s ]
INFO: [ app_init ] --END-- [ RunTime:0.000640s ]

[ 2016-10-25T17:21:47+08:00 ] ::1 /yuanku/index.php/Admin/client/img/contacts/1.png
INFO: [ app_init ] --START--
INFO: Run Behavior\BuildLiteBehavior [ RunTime:0.000043s ]
INFO: [ app_init ] --END-- [ RunTime:0.000638s ]

[ 2016-10-25T17:21:47+08:00 ] ::1 /yuanku/index.php/Admin/client/img/contacts/3.png
INFO: [ app_init ] --START--
INFO: Run Behavior\BuildLiteBehavior [ RunTime:0.000041s ]
INFO: [ app_init ] --END-- [ RunTime:0.000623s ]

