[ 2016-11-01T14:46:55+08:00 ] ::1 /lidong/yuanku/admin
INFO: [ app_init ] --START--
INFO: Run Behavior\BuildLiteBehavior [ RunTime:0.000031s ]
INFO: [ app_init ] --END-- [ RunTime:0.000775s ]
INFO: [ app_begin ] --START--
INFO: Run Behavior\ReadHtmlCacheBehavior [ RunTime:0.001570s ]
INFO: [ app_begin ] --END-- [ RunTime:0.001698s ]
INFO: [ view_parse ] --START--
INFO: [ template_filter ] --START--
INFO: Run Behavior\ContentReplaceBehavior [ RunTime:0.000074s ]
INFO: [ template_filter ] --END-- [ RunTime:0.000197s ]
INFO: Run Behavior\ParseTemplateBehavior [ RunTime:0.015806s ]
INFO: [ view_parse ] --END-- [ RunTime:0.015945s ]
INFO: [ view_filter ] --START--
INFO: Run Behavior\WriteHtmlCacheBehavior [ RunTime:0.001196s ]
INFO: [ view_filter ] --END-- [ RunTime:0.001305s ]

[ 2016-11-01T14:46:58+08:00 ] ::1 /lidong/yuanku/index.php/Admin/Login/index.html
INFO: [ app_init ] --START--
INFO: Run Behavior\BuildLiteBehavior [ RunTime:0.000025s ]
INFO: [ app_init ] --END-- [ RunTime:0.000729s ]
INFO: [ app_begin ] --START--
INFO: Run Behavior\ReadHtmlCacheBehavior [ RunTime:0.001432s ]
INFO: [ app_begin ] --END-- [ RunTime:0.001558s ]
INFO: [ view_parse ] --START--
INFO: [ template_filter ] --START--
INFO: Run Behavior\ContentReplaceBehavior [ RunTime:0.000088s ]
INFO: [ template_filter ] --END-- [ RunTime:0.000208s ]
NOTIC: [8] Undefined variable: title E:\mysql\wamp\www\lidong\yuanku\Application\Runtime\Cache\Admin\32ec6c906c117a7c2bf504769276d87a.php 第 4 行.
INFO: Run Behavior\ParseTemplateBehavior [ RunTime:0.031400s ]
INFO: [ view_parse ] --END-- [ RunTime:0.031538s ]
INFO: [ view_filter ] --START--
INFO: Run Behavior\WriteHtmlCacheBehavior [ RunTime:0.001253s ]
INFO: [ view_filter ] --END-- [ RunTime:0.001367s ]
INFO: [ app_end ] --START--
INFO: Run Behavior\ShowPageTraceBehavior [ RunTime:0.001510s ]
INFO: [ app_end ] --END-- [ RunTime:0.001607s ]

[ 2016-11-01T14:46:59+08:00 ] ::1 /lidong/yuanku/index.php/Admin/Login/get_verify.html
INFO: [ app_init ] --START--
INFO: Run Behavior\BuildLiteBehavior [ RunTime:0.000026s ]
INFO: [ app_init ] --END-- [ RunTime:0.000679s ]
INFO: [ app_begin ] --START--
INFO: Run Behavior\ReadHtmlCacheBehavior [ RunTime:0.002040s ]
INFO: [ app_begin ] --END-- [ RunTime:0.002220s ]
INFO: [ app_end ] --START--
INFO: Run Behavior\ShowPageTraceBehavior [ RunTime:0.001477s ]
INFO: [ app_end ] --END-- [ RunTime:0.001653s ]

[ 2016-11-01T14:47:12+08:00 ] ::1 /lidong/yuanku/index.php/Admin/Login/ajax_login.html
INFO: [ app_init ] --START--
INFO: Run Behavior\BuildLiteBehavior [ RunTime:0.000029s ]
INFO: [ app_init ] --END-- [ RunTime:0.000746s ]
INFO: [ app_begin ] --START--
INFO: Run Behavior\ReadHtmlCacheBehavior [ RunTime:0.001234s ]
INFO: [ app_begin ] --END-- [ RunTime:0.001358s ]
SQL: SHOW COLUMNS FROM `admin_user` [ RunTime:0.0098s ]
SQL: SELECT * FROM `admin_user` WHERE ( user_name="admin" and user_pwd="123456" ) LIMIT 1   [ RunTime:0.0005s ]
SQL: SHOW COLUMNS FROM `think_auth_group_access` [ RunTime:0.0098s ]
SQL: SELECT * FROM `think_auth_group_access` WHERE ( uid=12 ) LIMIT 1   [ RunTime:0.1134s ]

[ 2016-11-01T14:47:12+08:00 ] ::1 /lidong/yuanku/index.php/Admin/index/index.html
INFO: [ app_init ] --START--
INFO: Run Behavior\BuildLiteBehavior [ RunTime:0.000027s ]
INFO: [ app_init ] --END-- [ RunTime:0.000754s ]
INFO: [ app_begin ] --START--
INFO: Run Behavior\ReadHtmlCacheBehavior [ RunTime:0.001393s ]
INFO: [ app_begin ] --END-- [ RunTime:0.001517s ]
SQL: SHOW COLUMNS FROM `admin_user` [ RunTime:0.0098s ]
SQL: SELECT * FROM `admin_user` WHERE ( id=12 ) LIMIT 1   [ RunTime:0.0004s ]
INFO: [ view_parse ] --START--
INFO: [ template_filter ] --START--
INFO: Run Behavior\ContentReplaceBehavior [ RunTime:0.000205s ]
INFO: [ template_filter ] --END-- [ RunTime:0.000323s ]
NOTIC: [8] Undefined variable: title E:\mysql\wamp\www\lidong\yuanku\Application\Runtime\Cache\Admin\b595b808c2ebeeeb0478ffc30bb4e87a.php 第 4 行.
INFO: Run Behavior\ParseTemplateBehavior [ RunTime:0.052408s ]
INFO: [ view_parse ] --END-- [ RunTime:0.052557s ]
INFO: [ view_filter ] --START--
INFO: Run Behavior\WriteHtmlCacheBehavior [ RunTime:0.001120s ]
INFO: [ view_filter ] --END-- [ RunTime:0.001238s ]
INFO: [ app_end ] --START--
INFO: Run Behavior\ShowPageTraceBehavior [ RunTime:0.001314s ]
INFO: [ app_end ] --END-- [ RunTime:0.001429s ]

[ 2016-11-01T14:47:13+08:00 ] ::1 /lidong/yuanku/index.php/Admin/index/img/contacts/3.png
INFO: [ app_init ] --START--
INFO: Run Behavior\BuildLiteBehavior [ RunTime:0.000027s ]
INFO: [ app_init ] --END-- [ RunTime:0.000566s ]

[ 2016-11-01T14:47:13+08:00 ] ::1 /lidong/yuanku/index.php/Admin/index/img/contacts/4.png
INFO: [ app_init ] --START--
INFO: Run Behavior\BuildLiteBehavior [ RunTime:0.000046s ]
INFO: [ app_init ] --END-- [ RunTime:0.004647s ]

[ 2016-11-01T14:47:13+08:00 ] ::1 /lidong/yuanku/index.php/Admin/index/img/contacts/1.png
INFO: [ app_init ] --START--
INFO: Run Behavior\BuildLiteBehavior [ RunTime:0.000027s ]
INFO: [ app_init ] --END-- [ RunTime:0.000689s ]

[ 2016-11-01T14:47:13+08:00 ] ::1 /lidong/yuanku/index.php/Admin/index/img/contacts/2.png
INFO: [ app_init ] --START--
INFO: Run Behavior\BuildLiteBehavior [ RunTime:0.000027s ]
INFO: [ app_init ] --END-- [ RunTime:0.000646s ]

[ 2016-11-01T14:47:13+08:00 ] ::1 /lidong/yuanku/index.php/Admin/index/img/contacts/5.png
INFO: [ app_init ] --START--
INFO: Run Behavior\BuildLiteBehavior [ RunTime:0.000026s ]
INFO: [ app_init ] --END-- [ RunTime:0.000715s ]

[ 2016-11-01T14:47:18+08:00 ] ::1 /lidong/yuanku/index.php/Admin/news/sort.html
INFO: [ app_init ] --START--
INFO: Run Behavior\BuildLiteBehavior [ RunTime:0.000030s ]
INFO: [ app_init ] --END-- [ RunTime:0.000764s ]
INFO: [ app_begin ] --START--
INFO: Run Behavior\ReadHtmlCacheBehavior [ RunTime:0.001075s ]
INFO: [ app_begin ] --END-- [ RunTime:0.001224s ]
SQL: SHOW COLUMNS FROM `admin_user` [ RunTime:0.0099s ]
SQL: SELECT * FROM `admin_user` WHERE ( id=12 ) LIMIT 1   [ RunTime:0.0004s ]
SQL: SHOW COLUMNS FROM `news_sort` [ RunTime:0.0177s ]
SQL: SELECT COUNT(*) AS tp_count FROM `news_sort` LIMIT 1   [ RunTime:0.0004s ]
NOTIC: [8] Undefined variable: page_html E:\mysql\wamp\www\lidong\yuanku\Application\Admin\Controller\NewsController.class.php 第 215 行.
SQL: SELECT * FROM `news_sort` ORDER BY id desc LIMIT 0,5   [ RunTime:0.0005s ]
INFO: [ view_parse ] --START--
INFO: [ template_filter ] --START--
INFO: Run Behavior\ContentReplaceBehavior [ RunTime:0.000226s ]
INFO: [ template_filter ] --END-- [ RunTime:0.000345s ]
NOTIC: [8] Undefined variable: title E:\mysql\wamp\www\lidong\yuanku\Application\Runtime\Cache\Admin\1f4622e36af5daf9d693aa1ef888c57e.php 第 4 行.
NOTIC: [8] Use of undefined constant e_name - assumed 'e_name' E:\mysql\wamp\www\lidong\yuanku\Application\Runtime\Cache\Admin\1f4622e36af5daf9d693aa1ef888c57e.php 第 404 行.
NOTIC: [8] Use of undefined constant id - assumed 'id' E:\mysql\wamp\www\lidong\yuanku\Application\Runtime\Cache\Admin\1f4622e36af5daf9d693aa1ef888c57e.php 第 405 行.
NOTIC: [8] Use of undefined constant id - assumed 'id' E:\mysql\wamp\www\lidong\yuanku\Application\Runtime\Cache\Admin\1f4622e36af5daf9d693aa1ef888c57e.php 第 406 行.
NOTIC: [8] Use of undefined constant e_name - assumed 'e_name' E:\mysql\wamp\www\lidong\yuanku\Application\Runtime\Cache\Admin\1f4622e36af5daf9d693aa1ef888c57e.php 第 404 行.
NOTIC: [8] Use of undefined constant id - assumed 'id' E:\mysql\wamp\www\lidong\yuanku\Application\Runtime\Cache\Admin\1f4622e36af5daf9d693aa1ef888c57e.php 第 405 行.
NOTIC: [8] Use of undefined constant id - assumed 'id' E:\mysql\wamp\www\lidong\yuanku\Application\Runtime\Cache\Admin\1f4622e36af5daf9d693aa1ef888c57e.php 第 406 行.
NOTIC: [8] Use of undefined constant e_name - assumed 'e_name' E:\mysql\wamp\www\lidong\yuanku\Application\Runtime\Cache\Admin\1f4622e36af5daf9d693aa1ef888c57e.php 第 404 行.
NOTIC: [8] Use of undefined constant id - assumed 'id' E:\mysql\wamp\www\lidong\yuanku\Application\Runtime\Cache\Admin\1f4622e36af5daf9d693aa1ef888c57e.php 第 405 行.
NOTIC: [8] Use of undefined constant id - assumed 'id' E:\mysql\wamp\www\lidong\yuanku\Application\Runtime\Cache\Admin\1f4622e36af5daf9d693aa1ef888c57e.php 第 406 行.
NOTIC: [8] Use of undefined constant e_name - assumed 'e_name' E:\mysql\wamp\www\lidong\yuanku\Application\Runtime\Cache\Admin\1f4622e36af5daf9d693aa1ef888c57e.php 第 404 行.
NOTIC: [8] Use of undefined constant id - assumed 'id' E:\mysql\wamp\www\lidong\yuanku\Application\Runtime\Cache\Admin\1f4622e36af5daf9d693aa1ef888c57e.php 第 405 行.
NOTIC: [8] Use of undefined constant id - assumed 'id' E:\mysql\wamp\www\lidong\yuanku\Application\Runtime\Cache\Admin\1f4622e36af5daf9d693aa1ef888c57e.php 第 406 行.
NOTIC: [8] Use of undefined constant e_name - assumed 'e_name' E:\mysql\wamp\www\lidong\yuanku\Application\Runtime\Cache\Admin\1f4622e36af5daf9d693aa1ef888c57e.php 第 404 行.
NOTIC: [8] Use of undefined constant id - assumed 'id' E:\mysql\wamp\www\lidong\yuanku\Application\Runtime\Cache\Admin\1f4622e36af5daf9d693aa1ef888c57e.php 第 405 行.
NOTIC: [8] Use of undefined constant id - assumed 'id' E:\mysql\wamp\www\lidong\yuanku\Application\Runtime\Cache\Admin\1f4622e36af5daf9d693aa1ef888c57e.php 第 406 行.
INFO: Run Behavior\ParseTemplateBehavior [ RunTime:0.049758s ]
INFO: [ view_parse ] --END-- [ RunTime:0.049881s ]
INFO: [ view_filter ] --START--
INFO: Run Behavior\WriteHtmlCacheBehavior [ RunTime:0.000798s ]
INFO: [ view_filter ] --END-- [ RunTime:0.000895s ]
INFO: [ app_end ] --START--
INFO: Run Behavior\ShowPageTraceBehavior [ RunTime:0.000810s ]
INFO: [ app_end ] --END-- [ RunTime:0.000915s ]

[ 2016-11-01T14:47:18+08:00 ] ::1 /lidong/yuanku/index.php/Admin/news/img/contacts/4.png
INFO: [ app_init ] --START--
INFO: Run Behavior\BuildLiteBehavior [ RunTime:0.000050s ]
INFO: [ app_init ] --END-- [ RunTime:0.000790s ]

[ 2016-11-01T14:47:18+08:00 ] ::1 /lidong/yuanku/index.php/Admin/news/img/contacts/5.png
INFO: [ app_init ] --START--
INFO: Run Behavior\BuildLiteBehavior [ RunTime:0.000049s ]
INFO: [ app_init ] --END-- [ RunTime:0.000791s ]

[ 2016-11-01T14:47:18+08:00 ] ::1 /lidong/yuanku/index.php/Admin/news/img/contacts/2.png
INFO: [ app_init ] --START--
INFO: Run Behavior\BuildLiteBehavior [ RunTime:0.000046s ]
INFO: [ app_init ] --END-- [ RunTime:0.000993s ]

[ 2016-11-01T14:47:18+08:00 ] ::1 /lidong/yuanku/index.php/Admin/news/img/contacts/3.png
INFO: [ app_init ] --START--
INFO: Run Behavior\BuildLiteBehavior [ RunTime:0.000050s ]
INFO: [ app_init ] --END-- [ RunTime:0.001615s ]

[ 2016-11-01T14:47:18+08:00 ] ::1 /lidong/yuanku/index.php/Admin/news/img/contacts/1.png
INFO: [ app_init ] --START--
INFO: Run Behavior\BuildLiteBehavior [ RunTime:0.000046s ]
INFO: [ app_init ] --END-- [ RunTime:0.001025s ]

[ 2016-11-01T14:47:23+08:00 ] ::1 /lidong/yuanku/index.php/Admin/news/index.html
INFO: [ app_init ] --START--
INFO: Run Behavior\BuildLiteBehavior [ RunTime:0.000026s ]
INFO: [ app_init ] --END-- [ RunTime:0.000739s ]
INFO: [ app_begin ] --START--
INFO: Run Behavior\ReadHtmlCacheBehavior [ RunTime:0.001345s ]
INFO: [ app_begin ] --END-- [ RunTime:0.001474s ]
SQL: SHOW COLUMNS FROM `admin_user` [ RunTime:0.0114s ]
SQL: SELECT * FROM `admin_user` WHERE ( id=12 ) LIMIT 1   [ RunTime:0.0003s ]
SQL: SHOW COLUMNS FROM `news` [ RunTime:0.0096s ]
SQL: SELECT COUNT(*) AS tp_count FROM `news` LIMIT 1   [ RunTime:0.0003s ]
NOTIC: [8] Undefined variable: page_html E:\mysql\wamp\www\lidong\yuanku\Application\Admin\Controller\NewsController.class.php 第 25 行.
SQL: SELECT n.id as nid,`title`,`name`,`sort_name`,`img`,`date` FROM news n INNER JOIN author ON author_id=author.id INNER JOIN news_sort ON sort_ename=news_sort.e_name  ORDER BY n.id desc LIMIT 0,10   [ RunTime:0.0007s ]
INFO: [ view_parse ] --START--
INFO: [ template_filter ] --START--
INFO: Run Behavior\ContentReplaceBehavior [ RunTime:0.000613s ]
INFO: [ template_filter ] --END-- [ RunTime:0.000971s ]
NOTIC: [8] Undefined variable: title E:\mysql\wamp\www\lidong\yuanku\Application\Runtime\Cache\Admin\36087655c6ab8580337cdc45b35a926d.php 第 4 行.
NOTIC: [8] Use of undefined constant nid - assumed 'nid' E:\mysql\wamp\www\lidong\yuanku\Application\Runtime\Cache\Admin\36087655c6ab8580337cdc45b35a926d.php 第 410 行.
NOTIC: [8] Use of undefined constant nid - assumed 'nid' E:\mysql\wamp\www\lidong\yuanku\Application\Runtime\Cache\Admin\36087655c6ab8580337cdc45b35a926d.php 第 410 行.
NOTIC: [8] Use of undefined constant nid - assumed 'nid' E:\mysql\wamp\www\lidong\yuanku\Application\Runtime\Cache\Admin\36087655c6ab8580337cdc45b35a926d.php 第 410 行.
NOTIC: [8] A non well formed numeric value encountered E:\mysql\wamp\www\lidong\yuanku\Application\Runtime\Cache\Admin\36087655c6ab8580337cdc45b35a926d.php 第 407 行.
NOTIC: [8] Use of undefined constant nid - assumed 'nid' E:\mysql\wamp\www\lidong\yuanku\Application\Runtime\Cache\Admin\36087655c6ab8580337cdc45b35a926d.php 第 410 行.
NOTIC: [8] A non well formed numeric value encountered E:\mysql\wamp\www\lidong\yuanku\Application\Runtime\Cache\Admin\36087655c6ab8580337cdc45b35a926d.php 第 407 行.
NOTIC: [8] Use of undefined constant nid - assumed 'nid' E:\mysql\wamp\www\lidong\yuanku\Application\Runtime\Cache\Admin\36087655c6ab8580337cdc45b35a926d.php 第 410 行.
NOTIC: [8] A non well formed numeric value encountered E:\mysql\wamp\www\lidong\yuanku\Application\Runtime\Cache\Admin\36087655c6ab8580337cdc45b35a926d.php 第 407 行.
NOTIC: [8] Use of undefined constant nid - assumed 'nid' E:\mysql\wamp\www\lidong\yuanku\Application\Runtime\Cache\Admin\36087655c6ab8580337cdc45b35a926d.php 第 410 行.
NOTIC: [8] A non well formed numeric value encountered E:\mysql\wamp\www\lidong\yuanku\Application\Runtime\Cache\Admin\36087655c6ab8580337cdc45b35a926d.php 第 407 行.
NOTIC: [8] Use of undefined constant nid - assumed 'nid' E:\mysql\wamp\www\lidong\yuanku\Application\Runtime\Cache\Admin\36087655c6ab8580337cdc45b35a926d.php 第 410 行.
NOTIC: [8] A non well formed numeric value encountered E:\mysql\wamp\www\lidong\yuanku\Application\Runtime\Cache\Admin\36087655c6ab8580337cdc45b35a926d.php 第 407 行.
NOTIC: [8] Use of undefined constant nid - assumed 'nid' E:\mysql\wamp\www\lidong\yuanku\Application\Runtime\Cache\Admin\36087655c6ab8580337cdc45b35a926d.php 第 410 行.
NOTIC: [8] A non well formed numeric value encountered E:\mysql\wamp\www\lidong\yuanku\Application\Runtime\Cache\Admin\36087655c6ab8580337cdc45b35a926d.php 第 407 行.
NOTIC: [8] Use of undefined constant nid - assumed 'nid' E:\mysql\wamp\www\lidong\yuanku\Application\Runtime\Cache\Admin\36087655c6ab8580337cdc45b35a926d.php 第 410 行.
NOTIC: [8] A non well formed numeric value encountered E:\mysql\wamp\www\lidong\yuanku\Application\Runtime\Cache\Admin\36087655c6ab8580337cdc45b35a926d.php 第 407 行.
NOTIC: [8] Use of undefined constant nid - assumed 'nid' E:\mysql\wamp\www\lidong\yuanku\Application\Runtime\Cache\Admin\36087655c6ab8580337cdc45b35a926d.php 第 410 行.
INFO: Run Behavior\ParseTemplateBehavior [ RunTime:0.108982s ]
INFO: [ view_parse ] --END-- [ RunTime:0.109127s ]
INFO: [ view_filter ] --START--
INFO: Run Behavior\WriteHtmlCacheBehavior [ RunTime:0.001476s ]
INFO: [ view_filter ] --END-- [ RunTime:0.001695s ]
INFO: [ app_end ] --START--
INFO: Run Behavior\ShowPageTraceBehavior [ RunTime:0.001157s ]
INFO: [ app_end ] --END-- [ RunTime:0.001372s ]

[ 2016-11-01T14:47:23+08:00 ] ::1 /lidong/yuanku/index.php/Admin/news/img/contacts/1.png
INFO: [ app_init ] --START--
INFO: Run Behavior\BuildLiteBehavior [ RunTime:0.000043s ]
INFO: [ app_init ] --END-- [ RunTime:0.000745s ]

[ 2016-11-01T14:47:23+08:00 ] ::1 /lidong/yuanku/index.php/Admin/news/img/contacts/4.png
INFO: [ app_init ] --START--
INFO: Run Behavior\BuildLiteBehavior [ RunTime:0.000046s ]
INFO: [ app_init ] --END-- [ RunTime:0.001621s ]

[ 2016-11-01T14:47:23+08:00 ] ::1 /lidong/yuanku/index.php/Admin/news/img/contacts/2.png
INFO: [ app_init ] --START--
INFO: Run Behavior\BuildLiteBehavior [ RunTime:0.000053s ]
INFO: [ app_init ] --END-- [ RunTime:0.001000s ]

[ 2016-11-01T14:47:23+08:00 ] ::1 /lidong/yuanku/index.php/Admin/news/img/contacts/3.png
INFO: [ app_init ] --START--
INFO: Run Behavior\BuildLiteBehavior [ RunTime:0.000041s ]
INFO: [ app_init ] --END-- [ RunTime:0.000864s ]

[ 2016-11-01T14:47:23+08:00 ] ::1 /lidong/yuanku/index.php/Admin/news/img/contacts/5.png
INFO: [ app_init ] --START--
INFO: Run Behavior\BuildLiteBehavior [ RunTime:0.000042s ]
INFO: [ app_init ] --END-- [ RunTime:0.003160s ]

[ 2016-11-01T14:47:27+08:00 ] ::1 /lidong/yuanku/index.php/Admin/News/news_edit/id/25.html
INFO: [ app_init ] --START--
INFO: Run Behavior\BuildLiteBehavior [ RunTime:0.000024s ]
INFO: [ app_init ] --END-- [ RunTime:0.000632s ]
INFO: [ app_begin ] --START--
INFO: Run Behavior\ReadHtmlCacheBehavior [ RunTime:0.000827s ]
INFO: [ app_begin ] --END-- [ RunTime:0.000935s ]
SQL: SHOW COLUMNS FROM `admin_user` [ RunTime:0.0097s ]
SQL: SELECT * FROM `admin_user` WHERE ( id=12 ) LIMIT 1   [ RunTime:0.0003s ]
SQL: SHOW COLUMNS FROM `news` [ RunTime:0.0130s ]
SQL: SHOW COLUMNS FROM `author` [ RunTime:0.0117s ]
SQL: SHOW COLUMNS FROM `news_sort` [ RunTime:0.0109s ]
SQL: SELECT * FROM `news` WHERE ( id=25 )  [ RunTime:0.0005s ]
SQL: SELECT * FROM `author`  [ RunTime:0.0003s ]
SQL: SELECT * FROM `news_sort`  [ RunTime:0.0002s ]
INFO: [ view_parse ] --START--
INFO: [ template_filter ] --START--
INFO: Run Behavior\ContentReplaceBehavior [ RunTime:0.000246s ]
INFO: [ template_filter ] --END-- [ RunTime:0.000361s ]
NOTIC: [8] Undefined variable: title E:\mysql\wamp\www\lidong\yuanku\Application\Runtime\Cache\Admin\81de951176a55ca0b2204ef857acf197.php 第 4 行.
INFO: Run Behavior\ParseTemplateBehavior [ RunTime:0.088748s ]
INFO: [ view_parse ] --END-- [ RunTime:0.088930s ]
INFO: [ view_filter ] --START--
INFO: Run Behavior\WriteHtmlCacheBehavior [ RunTime:0.002123s ]
INFO: [ view_filter ] --END-- [ RunTime:0.002319s ]
INFO: [ app_end ] --START--
INFO: Run Behavior\ShowPageTraceBehavior [ RunTime:0.001487s ]
INFO: [ app_end ] --END-- [ RunTime:0.001638s ]

[ 2016-11-01T14:47:27+08:00 ] ::1 /lidong/yuanku/index.php/Admin/News/news_edit/id/img/contacts/3.png
INFO: [ app_init ] --START--
INFO: Run Behavior\BuildLiteBehavior [ RunTime:0.000040s ]
INFO: [ app_init ] --END-- [ RunTime:0.000857s ]

[ 2016-11-01T14:47:27+08:00 ] ::1 /lidong/yuanku/index.php/Admin/News/news_edit/id/img/contacts/5.png
INFO: [ app_init ] --START--
INFO: Run Behavior\BuildLiteBehavior [ RunTime:0.000051s ]
INFO: [ app_init ] --END-- [ RunTime:0.001140s ]

[ 2016-11-01T14:47:27+08:00 ] ::1 /lidong/yuanku/index.php/Admin/News/news_edit/id/img/contacts/2.png
INFO: [ app_init ] --START--
INFO: Run Behavior\BuildLiteBehavior [ RunTime:0.000042s ]
INFO: [ app_init ] --END-- [ RunTime:0.006760s ]

[ 2016-11-01T14:47:27+08:00 ] ::1 /lidong/yuanku/index.php/Admin/News/news_edit/id/img/contacts/1.png
INFO: [ app_init ] --START--
INFO: Run Behavior\BuildLiteBehavior [ RunTime:0.000156s ]
INFO: [ app_init ] --END-- [ RunTime:0.001205s ]

[ 2016-11-01T14:47:27+08:00 ] ::1 /lidong/yuanku/index.php/Admin/News/news_edit/id/img/contacts/4.png
INFO: [ app_init ] --START--
INFO: Run Behavior\BuildLiteBehavior [ RunTime:0.000046s ]
INFO: [ app_init ] --END-- [ RunTime:0.001235s ]

[ 2016-11-01T14:47:46+08:00 ] ::1 /lidong/yuanku/index.php/Admin/News/news_edit.html
INFO: [ app_init ] --START--
INFO: Run Behavior\BuildLiteBehavior [ RunTime:0.000027s ]
INFO: [ app_init ] --END-- [ RunTime:0.000917s ]
INFO: [ app_begin ] --START--
INFO: Run Behavior\ReadHtmlCacheBehavior [ RunTime:0.001237s ]
INFO: [ app_begin ] --END-- [ RunTime:0.001427s ]
SQL: SHOW COLUMNS FROM `admin_user` [ RunTime:0.0112s ]
SQL: SELECT * FROM `admin_user` WHERE ( id=12 ) LIMIT 1   [ RunTime:0.0004s ]
SQL: SHOW COLUMNS FROM `news` [ RunTime:0.0109s ]
NOTIC: [8] Undefined index: validate E:\mysql\wamp\www\lidong\yuanku\ThinkPHP\Library\Think\Model.class.php 第 1185 行.
NOTIC: [8] Undefined index: auto E:\mysql\wamp\www\lidong\yuanku\ThinkPHP\Library\Think\Model.class.php 第 1128 行.
SQL: UPDATE `news` SET `title`='老大',`author_id`='2',`sort_ename`='baseball',`content`='&lt;p&gt;&amp;lt;p&amp;gt;9&amp;lt;/p&amp;gt;&lt;/p&gt;' WHERE `id` = 25 [ RunTime:0.0697s ]
INFO: [ view_parse ] --START--
INFO: [ template_filter ] --START--
INFO: Run Behavior\ContentReplaceBehavior [ RunTime:0.000076s ]
INFO: [ template_filter ] --END-- [ RunTime:0.000201s ]
INFO: Run Behavior\ParseTemplateBehavior [ RunTime:0.032466s ]
INFO: [ view_parse ] --END-- [ RunTime:0.032605s ]
INFO: [ view_filter ] --START--
INFO: Run Behavior\WriteHtmlCacheBehavior [ RunTime:0.006617s ]
INFO: [ view_filter ] --END-- [ RunTime:0.006747s ]
INFO: [ app_end ] --START--
INFO: Run Behavior\ShowPageTraceBehavior [ RunTime:0.007528s ]
INFO: [ app_end ] --END-- [ RunTime:0.007658s ]

[ 2016-11-01T14:47:47+08:00 ] ::1 /lidong/yuanku/index.php/Admin/News/index.html
INFO: [ app_init ] --START--
INFO: Run Behavior\BuildLiteBehavior [ RunTime:0.000033s ]
INFO: [ app_init ] --END-- [ RunTime:0.000812s ]
INFO: [ app_begin ] --START--
INFO: Run Behavior\ReadHtmlCacheBehavior [ RunTime:0.001021s ]
INFO: [ app_begin ] --END-- [ RunTime:0.001177s ]
SQL: SHOW COLUMNS FROM `admin_user` [ RunTime:0.0100s ]
SQL: SELECT * FROM `admin_user` WHERE ( id=12 ) LIMIT 1   [ RunTime:0.0004s ]
SQL: SHOW COLUMNS FROM `news` [ RunTime:0.0097s ]
SQL: SELECT COUNT(*) AS tp_count FROM `news` LIMIT 1   [ RunTime:0.0003s ]
NOTIC: [8] Undefined variable: page_html E:\mysql\wamp\www\lidong\yuanku\Application\Admin\Controller\NewsController.class.php 第 25 行.
SQL: SELECT n.id as nid,`title`,`name`,`sort_name`,`img`,`date` FROM news n INNER JOIN author ON author_id=author.id INNER JOIN news_sort ON sort_ename=news_sort.e_name  ORDER BY n.id desc LIMIT 0,10   [ RunTime:0.0007s ]
INFO: [ view_parse ] --START--
INFO: [ template_filter ] --START--
INFO: Run Behavior\ContentReplaceBehavior [ RunTime:0.000206s ]
INFO: [ template_filter ] --END-- [ RunTime:0.000324s ]
NOTIC: [8] Undefined variable: title E:\mysql\wamp\www\lidong\yuanku\Application\Runtime\Cache\Admin\36087655c6ab8580337cdc45b35a926d.php 第 4 行.
NOTIC: [8] Use of undefined constant nid - assumed 'nid' E:\mysql\wamp\www\lidong\yuanku\Application\Runtime\Cache\Admin\36087655c6ab8580337cdc45b35a926d.php 第 410 行.
NOTIC: [8] Use of undefined constant nid - assumed 'nid' E:\mysql\wamp\www\lidong\yuanku\Application\Runtime\Cache\Admin\36087655c6ab8580337cdc45b35a926d.php 第 410 行.
NOTIC: [8] Use of undefined constant nid - assumed 'nid' E:\mysql\wamp\www\lidong\yuanku\Application\Runtime\Cache\Admin\36087655c6ab8580337cdc45b35a926d.php 第 410 行.
NOTIC: [8] A non well formed numeric value encountered E:\mysql\wamp\www\lidong\yuanku\Application\Runtime\Cache\Admin\36087655c6ab8580337cdc45b35a926d.php 第 407 行.
NOTIC: [8] Use of undefined constant nid - assumed 'nid' E:\mysql\wamp\www\lidong\yuanku\Application\Runtime\Cache\Admin\36087655c6ab8580337cdc45b35a926d.php 第 410 行.
NOTIC: [8] A non well formed numeric value encountered E:\mysql\wamp\www\lidong\yuanku\Application\Runtime\Cache\Admin\36087655c6ab8580337cdc45b35a926d.php 第 407 行.
NOTIC: [8] Use of undefined constant nid - assumed 'nid' E:\mysql\wamp\www\lidong\yuanku\Application\Runtime\Cache\Admin\36087655c6ab8580337cdc45b35a926d.php 第 410 行.
NOTIC: [8] A non well formed numeric value encountered E:\mysql\wamp\www\lidong\yuanku\Application\Runtime\Cache\Admin\36087655c6ab8580337cdc45b35a926d.php 第 407 行.
NOTIC: [8] Use of undefined constant nid - assumed 'nid' E:\mysql\wamp\www\lidong\yuanku\Application\Runtime\Cache\Admin\36087655c6ab8580337cdc45b35a926d.php 第 410 行.
NOTIC: [8] A non well formed numeric value encountered E:\mysql\wamp\www\lidong\yuanku\Application\Runtime\Cache\Admin\36087655c6ab8580337cdc45b35a926d.php 第 407 行.
NOTIC: [8] Use of undefined constant nid - assumed 'nid' E:\mysql\wamp\www\lidong\yuanku\Application\Runtime\Cache\Admin\36087655c6ab8580337cdc45b35a926d.php 第 410 行.
NOTIC: [8] A non well formed numeric value encountered E:\mysql\wamp\www\lidong\yuanku\Application\Runtime\Cache\Admin\36087655c6ab8580337cdc45b35a926d.php 第 407 行.
NOTIC: [8] Use of undefined constant nid - assumed 'nid' E:\mysql\wamp\www\lidong\yuanku\Application\Runtime\Cache\Admin\36087655c6ab8580337cdc45b35a926d.php 第 410 行.
NOTIC: [8] A non well formed numeric value encountered E:\mysql\wamp\www\lidong\yuanku\Application\Runtime\Cache\Admin\36087655c6ab8580337cdc45b35a926d.php 第 407 行.
NOTIC: [8] Use of undefined constant nid - assumed 'nid' E:\mysql\wamp\www\lidong\yuanku\Application\Runtime\Cache\Admin\36087655c6ab8580337cdc45b35a926d.php 第 410 行.
NOTIC: [8] A non well formed numeric value encountered E:\mysql\wamp\www\lidong\yuanku\Application\Runtime\Cache\Admin\36087655c6ab8580337cdc45b35a926d.php 第 407 行.
NOTIC: [8] Use of undefined constant nid - assumed 'nid' E:\mysql\wamp\www\lidong\yuanku\Application\Runtime\Cache\Admin\36087655c6ab8580337cdc45b35a926d.php 第 410 行.
INFO: Run Behavior\ParseTemplateBehavior [ RunTime:0.060869s ]
INFO: [ view_parse ] --END-- [ RunTime:0.060977s ]
INFO: [ view_filter ] --START--
INFO: Run Behavior\WriteHtmlCacheBehavior [ RunTime:0.001063s ]
INFO: [ view_filter ] --END-- [ RunTime:0.001165s ]
INFO: [ app_end ] --START--
INFO: Run Behavior\ShowPageTraceBehavior [ RunTime:0.000771s ]
INFO: [ app_end ] --END-- [ RunTime:0.000894s ]

[ 2016-11-01T14:47:47+08:00 ] ::1 /lidong/yuanku/index.php/Admin/News/img/contacts/3.png
INFO: [ app_init ] --START--
INFO: Run Behavior\BuildLiteBehavior [ RunTime:0.000028s ]
INFO: [ app_init ] --END-- [ RunTime:0.000554s ]

[ 2016-11-01T14:47:47+08:00 ] ::1 /lidong/yuanku/index.php/Admin/News/img/contacts/4.png
INFO: [ app_init ] --START--
INFO: Run Behavior\BuildLiteBehavior [ RunTime:0.000047s ]
INFO: [ app_init ] --END-- [ RunTime:0.001444s ]

[ 2016-11-01T14:47:47+08:00 ] ::1 /lidong/yuanku/index.php/Admin/News/img/contacts/1.png
INFO: [ app_init ] --START--
INFO: Run Behavior\BuildLiteBehavior [ RunTime:0.000025s ]
INFO: [ app_init ] --END-- [ RunTime:0.000549s ]

[ 2016-11-01T14:47:47+08:00 ] ::1 /lidong/yuanku/index.php/Admin/News/img/contacts/2.png
INFO: [ app_init ] --START--
INFO: Run Behavior\BuildLiteBehavior [ RunTime:0.000054s ]
INFO: [ app_init ] --END-- [ RunTime:0.002031s ]

[ 2016-11-01T14:47:47+08:00 ] ::1 /lidong/yuanku/index.php/Admin/News/img/contacts/5.png
INFO: [ app_init ] --START--
INFO: Run Behavior\BuildLiteBehavior [ RunTime:0.000043s ]
INFO: [ app_init ] --END-- [ RunTime:0.000913s ]

[ 2016-11-01T14:47:51+08:00 ] ::1 /lidong/yuanku/index.php/Admin/News/news_edit/id/20.html
INFO: [ app_init ] --START--
INFO: Run Behavior\BuildLiteBehavior [ RunTime:0.000048s ]
INFO: [ app_init ] --END-- [ RunTime:0.001004s ]
INFO: [ app_begin ] --START--
INFO: Run Behavior\ReadHtmlCacheBehavior [ RunTime:0.000975s ]
INFO: [ app_begin ] --END-- [ RunTime:0.001114s ]
SQL: SHOW COLUMNS FROM `admin_user` [ RunTime:0.0160s ]
SQL: SELECT * FROM `admin_user` WHERE ( id=12 ) LIMIT 1   [ RunTime:0.0006s ]
SQL: SHOW COLUMNS FROM `news` [ RunTime:0.0156s ]
SQL: SHOW COLUMNS FROM `author` [ RunTime:0.0158s ]
SQL: SHOW COLUMNS FROM `news_sort` [ RunTime:0.0191s ]
SQL: SELECT * FROM `news` WHERE ( id=20 )  [ RunTime:0.0009s ]
SQL: SELECT * FROM `author`  [ RunTime:0.0010s ]
SQL: SELECT * FROM `news_sort`  [ RunTime:0.0007s ]
INFO: [ view_parse ] --START--
INFO: [ template_filter ] --START--
INFO: Run Behavior\ContentReplaceBehavior [ RunTime:0.000543s ]
INFO: [ template_filter ] --END-- [ RunTime:0.000994s ]
NOTIC: [8] Undefined variable: title E:\mysql\wamp\www\lidong\yuanku\Application\Runtime\Cache\Admin\81de951176a55ca0b2204ef857acf197.php 第 4 行.
INFO: Run Behavior\ParseTemplateBehavior [ RunTime:0.087445s ]
INFO: [ view_parse ] --END-- [ RunTime:0.087649s ]
INFO: [ view_filter ] --START--
INFO: Run Behavior\WriteHtmlCacheBehavior [ RunTime:0.000793s ]
INFO: [ view_filter ] --END-- [ RunTime:0.000930s ]
INFO: [ app_end ] --START--
INFO: Run Behavior\ShowPageTraceBehavior [ RunTime:0.001027s ]
INFO: [ app_end ] --END-- [ RunTime:0.001222s ]

[ 2016-11-01T14:47:51+08:00 ] ::1 /lidong/yuanku/index.php/Admin/News/news_edit/id/img/contacts/2.png
INFO: [ app_init ] --START--
INFO: Run Behavior\BuildLiteBehavior [ RunTime:0.000042s ]
INFO: [ app_init ] --END-- [ RunTime:0.000909s ]

[ 2016-11-01T14:47:51+08:00 ] ::1 /lidong/yuanku/index.php/Admin/News/news_edit/id/img/contacts/3.png
INFO: [ app_init ] --START--
INFO: Run Behavior\BuildLiteBehavior [ RunTime:0.000045s ]
INFO: [ app_init ] --END-- [ RunTime:0.000844s ]

[ 2016-11-01T14:47:51+08:00 ] ::1 /lidong/yuanku/index.php/Admin/News/news_edit/id/img/contacts/4.png
INFO: [ app_init ] --START--
INFO: Run Behavior\BuildLiteBehavior [ RunTime:0.000043s ]
INFO: [ app_init ] --END-- [ RunTime:0.000826s ]

[ 2016-11-01T14:47:51+08:00 ] ::1 /lidong/yuanku/index.php/Admin/News/news_edit/id/img/contacts/5.png
INFO: [ app_init ] --START--
INFO: Run Behavior\BuildLiteBehavior [ RunTime:0.000044s ]
INFO: [ app_init ] --END-- [ RunTime:0.000972s ]

[ 2016-11-01T14:47:51+08:00 ] ::1 /lidong/yuanku/index.php/Admin/News/news_edit/id/img/contacts/1.png
INFO: [ app_init ] --START--
INFO: Run Behavior\BuildLiteBehavior [ RunTime:0.000092s ]
INFO: [ app_init ] --END-- [ RunTime:0.000843s ]

[ 2016-11-01T14:48:05+08:00 ] ::1 /lidong/yuanku/index.php/Admin/News/news_edit.html
INFO: [ app_init ] --START--
INFO: Run Behavior\BuildLiteBehavior [ RunTime:0.000029s ]
INFO: [ app_init ] --END-- [ RunTime:0.000638s ]
INFO: [ app_begin ] --START--
INFO: Run Behavior\ReadHtmlCacheBehavior [ RunTime:0.000717s ]
INFO: [ app_begin ] --END-- [ RunTime:0.000831s ]
SQL: SHOW COLUMNS FROM `admin_user` [ RunTime:0.0092s ]
SQL: SELECT * FROM `admin_user` WHERE ( id=12 ) LIMIT 1   [ RunTime:0.0003s ]
SQL: SHOW COLUMNS FROM `news` [ RunTime:0.0120s ]
NOTIC: [8] Undefined index: validate E:\mysql\wamp\www\lidong\yuanku\ThinkPHP\Library\Think\Model.class.php 第 1185 行.
NOTIC: [8] Undefined index: auto E:\mysql\wamp\www\lidong\yuanku\ThinkPHP\Library\Think\Model.class.php 第 1128 行.
SQL: UPDATE `news` SET `title`='小弟',`author_id`='2',`sort_ename`='baseball',`content`='&lt;p&gt;5&lt;/p&gt;' WHERE `id` = 20 [ RunTime:0.0004s ]
INFO: [ view_parse ] --START--
INFO: [ template_filter ] --START--
INFO: Run Behavior\ContentReplaceBehavior [ RunTime:0.000122s ]
INFO: [ template_filter ] --END-- [ RunTime:0.000336s ]
INFO: Run Behavior\ParseTemplateBehavior [ RunTime:0.011859s ]
INFO: [ view_parse ] --END-- [ RunTime:0.011995s ]
INFO: [ view_filter ] --START--
INFO: Run Behavior\WriteHtmlCacheBehavior [ RunTime:0.000516s ]
INFO: [ view_filter ] --END-- [ RunTime:0.000627s ]
INFO: [ app_end ] --START--
INFO: Run Behavior\ShowPageTraceBehavior [ RunTime:0.000878s ]
INFO: [ app_end ] --END-- [ RunTime:0.001035s ]

[ 2016-11-01T14:48:06+08:00 ] ::1 /lidong/yuanku/index.php/Admin/News/index.html
INFO: [ app_init ] --START--
INFO: Run Behavior\BuildLiteBehavior [ RunTime:0.000027s ]
INFO: [ app_init ] --END-- [ RunTime:0.000586s ]
INFO: [ app_begin ] --START--
INFO: Run Behavior\ReadHtmlCacheBehavior [ RunTime:0.000645s ]
INFO: [ app_begin ] --END-- [ RunTime:0.000761s ]
SQL: SHOW COLUMNS FROM `admin_user` [ RunTime:0.0096s ]
SQL: SELECT * FROM `admin_user` WHERE ( id=12 ) LIMIT 1   [ RunTime:0.0003s ]
SQL: SHOW COLUMNS FROM `news` [ RunTime:0.0108s ]
SQL: SELECT COUNT(*) AS tp_count FROM `news` LIMIT 1   [ RunTime:0.0003s ]
NOTIC: [8] Undefined variable: page_html E:\mysql\wamp\www\lidong\yuanku\Application\Admin\Controller\NewsController.class.php 第 25 行.
SQL: SELECT n.id as nid,`title`,`name`,`sort_name`,`img`,`date` FROM news n INNER JOIN author ON author_id=author.id INNER JOIN news_sort ON sort_ename=news_sort.e_name  ORDER BY n.id desc LIMIT 0,10   [ RunTime:0.0006s ]
INFO: [ view_parse ] --START--
INFO: [ template_filter ] --START--
INFO: Run Behavior\ContentReplaceBehavior [ RunTime:0.000218s ]
INFO: [ template_filter ] --END-- [ RunTime:0.000341s ]
NOTIC: [8] Undefined variable: title E:\mysql\wamp\www\lidong\yuanku\Application\Runtime\Cache\Admin\36087655c6ab8580337cdc45b35a926d.php 第 4 行.
NOTIC: [8] Use of undefined constant nid - assumed 'nid' E:\mysql\wamp\www\lidong\yuanku\Application\Runtime\Cache\Admin\36087655c6ab8580337cdc45b35a926d.php 第 410 行.
NOTIC: [8] Use of undefined constant nid - assumed 'nid' E:\mysql\wamp\www\lidong\yuanku\Application\Runtime\Cache\Admin\36087655c6ab8580337cdc45b35a926d.php 第 410 行.
NOTIC: [8] Use of undefined constant nid - assumed 'nid' E:\mysql\wamp\www\lidong\yuanku\Application\Runtime\Cache\Admin\36087655c6ab8580337cdc45b35a926d.php 第 410 行.
NOTIC: [8] A non well formed numeric value encountered E:\mysql\wamp\www\lidong\yuanku\Application\Runtime\Cache\Admin\36087655c6ab8580337cdc45b35a926d.php 第 407 行.
NOTIC: [8] Use of undefined constant nid - assumed 'nid' E:\mysql\wamp\www\lidong\yuanku\Application\Runtime\Cache\Admin\36087655c6ab8580337cdc45b35a926d.php 第 410 行.
NOTIC: [8] A non well formed numeric value encountered E:\mysql\wamp\www\lidong\yuanku\Application\Runtime\Cache\Admin\36087655c6ab8580337cdc45b35a926d.php 第 407 行.
NOTIC: [8] Use of undefined constant nid - assumed 'nid' E:\mysql\wamp\www\lidong\yuanku\Application\Runtime\Cache\Admin\36087655c6ab8580337cdc45b35a926d.php 第 410 行.
NOTIC: [8] A non well formed numeric value encountered E:\mysql\wamp\www\lidong\yuanku\Application\Runtime\Cache\Admin\36087655c6ab8580337cdc45b35a926d.php 第 407 行.
NOTIC: [8] Use of undefined constant nid - assumed 'nid' E:\mysql\wamp\www\lidong\yuanku\Application\Runtime\Cache\Admin\36087655c6ab8580337cdc45b35a926d.php 第 410 行.
NOTIC: [8] A non well formed numeric value encountered E:\mysql\wamp\www\lidong\yuanku\Application\Runtime\Cache\Admin\36087655c6ab8580337cdc45b35a926d.php 第 407 行.
NOTIC: [8] Use of undefined constant nid - assumed 'nid' E:\mysql\wamp\www\lidong\yuanku\Application\Runtime\Cache\Admin\36087655c6ab8580337cdc45b35a926d.php 第 410 行.
NOTIC: [8] A non well formed numeric value encountered E:\mysql\wamp\www\lidong\yuanku\Application\Runtime\Cache\Admin\36087655c6ab8580337cdc45b35a926d.php 第 407 行.
NOTIC: [8] Use of undefined constant nid - assumed 'nid' E:\mysql\wamp\www\lidong\yuanku\Application\Runtime\Cache\Admin\36087655c6ab8580337cdc45b35a926d.php 第 410 行.
NOTIC: [8] A non well formed numeric value encountered E:\mysql\wamp\www\lidong\yuanku\Application\Runtime\Cache\Admin\36087655c6ab8580337cdc45b35a926d.php 第 407 行.
NOTIC: [8] Use of undefined constant nid - assumed 'nid' E:\mysql\wamp\www\lidong\yuanku\Application\Runtime\Cache\Admin\36087655c6ab8580337cdc45b35a926d.php 第 410 行.
NOTIC: [8] A non well formed numeric value encountered E:\mysql\wamp\www\lidong\yuanku\Application\Runtime\Cache\Admin\36087655c6ab8580337cdc45b35a926d.php 第 407 行.
NOTIC: [8] Use of undefined constant nid - assumed 'nid' E:\mysql\wamp\www\lidong\yuanku\Application\Runtime\Cache\Admin\36087655c6ab8580337cdc45b35a926d.php 第 410 行.
INFO: Run Behavior\ParseTemplateBehavior [ RunTime:0.026509s ]
INFO: [ view_parse ] --END-- [ RunTime:0.026622s ]
INFO: [ view_filter ] --START--
INFO: Run Behavior\WriteHtmlCacheBehavior [ RunTime:0.000398s ]
INFO: [ view_filter ] --END-- [ RunTime:0.000496s ]
INFO: [ app_end ] --START--
INFO: Run Behavior\ShowPageTraceBehavior [ RunTime:0.000726s ]
INFO: [ app_end ] --END-- [ RunTime:0.000826s ]

[ 2016-11-01T14:48:06+08:00 ] ::1 /lidong/yuanku/index.php/Admin/News/img/contacts/1.png
INFO: [ app_init ] --START--
INFO: Run Behavior\BuildLiteBehavior [ RunTime:0.000047s ]
INFO: [ app_init ] --END-- [ RunTime:0.001728s ]

[ 2016-11-01T14:48:06+08:00 ] ::1 /lidong/yuanku/index.php/Admin/News/img/contacts/2.png
INFO: [ app_init ] --START--
INFO: Run Behavior\BuildLiteBehavior [ RunTime:0.000040s ]
INFO: [ app_init ] --END-- [ RunTime:0.000818s ]

[ 2016-11-01T14:48:06+08:00 ] ::1 /lidong/yuanku/index.php/Admin/News/img/contacts/3.png
INFO: [ app_init ] --START--
INFO: Run Behavior\BuildLiteBehavior [ RunTime:0.000044s ]
INFO: [ app_init ] --END-- [ RunTime:0.000785s ]

[ 2016-11-01T14:48:07+08:00 ] ::1 /lidong/yuanku/index.php/Admin/News/img/contacts/4.png
INFO: [ app_init ] --START--
INFO: Run Behavior\BuildLiteBehavior [ RunTime:0.000056s ]
INFO: [ app_init ] --END-- [ RunTime:0.000975s ]

[ 2016-11-01T14:48:07+08:00 ] ::1 /lidong/yuanku/index.php/Admin/News/img/contacts/5.png
INFO: [ app_init ] --START--
INFO: Run Behavior\BuildLiteBehavior [ RunTime:0.000049s ]
INFO: [ app_init ] --END-- [ RunTime:0.000928s ]

[ 2016-11-01T14:48:22+08:00 ] ::1 /lidong/yuanku/index.php/Admin/News/index.html
INFO: [ app_init ] --START--
INFO: Run Behavior\BuildLiteBehavior [ RunTime:0.000024s ]
INFO: [ app_init ] --END-- [ RunTime:0.000593s ]
INFO: [ app_begin ] --START--
INFO: Run Behavior\ReadHtmlCacheBehavior [ RunTime:0.000881s ]
INFO: [ app_begin ] --END-- [ RunTime:0.000985s ]
SQL: SHOW COLUMNS FROM `admin_user` [ RunTime:0.0105s ]
SQL: SELECT * FROM `admin_user` WHERE ( id=12 ) LIMIT 1   [ RunTime:0.0003s ]
SQL: SHOW COLUMNS FROM `news` [ RunTime:0.0106s ]
SQL: SELECT COUNT(*) AS tp_count FROM `news` LIMIT 1   [ RunTime:0.0003s ]
NOTIC: [8] Undefined variable: page_html E:\mysql\wamp\www\lidong\yuanku\Application\Admin\Controller\NewsController.class.php 第 25 行.
SQL: SELECT n.id as nid,`title`,`name`,`sort_name`,`img`,`date` FROM news n INNER JOIN author ON author_id=author.id INNER JOIN news_sort ON sort_ename=news_sort.e_name  ORDER BY n.id desc LIMIT 0,10   [ RunTime:0.0011s ]
INFO: [ view_parse ] --START--
INFO: [ template_filter ] --START--
INFO: Run Behavior\ContentReplaceBehavior [ RunTime:0.000233s ]
INFO: [ template_filter ] --END-- [ RunTime:0.000385s ]
NOTIC: [8] Undefined variable: title E:\mysql\wamp\www\lidong\yuanku\Application\Runtime\Cache\Admin\36087655c6ab8580337cdc45b35a926d.php 第 4 行.
NOTIC: [8] Use of undefined constant nid - assumed 'nid' E:\mysql\wamp\www\lidong\yuanku\Application\Runtime\Cache\Admin\36087655c6ab8580337cdc45b35a926d.php 第 410 行.
NOTIC: [8] Use of undefined constant nid - assumed 'nid' E:\mysql\wamp\www\lidong\yuanku\Application\Runtime\Cache\Admin\36087655c6ab8580337cdc45b35a926d.php 第 410 行.
NOTIC: [8] Use of undefined constant nid - assumed 'nid' E:\mysql\wamp\www\lidong\yuanku\Application\Runtime\Cache\Admin\36087655c6ab8580337cdc45b35a926d.php 第 410 行.
NOTIC: [8] A non well formed numeric value encountered E:\mysql\wamp\www\lidong\yuanku\Application\Runtime\Cache\Admin\36087655c6ab8580337cdc45b35a926d.php 第 407 行.
NOTIC: [8] Use of undefined constant nid - assumed 'nid' E:\mysql\wamp\www\lidong\yuanku\Application\Runtime\Cache\Admin\36087655c6ab8580337cdc45b35a926d.php 第 410 行.
NOTIC: [8] A non well formed numeric value encountered E:\mysql\wamp\www\lidong\yuanku\Application\Runtime\Cache\Admin\36087655c6ab8580337cdc45b35a926d.php 第 407 行.
NOTIC: [8] Use of undefined constant nid - assumed 'nid' E:\mysql\wamp\www\lidong\yuanku\Application\Runtime\Cache\Admin\36087655c6ab8580337cdc45b35a926d.php 第 410 行.
NOTIC: [8] A non well formed numeric value encountered E:\mysql\wamp\www\lidong\yuanku\Application\Runtime\Cache\Admin\36087655c6ab8580337cdc45b35a926d.php 第 407 行.
NOTIC: [8] Use of undefined constant nid - assumed 'nid' E:\mysql\wamp\www\lidong\yuanku\Application\Runtime\Cache\Admin\36087655c6ab8580337cdc45b35a926d.php 第 410 行.
NOTIC: [8] A non well formed numeric value encountered E:\mysql\wamp\www\lidong\yuanku\Application\Runtime\Cache\Admin\36087655c6ab8580337cdc45b35a926d.php 第 407 行.
NOTIC: [8] Use of undefined constant nid - assumed 'nid' E:\mysql\wamp\www\lidong\yuanku\Application\Runtime\Cache\Admin\36087655c6ab8580337cdc45b35a926d.php 第 410 行.
NOTIC: [8] A non well formed numeric value encountered E:\mysql\wamp\www\lidong\yuanku\Application\Runtime\Cache\Admin\36087655c6ab8580337cdc45b35a926d.php 第 407 行.
NOTIC: [8] Use of undefined constant nid - assumed 'nid' E:\mysql\wamp\www\lidong\yuanku\Application\Runtime\Cache\Admin\36087655c6ab8580337cdc45b35a926d.php 第 410 行.
NOTIC: [8] A non well formed numeric value encountered E:\mysql\wamp\www\lidong\yuanku\Application\Runtime\Cache\Admin\36087655c6ab8580337cdc45b35a926d.php 第 407 行.
NOTIC: [8] Use of undefined constant nid - assumed 'nid' E:\mysql\wamp\www\lidong\yuanku\Application\Runtime\Cache\Admin\36087655c6ab8580337cdc45b35a926d.php 第 410 行.
NOTIC: [8] A non well formed numeric value encountered E:\mysql\wamp\www\lidong\yuanku\Application\Runtime\Cache\Admin\36087655c6ab8580337cdc45b35a926d.php 第 407 行.
NOTIC: [8] Use of undefined constant nid - assumed 'nid' E:\mysql\wamp\www\lidong\yuanku\Application\Runtime\Cache\Admin\36087655c6ab8580337cdc45b35a926d.php 第 410 行.
INFO: Run Behavior\ParseTemplateBehavior [ RunTime:0.029681s ]
INFO: [ view_parse ] --END-- [ RunTime:0.029831s ]
INFO: [ view_filter ] --START--
INFO: Run Behavior\WriteHtmlCacheBehavior [ RunTime:0.000767s ]
INFO: [ view_filter ] --END-- [ RunTime:0.000874s ]
INFO: [ app_end ] --START--
INFO: Run Behavior\ShowPageTraceBehavior [ RunTime:0.000977s ]
INFO: [ app_end ] --END-- [ RunTime:0.001105s ]

[ 2016-11-01T14:48:22+08:00 ] ::1 /lidong/yuanku/index.php/Admin/News/img/contacts/3.png
INFO: [ app_init ] --START--
INFO: Run Behavior\BuildLiteBehavior [ RunTime:0.000044s ]
INFO: [ app_init ] --END-- [ RunTime:0.000789s ]

[ 2016-11-01T14:48:22+08:00 ] ::1 /lidong/yuanku/index.php/Admin/News/img/contacts/4.png
INFO: [ app_init ] --START--
INFO: Run Behavior\BuildLiteBehavior [ RunTime:0.000046s ]
INFO: [ app_init ] --END-- [ RunTime:0.001862s ]

[ 2016-11-01T14:48:22+08:00 ] ::1 /lidong/yuanku/index.php/Admin/News/img/contacts/5.png
INFO: [ app_init ] --START--
INFO: Run Behavior\BuildLiteBehavior [ RunTime:0.000048s ]
INFO: [ app_init ] --END-- [ RunTime:0.001044s ]

[ 2016-11-01T14:48:22+08:00 ] ::1 /lidong/yuanku/index.php/Admin/News/img/contacts/2.png
INFO: [ app_init ] --START--
INFO: Run Behavior\BuildLiteBehavior [ RunTime:0.006182s ]
INFO: [ app_init ] --END-- [ RunTime:0.009730s ]

[ 2016-11-01T14:48:22+08:00 ] ::1 /lidong/yuanku/index.php/Admin/News/img/contacts/1.png
INFO: [ app_init ] --START--
INFO: Run Behavior\BuildLiteBehavior [ RunTime:0.000043s ]
INFO: [ app_init ] --END-- [ RunTime:0.001871s ]

[ 2016-11-01T15:08:23+08:00 ] ::1 /lidong/yuanku/index.php/Admin/news/index.html
INFO: [ app_init ] --START--
INFO: Run Behavior\BuildLiteBehavior [ RunTime:0.000031s ]
INFO: [ app_init ] --END-- [ RunTime:0.000814s ]
INFO: [ app_begin ] --START--
INFO: Run Behavior\ReadHtmlCacheBehavior [ RunTime:0.000930s ]
INFO: [ app_begin ] --END-- [ RunTime:0.001056s ]
SQL: SHOW COLUMNS FROM `admin_user` [ RunTime:0.0100s ]
SQL: SELECT * FROM `admin_user` WHERE ( id=12 ) LIMIT 1   [ RunTime:0.0004s ]
SQL: SHOW COLUMNS FROM `news` [ RunTime:0.0099s ]
SQL: SELECT COUNT(*) AS tp_count FROM `news` LIMIT 1   [ RunTime:0.0003s ]
NOTIC: [8] Undefined variable: page_html E:\mysql\wamp\www\lidong\yuanku\Application\Admin\Controller\NewsController.class.php 第 25 行.
SQL: SELECT n.id as nid,`title`,`name`,`sort_name`,`img`,`date` FROM news n INNER JOIN author ON author_id=author.id INNER JOIN news_sort ON sort_ename=news_sort.e_name  ORDER BY n.id desc LIMIT 0,10   [ RunTime:0.0024s ]
INFO: [ view_parse ] --START--
INFO: [ template_filter ] --START--
INFO: Run Behavior\ContentReplaceBehavior [ RunTime:0.000222s ]
INFO: [ template_filter ] --END-- [ RunTime:0.000350s ]
NOTIC: [8] Undefined variable: title E:\mysql\wamp\www\lidong\yuanku\Application\Runtime\Cache\Admin\36087655c6ab8580337cdc45b35a926d.php 第 4 行.
NOTIC: [8] Use of undefined constant nid - assumed 'nid' E:\mysql\wamp\www\lidong\yuanku\Application\Runtime\Cache\Admin\36087655c6ab8580337cdc45b35a926d.php 第 410 行.
NOTIC: [8] Use of undefined constant nid - assumed 'nid' E:\mysql\wamp\www\lidong\yuanku\Application\Runtime\Cache\Admin\36087655c6ab8580337cdc45b35a926d.php 第 410 行.
NOTIC: [8] Use of undefined constant nid - assumed 'nid' E:\mysql\wamp\www\lidong\yuanku\Application\Runtime\Cache\Admin\36087655c6ab8580337cdc45b35a926d.php 第 410 行.
NOTIC: [8] A non well formed numeric value encountered E:\mysql\wamp\www\lidong\yuanku\Application\Runtime\Cache\Admin\36087655c6ab8580337cdc45b35a926d.php 第 407 行.
NOTIC: [8] Use of undefined constant nid - assumed 'nid' E:\mysql\wamp\www\lidong\yuanku\Application\Runtime\Cache\Admin\36087655c6ab8580337cdc45b35a926d.php 第 410 行.
NOTIC: [8] A non well formed numeric value encountered E:\mysql\wamp\www\lidong\yuanku\Application\Runtime\Cache\Admin\36087655c6ab8580337cdc45b35a926d.php 第 407 行.
NOTIC: [8] Use of undefined constant nid - assumed 'nid' E:\mysql\wamp\www\lidong\yuanku\Application\Runtime\Cache\Admin\36087655c6ab8580337cdc45b35a926d.php 第 410 行.
NOTIC: [8] A non well formed numeric value encountered E:\mysql\wamp\www\lidong\yuanku\Application\Runtime\Cache\Admin\36087655c6ab8580337cdc45b35a926d.php 第 407 行.
NOTIC: [8] Use of undefined constant nid - assumed 'nid' E:\mysql\wamp\www\lidong\yuanku\Application\Runtime\Cache\Admin\36087655c6ab8580337cdc45b35a926d.php 第 410 行.
NOTIC: [8] A non well formed numeric value encountered E:\mysql\wamp\www\lidong\yuanku\Application\Runtime\Cache\Admin\36087655c6ab8580337cdc45b35a926d.php 第 407 行.
NOTIC: [8] Use of undefined constant nid - assumed 'nid' E:\mysql\wamp\www\lidong\yuanku\Application\Runtime\Cache\Admin\36087655c6ab8580337cdc45b35a926d.php 第 410 行.
NOTIC: [8] A non well formed numeric value encountered E:\mysql\wamp\www\lidong\yuanku\Application\Runtime\Cache\Admin\36087655c6ab8580337cdc45b35a926d.php 第 407 行.
NOTIC: [8] Use of undefined constant nid - assumed 'nid' E:\mysql\wamp\www\lidong\yuanku\Application\Runtime\Cache\Admin\36087655c6ab8580337cdc45b35a926d.php 第 410 行.
NOTIC: [8] A non well formed numeric value encountered E:\mysql\wamp\www\lidong\yuanku\Application\Runtime\Cache\Admin\36087655c6ab8580337cdc45b35a926d.php 第 407 行.
NOTIC: [8] Use of undefined constant nid - assumed 'nid' E:\mysql\wamp\www\lidong\yuanku\Application\Runtime\Cache\Admin\36087655c6ab8580337cdc45b35a926d.php 第 410 行.
NOTIC: [8] A non well formed numeric value encountered E:\mysql\wamp\www\lidong\yuanku\Application\Runtime\Cache\Admin\36087655c6ab8580337cdc45b35a926d.php 第 407 行.
NOTIC: [8] Use of undefined constant nid - assumed 'nid' E:\mysql\wamp\www\lidong\yuanku\Application\Runtime\Cache\Admin\36087655c6ab8580337cdc45b35a926d.php 第 410 行.
INFO: Run Behavior\ParseTemplateBehavior [ RunTime:0.074486s ]
INFO: [ view_parse ] --END-- [ RunTime:0.074600s ]
INFO: [ view_filter ] --START--
INFO: Run Behavior\WriteHtmlCacheBehavior [ RunTime:0.000692s ]
INFO: [ view_filter ] --END-- [ RunTime:0.000786s ]
INFO: [ app_end ] --START--
INFO: Run Behavior\ShowPageTraceBehavior [ RunTime:0.002179s ]
INFO: [ app_end ] --END-- [ RunTime:0.002298s ]

[ 2016-11-01T15:08:23+08:00 ] ::1 /lidong/yuanku/index.php/Admin/news/img/contacts/4.png
INFO: [ app_init ] --START--
INFO: Run Behavior\BuildLiteBehavior [ RunTime:0.000026s ]
INFO: [ app_init ] --END-- [ RunTime:0.000567s ]

[ 2016-11-01T15:08:24+08:00 ] ::1 /lidong/yuanku/index.php/Admin/news/img/contacts/3.png
INFO: [ app_init ] --START--
INFO: Run Behavior\BuildLiteBehavior [ RunTime:0.000050s ]
INFO: [ app_init ] --END-- [ RunTime:0.003516s ]

[ 2016-11-01T15:08:24+08:00 ] ::1 /lidong/yuanku/index.php/Admin/news/img/contacts/5.png
INFO: [ app_init ] --START--
INFO: Run Behavior\BuildLiteBehavior [ RunTime:0.000050s ]
INFO: [ app_init ] --END-- [ RunTime:0.001136s ]

[ 2016-11-01T15:08:24+08:00 ] ::1 /lidong/yuanku/index.php/Admin/news/img/contacts/1.png
INFO: [ app_init ] --START--
INFO: Run Behavior\BuildLiteBehavior [ RunTime:0.000046s ]
INFO: [ app_init ] --END-- [ RunTime:0.001389s ]

[ 2016-11-01T15:08:24+08:00 ] ::1 /lidong/yuanku/index.php/Admin/news/img/contacts/2.png
INFO: [ app_init ] --START--
INFO: Run Behavior\BuildLiteBehavior [ RunTime:0.000045s ]
INFO: [ app_init ] --END-- [ RunTime:0.000864s ]

[ 2016-11-01T15:08:27+08:00 ] ::1 /lidong/yuanku/index.php/Admin/News/index/page_num/2.html
INFO: [ app_init ] --START--
INFO: Run Behavior\BuildLiteBehavior [ RunTime:0.000032s ]
INFO: [ app_init ] --END-- [ RunTime:0.000626s ]
INFO: [ app_begin ] --START--
INFO: Run Behavior\ReadHtmlCacheBehavior [ RunTime:0.001151s ]
INFO: [ app_begin ] --END-- [ RunTime:0.001342s ]
SQL: SHOW COLUMNS FROM `admin_user` [ RunTime:0.0107s ]
SQL: SELECT * FROM `admin_user` WHERE ( id=12 ) LIMIT 1   [ RunTime:0.0003s ]
SQL: SHOW COLUMNS FROM `news` [ RunTime:0.0122s ]
SQL: SELECT COUNT(*) AS tp_count FROM `news` LIMIT 1   [ RunTime:0.0002s ]
NOTIC: [8] Undefined variable: page_html E:\mysql\wamp\www\lidong\yuanku\Application\Admin\Controller\NewsController.class.php 第 25 行.
SQL: SELECT n.id as nid,`title`,`name`,`sort_name`,`img`,`date` FROM news n INNER JOIN author ON author_id=author.id INNER JOIN news_sort ON sort_ename=news_sort.e_name  ORDER BY n.id desc LIMIT 10,10   [ RunTime:0.0005s ]
INFO: [ view_parse ] --START--
INFO: [ template_filter ] --START--
INFO: Run Behavior\ContentReplaceBehavior [ RunTime:0.000299s ]
INFO: [ template_filter ] --END-- [ RunTime:0.000554s ]
NOTIC: [8] Undefined variable: title E:\mysql\wamp\www\lidong\yuanku\Application\Runtime\Cache\Admin\36087655c6ab8580337cdc45b35a926d.php 第 4 行.
NOTIC: [8] A non well formed numeric value encountered E:\mysql\wamp\www\lidong\yuanku\Application\Runtime\Cache\Admin\36087655c6ab8580337cdc45b35a926d.php 第 407 行.
NOTIC: [8] Use of undefined constant nid - assumed 'nid' E:\mysql\wamp\www\lidong\yuanku\Application\Runtime\Cache\Admin\36087655c6ab8580337cdc45b35a926d.php 第 410 行.
NOTIC: [8] A non well formed numeric value encountered E:\mysql\wamp\www\lidong\yuanku\Application\Runtime\Cache\Admin\36087655c6ab8580337cdc45b35a926d.php 第 407 行.
NOTIC: [8] Use of undefined constant nid - assumed 'nid' E:\mysql\wamp\www\lidong\yuanku\Application\Runtime\Cache\Admin\36087655c6ab8580337cdc45b35a926d.php 第 410 行.
NOTIC: [8] A non well formed numeric value encountered E:\mysql\wamp\www\lidong\yuanku\Application\Runtime\Cache\Admin\36087655c6ab8580337cdc45b35a926d.php 第 407 行.
NOTIC: [8] Use of undefined constant nid - assumed 'nid' E:\mysql\wamp\www\lidong\yuanku\Application\Runtime\Cache\Admin\36087655c6ab8580337cdc45b35a926d.php 第 410 行.
INFO: Run Behavior\ParseTemplateBehavior [ RunTime:0.028833s ]
INFO: [ view_parse ] --END-- [ RunTime:0.028949s ]
INFO: [ view_filter ] --START--
INFO: Run Behavior\WriteHtmlCacheBehavior [ RunTime:0.000494s ]
INFO: [ view_filter ] --END-- [ RunTime:0.000599s ]
INFO: [ app_end ] --START--
INFO: Run Behavior\ShowPageTraceBehavior [ RunTime:0.000722s ]
INFO: [ app_end ] --END-- [ RunTime:0.000828s ]

[ 2016-11-01T15:08:27+08:00 ] ::1 /lidong/yuanku/index.php/Admin/News/index/page_num/img/contacts/3.png
INFO: [ app_init ] --START--
INFO: Run Behavior\BuildLiteBehavior [ RunTime:0.000044s ]
INFO: [ app_init ] --END-- [ RunTime:0.000809s ]

[ 2016-11-01T15:08:27+08:00 ] ::1 /lidong/yuanku/index.php/Admin/News/index/page_num/img/contacts/2.png
INFO: [ app_init ] --START--
INFO: Run Behavior\BuildLiteBehavior [ RunTime:0.000043s ]
INFO: [ app_init ] --END-- [ RunTime:0.000826s ]

[ 2016-11-01T15:08:27+08:00 ] ::1 /lidong/yuanku/index.php/Admin/News/index/page_num/img/contacts/5.png
INFO: [ app_init ] --START--
INFO: Run Behavior\BuildLiteBehavior [ RunTime:0.000042s ]
INFO: [ app_init ] --END-- [ RunTime:0.002021s ]

[ 2016-11-01T15:08:27+08:00 ] ::1 /lidong/yuanku/index.php/Admin/News/index/page_num/img/contacts/1.png
INFO: [ app_init ] --START--
INFO: Run Behavior\BuildLiteBehavior [ RunTime:0.000050s ]
INFO: [ app_init ] --END-- [ RunTime:0.000936s ]

[ 2016-11-01T15:08:27+08:00 ] ::1 /lidong/yuanku/index.php/Admin/News/index/page_num/img/contacts/4.png
INFO: [ app_init ] --START--
INFO: Run Behavior\BuildLiteBehavior [ RunTime:0.000048s ]
INFO: [ app_init ] --END-- [ RunTime:0.000975s ]

[ 2016-11-01T15:08:28+08:00 ] ::1 /lidong/yuanku/index.php/Admin/News/index/page_num/1.html
INFO: [ app_init ] --START--
INFO: Run Behavior\BuildLiteBehavior [ RunTime:0.000030s ]
INFO: [ app_init ] --END-- [ RunTime:0.000621s ]
INFO: [ app_begin ] --START--
INFO: Run Behavior\ReadHtmlCacheBehavior [ RunTime:0.001464s ]
INFO: [ app_begin ] --END-- [ RunTime:0.001605s ]
SQL: SHOW COLUMNS FROM `admin_user` [ RunTime:0.0110s ]
SQL: SELECT * FROM `admin_user` WHERE ( id=12 ) LIMIT 1   [ RunTime:0.0003s ]
SQL: SHOW COLUMNS FROM `news` [ RunTime:0.0096s ]
SQL: SELECT COUNT(*) AS tp_count FROM `news` LIMIT 1   [ RunTime:0.0002s ]
NOTIC: [8] Undefined variable: page_html E:\mysql\wamp\www\lidong\yuanku\Application\Admin\Controller\NewsController.class.php 第 25 行.
SQL: SELECT n.id as nid,`title`,`name`,`sort_name`,`img`,`date` FROM news n INNER JOIN author ON author_id=author.id INNER JOIN news_sort ON sort_ename=news_sort.e_name  ORDER BY n.id desc LIMIT 0,10   [ RunTime:0.0014s ]
INFO: [ view_parse ] --START--
INFO: [ template_filter ] --START--
INFO: Run Behavior\ContentReplaceBehavior [ RunTime:0.000254s ]
INFO: [ template_filter ] --END-- [ RunTime:0.000390s ]
NOTIC: [8] Undefined variable: title E:\mysql\wamp\www\lidong\yuanku\Application\Runtime\Cache\Admin\36087655c6ab8580337cdc45b35a926d.php 第 4 行.
NOTIC: [8] Use of undefined constant nid - assumed 'nid' E:\mysql\wamp\www\lidong\yuanku\Application\Runtime\Cache\Admin\36087655c6ab8580337cdc45b35a926d.php 第 410 行.
NOTIC: [8] Use of undefined constant nid - assumed 'nid' E:\mysql\wamp\www\lidong\yuanku\Application\Runtime\Cache\Admin\36087655c6ab8580337cdc45b35a926d.php 第 410 行.
NOTIC: [8] Use of undefined constant nid - assumed 'nid' E:\mysql\wamp\www\lidong\yuanku\Application\Runtime\Cache\Admin\36087655c6ab8580337cdc45b35a926d.php 第 410 行.
NOTIC: [8] A non well formed numeric value encountered E:\mysql\wamp\www\lidong\yuanku\Application\Runtime\Cache\Admin\36087655c6ab8580337cdc45b35a926d.php 第 407 行.
NOTIC: [8] Use of undefined constant nid - assumed 'nid' E:\mysql\wamp\www\lidong\yuanku\Application\Runtime\Cache\Admin\36087655c6ab8580337cdc45b35a926d.php 第 410 行.
NOTIC: [8] A non well formed numeric value encountered E:\mysql\wamp\www\lidong\yuanku\Application\Runtime\Cache\Admin\36087655c6ab8580337cdc45b35a926d.php 第 407 行.
NOTIC: [8] Use of undefined constant nid - assumed 'nid' E:\mysql\wamp\www\lidong\yuanku\Application\Runtime\Cache\Admin\36087655c6ab8580337cdc45b35a926d.php 第 410 行.
NOTIC: [8] A non well formed numeric value encountered E:\mysql\wamp\www\lidong\yuanku\Application\Runtime\Cache\Admin\36087655c6ab8580337cdc45b35a926d.php 第 407 行.
NOTIC: [8] Use of undefined constant nid - assumed 'nid' E:\mysql\wamp\www\lidong\yuanku\Application\Runtime\Cache\Admin\36087655c6ab8580337cdc45b35a926d.php 第 410 行.
NOTIC: [8] A non well formed numeric value encountered E:\mysql\wamp\www\lidong\yuanku\Application\Runtime\Cache\Admin\36087655c6ab8580337cdc45b35a926d.php 第 407 行.
NOTIC: [8] Use of undefined constant nid - assumed 'nid' E:\mysql\wamp\www\lidong\yuanku\Application\Runtime\Cache\Admin\36087655c6ab8580337cdc45b35a926d.php 第 410 行.
NOTIC: [8] A non well formed numeric value encountered E:\mysql\wamp\www\lidong\yuanku\Application\Runtime\Cache\Admin\36087655c6ab8580337cdc45b35a926d.php 第 407 行.
NOTIC: [8] Use of undefined constant nid - assumed 'nid' E:\mysql\wamp\www\lidong\yuanku\Application\Runtime\Cache\Admin\36087655c6ab8580337cdc45b35a926d.php 第 410 行.
NOTIC: [8] A non well formed numeric value encountered E:\mysql\wamp\www\lidong\yuanku\Application\Runtime\Cache\Admin\36087655c6ab8580337cdc45b35a926d.php 第 407 行.
NOTIC: [8] Use of undefined constant nid - assumed 'nid' E:\mysql\wamp\www\lidong\yuanku\Application\Runtime\Cache\Admin\36087655c6ab8580337cdc45b35a926d.php 第 410 行.
NOTIC: [8] A non well formed numeric value encountered E:\mysql\wamp\www\lidong\yuanku\Application\Runtime\Cache\Admin\36087655c6ab8580337cdc45b35a926d.php 第 407 行.
NOTIC: [8] Use of undefined constant nid - assumed 'nid' E:\mysql\wamp\www\lidong\yuanku\Application\Runtime\Cache\Admin\36087655c6ab8580337cdc45b35a926d.php 第 410 行.
INFO: Run Behavior\ParseTemplateBehavior [ RunTime:0.028054s ]
INFO: [ view_parse ] --END-- [ RunTime:0.028175s ]
INFO: [ view_filter ] --START--
INFO: Run Behavior\WriteHtmlCacheBehavior [ RunTime:0.000669s ]
INFO: [ view_filter ] --END-- [ RunTime:0.000768s ]
INFO: [ app_end ] --START--
INFO: Run Behavior\ShowPageTraceBehavior [ RunTime:0.000771s ]
INFO: [ app_end ] --END-- [ RunTime:0.000872s ]

[ 2016-11-01T15:08:28+08:00 ] ::1 /lidong/yuanku/index.php/Admin/News/index/page_num/img/contacts/2.png
INFO: [ app_init ] --START--
INFO: Run Behavior\BuildLiteBehavior [ RunTime:0.001386s ]
INFO: [ app_init ] --END-- [ RunTime:0.002290s ]

[ 2016-11-01T15:08:28+08:00 ] ::1 /lidong/yuanku/index.php/Admin/News/index/page_num/img/contacts/1.png
INFO: [ app_init ] --START--
INFO: Run Behavior\BuildLiteBehavior [ RunTime:0.000043s ]
INFO: [ app_init ] --END-- [ RunTime:0.001026s ]

[ 2016-11-01T15:08:29+08:00 ] ::1 /lidong/yuanku/index.php/Admin/News/index/page_num/img/contacts/5.png
INFO: [ app_init ] --START--
INFO: Run Behavior\BuildLiteBehavior [ RunTime:0.000048s ]
INFO: [ app_init ] --END-- [ RunTime:0.000889s ]

[ 2016-11-01T15:08:29+08:00 ] ::1 /lidong/yuanku/index.php/Admin/News/index/page_num/img/contacts/3.png
INFO: [ app_init ] --START--
INFO: Run Behavior\BuildLiteBehavior [ RunTime:0.000046s ]
INFO: [ app_init ] --END-- [ RunTime:0.000977s ]

[ 2016-11-01T15:08:29+08:00 ] ::1 /lidong/yuanku/index.php/Admin/News/index/page_num/img/contacts/4.png
INFO: [ app_init ] --START--
INFO: Run Behavior\BuildLiteBehavior [ RunTime:0.000050s ]
INFO: [ app_init ] --END-- [ RunTime:0.004494s ]

[ 2016-11-01T15:08:32+08:00 ] ::1 /lidong/yuanku/index.php/Admin/news/sort.html
INFO: [ app_init ] --START--
INFO: Run Behavior\BuildLiteBehavior [ RunTime:0.000048s ]
INFO: [ app_init ] --END-- [ RunTime:0.000929s ]
INFO: [ app_begin ] --START--
INFO: Run Behavior\ReadHtmlCacheBehavior [ RunTime:0.001130s ]
INFO: [ app_begin ] --END-- [ RunTime:0.001294s ]
SQL: SHOW COLUMNS FROM `admin_user` [ RunTime:0.0116s ]
SQL: SELECT * FROM `admin_user` WHERE ( id=12 ) LIMIT 1   [ RunTime:0.0003s ]
SQL: SHOW COLUMNS FROM `news_sort` [ RunTime:0.0097s ]
SQL: SELECT COUNT(*) AS tp_count FROM `news_sort` LIMIT 1   [ RunTime:0.0004s ]
NOTIC: [8] Undefined variable: page_html E:\mysql\wamp\www\lidong\yuanku\Application\Admin\Controller\NewsController.class.php 第 215 行.
SQL: SELECT * FROM `news_sort` ORDER BY id desc LIMIT 0,5   [ RunTime:0.0003s ]
INFO: [ view_parse ] --START--
INFO: [ template_filter ] --START--
INFO: Run Behavior\ContentReplaceBehavior [ RunTime:0.000449s ]
INFO: [ template_filter ] --END-- [ RunTime:0.000683s ]
NOTIC: [8] Undefined variable: title E:\mysql\wamp\www\lidong\yuanku\Application\Runtime\Cache\Admin\1f4622e36af5daf9d693aa1ef888c57e.php 第 4 行.
NOTIC: [8] Use of undefined constant e_name - assumed 'e_name' E:\mysql\wamp\www\lidong\yuanku\Application\Runtime\Cache\Admin\1f4622e36af5daf9d693aa1ef888c57e.php 第 404 行.
NOTIC: [8] Use of undefined constant id - assumed 'id' E:\mysql\wamp\www\lidong\yuanku\Application\Runtime\Cache\Admin\1f4622e36af5daf9d693aa1ef888c57e.php 第 405 行.
NOTIC: [8] Use of undefined constant id - assumed 'id' E:\mysql\wamp\www\lidong\yuanku\Application\Runtime\Cache\Admin\1f4622e36af5daf9d693aa1ef888c57e.php 第 406 行.
NOTIC: [8] Use of undefined constant e_name - assumed 'e_name' E:\mysql\wamp\www\lidong\yuanku\Application\Runtime\Cache\Admin\1f4622e36af5daf9d693aa1ef888c57e.php 第 404 行.
NOTIC: [8] Use of undefined constant id - assumed 'id' E:\mysql\wamp\www\lidong\yuanku\Application\Runtime\Cache\Admin\1f4622e36af5daf9d693aa1ef888c57e.php 第 405 行.
NOTIC: [8] Use of undefined constant id - assumed 'id' E:\mysql\wamp\www\lidong\yuanku\Application\Runtime\Cache\Admin\1f4622e36af5daf9d693aa1ef888c57e.php 第 406 行.
NOTIC: [8] Use of undefined constant e_name - assumed 'e_name' E:\mysql\wamp\www\lidong\yuanku\Application\Runtime\Cache\Admin\1f4622e36af5daf9d693aa1ef888c57e.php 第 404 行.
NOTIC: [8] Use of undefined constant id - assumed 'id' E:\mysql\wamp\www\lidong\yuanku\Application\Runtime\Cache\Admin\1f4622e36af5daf9d693aa1ef888c57e.php 第 405 行.
NOTIC: [8] Use of undefined constant id - assumed 'id' E:\mysql\wamp\www\lidong\yuanku\Application\Runtime\Cache\Admin\1f4622e36af5daf9d693aa1ef888c57e.php 第 406 行.
NOTIC: [8] Use of undefined constant e_name - assumed 'e_name' E:\mysql\wamp\www\lidong\yuanku\Application\Runtime\Cache\Admin\1f4622e36af5daf9d693aa1ef888c57e.php 第 404 行.
NOTIC: [8] Use of undefined constant id - assumed 'id' E:\mysql\wamp\www\lidong\yuanku\Application\Runtime\Cache\Admin\1f4622e36af5daf9d693aa1ef888c57e.php 第 405 行.
NOTIC: [8] Use of undefined constant id - assumed 'id' E:\mysql\wamp\www\lidong\yuanku\Application\Runtime\Cache\Admin\1f4622e36af5daf9d693aa1ef888c57e.php 第 406 行.
NOTIC: [8] Use of undefined constant e_name - assumed 'e_name' E:\mysql\wamp\www\lidong\yuanku\Application\Runtime\Cache\Admin\1f4622e36af5daf9d693aa1ef888c57e.php 第 404 行.
NOTIC: [8] Use of undefined constant id - assumed 'id' E:\mysql\wamp\www\lidong\yuanku\Application\Runtime\Cache\Admin\1f4622e36af5daf9d693aa1ef888c57e.php 第 405 行.
NOTIC: [8] Use of undefined constant id - assumed 'id' E:\mysql\wamp\www\lidong\yuanku\Application\Runtime\Cache\Admin\1f4622e36af5daf9d693aa1ef888c57e.php 第 406 行.
INFO: Run Behavior\ParseTemplateBehavior [ RunTime:0.111661s ]
INFO: [ view_parse ] --END-- [ RunTime:0.111799s ]
INFO: [ view_filter ] --START--
INFO: Run Behavior\WriteHtmlCacheBehavior [ RunTime:0.001153s ]
INFO: [ view_filter ] --END-- [ RunTime:0.001294s ]
INFO: [ app_end ] --START--
INFO: Run Behavior\ShowPageTraceBehavior [ RunTime:0.001217s ]
INFO: [ app_end ] --END-- [ RunTime:0.001362s ]

[ 2016-11-01T15:08:32+08:00 ] ::1 /lidong/yuanku/index.php/Admin/news/img/contacts/1.png
INFO: [ app_init ] --START--
INFO: Run Behavior\BuildLiteBehavior [ RunTime:0.000048s ]
INFO: [ app_init ] --END-- [ RunTime:0.001469s ]

[ 2016-11-01T15:08:32+08:00 ] ::1 /lidong/yuanku/index.php/Admin/news/img/contacts/3.png
INFO: [ app_init ] --START--
INFO: Run Behavior\BuildLiteBehavior [ RunTime:0.000044s ]
INFO: [ app_init ] --END-- [ RunTime:0.000917s ]

[ 2016-11-01T15:08:32+08:00 ] ::1 /lidong/yuanku/index.php/Admin/news/img/contacts/4.png
INFO: [ app_init ] --START--
INFO: Run Behavior\BuildLiteBehavior [ RunTime:0.000039s ]
INFO: [ app_init ] --END-- [ RunTime:0.000775s ]

[ 2016-11-01T15:08:32+08:00 ] ::1 /lidong/yuanku/index.php/Admin/news/img/contacts/5.png
INFO: [ app_init ] --START--
INFO: Run Behavior\BuildLiteBehavior [ RunTime:0.000041s ]
INFO: [ app_init ] --END-- [ RunTime:0.000756s ]

[ 2016-11-01T15:08:32+08:00 ] ::1 /lidong/yuanku/index.php/Admin/news/img/contacts/2.png
INFO: [ app_init ] --START--
INFO: Run Behavior\BuildLiteBehavior [ RunTime:0.000041s ]
INFO: [ app_init ] --END-- [ RunTime:0.000894s ]

[ 2016-11-01T15:08:35+08:00 ] ::1 /lidong/yuanku/index.php/Admin/News/sort_add.html
INFO: [ app_init ] --START--
INFO: Run Behavior\BuildLiteBehavior [ RunTime:0.000025s ]
INFO: [ app_init ] --END-- [ RunTime:0.000499s ]
INFO: [ app_begin ] --START--
INFO: Run Behavior\ReadHtmlCacheBehavior [ RunTime:0.001376s ]
INFO: [ app_begin ] --END-- [ RunTime:0.001566s ]
SQL: SHOW COLUMNS FROM `admin_user` [ RunTime:0.0106s ]
SQL: SELECT * FROM `admin_user` WHERE ( id=12 ) LIMIT 1   [ RunTime:0.0004s ]
INFO: [ view_parse ] --START--
INFO: [ template_filter ] --START--
INFO: Run Behavior\ContentReplaceBehavior [ RunTime:0.000328s ]
INFO: [ template_filter ] --END-- [ RunTime:0.000535s ]
NOTIC: [8] Undefined variable: title E:\mysql\wamp\www\lidong\yuanku\Application\Runtime\Cache\Admin\6fdf50973e28c18fb3ebf2a1aaf84cac.php 第 4 行.
INFO: Run Behavior\ParseTemplateBehavior [ RunTime:0.042211s ]
INFO: [ view_parse ] --END-- [ RunTime:0.042341s ]
INFO: [ view_filter ] --START--
INFO: Run Behavior\WriteHtmlCacheBehavior [ RunTime:0.000724s ]
INFO: [ view_filter ] --END-- [ RunTime:0.000876s ]
INFO: [ app_end ] --START--
INFO: Run Behavior\ShowPageTraceBehavior [ RunTime:0.001244s ]
INFO: [ app_end ] --END-- [ RunTime:0.001417s ]

[ 2016-11-01T15:08:36+08:00 ] ::1 /lidong/yuanku/index.php/Admin/News/img/contacts/5.png
INFO: [ app_init ] --START--
INFO: Run Behavior\BuildLiteBehavior [ RunTime:0.000046s ]
INFO: [ app_init ] --END-- [ RunTime:0.000779s ]

[ 2016-11-01T15:08:36+08:00 ] ::1 /lidong/yuanku/index.php/Admin/News/img/contacts/4.png
INFO: [ app_init ] --START--
INFO: Run Behavior\BuildLiteBehavior [ RunTime:0.000043s ]
INFO: [ app_init ] --END-- [ RunTime:0.000861s ]

[ 2016-11-01T15:08:36+08:00 ] ::1 /lidong/yuanku/index.php/Admin/News/img/contacts/3.png
INFO: [ app_init ] --START--
INFO: Run Behavior\BuildLiteBehavior [ RunTime:0.000046s ]
INFO: [ app_init ] --END-- [ RunTime:0.000870s ]

[ 2016-11-01T15:08:36+08:00 ] ::1 /lidong/yuanku/index.php/Admin/News/img/contacts/2.png
INFO: [ app_init ] --START--
INFO: Run Behavior\BuildLiteBehavior [ RunTime:0.000047s ]
INFO: [ app_init ] --END-- [ RunTime:0.000842s ]

[ 2016-11-01T15:08:36+08:00 ] ::1 /lidong/yuanku/index.php/Admin/News/img/contacts/1.png
INFO: [ app_init ] --START--
INFO: Run Behavior\BuildLiteBehavior [ RunTime:0.000046s ]
INFO: [ app_init ] --END-- [ RunTime:0.001812s ]

[ 2016-11-01T15:08:54+08:00 ] ::1 /lidong/yuanku/index.php/Admin/News/sort_add.html
INFO: [ app_init ] --START--
INFO: Run Behavior\BuildLiteBehavior [ RunTime:0.000026s ]
INFO: [ app_init ] --END-- [ RunTime:0.000541s ]
INFO: [ app_begin ] --START--
INFO: Run Behavior\ReadHtmlCacheBehavior [ RunTime:0.000844s ]
INFO: [ app_begin ] --END-- [ RunTime:0.001020s ]
SQL: SHOW COLUMNS FROM `admin_user` [ RunTime:0.0227s ]
SQL: SELECT * FROM `admin_user` WHERE ( id=12 ) LIMIT 1   [ RunTime:0.0006s ]
SQL: SHOW COLUMNS FROM `news_sort` [ RunTime:0.0099s ]
NOTIC: [8] Undefined index: validate E:\mysql\wamp\www\lidong\yuanku\ThinkPHP\Library\Think\Model.class.php 第 1185 行.
SQL: SELECT * FROM `news_sort` WHERE `e_name` = 'iball' LIMIT 1   [ RunTime:0.0004s ]
NOTIC: [8] Undefined index: auto E:\mysql\wamp\www\lidong\yuanku\ThinkPHP\Library\Think\Model.class.php 第 1128 行.
SQL: INSERT INTO `news_sort` (`sort_name`,`e_name`) VALUES ('排球','iball') [ RunTime:0.0323s ]
INFO: [ view_parse ] --START--
INFO: [ template_filter ] --START--
INFO: Run Behavior\ContentReplaceBehavior [ RunTime:0.000086s ]
INFO: [ template_filter ] --END-- [ RunTime:0.000237s ]
INFO: Run Behavior\ParseTemplateBehavior [ RunTime:0.021228s ]
INFO: [ view_parse ] --END-- [ RunTime:0.021419s ]
INFO: [ view_filter ] --START--
INFO: Run Behavior\WriteHtmlCacheBehavior [ RunTime:0.000476s ]
INFO: [ view_filter ] --END-- [ RunTime:0.000619s ]
INFO: [ app_end ] --START--
INFO: Run Behavior\ShowPageTraceBehavior [ RunTime:0.001211s ]
INFO: [ app_end ] --END-- [ RunTime:0.001392s ]

[ 2016-11-01T15:08:55+08:00 ] ::1 /lidong/yuanku/index.php/Admin/News/sort.html
INFO: [ app_init ] --START--
INFO: Run Behavior\BuildLiteBehavior [ RunTime:0.000025s ]
INFO: [ app_init ] --END-- [ RunTime:0.000597s ]
INFO: [ app_begin ] --START--
INFO: Run Behavior\ReadHtmlCacheBehavior [ RunTime:0.000682s ]
INFO: [ app_begin ] --END-- [ RunTime:0.000798s ]
SQL: SHOW COLUMNS FROM `admin_user` [ RunTime:0.0101s ]
SQL: SELECT * FROM `admin_user` WHERE ( id=12 ) LIMIT 1   [ RunTime:0.0004s ]
SQL: SHOW COLUMNS FROM `news_sort` [ RunTime:0.0094s ]
SQL: SELECT COUNT(*) AS tp_count FROM `news_sort` LIMIT 1   [ RunTime:0.0003s ]
NOTIC: [8] Undefined variable: page_html E:\mysql\wamp\www\lidong\yuanku\Application\Admin\Controller\NewsController.class.php 第 215 行.
SQL: SELECT * FROM `news_sort` ORDER BY id desc LIMIT 0,5   [ RunTime:0.0003s ]
INFO: [ view_parse ] --START--
INFO: [ template_filter ] --START--
INFO: Run Behavior\ContentReplaceBehavior [ RunTime:0.000224s ]
INFO: [ template_filter ] --END-- [ RunTime:0.000345s ]
NOTIC: [8] Undefined variable: title E:\mysql\wamp\www\lidong\yuanku\Application\Runtime\Cache\Admin\1f4622e36af5daf9d693aa1ef888c57e.php 第 4 行.
NOTIC: [8] Use of undefined constant e_name - assumed 'e_name' E:\mysql\wamp\www\lidong\yuanku\Application\Runtime\Cache\Admin\1f4622e36af5daf9d693aa1ef888c57e.php 第 404 行.
NOTIC: [8] Use of undefined constant id - assumed 'id' E:\mysql\wamp\www\lidong\yuanku\Application\Runtime\Cache\Admin\1f4622e36af5daf9d693aa1ef888c57e.php 第 405 行.
NOTIC: [8] Use of undefined constant id - assumed 'id' E:\mysql\wamp\www\lidong\yuanku\Application\Runtime\Cache\Admin\1f4622e36af5daf9d693aa1ef888c57e.php 第 406 行.
NOTIC: [8] Use of undefined constant e_name - assumed 'e_name' E:\mysql\wamp\www\lidong\yuanku\Application\Runtime\Cache\Admin\1f4622e36af5daf9d693aa1ef888c57e.php 第 404 行.
NOTIC: [8] Use of undefined constant id - assumed 'id' E:\mysql\wamp\www\lidong\yuanku\Application\Runtime\Cache\Admin\1f4622e36af5daf9d693aa1ef888c57e.php 第 405 行.
NOTIC: [8] Use of undefined constant id - assumed 'id' E:\mysql\wamp\www\lidong\yuanku\Application\Runtime\Cache\Admin\1f4622e36af5daf9d693aa1ef888c57e.php 第 406 行.
NOTIC: [8] Use of undefined constant e_name - assumed 'e_name' E:\mysql\wamp\www\lidong\yuanku\Application\Runtime\Cache\Admin\1f4622e36af5daf9d693aa1ef888c57e.php 第 404 行.
NOTIC: [8] Use of undefined constant id - assumed 'id' E:\mysql\wamp\www\lidong\yuanku\Application\Runtime\Cache\Admin\1f4622e36af5daf9d693aa1ef888c57e.php 第 405 行.
NOTIC: [8] Use of undefined constant id - assumed 'id' E:\mysql\wamp\www\lidong\yuanku\Application\Runtime\Cache\Admin\1f4622e36af5daf9d693aa1ef888c57e.php 第 406 行.
NOTIC: [8] Use of undefined constant e_name - assumed 'e_name' E:\mysql\wamp\www\lidong\yuanku\Application\Runtime\Cache\Admin\1f4622e36af5daf9d693aa1ef888c57e.php 第 404 行.
NOTIC: [8] Use of undefined constant id - assumed 'id' E:\mysql\wamp\www\lidong\yuanku\Application\Runtime\Cache\Admin\1f4622e36af5daf9d693aa1ef888c57e.php 第 405 行.
NOTIC: [8] Use of undefined constant id - assumed 'id' E:\mysql\wamp\www\lidong\yuanku\Application\Runtime\Cache\Admin\1f4622e36af5daf9d693aa1ef888c57e.php 第 406 行.
NOTIC: [8] Use of undefined constant e_name - assumed 'e_name' E:\mysql\wamp\www\lidong\yuanku\Application\Runtime\Cache\Admin\1f4622e36af5daf9d693aa1ef888c57e.php 第 404 行.
NOTIC: [8] Use of undefined constant id - assumed 'id' E:\mysql\wamp\www\lidong\yuanku\Application\Runtime\Cache\Admin\1f4622e36af5daf9d693aa1ef888c57e.php 第 405 行.
NOTIC: [8] Use of undefined constant id - assumed 'id' E:\mysql\wamp\www\lidong\yuanku\Application\Runtime\Cache\Admin\1f4622e36af5daf9d693aa1ef888c57e.php 第 406 行.
INFO: Run Behavior\ParseTemplateBehavior [ RunTime:0.035184s ]
INFO: [ view_parse ] --END-- [ RunTime:0.035301s ]
INFO: [ view_filter ] --START--
INFO: Run Behavior\WriteHtmlCacheBehavior [ RunTime:0.000548s ]
INFO: [ view_filter ] --END-- [ RunTime:0.000651s ]
INFO: [ app_end ] --START--
INFO: Run Behavior\ShowPageTraceBehavior [ RunTime:0.000841s ]
INFO: [ app_end ] --END-- [ RunTime:0.000941s ]

[ 2016-11-01T15:08:55+08:00 ] ::1 /lidong/yuanku/index.php/Admin/News/img/contacts/3.png
INFO: [ app_init ] --START--
INFO: Run Behavior\BuildLiteBehavior [ RunTime:0.000047s ]
INFO: [ app_init ] --END-- [ RunTime:0.000821s ]

[ 2016-11-01T15:08:55+08:00 ] ::1 /lidong/yuanku/index.php/Admin/News/img/contacts/4.png
INFO: [ app_init ] --START--
INFO: Run Behavior\BuildLiteBehavior [ RunTime:0.000043s ]
INFO: [ app_init ] --END-- [ RunTime:0.000823s ]

[ 2016-11-01T15:08:55+08:00 ] ::1 /lidong/yuanku/index.php/Admin/News/img/contacts/1.png
INFO: [ app_init ] --START--
INFO: Run Behavior\BuildLiteBehavior [ RunTime:0.000046s ]
INFO: [ app_init ] --END-- [ RunTime:0.000915s ]

[ 2016-11-01T15:08:55+08:00 ] ::1 /lidong/yuanku/index.php/Admin/News/img/contacts/2.png
INFO: [ app_init ] --START--
INFO: Run Behavior\BuildLiteBehavior [ RunTime:0.000044s ]
INFO: [ app_init ] --END-- [ RunTime:0.001167s ]

[ 2016-11-01T15:08:55+08:00 ] ::1 /lidong/yuanku/index.php/Admin/News/img/contacts/5.png
INFO: [ app_init ] --START--
INFO: Run Behavior\BuildLiteBehavior [ RunTime:0.000046s ]
INFO: [ app_init ] --END-- [ RunTime:0.000910s ]

[ 2016-11-01T17:43:53+08:00 ] ::1 /lidong/yuanku/admin
INFO: [ app_init ] --START--
INFO: Run Behavior\BuildLiteBehavior [ RunTime:0.000026s ]
INFO: [ app_init ] --END-- [ RunTime:0.000559s ]
INFO: [ app_begin ] --START--
INFO: Run Behavior\ReadHtmlCacheBehavior [ RunTime:0.000768s ]
INFO: [ app_begin ] --END-- [ RunTime:0.000881s ]
SQL: SHOW COLUMNS FROM `admin_user` [ RunTime:0.0103s ]
SQL: SELECT * FROM `admin_user` WHERE ( id=12 ) LIMIT 1   [ RunTime:0.0004s ]
INFO: [ view_parse ] --START--
INFO: [ template_filter ] --START--
INFO: Run Behavior\ContentReplaceBehavior [ RunTime:0.000201s ]
INFO: [ template_filter ] --END-- [ RunTime:0.000336s ]
NOTIC: [8] Undefined variable: title E:\mysql\wamp\www\lidong\yuanku\Application\Runtime\Cache\Admin\b595b808c2ebeeeb0478ffc30bb4e87a.php 第 4 行.
INFO: Run Behavior\ParseTemplateBehavior [ RunTime:0.063264s ]
INFO: [ view_parse ] --END-- [ RunTime:0.063411s ]
INFO: [ view_filter ] --START--
INFO: Run Behavior\WriteHtmlCacheBehavior [ RunTime:0.000658s ]
INFO: [ view_filter ] --END-- [ RunTime:0.000795s ]
INFO: [ app_end ] --START--
INFO: Run Behavior\ShowPageTraceBehavior [ RunTime:0.000883s ]
INFO: [ app_end ] --END-- [ RunTime:0.000980s ]

[ 2016-11-01T17:43:59+08:00 ] ::1 /lidong/yuanku/index.php/Admin/news/index.html
INFO: [ app_init ] --START--
INFO: Run Behavior\BuildLiteBehavior [ RunTime:0.000025s ]
INFO: [ app_init ] --END-- [ RunTime:0.000802s ]
INFO: [ app_begin ] --START--
INFO: Run Behavior\ReadHtmlCacheBehavior [ RunTime:0.000832s ]
INFO: [ app_begin ] --END-- [ RunTime:0.000953s ]
SQL: SHOW COLUMNS FROM `admin_user` [ RunTime:0.0113s ]
SQL: SELECT * FROM `admin_user` WHERE ( id=12 ) LIMIT 1   [ RunTime:0.0004s ]
SQL: SHOW COLUMNS FROM `news` [ RunTime:0.0114s ]
SQL: SELECT COUNT(*) AS tp_count FROM `news` LIMIT 1   [ RunTime:0.0004s ]
NOTIC: [8] Undefined variable: page_html E:\mysql\wamp\www\lidong\yuanku\Application\Admin\Controller\NewsController.class.php 第 25 行.
SQL: SELECT n.id as nid,`title`,`name`,`sort_name`,`img`,`date` FROM news n INNER JOIN author ON author_id=author.id INNER JOIN news_sort ON sort_ename=news_sort.e_name  ORDER BY n.id desc LIMIT 0,10   [ RunTime:0.0021s ]
INFO: [ view_parse ] --START--
INFO: [ template_filter ] --START--
INFO: Run Behavior\ContentReplaceBehavior [ RunTime:0.000276s ]
INFO: [ template_filter ] --END-- [ RunTime:0.000432s ]
NOTIC: [8] Undefined variable: title E:\mysql\wamp\www\lidong\yuanku\Application\Runtime\Cache\Admin\36087655c6ab8580337cdc45b35a926d.php 第 4 行.
NOTIC: [8] Use of undefined constant nid - assumed 'nid' E:\mysql\wamp\www\lidong\yuanku\Application\Runtime\Cache\Admin\36087655c6ab8580337cdc45b35a926d.php 第 410 行.
NOTIC: [8] Use of undefined constant nid - assumed 'nid' E:\mysql\wamp\www\lidong\yuanku\Application\Runtime\Cache\Admin\36087655c6ab8580337cdc45b35a926d.php 第 410 行.
NOTIC: [8] Use of undefined constant nid - assumed 'nid' E:\mysql\wamp\www\lidong\yuanku\Application\Runtime\Cache\Admin\36087655c6ab8580337cdc45b35a926d.php 第 410 行.
NOTIC: [8] Use of undefined constant nid - assumed 'nid' E:\mysql\wamp\www\lidong\yuanku\Application\Runtime\Cache\Admin\36087655c6ab8580337cdc45b35a926d.php 第 410 行.
NOTIC: [8] A non well formed numeric value encountered E:\mysql\wamp\www\lidong\yuanku\Application\Runtime\Cache\Admin\36087655c6ab8580337cdc45b35a926d.php 第 407 行.
NOTIC: [8] Use of undefined constant nid - assumed 'nid' E:\mysql\wamp\www\lidong\yuanku\Application\Runtime\Cache\Admin\36087655c6ab8580337cdc45b35a926d.php 第 410 行.
NOTIC: [8] A non well formed numeric value encountered E:\mysql\wamp\www\lidong\yuanku\Application\Runtime\Cache\Admin\36087655c6ab8580337cdc45b35a926d.php 第 407 行.
NOTIC: [8] Use of undefined constant nid - assumed 'nid' E:\mysql\wamp\www\lidong\yuanku\Application\Runtime\Cache\Admin\36087655c6ab8580337cdc45b35a926d.php 第 410 行.
NOTIC: [8] A non well formed numeric value encountered E:\mysql\wamp\www\lidong\yuanku\Application\Runtime\Cache\Admin\36087655c6ab8580337cdc45b35a926d.php 第 407 行.
NOTIC: [8] Use of undefined constant nid - assumed 'nid' E:\mysql\wamp\www\lidong\yuanku\Application\Runtime\Cache\Admin\36087655c6ab8580337cdc45b35a926d.php 第 410 行.
NOTIC: [8] A non well formed numeric value encountered E:\mysql\wamp\www\lidong\yuanku\Application\Runtime\Cache\Admin\36087655c6ab8580337cdc45b35a926d.php 第 407 行.
NOTIC: [8] Use of undefined constant nid - assumed 'nid' E:\mysql\wamp\www\lidong\yuanku\Application\Runtime\Cache\Admin\36087655c6ab8580337cdc45b35a926d.php 第 410 行.
NOTIC: [8] A non well formed numeric value encountered E:\mysql\wamp\www\lidong\yuanku\Application\Runtime\Cache\Admin\36087655c6ab8580337cdc45b35a926d.php 第 407 行.
NOTIC: [8] Use of undefined constant nid - assumed 'nid' E:\mysql\wamp\www\lidong\yuanku\Application\Runtime\Cache\Admin\36087655c6ab8580337cdc45b35a926d.php 第 410 行.
NOTIC: [8] A non well formed numeric value encountered E:\mysql\wamp\www\lidong\yuanku\Application\Runtime\Cache\Admin\36087655c6ab8580337cdc45b35a926d.php 第 407 行.
NOTIC: [8] Use of undefined constant nid - assumed 'nid' E:\mysql\wamp\www\lidong\yuanku\Application\Runtime\Cache\Admin\36087655c6ab8580337cdc45b35a926d.php 第 410 行.
INFO: Run Behavior\ParseTemplateBehavior [ RunTime:0.040317s ]
INFO: [ view_parse ] --END-- [ RunTime:0.040471s ]
INFO: [ view_filter ] --START--
INFO: Run Behavior\WriteHtmlCacheBehavior [ RunTime:0.000720s ]
INFO: [ view_filter ] --END-- [ RunTime:0.000838s ]
INFO: [ app_end ] --START--
INFO: Run Behavior\ShowPageTraceBehavior [ RunTime:0.000960s ]
INFO: [ app_end ] --END-- [ RunTime:0.001081s ]

[ 2016-11-01T17:43:59+08:00 ] ::1 /lidong/yuanku/index.php/Admin/news/img/contacts/2.png
INFO: [ app_init ] --START--
INFO: Run Behavior\BuildLiteBehavior [ RunTime:0.000044s ]
INFO: [ app_init ] --END-- [ RunTime:0.000832s ]

[ 2016-11-01T17:43:59+08:00 ] ::1 /lidong/yuanku/index.php/Admin/news/img/contacts/5.png
INFO: [ app_init ] --START--
INFO: Run Behavior\BuildLiteBehavior [ RunTime:0.000039s ]
INFO: [ app_init ] --END-- [ RunTime:0.000732s ]

[ 2016-11-01T17:43:59+08:00 ] ::1 /lidong/yuanku/index.php/Admin/news/img/contacts/3.png
INFO: [ app_init ] --START--
INFO: Run Behavior\BuildLiteBehavior [ RunTime:0.000039s ]
INFO: [ app_init ] --END-- [ RunTime:0.001009s ]

[ 2016-11-01T17:43:59+08:00 ] ::1 /lidong/yuanku/index.php/Admin/news/img/contacts/4.png
INFO: [ app_init ] --START--
INFO: Run Behavior\BuildLiteBehavior [ RunTime:0.000045s ]
INFO: [ app_init ] --END-- [ RunTime:0.001595s ]

[ 2016-11-01T17:43:59+08:00 ] ::1 /lidong/yuanku/index.php/Admin/news/img/contacts/1.png
INFO: [ app_init ] --START--
INFO: Run Behavior\BuildLiteBehavior [ RunTime:0.000046s ]
INFO: [ app_init ] --END-- [ RunTime:0.001272s ]

[ 2016-11-01T17:44:01+08:00 ] ::1 /lidong/yuanku/index.php/Admin/News/news_add.html
INFO: [ app_init ] --START--
INFO: Run Behavior\BuildLiteBehavior [ RunTime:0.000028s ]
INFO: [ app_init ] --END-- [ RunTime:0.001015s ]
INFO: [ app_begin ] --START--
INFO: Run Behavior\ReadHtmlCacheBehavior [ RunTime:0.000838s ]
INFO: [ app_begin ] --END-- [ RunTime:0.000968s ]
SQL: SHOW COLUMNS FROM `admin_user` [ RunTime:0.0131s ]
SQL: SELECT * FROM `admin_user` WHERE ( id=12 ) LIMIT 1   [ RunTime:0.0004s ]
SQL: SHOW COLUMNS FROM `author` [ RunTime:0.0112s ]
SQL: SHOW COLUMNS FROM `news_sort` [ RunTime:0.0113s ]
SQL: SELECT `id`,`name` FROM `author`  [ RunTime:0.0003s ]
SQL: SELECT * FROM `news_sort`  [ RunTime:0.0003s ]
INFO: [ view_parse ] --START--
INFO: [ template_filter ] --START--
INFO: Run Behavior\ContentReplaceBehavior [ RunTime:0.000241s ]
INFO: [ template_filter ] --END-- [ RunTime:0.000393s ]
NOTIC: [8] Undefined variable: title E:\mysql\wamp\www\lidong\yuanku\Application\Runtime\Cache\Admin\ece27d07c030028619d58a2d06df29f7.php 第 4 行.
INFO: Run Behavior\ParseTemplateBehavior [ RunTime:0.073073s ]
INFO: [ view_parse ] --END-- [ RunTime:0.073399s ]
INFO: [ view_filter ] --START--
INFO: Run Behavior\WriteHtmlCacheBehavior [ RunTime:0.000741s ]
INFO: [ view_filter ] --END-- [ RunTime:0.000857s ]
INFO: [ app_end ] --START--
INFO: Run Behavior\ShowPageTraceBehavior [ RunTime:0.001241s ]
INFO: [ app_end ] --END-- [ RunTime:0.001379s ]

[ 2016-11-01T17:44:01+08:00 ] ::1 /lidong/yuanku/index.php/Admin/News/img/contacts/5.png
INFO: [ app_init ] --START--
INFO: Run Behavior\BuildLiteBehavior [ RunTime:0.000046s ]
INFO: [ app_init ] --END-- [ RunTime:0.000778s ]

[ 2016-11-01T17:44:01+08:00 ] ::1 /lidong/yuanku/index.php/Admin/News/img/contacts/1.png
INFO: [ app_init ] --START--
INFO: Run Behavior\BuildLiteBehavior [ RunTime:0.000043s ]
INFO: [ app_init ] --END-- [ RunTime:0.000864s ]

[ 2016-11-01T17:44:01+08:00 ] ::1 /lidong/yuanku/index.php/Admin/News/img/contacts/3.png
INFO: [ app_init ] --START--
INFO: Run Behavior\BuildLiteBehavior [ RunTime:0.000037s ]
INFO: [ app_init ] --END-- [ RunTime:0.000888s ]

[ 2016-11-01T17:44:01+08:00 ] ::1 /lidong/yuanku/index.php/Admin/News/img/contacts/2.png
INFO: [ app_init ] --START--
INFO: Run Behavior\BuildLiteBehavior [ RunTime:0.000053s ]
INFO: [ app_init ] --END-- [ RunTime:0.003274s ]

[ 2016-11-01T17:44:01+08:00 ] ::1 /lidong/yuanku/index.php/Admin/News/img/contacts/4.png
INFO: [ app_init ] --START--
INFO: Run Behavior\BuildLiteBehavior [ RunTime:0.000028s ]
INFO: [ app_init ] --END-- [ RunTime:0.000518s ]

[ 2016-11-01T17:44:43+08:00 ] ::1 /lidong/yuanku/index.php/Admin/News/news_add.html
INFO: [ app_init ] --START--
INFO: Run Behavior\BuildLiteBehavior [ RunTime:0.000027s ]
INFO: [ app_init ] --END-- [ RunTime:0.000625s ]
INFO: [ app_begin ] --START--
INFO: Run Behavior\ReadHtmlCacheBehavior [ RunTime:0.000799s ]
INFO: [ app_begin ] --END-- [ RunTime:0.000939s ]
SQL: SHOW COLUMNS FROM `admin_user` [ RunTime:0.0116s ]
SQL: SELECT * FROM `admin_user` WHERE ( id=12 ) LIMIT 1   [ RunTime:0.0005s ]
SQL: SHOW COLUMNS FROM `news` [ RunTime:0.0163s ]
NOTIC: [2] call_user_func() expects parameter 1 to be a valid callback, no array or string given E:\mysql\wamp\www\lidong\yuanku\ThinkPHP\Library\Think\Upload.class.php 第 170 行.
NOTIC: [8] Undefined index: validate E:\mysql\wamp\www\lidong\yuanku\ThinkPHP\Library\Think\Model.class.php 第 1185 行.
NOTIC: [8] Undefined index: auto E:\mysql\wamp\www\lidong\yuanku\ThinkPHP\Library\Think\Model.class.php 第 1128 行.
SQL: INSERT INTO `news` (`title`,`author_id`,`sort_ename`,`content`,`date`,`img`) VALUES ('詹姆斯灌篮','2','nba','&lt;p&gt;牛&lt;/p&gt;','1477993483','img/news_img/5818640b7cae1.gif') [ RunTime:0.1183s ]
INFO: [ view_parse ] --START--
INFO: [ template_filter ] --START--
INFO: Run Behavior\ContentReplaceBehavior [ RunTime:0.000153s ]
INFO: [ template_filter ] --END-- [ RunTime:0.000526s ]
INFO: Run Behavior\ParseTemplateBehavior [ RunTime:0.028570s ]
INFO: [ view_parse ] --END-- [ RunTime:0.028803s ]
INFO: [ view_filter ] --START--
INFO: Run Behavior\WriteHtmlCacheBehavior [ RunTime:0.001028s ]
INFO: [ view_filter ] --END-- [ RunTime:0.001236s ]
INFO: [ app_end ] --START--
INFO: Run Behavior\ShowPageTraceBehavior [ RunTime:0.001026s ]
INFO: [ app_end ] --END-- [ RunTime:0.001178s ]

[ 2016-11-01T17:44:44+08:00 ] ::1 /lidong/yuanku/index.php/Admin/News/index.html
INFO: [ app_init ] --START--
INFO: Run Behavior\BuildLiteBehavior [ RunTime:0.000027s ]
INFO: [ app_init ] --END-- [ RunTime:0.000599s ]
INFO: [ app_begin ] --START--
INFO: Run Behavior\ReadHtmlCacheBehavior [ RunTime:0.000815s ]
INFO: [ app_begin ] --END-- [ RunTime:0.000941s ]
SQL: SHOW COLUMNS FROM `admin_user` [ RunTime:0.0110s ]
SQL: SELECT * FROM `admin_user` WHERE ( id=12 ) LIMIT 1   [ RunTime:0.0005s ]
SQL: SHOW COLUMNS FROM `news` [ RunTime:0.0155s ]
SQL: SELECT COUNT(*) AS tp_count FROM `news` LIMIT 1   [ RunTime:0.0010s ]
NOTIC: [8] Undefined variable: page_html E:\mysql\wamp\www\lidong\yuanku\Application\Admin\Controller\NewsController.class.php 第 25 行.
SQL: SELECT n.id as nid,`title`,`name`,`sort_name`,`img`,`date` FROM news n INNER JOIN author ON author_id=author.id INNER JOIN news_sort ON sort_ename=news_sort.e_name  ORDER BY n.id desc LIMIT 0,10   [ RunTime:0.0010s ]
INFO: [ view_parse ] --START--
INFO: [ template_filter ] --START--
INFO: Run Behavior\ContentReplaceBehavior [ RunTime:0.000239s ]
INFO: [ template_filter ] --END-- [ RunTime:0.000370s ]
NOTIC: [8] Undefined variable: title E:\mysql\wamp\www\lidong\yuanku\Application\Runtime\Cache\Admin\36087655c6ab8580337cdc45b35a926d.php 第 4 行.
NOTIC: [8] Use of undefined constant nid - assumed 'nid' E:\mysql\wamp\www\lidong\yuanku\Application\Runtime\Cache\Admin\36087655c6ab8580337cdc45b35a926d.php 第 410 行.
NOTIC: [8] Use of undefined constant nid - assumed 'nid' E:\mysql\wamp\www\lidong\yuanku\Application\Runtime\Cache\Admin\36087655c6ab8580337cdc45b35a926d.php 第 410 行.
NOTIC: [8] Use of undefined constant nid - assumed 'nid' E:\mysql\wamp\www\lidong\yuanku\Application\Runtime\Cache\Admin\36087655c6ab8580337cdc45b35a926d.php 第 410 行.
NOTIC: [8] Use of undefined constant nid - assumed 'nid' E:\mysql\wamp\www\lidong\yuanku\Application\Runtime\Cache\Admin\36087655c6ab8580337cdc45b35a926d.php 第 410 行.
NOTIC: [8] Use of undefined constant nid - assumed 'nid' E:\mysql\wamp\www\lidong\yuanku\Application\Runtime\Cache\Admin\36087655c6ab8580337cdc45b35a926d.php 第 410 行.
NOTIC: [8] A non well formed numeric value encountered E:\mysql\wamp\www\lidong\yuanku\Application\Runtime\Cache\Admin\36087655c6ab8580337cdc45b35a926d.php 第 407 行.
NOTIC: [8] Use of undefined constant nid - assumed 'nid' E:\mysql\wamp\www\lidong\yuanku\Application\Runtime\Cache\Admin\36087655c6ab8580337cdc45b35a926d.php 第 410 行.
NOTIC: [8] A non well formed numeric value encountered E:\mysql\wamp\www\lidong\yuanku\Application\Runtime\Cache\Admin\36087655c6ab8580337cdc45b35a926d.php 第 407 行.
NOTIC: [8] Use of undefined constant nid - assumed 'nid' E:\mysql\wamp\www\lidong\yuanku\Application\Runtime\Cache\Admin\36087655c6ab8580337cdc45b35a926d.php 第 410 行.
NOTIC: [8] A non well formed numeric value encountered E:\mysql\wamp\www\lidong\yuanku\Application\Runtime\Cache\Admin\36087655c6ab8580337cdc45b35a926d.php 第 407 行.
NOTIC: [8] Use of undefined constant nid - assumed 'nid' E:\mysql\wamp\www\lidong\yuanku\Application\Runtime\Cache\Admin\36087655c6ab8580337cdc45b35a926d.php 第 410 行.
NOTIC: [8] A non well formed numeric value encountered E:\mysql\wamp\www\lidong\yuanku\Application\Runtime\Cache\Admin\36087655c6ab8580337cdc45b35a926d.php 第 407 行.
NOTIC: [8] Use of undefined constant nid - assumed 'nid' E:\mysql\wamp\www\lidong\yuanku\Application\Runtime\Cache\Admin\36087655c6ab8580337cdc45b35a926d.php 第 410 行.
NOTIC: [8] A non well formed numeric value encountered E:\mysql\wamp\www\lidong\yuanku\Application\Runtime\Cache\Admin\36087655c6ab8580337cdc45b35a926d.php 第 407 行.
NOTIC: [8] Use of undefined constant nid - assumed 'nid' E:\mysql\wamp\www\lidong\yuanku\Application\Runtime\Cache\Admin\36087655c6ab8580337cdc45b35a926d.php 第 410 行.
INFO: Run Behavior\ParseTemplateBehavior [ RunTime:0.031676s ]
INFO: [ view_parse ] --END-- [ RunTime:0.031840s ]
INFO: [ view_filter ] --START--
INFO: Run Behavior\WriteHtmlCacheBehavior [ RunTime:0.001839s ]
INFO: [ view_filter ] --END-- [ RunTime:0.002181s ]
INFO: [ app_end ] --START--
INFO: Run Behavior\ShowPageTraceBehavior [ RunTime:0.001824s ]
INFO: [ app_end ] --END-- [ RunTime:0.002033s ]

[ 2016-11-01T17:44:44+08:00 ] ::1 /lidong/yuanku/index.php/Admin/News/img/contacts/2.png
INFO: [ app_init ] --START--
INFO: Run Behavior\BuildLiteBehavior [ RunTime:0.000041s ]
INFO: [ app_init ] --END-- [ RunTime:0.000740s ]

[ 2016-11-01T17:44:44+08:00 ] ::1 /lidong/yuanku/index.php/Admin/News/img/contacts/3.png
INFO: [ app_init ] --START--
INFO: Run Behavior\BuildLiteBehavior [ RunTime:0.000043s ]
INFO: [ app_init ] --END-- [ RunTime:0.000850s ]

[ 2016-11-01T17:44:44+08:00 ] ::1 /lidong/yuanku/index.php/Admin/News/img/contacts/1.png
INFO: [ app_init ] --START--
INFO: Run Behavior\BuildLiteBehavior [ RunTime:0.000050s ]
INFO: [ app_init ] --END-- [ RunTime:0.000912s ]

[ 2016-11-01T17:44:45+08:00 ] ::1 /lidong/yuanku/index.php/Admin/News/img/contacts/4.png
INFO: [ app_init ] --START--
INFO: Run Behavior\BuildLiteBehavior [ RunTime:0.000051s ]
INFO: [ app_init ] --END-- [ RunTime:0.001185s ]

[ 2016-11-01T17:44:45+08:00 ] ::1 /lidong/yuanku/index.php/Admin/News/img/contacts/5.png
INFO: [ app_init ] --START--
INFO: Run Behavior\BuildLiteBehavior [ RunTime:0.000044s ]
INFO: [ app_init ] --END-- [ RunTime:0.001387s ]

