[ 2016-10-22T11:21:00+08:00 ] ::1 /yuanku/admin
INFO: [ app_init ] --START--
INFO: Run Behavior\BuildLiteBehavior [ RunTime:0.000027s ]
INFO: [ app_init ] --END-- [ RunTime:0.020033s ]
INFO: [ app_begin ] --START--
INFO: Run Behavior\ReadHtmlCacheBehavior [ RunTime:0.000782s ]
INFO: [ app_begin ] --END-- [ RunTime:0.000896s ]
INFO: [ view_parse ] --START--
INFO: [ template_filter ] --START--
INFO: Run Behavior\ContentReplaceBehavior [ RunTime:0.000070s ]
INFO: [ template_filter ] --END-- [ RunTime:0.000184s ]
INFO: Run Behavior\ParseTemplateBehavior [ RunTime:0.009567s ]
INFO: [ view_parse ] --END-- [ RunTime:0.009712s ]
INFO: [ view_filter ] --START--
INFO: Run Behavior\WriteHtmlCacheBehavior [ RunTime:0.000565s ]
INFO: [ view_filter ] --END-- [ RunTime:0.000670s ]

[ 2016-10-22T11:21:04+08:00 ] ::1 /yuanku/index.php/Admin/Login/index.html
INFO: [ app_init ] --START--
INFO: Run Behavior\BuildLiteBehavior [ RunTime:0.000061s ]
INFO: [ app_init ] --END-- [ RunTime:0.004202s ]
INFO: [ app_begin ] --START--
INFO: Run Behavior\ReadHtmlCacheBehavior [ RunTime:0.001088s ]
INFO: [ app_begin ] --END-- [ RunTime:0.002059s ]
INFO: [ view_parse ] --START--
INFO: [ template_filter ] --START--
INFO: Run Behavior\ContentReplaceBehavior [ RunTime:0.000165s ]
INFO: [ template_filter ] --END-- [ RunTime:0.000380s ]
NOTIC: [8] Undefined variable: title D:\wamp\www\yuanku\Application\Runtime\Cache\Admin\32ec6c906c117a7c2bf504769276d87a.php 第 4 行.
INFO: Run Behavior\ParseTemplateBehavior [ RunTime:0.013098s ]
INFO: [ view_parse ] --END-- [ RunTime:0.013292s ]
INFO: [ view_filter ] --START--
INFO: Run Behavior\WriteHtmlCacheBehavior [ RunTime:0.000572s ]
INFO: [ view_filter ] --END-- [ RunTime:0.000734s ]
INFO: [ app_end ] --START--
INFO: Run Behavior\ShowPageTraceBehavior [ RunTime:0.021257s ]
INFO: [ app_end ] --END-- [ RunTime:0.021403s ]

[ 2016-10-22T11:21:04+08:00 ] ::1 /yuanku/index.php/Admin/Login/get_verify.html
INFO: [ app_init ] --START--
INFO: Run Behavior\BuildLiteBehavior [ RunTime:0.000026s ]
INFO: [ app_init ] --END-- [ RunTime:0.000497s ]
INFO: [ app_begin ] --START--
INFO: Run Behavior\ReadHtmlCacheBehavior [ RunTime:0.000657s ]
INFO: [ app_begin ] --END-- [ RunTime:0.000773s ]
INFO: [ app_end ] --START--
INFO: Run Behavior\ShowPageTraceBehavior [ RunTime:0.001070s ]
INFO: [ app_end ] --END-- [ RunTime:0.001298s ]

[ 2016-10-22T11:21:27+08:00 ] ::1 /yuanku/index.php/Admin/Login/ajax_login.html
INFO: [ app_init ] --START--
INFO: Run Behavior\BuildLiteBehavior [ RunTime:0.000027s ]
INFO: [ app_init ] --END-- [ RunTime:0.000440s ]
INFO: [ app_begin ] --START--
INFO: Run Behavior\ReadHtmlCacheBehavior [ RunTime:0.000559s ]
INFO: [ app_begin ] --END-- [ RunTime:0.000670s ]
SQL: SHOW COLUMNS FROM `admin_user` [ RunTime:0.0375s ]
SQL: SELECT * FROM `admin_user` WHERE ( user_name="admin" and user_pwd="123456" ) LIMIT 1   [ RunTime:0.0005s ]

[ 2016-10-22T11:21:27+08:00 ] ::1 /yuanku/index.php/Admin/index/index.html
INFO: [ app_init ] --START--
INFO: Run Behavior\BuildLiteBehavior [ RunTime:0.000023s ]
INFO: [ app_init ] --END-- [ RunTime:0.000390s ]
INFO: [ app_begin ] --START--
INFO: Run Behavior\ReadHtmlCacheBehavior [ RunTime:0.000459s ]
INFO: [ app_begin ] --END-- [ RunTime:0.000566s ]
SQL: SHOW COLUMNS FROM `admin_user` [ RunTime:0.0032s ]
SQL: SELECT * FROM `admin_user` WHERE ( id=12 ) LIMIT 1   [ RunTime:0.0004s ]
INFO: [ view_parse ] --START--
INFO: [ template_filter ] --START--
INFO: Run Behavior\ContentReplaceBehavior [ RunTime:0.000222s ]
INFO: [ template_filter ] --END-- [ RunTime:0.000338s ]
NOTIC: [8] Undefined variable: title D:\wamp\www\yuanku\Application\Runtime\Cache\Admin\b595b808c2ebeeeb0478ffc30bb4e87a.php 第 4 行.
INFO: Run Behavior\ParseTemplateBehavior [ RunTime:0.052501s ]
INFO: [ view_parse ] --END-- [ RunTime:0.052631s ]
INFO: [ view_filter ] --START--
INFO: Run Behavior\WriteHtmlCacheBehavior [ RunTime:0.000345s ]
INFO: [ view_filter ] --END-- [ RunTime:0.000444s ]
INFO: [ app_end ] --START--
INFO: Run Behavior\ShowPageTraceBehavior [ RunTime:0.000547s ]
INFO: [ app_end ] --END-- [ RunTime:0.000647s ]

[ 2016-10-22T11:21:28+08:00 ] ::1 /yuanku/index.php/Admin/index/img/contacts/4.png
INFO: [ app_init ] --START--
INFO: Run Behavior\BuildLiteBehavior [ RunTime:0.000024s ]
INFO: [ app_init ] --END-- [ RunTime:0.000401s ]

[ 2016-10-22T11:21:28+08:00 ] ::1 /yuanku/index.php/Admin/index/img/contacts/3.png
INFO: [ app_init ] --START--
INFO: Run Behavior\BuildLiteBehavior [ RunTime:0.000025s ]
INFO: [ app_init ] --END-- [ RunTime:0.000439s ]

[ 2016-10-22T11:21:28+08:00 ] ::1 /yuanku/index.php/Admin/index/img/contacts/2.png
INFO: [ app_init ] --START--
INFO: Run Behavior\BuildLiteBehavior [ RunTime:0.000026s ]
INFO: [ app_init ] --END-- [ RunTime:0.000403s ]

[ 2016-10-22T11:21:28+08:00 ] ::1 /yuanku/index.php/Admin/index/img/contacts/1.png
INFO: [ app_init ] --START--
INFO: Run Behavior\BuildLiteBehavior [ RunTime:0.000042s ]
INFO: [ app_init ] --END-- [ RunTime:0.000641s ]

[ 2016-10-22T11:21:28+08:00 ] ::1 /yuanku/index.php/Admin/index/img/contacts/5.png
INFO: [ app_init ] --START--
INFO: Run Behavior\BuildLiteBehavior [ RunTime:0.000040s ]
INFO: [ app_init ] --END-- [ RunTime:0.000648s ]

[ 2016-10-22T11:21:34+08:00 ] ::1 /yuanku/index.php/Admin/client/client_list.html
INFO: [ app_init ] --START--
INFO: Run Behavior\BuildLiteBehavior [ RunTime:0.000028s ]
INFO: [ app_init ] --END-- [ RunTime:0.000421s ]
INFO: [ app_begin ] --START--
INFO: Run Behavior\ReadHtmlCacheBehavior [ RunTime:0.000731s ]
INFO: [ app_begin ] --END-- [ RunTime:0.000924s ]
SQL: SHOW COLUMNS FROM `client_user` [ RunTime:0.1060s ]
SQL: SELECT * FROM `client_user`  [ RunTime:0.0005s ]
INFO: [ view_parse ] --START--
INFO: [ template_filter ] --START--
INFO: Run Behavior\ContentReplaceBehavior [ RunTime:0.000234s ]
INFO: [ template_filter ] --END-- [ RunTime:0.000371s ]
NOTIC: [8] Undefined variable: title D:\wamp\www\yuanku\Application\Runtime\Cache\Admin\bb7a653ce0ff9b672e7e52e209ea5a59.php 第 4 行.
NOTIC: [8] Undefined variable: user_info D:\wamp\www\yuanku\Application\Runtime\Cache\Admin\bb7a653ce0ff9b672e7e52e209ea5a59.php 第 125 行.
NOTIC: [8] Undefined variable: user_info D:\wamp\www\yuanku\Application\Runtime\Cache\Admin\bb7a653ce0ff9b672e7e52e209ea5a59.php 第 130 行.
NOTIC: [8] Undefined variable: client_iemail_address D:\wamp\www\yuanku\Application\Runtime\Cache\Admin\bb7a653ce0ff9b672e7e52e209ea5a59.php 第 400 行.
NOTIC: [8] Undefined variable: vo D:\wamp\www\yuanku\Application\Runtime\Cache\Admin\bb7a653ce0ff9b672e7e52e209ea5a59.php 第 401 行.
NOTIC: [8] Use of undefined constant id - assumed 'id' D:\wamp\www\yuanku\Application\Runtime\Cache\Admin\bb7a653ce0ff9b672e7e52e209ea5a59.php 第 404 行.
NOTIC: [8] Use of undefined constant id - assumed 'id' D:\wamp\www\yuanku\Application\Runtime\Cache\Admin\bb7a653ce0ff9b672e7e52e209ea5a59.php 第 405 行.
NOTIC: [8] Undefined variable: client_iemail_address D:\wamp\www\yuanku\Application\Runtime\Cache\Admin\bb7a653ce0ff9b672e7e52e209ea5a59.php 第 400 行.
NOTIC: [8] Undefined variable: vo D:\wamp\www\yuanku\Application\Runtime\Cache\Admin\bb7a653ce0ff9b672e7e52e209ea5a59.php 第 401 行.
NOTIC: [8] Use of undefined constant id - assumed 'id' D:\wamp\www\yuanku\Application\Runtime\Cache\Admin\bb7a653ce0ff9b672e7e52e209ea5a59.php 第 404 行.
NOTIC: [8] Use of undefined constant id - assumed 'id' D:\wamp\www\yuanku\Application\Runtime\Cache\Admin\bb7a653ce0ff9b672e7e52e209ea5a59.php 第 405 行.
NOTIC: [8] Undefined variable: client_iemail_address D:\wamp\www\yuanku\Application\Runtime\Cache\Admin\bb7a653ce0ff9b672e7e52e209ea5a59.php 第 400 行.
NOTIC: [8] Undefined variable: vo D:\wamp\www\yuanku\Application\Runtime\Cache\Admin\bb7a653ce0ff9b672e7e52e209ea5a59.php 第 401 行.
NOTIC: [8] Use of undefined constant id - assumed 'id' D:\wamp\www\yuanku\Application\Runtime\Cache\Admin\bb7a653ce0ff9b672e7e52e209ea5a59.php 第 404 行.
NOTIC: [8] Use of undefined constant id - assumed 'id' D:\wamp\www\yuanku\Application\Runtime\Cache\Admin\bb7a653ce0ff9b672e7e52e209ea5a59.php 第 405 行.
NOTIC: [8] Undefined variable: client_iemail_address D:\wamp\www\yuanku\Application\Runtime\Cache\Admin\bb7a653ce0ff9b672e7e52e209ea5a59.php 第 400 行.
NOTIC: [8] Undefined variable: vo D:\wamp\www\yuanku\Application\Runtime\Cache\Admin\bb7a653ce0ff9b672e7e52e209ea5a59.php 第 401 行.
NOTIC: [8] Use of undefined constant id - assumed 'id' D:\wamp\www\yuanku\Application\Runtime\Cache\Admin\bb7a653ce0ff9b672e7e52e209ea5a59.php 第 404 行.
NOTIC: [8] Use of undefined constant id - assumed 'id' D:\wamp\www\yuanku\Application\Runtime\Cache\Admin\bb7a653ce0ff9b672e7e52e209ea5a59.php 第 405 行.
INFO: Run Behavior\ParseTemplateBehavior [ RunTime:0.050295s ]
INFO: [ view_parse ] --END-- [ RunTime:0.050434s ]
INFO: [ view_filter ] --START--
INFO: Run Behavior\WriteHtmlCacheBehavior [ RunTime:0.000499s ]
INFO: [ view_filter ] --END-- [ RunTime:0.000632s ]
INFO: [ app_end ] --START--
INFO: Run Behavior\ShowPageTraceBehavior [ RunTime:0.000813s ]
INFO: [ app_end ] --END-- [ RunTime:0.000977s ]

[ 2016-10-22T11:21:34+08:00 ] ::1 /yuanku/index.php/Admin/client/img/contacts/2.png
INFO: [ app_init ] --START--
INFO: Run Behavior\BuildLiteBehavior [ RunTime:0.000041s ]
INFO: [ app_init ] --END-- [ RunTime:0.000602s ]

[ 2016-10-22T11:21:34+08:00 ] ::1 /yuanku/index.php/Admin/client/img/contacts/1.png
INFO: [ app_init ] --START--
INFO: Run Behavior\BuildLiteBehavior [ RunTime:0.000039s ]
INFO: [ app_init ] --END-- [ RunTime:0.000649s ]

[ 2016-10-22T11:21:34+08:00 ] ::1 /yuanku/index.php/Admin/client/img/contacts/5.png
INFO: [ app_init ] --START--
INFO: Run Behavior\BuildLiteBehavior [ RunTime:0.000040s ]
INFO: [ app_init ] --END-- [ RunTime:0.000700s ]

[ 2016-10-22T11:21:34+08:00 ] ::1 /yuanku/index.php/Admin/client/img/contacts/3.png
INFO: [ app_init ] --START--
INFO: Run Behavior\BuildLiteBehavior [ RunTime:0.000040s ]
INFO: [ app_init ] --END-- [ RunTime:0.000612s ]

[ 2016-10-22T11:21:34+08:00 ] ::1 /yuanku/index.php/Admin/client/img/contacts/4.png
INFO: [ app_init ] --START--
INFO: Run Behavior\BuildLiteBehavior [ RunTime:0.000040s ]
INFO: [ app_init ] --END-- [ RunTime:0.000636s ]

[ 2016-10-22T11:21:37+08:00 ] ::1 /yuanku/index.php/Admin/client/client_list.html
INFO: [ app_init ] --START--
INFO: Run Behavior\BuildLiteBehavior [ RunTime:0.000041s ]
INFO: [ app_init ] --END-- [ RunTime:0.000639s ]
INFO: [ app_begin ] --START--
INFO: Run Behavior\ReadHtmlCacheBehavior [ RunTime:0.002130s ]
INFO: [ app_begin ] --END-- [ RunTime:0.002418s ]
SQL: SHOW COLUMNS FROM `client_user` [ RunTime:0.0032s ]
SQL: SELECT * FROM `client_user`  [ RunTime:0.0003s ]
INFO: [ view_parse ] --START--
INFO: [ template_filter ] --START--
INFO: Run Behavior\ContentReplaceBehavior [ RunTime:0.000237s ]
INFO: [ template_filter ] --END-- [ RunTime:0.000398s ]
NOTIC: [8] Undefined variable: title D:\wamp\www\yuanku\Application\Runtime\Cache\Admin\bb7a653ce0ff9b672e7e52e209ea5a59.php 第 4 行.
NOTIC: [8] Undefined variable: user_info D:\wamp\www\yuanku\Application\Runtime\Cache\Admin\bb7a653ce0ff9b672e7e52e209ea5a59.php 第 125 行.
NOTIC: [8] Undefined variable: user_info D:\wamp\www\yuanku\Application\Runtime\Cache\Admin\bb7a653ce0ff9b672e7e52e209ea5a59.php 第 130 行.
NOTIC: [8] Undefined variable: client_iemail_address D:\wamp\www\yuanku\Application\Runtime\Cache\Admin\bb7a653ce0ff9b672e7e52e209ea5a59.php 第 400 行.
NOTIC: [8] Undefined variable: vo D:\wamp\www\yuanku\Application\Runtime\Cache\Admin\bb7a653ce0ff9b672e7e52e209ea5a59.php 第 401 行.
NOTIC: [8] Use of undefined constant id - assumed 'id' D:\wamp\www\yuanku\Application\Runtime\Cache\Admin\bb7a653ce0ff9b672e7e52e209ea5a59.php 第 404 行.
NOTIC: [8] Use of undefined constant id - assumed 'id' D:\wamp\www\yuanku\Application\Runtime\Cache\Admin\bb7a653ce0ff9b672e7e52e209ea5a59.php 第 405 行.
NOTIC: [8] Undefined variable: client_iemail_address D:\wamp\www\yuanku\Application\Runtime\Cache\Admin\bb7a653ce0ff9b672e7e52e209ea5a59.php 第 400 行.
NOTIC: [8] Undefined variable: vo D:\wamp\www\yuanku\Application\Runtime\Cache\Admin\bb7a653ce0ff9b672e7e52e209ea5a59.php 第 401 行.
NOTIC: [8] Use of undefined constant id - assumed 'id' D:\wamp\www\yuanku\Application\Runtime\Cache\Admin\bb7a653ce0ff9b672e7e52e209ea5a59.php 第 404 行.
NOTIC: [8] Use of undefined constant id - assumed 'id' D:\wamp\www\yuanku\Application\Runtime\Cache\Admin\bb7a653ce0ff9b672e7e52e209ea5a59.php 第 405 行.
NOTIC: [8] Undefined variable: client_iemail_address D:\wamp\www\yuanku\Application\Runtime\Cache\Admin\bb7a653ce0ff9b672e7e52e209ea5a59.php 第 400 行.
NOTIC: [8] Undefined variable: vo D:\wamp\www\yuanku\Application\Runtime\Cache\Admin\bb7a653ce0ff9b672e7e52e209ea5a59.php 第 401 行.
NOTIC: [8] Use of undefined constant id - assumed 'id' D:\wamp\www\yuanku\Application\Runtime\Cache\Admin\bb7a653ce0ff9b672e7e52e209ea5a59.php 第 404 行.
NOTIC: [8] Use of undefined constant id - assumed 'id' D:\wamp\www\yuanku\Application\Runtime\Cache\Admin\bb7a653ce0ff9b672e7e52e209ea5a59.php 第 405 行.
NOTIC: [8] Undefined variable: client_iemail_address D:\wamp\www\yuanku\Application\Runtime\Cache\Admin\bb7a653ce0ff9b672e7e52e209ea5a59.php 第 400 行.
NOTIC: [8] Undefined variable: vo D:\wamp\www\yuanku\Application\Runtime\Cache\Admin\bb7a653ce0ff9b672e7e52e209ea5a59.php 第 401 行.
NOTIC: [8] Use of undefined constant id - assumed 'id' D:\wamp\www\yuanku\Application\Runtime\Cache\Admin\bb7a653ce0ff9b672e7e52e209ea5a59.php 第 404 行.
NOTIC: [8] Use of undefined constant id - assumed 'id' D:\wamp\www\yuanku\Application\Runtime\Cache\Admin\bb7a653ce0ff9b672e7e52e209ea5a59.php 第 405 行.
INFO: Run Behavior\ParseTemplateBehavior [ RunTime:0.026324s ]
INFO: [ view_parse ] --END-- [ RunTime:0.026470s ]
INFO: [ view_filter ] --START--
INFO: Run Behavior\WriteHtmlCacheBehavior [ RunTime:0.000375s ]
INFO: [ view_filter ] --END-- [ RunTime:0.000531s ]
INFO: [ app_end ] --START--
INFO: Run Behavior\ShowPageTraceBehavior [ RunTime:0.000761s ]
INFO: [ app_end ] --END-- [ RunTime:0.000941s ]

[ 2016-10-22T11:21:37+08:00 ] ::1 /yuanku/index.php/Admin/client/img/contacts/4.png
INFO: [ app_init ] --START--
INFO: Run Behavior\BuildLiteBehavior [ RunTime:0.000047s ]
INFO: [ app_init ] --END-- [ RunTime:0.000649s ]

[ 2016-10-22T11:21:37+08:00 ] ::1 /yuanku/index.php/Admin/client/img/contacts/1.png
INFO: [ app_init ] --START--
INFO: Run Behavior\BuildLiteBehavior [ RunTime:0.000044s ]
INFO: [ app_init ] --END-- [ RunTime:0.000650s ]

[ 2016-10-22T11:21:37+08:00 ] ::1 /yuanku/index.php/Admin/client/img/contacts/5.png
INFO: [ app_init ] --START--
INFO: Run Behavior\BuildLiteBehavior [ RunTime:0.000040s ]
INFO: [ app_init ] --END-- [ RunTime:0.000840s ]

[ 2016-10-22T11:21:37+08:00 ] ::1 /yuanku/index.php/Admin/client/img/contacts/2.png
INFO: [ app_init ] --START--
INFO: Run Behavior\BuildLiteBehavior [ RunTime:0.000042s ]
INFO: [ app_init ] --END-- [ RunTime:0.001311s ]

[ 2016-10-22T11:21:37+08:00 ] ::1 /yuanku/index.php/Admin/client/img/contacts/3.png
INFO: [ app_init ] --START--
INFO: Run Behavior\BuildLiteBehavior [ RunTime:0.000043s ]
INFO: [ app_init ] --END-- [ RunTime:0.000685s ]

[ 2016-10-22T11:21:59+08:00 ] ::1 /yuanku/index.php/Admin/news/index.html
INFO: [ app_init ] --START--
INFO: Run Behavior\BuildLiteBehavior [ RunTime:0.000102s ]
INFO: [ app_init ] --END-- [ RunTime:0.001630s ]
INFO: [ app_begin ] --START--
INFO: Run Behavior\ReadHtmlCacheBehavior [ RunTime:0.002308s ]
INFO: [ app_begin ] --END-- [ RunTime:0.002788s ]
SQL: SHOW COLUMNS FROM `admin_user` [ RunTime:0.0073s ]
SQL: SELECT * FROM `admin_user` WHERE ( id=12 ) LIMIT 1   [ RunTime:0.0009s ]
SQL: SHOW COLUMNS FROM `news` [ RunTime:0.0396s ]
SQL: SELECT n.id as nid,`title`,`name`,`sort_name`,`content`,`img`,`date` FROM news n INNER JOIN author ON author_id=author.id INNER JOIN news_sort ON sort_id=news_sort.id   [ RunTime:0.0775s ]
INFO: [ view_parse ] --START--
INFO: [ template_filter ] --START--
INFO: Run Behavior\ContentReplaceBehavior [ RunTime:0.000397s ]
INFO: [ template_filter ] --END-- [ RunTime:0.000636s ]
NOTIC: [8] Undefined variable: title D:\wamp\www\yuanku\Application\Runtime\Cache\Admin\36087655c6ab8580337cdc45b35a926d.php 第 4 行.
INFO: Run Behavior\ParseTemplateBehavior [ RunTime:0.060506s ]
INFO: [ view_parse ] --END-- [ RunTime:0.061050s ]
INFO: [ view_filter ] --START--
INFO: Run Behavior\WriteHtmlCacheBehavior [ RunTime:0.000654s ]
INFO: [ view_filter ] --END-- [ RunTime:0.000863s ]
INFO: [ app_end ] --START--
INFO: Run Behavior\ShowPageTraceBehavior [ RunTime:0.001002s ]
INFO: [ app_end ] --END-- [ RunTime:0.001210s ]

[ 2016-10-22T11:21:59+08:00 ] ::1 /yuanku/index.php/Admin/news/img/contacts/3.png
INFO: [ app_init ] --START--
INFO: Run Behavior\BuildLiteBehavior [ RunTime:0.000041s ]
INFO: [ app_init ] --END-- [ RunTime:0.000628s ]

[ 2016-10-22T11:21:59+08:00 ] ::1 /yuanku/index.php/Admin/news/img/contacts/4.png
INFO: [ app_init ] --START--
INFO: Run Behavior\BuildLiteBehavior [ RunTime:0.000026s ]
INFO: [ app_init ] --END-- [ RunTime:0.000405s ]

[ 2016-10-22T11:21:59+08:00 ] ::1 /yuanku/index.php/Admin/news/img/contacts/2.png
INFO: [ app_init ] --START--
INFO: Run Behavior\BuildLiteBehavior [ RunTime:0.000027s ]
INFO: [ app_init ] --END-- [ RunTime:0.000413s ]

[ 2016-10-22T11:21:59+08:00 ] ::1 /yuanku/index.php/Admin/news/img/contacts/1.png
INFO: [ app_init ] --START--
INFO: Run Behavior\BuildLiteBehavior [ RunTime:0.000045s ]
INFO: [ app_init ] --END-- [ RunTime:0.000650s ]

[ 2016-10-22T11:21:59+08:00 ] ::1 /yuanku/index.php/Admin/news/img/contacts/5.png
INFO: [ app_init ] --START--
INFO: Run Behavior\BuildLiteBehavior [ RunTime:0.000037s ]
INFO: [ app_init ] --END-- [ RunTime:0.000587s ]

[ 2016-10-22T11:22:04+08:00 ] ::1 /yuanku/index.php/Admin/system/manager_user.html
INFO: [ app_init ] --START--
INFO: Run Behavior\BuildLiteBehavior [ RunTime:0.000036s ]
INFO: [ app_init ] --END-- [ RunTime:0.000468s ]
INFO: [ app_begin ] --START--
INFO: Run Behavior\ReadHtmlCacheBehavior [ RunTime:0.000454s ]
INFO: [ app_begin ] --END-- [ RunTime:0.000557s ]
SQL: SHOW COLUMNS FROM `admin_user` [ RunTime:0.0028s ]
SQL: SELECT * FROM `admin_user` WHERE ( id=12 ) LIMIT 1   [ RunTime:0.0006s ]
SQL: SELECT * FROM `admin_user`  [ RunTime:0.0005s ]
INFO: [ view_parse ] --START--
INFO: [ template_filter ] --START--
INFO: Run Behavior\ContentReplaceBehavior [ RunTime:0.000209s ]
INFO: [ template_filter ] --END-- [ RunTime:0.000325s ]
NOTIC: [8] Undefined variable: title D:\wamp\www\yuanku\Application\Runtime\Cache\Admin\bf618ade8c59ab96c68827ac767e5f61.php 第 4 行.
NOTIC: [8] Use of undefined constant id - assumed 'id' D:\wamp\www\yuanku\Application\Runtime\Cache\Admin\bf618ade8c59ab96c68827ac767e5f61.php 第 411 行.
NOTIC: [8] Use of undefined constant id - assumed 'id' D:\wamp\www\yuanku\Application\Runtime\Cache\Admin\bf618ade8c59ab96c68827ac767e5f61.php 第 412 行.
NOTIC: [8] Use of undefined constant id - assumed 'id' D:\wamp\www\yuanku\Application\Runtime\Cache\Admin\bf618ade8c59ab96c68827ac767e5f61.php 第 411 行.
NOTIC: [8] Use of undefined constant id - assumed 'id' D:\wamp\www\yuanku\Application\Runtime\Cache\Admin\bf618ade8c59ab96c68827ac767e5f61.php 第 412 行.
NOTIC: [8] Use of undefined constant id - assumed 'id' D:\wamp\www\yuanku\Application\Runtime\Cache\Admin\bf618ade8c59ab96c68827ac767e5f61.php 第 411 行.
NOTIC: [8] Use of undefined constant id - assumed 'id' D:\wamp\www\yuanku\Application\Runtime\Cache\Admin\bf618ade8c59ab96c68827ac767e5f61.php 第 412 行.
NOTIC: [8] Use of undefined constant id - assumed 'id' D:\wamp\www\yuanku\Application\Runtime\Cache\Admin\bf618ade8c59ab96c68827ac767e5f61.php 第 411 行.
NOTIC: [8] Use of undefined constant id - assumed 'id' D:\wamp\www\yuanku\Application\Runtime\Cache\Admin\bf618ade8c59ab96c68827ac767e5f61.php 第 412 行.
NOTIC: [8] Use of undefined constant id - assumed 'id' D:\wamp\www\yuanku\Application\Runtime\Cache\Admin\bf618ade8c59ab96c68827ac767e5f61.php 第 411 行.
NOTIC: [8] Use of undefined constant id - assumed 'id' D:\wamp\www\yuanku\Application\Runtime\Cache\Admin\bf618ade8c59ab96c68827ac767e5f61.php 第 412 行.
INFO: Run Behavior\ParseTemplateBehavior [ RunTime:0.019044s ]
INFO: [ view_parse ] --END-- [ RunTime:0.019153s ]
INFO: [ view_filter ] --START--
INFO: Run Behavior\WriteHtmlCacheBehavior [ RunTime:0.000221s ]
INFO: [ view_filter ] --END-- [ RunTime:0.000308s ]
INFO: [ app_end ] --START--
INFO: Run Behavior\ShowPageTraceBehavior [ RunTime:0.000462s ]
INFO: [ app_end ] --END-- [ RunTime:0.000555s ]

[ 2016-10-22T11:22:04+08:00 ] ::1 /yuanku/index.php/Admin/system/img/contacts/1.png
INFO: [ app_init ] --START--
INFO: Run Behavior\BuildLiteBehavior [ RunTime:0.000026s ]
INFO: [ app_init ] --END-- [ RunTime:0.000440s ]

[ 2016-10-22T11:22:04+08:00 ] ::1 /yuanku/index.php/Admin/system/img/contacts/4.png
INFO: [ app_init ] --START--
INFO: Run Behavior\BuildLiteBehavior [ RunTime:0.000056s ]
INFO: [ app_init ] --END-- [ RunTime:0.000445s ]

[ 2016-10-22T11:22:04+08:00 ] ::1 /yuanku/index.php/Admin/system/img/contacts/3.png
INFO: [ app_init ] --START--
INFO: Run Behavior\BuildLiteBehavior [ RunTime:0.000042s ]
INFO: [ app_init ] --END-- [ RunTime:0.000622s ]

[ 2016-10-22T11:22:04+08:00 ] ::1 /yuanku/index.php/Admin/system/img/contacts/2.png
INFO: [ app_init ] --START--
INFO: Run Behavior\BuildLiteBehavior [ RunTime:0.000043s ]
INFO: [ app_init ] --END-- [ RunTime:0.000594s ]

[ 2016-10-22T11:22:04+08:00 ] ::1 /yuanku/index.php/Admin/system/img/contacts/5.png
INFO: [ app_init ] --START--
INFO: Run Behavior\BuildLiteBehavior [ RunTime:0.000028s ]
INFO: [ app_init ] --END-- [ RunTime:0.000467s ]

[ 2016-10-22T11:22:07+08:00 ] ::1 /yuanku/index.php/Admin/system/manager_user.html
INFO: [ app_init ] --START--
INFO: Run Behavior\BuildLiteBehavior [ RunTime:0.000078s ]
INFO: [ app_init ] --END-- [ RunTime:0.001481s ]
INFO: [ app_begin ] --START--
INFO: Run Behavior\ReadHtmlCacheBehavior [ RunTime:0.000827s ]
INFO: [ app_begin ] --END-- [ RunTime:0.001034s ]
SQL: SHOW COLUMNS FROM `admin_user` [ RunTime:0.0049s ]
SQL: SELECT * FROM `admin_user` WHERE ( id=12 ) LIMIT 1   [ RunTime:0.0012s ]
SQL: SELECT * FROM `admin_user`  [ RunTime:0.0005s ]
INFO: [ view_parse ] --START--
INFO: [ template_filter ] --START--
INFO: Run Behavior\ContentReplaceBehavior [ RunTime:0.000374s ]
INFO: [ template_filter ] --END-- [ RunTime:0.000586s ]
NOTIC: [8] Undefined variable: title D:\wamp\www\yuanku\Application\Runtime\Cache\Admin\bf618ade8c59ab96c68827ac767e5f61.php 第 4 行.
NOTIC: [8] Use of undefined constant id - assumed 'id' D:\wamp\www\yuanku\Application\Runtime\Cache\Admin\bf618ade8c59ab96c68827ac767e5f61.php 第 411 行.
NOTIC: [8] Use of undefined constant id - assumed 'id' D:\wamp\www\yuanku\Application\Runtime\Cache\Admin\bf618ade8c59ab96c68827ac767e5f61.php 第 412 行.
NOTIC: [8] Use of undefined constant id - assumed 'id' D:\wamp\www\yuanku\Application\Runtime\Cache\Admin\bf618ade8c59ab96c68827ac767e5f61.php 第 411 行.
NOTIC: [8] Use of undefined constant id - assumed 'id' D:\wamp\www\yuanku\Application\Runtime\Cache\Admin\bf618ade8c59ab96c68827ac767e5f61.php 第 412 行.
NOTIC: [8] Use of undefined constant id - assumed 'id' D:\wamp\www\yuanku\Application\Runtime\Cache\Admin\bf618ade8c59ab96c68827ac767e5f61.php 第 411 行.
NOTIC: [8] Use of undefined constant id - assumed 'id' D:\wamp\www\yuanku\Application\Runtime\Cache\Admin\bf618ade8c59ab96c68827ac767e5f61.php 第 412 行.
NOTIC: [8] Use of undefined constant id - assumed 'id' D:\wamp\www\yuanku\Application\Runtime\Cache\Admin\bf618ade8c59ab96c68827ac767e5f61.php 第 411 行.
NOTIC: [8] Use of undefined constant id - assumed 'id' D:\wamp\www\yuanku\Application\Runtime\Cache\Admin\bf618ade8c59ab96c68827ac767e5f61.php 第 412 行.
NOTIC: [8] Use of undefined constant id - assumed 'id' D:\wamp\www\yuanku\Application\Runtime\Cache\Admin\bf618ade8c59ab96c68827ac767e5f61.php 第 411 行.
NOTIC: [8] Use of undefined constant id - assumed 'id' D:\wamp\www\yuanku\Application\Runtime\Cache\Admin\bf618ade8c59ab96c68827ac767e5f61.php 第 412 行.
INFO: Run Behavior\ParseTemplateBehavior [ RunTime:0.040484s ]
INFO: [ view_parse ] --END-- [ RunTime:0.040715s ]
INFO: [ view_filter ] --START--
INFO: Run Behavior\WriteHtmlCacheBehavior [ RunTime:0.000586s ]
INFO: [ view_filter ] --END-- [ RunTime:0.000753s ]
INFO: [ app_end ] --START--
INFO: Run Behavior\ShowPageTraceBehavior [ RunTime:0.000986s ]
INFO: [ app_end ] --END-- [ RunTime:0.001209s ]

[ 2016-10-22T11:22:07+08:00 ] ::1 /yuanku/index.php/Admin/system/img/contacts/4.png
INFO: [ app_init ] --START--
INFO: Run Behavior\BuildLiteBehavior [ RunTime:0.000047s ]
INFO: [ app_init ] --END-- [ RunTime:0.000656s ]

[ 2016-10-22T11:22:08+08:00 ] ::1 /yuanku/index.php/Admin/system/img/contacts/1.png
INFO: [ app_init ] --START--
INFO: Run Behavior\BuildLiteBehavior [ RunTime:0.000047s ]
INFO: [ app_init ] --END-- [ RunTime:0.000704s ]

[ 2016-10-22T11:22:08+08:00 ] ::1 /yuanku/index.php/Admin/system/img/contacts/3.png
INFO: [ app_init ] --START--
INFO: Run Behavior\BuildLiteBehavior [ RunTime:0.000042s ]
INFO: [ app_init ] --END-- [ RunTime:0.000958s ]

[ 2016-10-22T11:22:08+08:00 ] ::1 /yuanku/index.php/Admin/system/img/contacts/2.png
INFO: [ app_init ] --START--
INFO: Run Behavior\BuildLiteBehavior [ RunTime:0.000026s ]
INFO: [ app_init ] --END-- [ RunTime:0.000433s ]

[ 2016-10-22T11:22:08+08:00 ] ::1 /yuanku/index.php/Admin/system/img/contacts/5.png
INFO: [ app_init ] --START--
INFO: Run Behavior\BuildLiteBehavior [ RunTime:0.000025s ]
INFO: [ app_init ] --END-- [ RunTime:0.000406s ]

[ 2016-10-22T11:22:10+08:00 ] ::1 /yuanku/index.php/Admin/client/client_list.html
INFO: [ app_init ] --START--
INFO: Run Behavior\BuildLiteBehavior [ RunTime:0.000036s ]
INFO: [ app_init ] --END-- [ RunTime:0.000525s ]
INFO: [ app_begin ] --START--
INFO: Run Behavior\ReadHtmlCacheBehavior [ RunTime:0.000501s ]
INFO: [ app_begin ] --END-- [ RunTime:0.000621s ]
SQL: SHOW COLUMNS FROM `client_user` [ RunTime:0.0204s ]
SQL: SELECT * FROM `client_user`  [ RunTime:0.0003s ]
INFO: [ view_parse ] --START--
INFO: [ template_filter ] --START--
INFO: Run Behavior\ContentReplaceBehavior [ RunTime:0.000218s ]
INFO: [ template_filter ] --END-- [ RunTime:0.000348s ]
NOTIC: [8] Undefined variable: title D:\wamp\www\yuanku\Application\Runtime\Cache\Admin\bb7a653ce0ff9b672e7e52e209ea5a59.php 第 4 行.
NOTIC: [8] Undefined variable: user_info D:\wamp\www\yuanku\Application\Runtime\Cache\Admin\bb7a653ce0ff9b672e7e52e209ea5a59.php 第 125 行.
NOTIC: [8] Undefined variable: user_info D:\wamp\www\yuanku\Application\Runtime\Cache\Admin\bb7a653ce0ff9b672e7e52e209ea5a59.php 第 130 行.
NOTIC: [8] Undefined variable: client_iemail_address D:\wamp\www\yuanku\Application\Runtime\Cache\Admin\bb7a653ce0ff9b672e7e52e209ea5a59.php 第 400 行.
NOTIC: [8] Undefined variable: vo D:\wamp\www\yuanku\Application\Runtime\Cache\Admin\bb7a653ce0ff9b672e7e52e209ea5a59.php 第 401 行.
NOTIC: [8] Use of undefined constant id - assumed 'id' D:\wamp\www\yuanku\Application\Runtime\Cache\Admin\bb7a653ce0ff9b672e7e52e209ea5a59.php 第 404 行.
NOTIC: [8] Use of undefined constant id - assumed 'id' D:\wamp\www\yuanku\Application\Runtime\Cache\Admin\bb7a653ce0ff9b672e7e52e209ea5a59.php 第 405 行.
NOTIC: [8] Undefined variable: client_iemail_address D:\wamp\www\yuanku\Application\Runtime\Cache\Admin\bb7a653ce0ff9b672e7e52e209ea5a59.php 第 400 行.
NOTIC: [8] Undefined variable: vo D:\wamp\www\yuanku\Application\Runtime\Cache\Admin\bb7a653ce0ff9b672e7e52e209ea5a59.php 第 401 行.
NOTIC: [8] Use of undefined constant id - assumed 'id' D:\wamp\www\yuanku\Application\Runtime\Cache\Admin\bb7a653ce0ff9b672e7e52e209ea5a59.php 第 404 行.
NOTIC: [8] Use of undefined constant id - assumed 'id' D:\wamp\www\yuanku\Application\Runtime\Cache\Admin\bb7a653ce0ff9b672e7e52e209ea5a59.php 第 405 行.
NOTIC: [8] Undefined variable: client_iemail_address D:\wamp\www\yuanku\Application\Runtime\Cache\Admin\bb7a653ce0ff9b672e7e52e209ea5a59.php 第 400 行.
NOTIC: [8] Undefined variable: vo D:\wamp\www\yuanku\Application\Runtime\Cache\Admin\bb7a653ce0ff9b672e7e52e209ea5a59.php 第 401 行.
NOTIC: [8] Use of undefined constant id - assumed 'id' D:\wamp\www\yuanku\Application\Runtime\Cache\Admin\bb7a653ce0ff9b672e7e52e209ea5a59.php 第 404 行.
NOTIC: [8] Use of undefined constant id - assumed 'id' D:\wamp\www\yuanku\Application\Runtime\Cache\Admin\bb7a653ce0ff9b672e7e52e209ea5a59.php 第 405 行.
NOTIC: [8] Undefined variable: client_iemail_address D:\wamp\www\yuanku\Application\Runtime\Cache\Admin\bb7a653ce0ff9b672e7e52e209ea5a59.php 第 400 行.
NOTIC: [8] Undefined variable: vo D:\wamp\www\yuanku\Application\Runtime\Cache\Admin\bb7a653ce0ff9b672e7e52e209ea5a59.php 第 401 行.
NOTIC: [8] Use of undefined constant id - assumed 'id' D:\wamp\www\yuanku\Application\Runtime\Cache\Admin\bb7a653ce0ff9b672e7e52e209ea5a59.php 第 404 行.
NOTIC: [8] Use of undefined constant id - assumed 'id' D:\wamp\www\yuanku\Application\Runtime\Cache\Admin\bb7a653ce0ff9b672e7e52e209ea5a59.php 第 405 行.
INFO: Run Behavior\ParseTemplateBehavior [ RunTime:0.024738s ]
INFO: [ view_parse ] --END-- [ RunTime:0.024847s ]
INFO: [ view_filter ] --START--
INFO: Run Behavior\WriteHtmlCacheBehavior [ RunTime:0.000318s ]
INFO: [ view_filter ] --END-- [ RunTime:0.000417s ]
INFO: [ app_end ] --START--
INFO: Run Behavior\ShowPageTraceBehavior [ RunTime:0.000508s ]
INFO: [ app_end ] --END-- [ RunTime:0.000610s ]

[ 2016-10-22T11:22:10+08:00 ] ::1 /yuanku/index.php/Admin/client/img/contacts/3.png
INFO: [ app_init ] --START--
INFO: Run Behavior\BuildLiteBehavior [ RunTime:0.000026s ]
INFO: [ app_init ] --END-- [ RunTime:0.000417s ]

[ 2016-10-22T11:22:10+08:00 ] ::1 /yuanku/index.php/Admin/client/img/contacts/1.png
INFO: [ app_init ] --START--
INFO: Run Behavior\BuildLiteBehavior [ RunTime:0.000025s ]
INFO: [ app_init ] --END-- [ RunTime:0.000410s ]

[ 2016-10-22T11:22:10+08:00 ] ::1 /yuanku/index.php/Admin/client/img/contacts/4.png
INFO: [ app_init ] --START--
INFO: Run Behavior\BuildLiteBehavior [ RunTime:0.000025s ]
INFO: [ app_init ] --END-- [ RunTime:0.000408s ]

[ 2016-10-22T11:22:10+08:00 ] ::1 /yuanku/index.php/Admin/client/img/contacts/2.png
INFO: [ app_init ] --START--
INFO: Run Behavior\BuildLiteBehavior [ RunTime:0.000027s ]
INFO: [ app_init ] --END-- [ RunTime:0.000421s ]

[ 2016-10-22T11:22:10+08:00 ] ::1 /yuanku/index.php/Admin/client/img/contacts/5.png
INFO: [ app_init ] --START--
INFO: Run Behavior\BuildLiteBehavior [ RunTime:0.000049s ]
INFO: [ app_init ] --END-- [ RunTime:0.000781s ]

[ 2016-10-22T11:22:12+08:00 ] ::1 /yuanku/index.php/Admin/news/index.html
INFO: [ app_init ] --START--
INFO: Run Behavior\BuildLiteBehavior [ RunTime:0.000030s ]
INFO: [ app_init ] --END-- [ RunTime:0.000466s ]
INFO: [ app_begin ] --START--
INFO: Run Behavior\ReadHtmlCacheBehavior [ RunTime:0.000784s ]
INFO: [ app_begin ] --END-- [ RunTime:0.000976s ]
SQL: SHOW COLUMNS FROM `admin_user` [ RunTime:0.0028s ]
SQL: SELECT * FROM `admin_user` WHERE ( id=12 ) LIMIT 1   [ RunTime:0.0003s ]
SQL: SHOW COLUMNS FROM `news` [ RunTime:0.0045s ]
SQL: SELECT n.id as nid,`title`,`name`,`sort_name`,`content`,`img`,`date` FROM news n INNER JOIN author ON author_id=author.id INNER JOIN news_sort ON sort_id=news_sort.id   [ RunTime:0.0015s ]
INFO: [ view_parse ] --START--
INFO: [ template_filter ] --START--
INFO: Run Behavior\ContentReplaceBehavior [ RunTime:0.000348s ]
INFO: [ template_filter ] --END-- [ RunTime:0.000480s ]
NOTIC: [8] Undefined variable: title D:\wamp\www\yuanku\Application\Runtime\Cache\Admin\36087655c6ab8580337cdc45b35a926d.php 第 4 行.
INFO: Run Behavior\ParseTemplateBehavior [ RunTime:0.020483s ]
INFO: [ view_parse ] --END-- [ RunTime:0.020634s ]
INFO: [ view_filter ] --START--
INFO: Run Behavior\WriteHtmlCacheBehavior [ RunTime:0.000308s ]
INFO: [ view_filter ] --END-- [ RunTime:0.000413s ]
INFO: [ app_end ] --START--
INFO: Run Behavior\ShowPageTraceBehavior [ RunTime:0.000478s ]
INFO: [ app_end ] --END-- [ RunTime:0.000582s ]

[ 2016-10-22T11:22:13+08:00 ] ::1 /yuanku/index.php/Admin/news/img/contacts/1.png
INFO: [ app_init ] --START--
INFO: Run Behavior\BuildLiteBehavior [ RunTime:0.000044s ]
INFO: [ app_init ] --END-- [ RunTime:0.000623s ]

[ 2016-10-22T11:22:13+08:00 ] ::1 /yuanku/index.php/Admin/news/img/contacts/5.png
INFO: [ app_init ] --START--
INFO: Run Behavior\BuildLiteBehavior [ RunTime:0.000041s ]
INFO: [ app_init ] --END-- [ RunTime:0.000649s ]

[ 2016-10-22T11:22:13+08:00 ] ::1 /yuanku/index.php/Admin/news/img/contacts/3.png
INFO: [ app_init ] --START--
INFO: Run Behavior\BuildLiteBehavior [ RunTime:0.000041s ]
INFO: [ app_init ] --END-- [ RunTime:0.000654s ]

[ 2016-10-22T11:22:13+08:00 ] ::1 /yuanku/index.php/Admin/news/img/contacts/4.png
INFO: [ app_init ] --START--
INFO: Run Behavior\BuildLiteBehavior [ RunTime:0.000040s ]
INFO: [ app_init ] --END-- [ RunTime:0.000631s ]

[ 2016-10-22T11:22:13+08:00 ] ::1 /yuanku/index.php/Admin/news/img/contacts/2.png
INFO: [ app_init ] --START--
INFO: Run Behavior\BuildLiteBehavior [ RunTime:0.000041s ]
INFO: [ app_init ] --END-- [ RunTime:0.000634s ]

[ 2016-10-22T11:22:17+08:00 ] ::1 /yuanku/index.php/Admin/news/newsort.html
INFO: [ app_init ] --START--
INFO: Run Behavior\BuildLiteBehavior [ RunTime:0.000023s ]
INFO: [ app_init ] --END-- [ RunTime:0.000359s ]
INFO: [ app_begin ] --START--
INFO: Run Behavior\ReadHtmlCacheBehavior [ RunTime:0.001069s ]
INFO: [ app_begin ] --END-- [ RunTime:0.001307s ]
SQL: SHOW COLUMNS FROM `admin_user` [ RunTime:0.0028s ]
SQL: SELECT * FROM `admin_user` WHERE ( id=12 ) LIMIT 1   [ RunTime:0.0004s ]
SQL: SHOW COLUMNS FROM `news` [ RunTime:0.0038s ]
SQL: SELECT n.id as nid,`title`,`name`,`sort_name`,`content`,`img`,`date` FROM news n INNER JOIN author ON author_id=author.id INNER JOIN news_sort ON sort_id=news_sort.id  ORDER BY sort_name  [ RunTime:0.0032s ]
INFO: [ view_parse ] --START--
INFO: [ template_filter ] --START--
INFO: Run Behavior\ContentReplaceBehavior [ RunTime:0.000278s ]
INFO: [ template_filter ] --END-- [ RunTime:0.000457s ]
NOTIC: [8] Undefined variable: title D:\wamp\www\yuanku\Application\Runtime\Cache\Admin\9ccb7e9a9bd7d3065c3068a5836116dd.php 第 4 行.
INFO: Run Behavior\ParseTemplateBehavior [ RunTime:0.033087s ]
INFO: [ view_parse ] --END-- [ RunTime:0.033213s ]
INFO: [ view_filter ] --START--
INFO: Run Behavior\WriteHtmlCacheBehavior [ RunTime:0.000265s ]
INFO: [ view_filter ] --END-- [ RunTime:0.000370s ]
INFO: [ app_end ] --START--
INFO: Run Behavior\ShowPageTraceBehavior [ RunTime:0.000713s ]
INFO: [ app_end ] --END-- [ RunTime:0.000852s ]

[ 2016-10-22T11:22:17+08:00 ] ::1 /yuanku/index.php/Admin/news/img/contacts/1.png
INFO: [ app_init ] --START--
INFO: Run Behavior\BuildLiteBehavior [ RunTime:0.000026s ]
INFO: [ app_init ] --END-- [ RunTime:0.000416s ]

[ 2016-10-22T11:22:17+08:00 ] ::1 /yuanku/index.php/Admin/news/img/contacts/4.png
INFO: [ app_init ] --START--
INFO: Run Behavior\BuildLiteBehavior [ RunTime:0.000040s ]
INFO: [ app_init ] --END-- [ RunTime:0.000608s ]

[ 2016-10-22T11:22:17+08:00 ] ::1 /yuanku/index.php/Admin/news/img/contacts/2.png
INFO: [ app_init ] --START--
INFO: Run Behavior\BuildLiteBehavior [ RunTime:0.000041s ]
INFO: [ app_init ] --END-- [ RunTime:0.000610s ]

[ 2016-10-22T11:22:17+08:00 ] ::1 /yuanku/index.php/Admin/news/img/contacts/5.png
INFO: [ app_init ] --START--
INFO: Run Behavior\BuildLiteBehavior [ RunTime:0.000049s ]
INFO: [ app_init ] --END-- [ RunTime:0.000684s ]

[ 2016-10-22T11:22:17+08:00 ] ::1 /yuanku/index.php/Admin/news/img/contacts/3.png
INFO: [ app_init ] --START--
INFO: Run Behavior\BuildLiteBehavior [ RunTime:0.000047s ]
INFO: [ app_init ] --END-- [ RunTime:0.000683s ]

[ 2016-10-22T11:22:21+08:00 ] ::1 /yuanku/index.php/Admin/News/newsort.html
INFO: [ app_init ] --START--
INFO: Run Behavior\BuildLiteBehavior [ RunTime:0.000046s ]
INFO: [ app_init ] --END-- [ RunTime:0.000748s ]
INFO: [ app_begin ] --START--
INFO: Run Behavior\ReadHtmlCacheBehavior [ RunTime:0.001453s ]
INFO: [ app_begin ] --END-- [ RunTime:0.001788s ]
SQL: SHOW COLUMNS FROM `admin_user` [ RunTime:0.0048s ]
SQL: SELECT * FROM `admin_user` WHERE ( id=12 ) LIMIT 1   [ RunTime:0.0004s ]
SQL: SHOW COLUMNS FROM `news` [ RunTime:0.0030s ]
SQL: SELECT n.id as nid,`title`,`name`,`sort_name`,`content`,`img`,`date` FROM news n INNER JOIN author ON author_id=author.id INNER JOIN news_sort ON sort_id=news_sort.id  ORDER BY sort_name  [ RunTime:0.0035s ]
INFO: [ view_parse ] --START--
INFO: [ template_filter ] --START--
INFO: Run Behavior\ContentReplaceBehavior [ RunTime:0.000192s ]
INFO: [ template_filter ] --END-- [ RunTime:0.000305s ]
NOTIC: [8] Undefined variable: title D:\wamp\www\yuanku\Application\Runtime\Cache\Admin\9ccb7e9a9bd7d3065c3068a5836116dd.php 第 4 行.
INFO: Run Behavior\ParseTemplateBehavior [ RunTime:0.020040s ]
INFO: [ view_parse ] --END-- [ RunTime:0.020214s ]
INFO: [ view_filter ] --START--
INFO: Run Behavior\WriteHtmlCacheBehavior [ RunTime:0.000528s ]
INFO: [ view_filter ] --END-- [ RunTime:0.000683s ]
INFO: [ app_end ] --START--
INFO: Run Behavior\ShowPageTraceBehavior [ RunTime:0.000972s ]
INFO: [ app_end ] --END-- [ RunTime:0.001123s ]

[ 2016-10-22T11:22:21+08:00 ] ::1 /yuanku/index.php/Admin/News/img/contacts/3.png
INFO: [ app_init ] --START--
INFO: Run Behavior\BuildLiteBehavior [ RunTime:0.000042s ]
INFO: [ app_init ] --END-- [ RunTime:0.000620s ]

[ 2016-10-22T11:22:21+08:00 ] ::1 /yuanku/index.php/Admin/News/img/contacts/4.png
INFO: [ app_init ] --START--
INFO: Run Behavior\BuildLiteBehavior [ RunTime:0.000047s ]
INFO: [ app_init ] --END-- [ RunTime:0.000606s ]

[ 2016-10-22T11:22:21+08:00 ] ::1 /yuanku/index.php/Admin/News/img/contacts/1.png
INFO: [ app_init ] --START--
INFO: Run Behavior\BuildLiteBehavior [ RunTime:0.000046s ]
INFO: [ app_init ] --END-- [ RunTime:0.000650s ]

[ 2016-10-22T11:22:21+08:00 ] ::1 /yuanku/index.php/Admin/News/img/contacts/5.png
INFO: [ app_init ] --START--
INFO: Run Behavior\BuildLiteBehavior [ RunTime:0.000043s ]
INFO: [ app_init ] --END-- [ RunTime:0.000660s ]

[ 2016-10-22T11:22:21+08:00 ] ::1 /yuanku/index.php/Admin/News/img/contacts/2.png
INFO: [ app_init ] --START--
INFO: Run Behavior\BuildLiteBehavior [ RunTime:0.000048s ]
INFO: [ app_init ] --END-- [ RunTime:0.000674s ]

[ 2016-10-22T11:22:28+08:00 ] ::1 /yuanku/index.php/Admin/News/sortbyauthor.html
INFO: [ app_init ] --START--
INFO: Run Behavior\BuildLiteBehavior [ RunTime:0.000079s ]
INFO: [ app_init ] --END-- [ RunTime:0.000756s ]
INFO: [ app_begin ] --START--
INFO: Run Behavior\ReadHtmlCacheBehavior [ RunTime:0.000570s ]
INFO: [ app_begin ] --END-- [ RunTime:0.000730s ]
SQL: SHOW COLUMNS FROM `admin_user` [ RunTime:0.0036s ]
SQL: SELECT * FROM `admin_user` WHERE ( id=12 ) LIMIT 1   [ RunTime:0.0008s ]
SQL: SHOW COLUMNS FROM `news` [ RunTime:0.0028s ]
SQL: SELECT n.id as nid,`title`,`name`,`sort_name`,`content`,`img`,`date` FROM news n INNER JOIN author ON author_id=author.id INNER JOIN news_sort ON sort_id=news_sort.id  ORDER BY author.id  [ RunTime:0.0030s ]
INFO: [ view_parse ] --START--
INFO: [ template_filter ] --START--
INFO: Run Behavior\ContentReplaceBehavior [ RunTime:0.000520s ]
INFO: [ template_filter ] --END-- [ RunTime:0.000794s ]
NOTIC: [8] Undefined variable: title D:\wamp\www\yuanku\Application\Runtime\Cache\Admin\2d6d320910ec31d24b294ad8c03a0f54.php 第 4 行.
INFO: Run Behavior\ParseTemplateBehavior [ RunTime:0.100756s ]
INFO: [ view_parse ] --END-- [ RunTime:0.100950s ]
INFO: [ view_filter ] --START--
INFO: Run Behavior\WriteHtmlCacheBehavior [ RunTime:0.000446s ]
INFO: [ view_filter ] --END-- [ RunTime:0.000628s ]
INFO: [ app_end ] --START--
INFO: Run Behavior\ShowPageTraceBehavior [ RunTime:0.000882s ]
INFO: [ app_end ] --END-- [ RunTime:0.001077s ]

[ 2016-10-22T11:22:28+08:00 ] ::1 /yuanku/index.php/Admin/News/img/contacts/3.png
INFO: [ app_init ] --START--
INFO: Run Behavior\BuildLiteBehavior [ RunTime:0.000028s ]
INFO: [ app_init ] --END-- [ RunTime:0.000423s ]

[ 2016-10-22T11:22:28+08:00 ] ::1 /yuanku/index.php/Admin/News/img/contacts/4.png
INFO: [ app_init ] --START--
INFO: Run Behavior\BuildLiteBehavior [ RunTime:0.000049s ]
INFO: [ app_init ] --END-- [ RunTime:0.000683s ]

[ 2016-10-22T11:22:28+08:00 ] ::1 /yuanku/index.php/Admin/News/img/contacts/2.png
INFO: [ app_init ] --START--
INFO: Run Behavior\BuildLiteBehavior [ RunTime:0.000044s ]
INFO: [ app_init ] --END-- [ RunTime:0.000638s ]

[ 2016-10-22T11:22:28+08:00 ] ::1 /yuanku/index.php/Admin/News/img/contacts/1.png
INFO: [ app_init ] --START--
INFO: Run Behavior\BuildLiteBehavior [ RunTime:0.000045s ]
INFO: [ app_init ] --END-- [ RunTime:0.000672s ]

[ 2016-10-22T11:22:28+08:00 ] ::1 /yuanku/index.php/Admin/News/img/contacts/5.png
INFO: [ app_init ] --START--
INFO: Run Behavior\BuildLiteBehavior [ RunTime:0.000041s ]
INFO: [ app_init ] --END-- [ RunTime:0.000672s ]

[ 2016-10-22T11:22:30+08:00 ] ::1 /yuanku/index.php/Admin/News/sortbytime.html
INFO: [ app_init ] --START--
INFO: Run Behavior\BuildLiteBehavior [ RunTime:0.000024s ]
INFO: [ app_init ] --END-- [ RunTime:0.000379s ]
INFO: [ app_begin ] --START--
INFO: Run Behavior\ReadHtmlCacheBehavior [ RunTime:0.000593s ]
INFO: [ app_begin ] --END-- [ RunTime:0.000764s ]
SQL: SHOW COLUMNS FROM `admin_user` [ RunTime:0.0036s ]
SQL: SELECT * FROM `admin_user` WHERE ( id=12 ) LIMIT 1   [ RunTime:0.0004s ]
SQL: SHOW COLUMNS FROM `news` [ RunTime:0.0044s ]
SQL: SELECT n.id as nid,`title`,`name`,`sort_name`,`content`,`img`,`date` FROM news n INNER JOIN author ON author_id=author.id INNER JOIN news_sort ON sort_id=news_sort.id  ORDER BY date  [ RunTime:0.0035s ]
INFO: [ view_parse ] --START--
INFO: [ template_filter ] --START--
INFO: Run Behavior\ContentReplaceBehavior [ RunTime:0.000217s ]
INFO: [ template_filter ] --END-- [ RunTime:0.000343s ]
NOTIC: [8] Undefined variable: title D:\wamp\www\yuanku\Application\Runtime\Cache\Admin\7e87493b5e2be7f4c7f0e99a54503f42.php 第 4 行.
INFO: Run Behavior\ParseTemplateBehavior [ RunTime:0.066632s ]
INFO: [ view_parse ] --END-- [ RunTime:0.066762s ]
INFO: [ view_filter ] --START--
INFO: Run Behavior\WriteHtmlCacheBehavior [ RunTime:0.000326s ]
INFO: [ view_filter ] --END-- [ RunTime:0.000416s ]
INFO: [ app_end ] --START--
INFO: Run Behavior\ShowPageTraceBehavior [ RunTime:0.000443s ]
INFO: [ app_end ] --END-- [ RunTime:0.000538s ]

[ 2016-10-22T11:22:30+08:00 ] ::1 /yuanku/index.php/Admin/News/img/contacts/1.png
INFO: [ app_init ] --START--
INFO: Run Behavior\BuildLiteBehavior [ RunTime:0.000027s ]
INFO: [ app_init ] --END-- [ RunTime:0.000414s ]

[ 2016-10-22T11:22:30+08:00 ] ::1 /yuanku/index.php/Admin/News/img/contacts/4.png
INFO: [ app_init ] --START--
INFO: Run Behavior\BuildLiteBehavior [ RunTime:0.000039s ]
INFO: [ app_init ] --END-- [ RunTime:0.000607s ]

[ 2016-10-22T11:22:30+08:00 ] ::1 /yuanku/index.php/Admin/News/img/contacts/5.png
INFO: [ app_init ] --START--
INFO: Run Behavior\BuildLiteBehavior [ RunTime:0.000027s ]
INFO: [ app_init ] --END-- [ RunTime:0.000413s ]

[ 2016-10-22T11:22:30+08:00 ] ::1 /yuanku/index.php/Admin/News/img/contacts/2.png
INFO: [ app_init ] --START--
INFO: Run Behavior\BuildLiteBehavior [ RunTime:0.000042s ]
INFO: [ app_init ] --END-- [ RunTime:0.000655s ]

[ 2016-10-22T11:22:30+08:00 ] ::1 /yuanku/index.php/Admin/News/img/contacts/3.png
INFO: [ app_init ] --START--
INFO: Run Behavior\BuildLiteBehavior [ RunTime:0.000049s ]
INFO: [ app_init ] --END-- [ RunTime:0.000801s ]

[ 2016-10-22T11:22:30+08:00 ] ::1 /yuanku/index.php/Admin/News/img/contacts/1.png
INFO: [ app_init ] --START--
INFO: Run Behavior\BuildLiteBehavior [ RunTime:0.000051s ]
INFO: [ app_init ] --END-- [ RunTime:0.001222s ]

[ 2016-10-22T11:22:35+08:00 ] ::1 /yuanku/index.php/Admin/client/client_list.html
INFO: [ app_init ] --START--
INFO: Run Behavior\BuildLiteBehavior [ RunTime:0.000081s ]
INFO: [ app_init ] --END-- [ RunTime:0.001228s ]
INFO: [ app_begin ] --START--
INFO: Run Behavior\ReadHtmlCacheBehavior [ RunTime:0.001285s ]
INFO: [ app_begin ] --END-- [ RunTime:0.001618s ]
SQL: SHOW COLUMNS FROM `client_user` [ RunTime:0.0052s ]
SQL: SELECT * FROM `client_user`  [ RunTime:0.0009s ]
INFO: [ view_parse ] --START--
INFO: [ template_filter ] --START--
INFO: Run Behavior\ContentReplaceBehavior [ RunTime:0.000202s ]
INFO: [ template_filter ] --END-- [ RunTime:0.000321s ]
NOTIC: [8] Undefined variable: title D:\wamp\www\yuanku\Application\Runtime\Cache\Admin\bb7a653ce0ff9b672e7e52e209ea5a59.php 第 4 行.
NOTIC: [8] Undefined variable: user_info D:\wamp\www\yuanku\Application\Runtime\Cache\Admin\bb7a653ce0ff9b672e7e52e209ea5a59.php 第 125 行.
NOTIC: [8] Undefined variable: user_info D:\wamp\www\yuanku\Application\Runtime\Cache\Admin\bb7a653ce0ff9b672e7e52e209ea5a59.php 第 130 行.
NOTIC: [8] Undefined variable: client_iemail_address D:\wamp\www\yuanku\Application\Runtime\Cache\Admin\bb7a653ce0ff9b672e7e52e209ea5a59.php 第 400 行.
NOTIC: [8] Undefined variable: vo D:\wamp\www\yuanku\Application\Runtime\Cache\Admin\bb7a653ce0ff9b672e7e52e209ea5a59.php 第 401 行.
NOTIC: [8] Use of undefined constant id - assumed 'id' D:\wamp\www\yuanku\Application\Runtime\Cache\Admin\bb7a653ce0ff9b672e7e52e209ea5a59.php 第 404 行.
NOTIC: [8] Use of undefined constant id - assumed 'id' D:\wamp\www\yuanku\Application\Runtime\Cache\Admin\bb7a653ce0ff9b672e7e52e209ea5a59.php 第 405 行.
NOTIC: [8] Undefined variable: client_iemail_address D:\wamp\www\yuanku\Application\Runtime\Cache\Admin\bb7a653ce0ff9b672e7e52e209ea5a59.php 第 400 行.
NOTIC: [8] Undefined variable: vo D:\wamp\www\yuanku\Application\Runtime\Cache\Admin\bb7a653ce0ff9b672e7e52e209ea5a59.php 第 401 行.
NOTIC: [8] Use of undefined constant id - assumed 'id' D:\wamp\www\yuanku\Application\Runtime\Cache\Admin\bb7a653ce0ff9b672e7e52e209ea5a59.php 第 404 行.
NOTIC: [8] Use of undefined constant id - assumed 'id' D:\wamp\www\yuanku\Application\Runtime\Cache\Admin\bb7a653ce0ff9b672e7e52e209ea5a59.php 第 405 行.
NOTIC: [8] Undefined variable: client_iemail_address D:\wamp\www\yuanku\Application\Runtime\Cache\Admin\bb7a653ce0ff9b672e7e52e209ea5a59.php 第 400 行.
NOTIC: [8] Undefined variable: vo D:\wamp\www\yuanku\Application\Runtime\Cache\Admin\bb7a653ce0ff9b672e7e52e209ea5a59.php 第 401 行.
NOTIC: [8] Use of undefined constant id - assumed 'id' D:\wamp\www\yuanku\Application\Runtime\Cache\Admin\bb7a653ce0ff9b672e7e52e209ea5a59.php 第 404 行.
NOTIC: [8] Use of undefined constant id - assumed 'id' D:\wamp\www\yuanku\Application\Runtime\Cache\Admin\bb7a653ce0ff9b672e7e52e209ea5a59.php 第 405 行.
NOTIC: [8] Undefined variable: client_iemail_address D:\wamp\www\yuanku\Application\Runtime\Cache\Admin\bb7a653ce0ff9b672e7e52e209ea5a59.php 第 400 行.
NOTIC: [8] Undefined variable: vo D:\wamp\www\yuanku\Application\Runtime\Cache\Admin\bb7a653ce0ff9b672e7e52e209ea5a59.php 第 401 行.
NOTIC: [8] Use of undefined constant id - assumed 'id' D:\wamp\www\yuanku\Application\Runtime\Cache\Admin\bb7a653ce0ff9b672e7e52e209ea5a59.php 第 404 行.
NOTIC: [8] Use of undefined constant id - assumed 'id' D:\wamp\www\yuanku\Application\Runtime\Cache\Admin\bb7a653ce0ff9b672e7e52e209ea5a59.php 第 405 行.
INFO: Run Behavior\ParseTemplateBehavior [ RunTime:0.023870s ]
INFO: [ view_parse ] --END-- [ RunTime:0.024029s ]
INFO: [ view_filter ] --START--
INFO: Run Behavior\WriteHtmlCacheBehavior [ RunTime:0.000328s ]
INFO: [ view_filter ] --END-- [ RunTime:0.000432s ]
INFO: [ app_end ] --START--
INFO: Run Behavior\ShowPageTraceBehavior [ RunTime:0.000435s ]
INFO: [ app_end ] --END-- [ RunTime:0.000538s ]

[ 2016-10-22T11:22:35+08:00 ] ::1 /yuanku/index.php/Admin/client/img/contacts/1.png
INFO: [ app_init ] --START--
INFO: Run Behavior\BuildLiteBehavior [ RunTime:0.000041s ]
INFO: [ app_init ] --END-- [ RunTime:0.000607s ]

[ 2016-10-22T11:22:35+08:00 ] ::1 /yuanku/index.php/Admin/client/img/contacts/2.png
INFO: [ app_init ] --START--
INFO: Run Behavior\BuildLiteBehavior [ RunTime:0.000039s ]
INFO: [ app_init ] --END-- [ RunTime:0.000610s ]

[ 2016-10-22T11:22:35+08:00 ] ::1 /yuanku/index.php/Admin/client/img/contacts/5.png
INFO: [ app_init ] --START--
INFO: Run Behavior\BuildLiteBehavior [ RunTime:0.000045s ]
INFO: [ app_init ] --END-- [ RunTime:0.000649s ]

[ 2016-10-22T11:22:35+08:00 ] ::1 /yuanku/index.php/Admin/client/img/contacts/4.png
INFO: [ app_init ] --START--
INFO: Run Behavior\BuildLiteBehavior [ RunTime:0.000041s ]
INFO: [ app_init ] --END-- [ RunTime:0.000758s ]

[ 2016-10-22T11:22:35+08:00 ] ::1 /yuanku/index.php/Admin/client/img/contacts/3.png
INFO: [ app_init ] --START--
INFO: Run Behavior\BuildLiteBehavior [ RunTime:0.000043s ]
INFO: [ app_init ] --END-- [ RunTime:0.000620s ]

[ 2016-10-22T11:33:38+08:00 ] ::1 /yuanku/admin
INFO: [ app_init ] --START--
INFO: Run Behavior\BuildLiteBehavior [ RunTime:0.000075s ]
INFO: [ app_init ] --END-- [ RunTime:0.000905s ]
INFO: [ app_begin ] --START--
INFO: Run Behavior\ReadHtmlCacheBehavior [ RunTime:0.001267s ]
INFO: [ app_begin ] --END-- [ RunTime:0.001493s ]
INFO: [ view_parse ] --START--
INFO: [ template_filter ] --START--
INFO: Run Behavior\ContentReplaceBehavior [ RunTime:0.000134s ]
INFO: [ template_filter ] --END-- [ RunTime:0.000370s ]
INFO: Run Behavior\ParseTemplateBehavior [ RunTime:0.014642s ]
INFO: [ view_parse ] --END-- [ RunTime:0.014900s ]
INFO: [ view_filter ] --START--
INFO: Run Behavior\WriteHtmlCacheBehavior [ RunTime:0.000725s ]
INFO: [ view_filter ] --END-- [ RunTime:0.000942s ]

[ 2016-10-22T11:33:41+08:00 ] ::1 /yuanku/index.php/Admin/Login/index.html
INFO: [ app_init ] --START--
INFO: Run Behavior\BuildLiteBehavior [ RunTime:0.000047s ]
INFO: [ app_init ] --END-- [ RunTime:0.000849s ]
INFO: [ app_begin ] --START--
INFO: Run Behavior\ReadHtmlCacheBehavior [ RunTime:0.001181s ]
INFO: [ app_begin ] --END-- [ RunTime:0.001418s ]
INFO: [ view_parse ] --START--
INFO: [ template_filter ] --START--
INFO: Run Behavior\ContentReplaceBehavior [ RunTime:0.000183s ]
INFO: [ template_filter ] --END-- [ RunTime:0.000428s ]
NOTIC: [8] Undefined variable: title D:\wamp\www\yuanku\Application\Runtime\Cache\Admin\32ec6c906c117a7c2bf504769276d87a.php 第 4 行.
INFO: Run Behavior\ParseTemplateBehavior [ RunTime:0.016482s ]
INFO: [ view_parse ] --END-- [ RunTime:0.016829s ]
INFO: [ view_filter ] --START--
INFO: Run Behavior\WriteHtmlCacheBehavior [ RunTime:0.000720s ]
INFO: [ view_filter ] --END-- [ RunTime:0.000907s ]
INFO: [ app_end ] --START--
INFO: Run Behavior\ShowPageTraceBehavior [ RunTime:0.001170s ]
INFO: [ app_end ] --END-- [ RunTime:0.001365s ]

[ 2016-10-22T11:33:41+08:00 ] ::1 /yuanku/index.php/Admin/Login/get_verify.html
INFO: [ app_init ] --START--
INFO: Run Behavior\BuildLiteBehavior [ RunTime:0.000053s ]
INFO: [ app_init ] --END-- [ RunTime:0.000500s ]
INFO: [ app_begin ] --START--
INFO: Run Behavior\ReadHtmlCacheBehavior [ RunTime:0.000690s ]
INFO: [ app_begin ] --END-- [ RunTime:0.000818s ]
INFO: [ app_end ] --START--
INFO: Run Behavior\ShowPageTraceBehavior [ RunTime:0.003144s ]
INFO: [ app_end ] --END-- [ RunTime:0.003382s ]

[ 2016-10-22T11:33:51+08:00 ] ::1 /yuanku/index.php/Admin/Login/get_verify.html?0.2518959286211926
INFO: [ app_init ] --START--
INFO: Run Behavior\BuildLiteBehavior [ RunTime:0.000048s ]
INFO: [ app_init ] --END-- [ RunTime:0.000808s ]
INFO: [ app_begin ] --START--
INFO: Run Behavior\ReadHtmlCacheBehavior [ RunTime:0.001481s ]
INFO: [ app_begin ] --END-- [ RunTime:0.001702s ]
INFO: [ app_end ] --START--
INFO: Run Behavior\ShowPageTraceBehavior [ RunTime:0.002351s ]
INFO: [ app_end ] --END-- [ RunTime:0.002749s ]

[ 2016-10-22T11:33:53+08:00 ] ::1 /yuanku/index.php/Admin/Login/get_verify.html?0.9559579103602889
INFO: [ app_init ] --START--
INFO: Run Behavior\BuildLiteBehavior [ RunTime:0.000046s ]
INFO: [ app_init ] --END-- [ RunTime:0.000825s ]
INFO: [ app_begin ] --START--
INFO: Run Behavior\ReadHtmlCacheBehavior [ RunTime:0.001387s ]
INFO: [ app_begin ] --END-- [ RunTime:0.001603s ]
INFO: [ app_end ] --START--
INFO: Run Behavior\ShowPageTraceBehavior [ RunTime:0.001700s ]
INFO: [ app_end ] --END-- [ RunTime:0.001939s ]

[ 2016-10-22T11:34:03+08:00 ] ::1 /yuanku/index.php/Admin/Login/ajax_login.html
INFO: [ app_init ] --START--
INFO: Run Behavior\BuildLiteBehavior [ RunTime:0.000044s ]
INFO: [ app_init ] --END-- [ RunTime:0.000744s ]
INFO: [ app_begin ] --START--
INFO: Run Behavior\ReadHtmlCacheBehavior [ RunTime:0.001184s ]
INFO: [ app_begin ] --END-- [ RunTime:0.001398s ]
SQL: SHOW COLUMNS FROM `admin_user` [ RunTime:0.0045s ]
SQL: SELECT * FROM `admin_user` WHERE ( user_name="admin" and user_pwd="123456" ) LIMIT 1   [ RunTime:0.0005s ]

[ 2016-10-22T11:34:03+08:00 ] ::1 /yuanku/index.php/Admin/index/index.html
INFO: [ app_init ] --START--
INFO: Run Behavior\BuildLiteBehavior [ RunTime:0.000045s ]
INFO: [ app_init ] --END-- [ RunTime:0.000749s ]
INFO: [ app_begin ] --START--
INFO: Run Behavior\ReadHtmlCacheBehavior [ RunTime:0.001320s ]
INFO: [ app_begin ] --END-- [ RunTime:0.001541s ]
SQL: SHOW COLUMNS FROM `admin_user` [ RunTime:0.0030s ]
SQL: SELECT * FROM `admin_user` WHERE ( id=12 ) LIMIT 1   [ RunTime:0.0003s ]
INFO: [ view_parse ] --START--
INFO: [ template_filter ] --START--
INFO: Run Behavior\ContentReplaceBehavior [ RunTime:0.000289s ]
INFO: [ template_filter ] --END-- [ RunTime:0.000442s ]
NOTIC: [8] Undefined variable: title D:\wamp\www\yuanku\Application\Runtime\Cache\Admin\b595b808c2ebeeeb0478ffc30bb4e87a.php 第 4 行.
INFO: Run Behavior\ParseTemplateBehavior [ RunTime:0.016084s ]
INFO: [ view_parse ] --END-- [ RunTime:0.016196s ]
INFO: [ view_filter ] --START--
INFO: Run Behavior\WriteHtmlCacheBehavior [ RunTime:0.000483s ]
INFO: [ view_filter ] --END-- [ RunTime:0.000594s ]
INFO: [ app_end ] --START--
INFO: Run Behavior\ShowPageTraceBehavior [ RunTime:0.000831s ]
INFO: [ app_end ] --END-- [ RunTime:0.000938s ]

[ 2016-10-22T11:34:03+08:00 ] ::1 /yuanku/index.php/Admin/index/img/contacts/3.png
INFO: [ app_init ] --START--
INFO: Run Behavior\BuildLiteBehavior [ RunTime:0.000045s ]
INFO: [ app_init ] --END-- [ RunTime:0.000729s ]

[ 2016-10-22T11:34:03+08:00 ] ::1 /yuanku/index.php/Admin/index/img/contacts/1.png
INFO: [ app_init ] --START--
INFO: Run Behavior\BuildLiteBehavior [ RunTime:0.000041s ]
INFO: [ app_init ] --END-- [ RunTime:0.000735s ]

[ 2016-10-22T11:34:03+08:00 ] ::1 /yuanku/index.php/Admin/index/img/contacts/4.png
INFO: [ app_init ] --START--
INFO: Run Behavior\BuildLiteBehavior [ RunTime:0.000042s ]
INFO: [ app_init ] --END-- [ RunTime:0.000737s ]

[ 2016-10-22T11:34:03+08:00 ] ::1 /yuanku/index.php/Admin/index/img/contacts/5.png
INFO: [ app_init ] --START--
INFO: Run Behavior\BuildLiteBehavior [ RunTime:0.000064s ]
INFO: [ app_init ] --END-- [ RunTime:0.000759s ]

[ 2016-10-22T11:34:03+08:00 ] ::1 /yuanku/index.php/Admin/index/img/contacts/2.png
INFO: [ app_init ] --START--
INFO: Run Behavior\BuildLiteBehavior [ RunTime:0.000096s ]
INFO: [ app_init ] --END-- [ RunTime:0.001207s ]

[ 2016-10-22T11:34:06+08:00 ] ::1 /yuanku/index.php/Admin/client/client_list.html
INFO: [ app_init ] --START--
INFO: Run Behavior\BuildLiteBehavior [ RunTime:0.000072s ]
INFO: [ app_init ] --END-- [ RunTime:0.000626s ]
INFO: [ app_begin ] --START--
INFO: Run Behavior\ReadHtmlCacheBehavior [ RunTime:0.000740s ]
INFO: [ app_begin ] --END-- [ RunTime:0.000897s ]

[ 2016-10-22T11:34:12+08:00 ] ::1 /yuanku/index.php/Admin/client/client_list.html
INFO: [ app_init ] --START--
INFO: Run Behavior\BuildLiteBehavior [ RunTime:0.000023s ]
INFO: [ app_init ] --END-- [ RunTime:0.000438s ]
INFO: [ app_begin ] --START--
INFO: Run Behavior\ReadHtmlCacheBehavior [ RunTime:0.000605s ]
INFO: [ app_begin ] --END-- [ RunTime:0.000715s ]

[ 2016-10-22T11:34:33+08:00 ] ::1 /yuanku/index.php/Admin/client/client_list.html
INFO: [ app_init ] --START--
INFO: Run Behavior\BuildLiteBehavior [ RunTime:0.000051s ]
INFO: [ app_init ] --END-- [ RunTime:0.000939s ]
INFO: [ app_begin ] --START--
INFO: Run Behavior\ReadHtmlCacheBehavior [ RunTime:0.001288s ]
INFO: [ app_begin ] --END-- [ RunTime:0.001580s ]
SQL: SHOW COLUMNS FROM `client_user` [ RunTime:0.0028s ]
SQL: SELECT * FROM `client_user`  [ RunTime:0.0004s ]
INFO: [ view_parse ] --START--
INFO: [ template_filter ] --START--
INFO: Run Behavior\ContentReplaceBehavior [ RunTime:0.000226s ]
INFO: [ template_filter ] --END-- [ RunTime:0.000342s ]
NOTIC: [8] Undefined variable: title D:\wamp\www\yuanku\Application\Runtime\Cache\Admin\bb7a653ce0ff9b672e7e52e209ea5a59.php 第 4 行.
NOTIC: [8] Undefined variable: user_info D:\wamp\www\yuanku\Application\Runtime\Cache\Admin\bb7a653ce0ff9b672e7e52e209ea5a59.php 第 125 行.
NOTIC: [8] Undefined variable: user_info D:\wamp\www\yuanku\Application\Runtime\Cache\Admin\bb7a653ce0ff9b672e7e52e209ea5a59.php 第 130 行.
NOTIC: [8] Undefined variable: client_iemail_address D:\wamp\www\yuanku\Application\Runtime\Cache\Admin\bb7a653ce0ff9b672e7e52e209ea5a59.php 第 400 行.
NOTIC: [8] Undefined variable: vo D:\wamp\www\yuanku\Application\Runtime\Cache\Admin\bb7a653ce0ff9b672e7e52e209ea5a59.php 第 401 行.
NOTIC: [8] Use of undefined constant id - assumed 'id' D:\wamp\www\yuanku\Application\Runtime\Cache\Admin\bb7a653ce0ff9b672e7e52e209ea5a59.php 第 404 行.
NOTIC: [8] Use of undefined constant id - assumed 'id' D:\wamp\www\yuanku\Application\Runtime\Cache\Admin\bb7a653ce0ff9b672e7e52e209ea5a59.php 第 405 行.
NOTIC: [8] Undefined variable: client_iemail_address D:\wamp\www\yuanku\Application\Runtime\Cache\Admin\bb7a653ce0ff9b672e7e52e209ea5a59.php 第 400 行.
NOTIC: [8] Undefined variable: vo D:\wamp\www\yuanku\Application\Runtime\Cache\Admin\bb7a653ce0ff9b672e7e52e209ea5a59.php 第 401 行.
NOTIC: [8] Use of undefined constant id - assumed 'id' D:\wamp\www\yuanku\Application\Runtime\Cache\Admin\bb7a653ce0ff9b672e7e52e209ea5a59.php 第 404 行.
NOTIC: [8] Use of undefined constant id - assumed 'id' D:\wamp\www\yuanku\Application\Runtime\Cache\Admin\bb7a653ce0ff9b672e7e52e209ea5a59.php 第 405 行.
NOTIC: [8] Undefined variable: client_iemail_address D:\wamp\www\yuanku\Application\Runtime\Cache\Admin\bb7a653ce0ff9b672e7e52e209ea5a59.php 第 400 行.
NOTIC: [8] Undefined variable: vo D:\wamp\www\yuanku\Application\Runtime\Cache\Admin\bb7a653ce0ff9b672e7e52e209ea5a59.php 第 401 行.
NOTIC: [8] Use of undefined constant id - assumed 'id' D:\wamp\www\yuanku\Application\Runtime\Cache\Admin\bb7a653ce0ff9b672e7e52e209ea5a59.php 第 404 行.
NOTIC: [8] Use of undefined constant id - assumed 'id' D:\wamp\www\yuanku\Application\Runtime\Cache\Admin\bb7a653ce0ff9b672e7e52e209ea5a59.php 第 405 行.
NOTIC: [8] Undefined variable: client_iemail_address D:\wamp\www\yuanku\Application\Runtime\Cache\Admin\bb7a653ce0ff9b672e7e52e209ea5a59.php 第 400 行.
NOTIC: [8] Undefined variable: vo D:\wamp\www\yuanku\Application\Runtime\Cache\Admin\bb7a653ce0ff9b672e7e52e209ea5a59.php 第 401 行.
NOTIC: [8] Use of undefined constant id - assumed 'id' D:\wamp\www\yuanku\Application\Runtime\Cache\Admin\bb7a653ce0ff9b672e7e52e209ea5a59.php 第 404 行.
NOTIC: [8] Use of undefined constant id - assumed 'id' D:\wamp\www\yuanku\Application\Runtime\Cache\Admin\bb7a653ce0ff9b672e7e52e209ea5a59.php 第 405 行.
INFO: Run Behavior\ParseTemplateBehavior [ RunTime:0.021832s ]
INFO: [ view_parse ] --END-- [ RunTime:0.021941s ]
INFO: [ view_filter ] --START--
INFO: Run Behavior\WriteHtmlCacheBehavior [ RunTime:0.000354s ]
INFO: [ view_filter ] --END-- [ RunTime:0.000441s ]
INFO: [ app_end ] --START--
INFO: Run Behavior\ShowPageTraceBehavior [ RunTime:0.000708s ]
INFO: [ app_end ] --END-- [ RunTime:0.000826s ]

[ 2016-10-22T11:34:33+08:00 ] ::1 /yuanku/index.php/Admin/client/img/contacts/3.png
INFO: [ app_init ] --START--
INFO: Run Behavior\BuildLiteBehavior [ RunTime:0.000043s ]
INFO: [ app_init ] --END-- [ RunTime:0.000658s ]

[ 2016-10-22T11:34:33+08:00 ] ::1 /yuanku/index.php/Admin/client/img/contacts/4.png
INFO: [ app_init ] --START--
INFO: Run Behavior\BuildLiteBehavior [ RunTime:0.000039s ]
INFO: [ app_init ] --END-- [ RunTime:0.000678s ]

[ 2016-10-22T11:34:33+08:00 ] ::1 /yuanku/index.php/Admin/client/img/contacts/2.png
INFO: [ app_init ] --START--
INFO: Run Behavior\BuildLiteBehavior [ RunTime:0.000040s ]
INFO: [ app_init ] --END-- [ RunTime:0.000662s ]

[ 2016-10-22T11:34:33+08:00 ] ::1 /yuanku/index.php/Admin/client/img/contacts/1.png
INFO: [ app_init ] --START--
INFO: Run Behavior\BuildLiteBehavior [ RunTime:0.000043s ]
INFO: [ app_init ] --END-- [ RunTime:0.000677s ]

[ 2016-10-22T11:34:33+08:00 ] ::1 /yuanku/index.php/Admin/client/img/contacts/5.png
INFO: [ app_init ] --START--
INFO: Run Behavior\BuildLiteBehavior [ RunTime:0.000038s ]
INFO: [ app_init ] --END-- [ RunTime:0.000612s ]

[ 2016-10-22T11:34:37+08:00 ] ::1 /yuanku/index.php/Admin/client/client_list.html
INFO: [ app_init ] --START--
INFO: Run Behavior\BuildLiteBehavior [ RunTime:0.000027s ]
INFO: [ app_init ] --END-- [ RunTime:0.000457s ]
INFO: [ app_begin ] --START--
INFO: Run Behavior\ReadHtmlCacheBehavior [ RunTime:0.001212s ]
INFO: [ app_begin ] --END-- [ RunTime:0.001360s ]
SQL: SHOW COLUMNS FROM `client_user` [ RunTime:0.0029s ]
SQL: SELECT * FROM `client_user`  [ RunTime:0.0004s ]
INFO: [ view_parse ] --START--
INFO: [ template_filter ] --START--
INFO: Run Behavior\ContentReplaceBehavior [ RunTime:0.000218s ]
INFO: [ template_filter ] --END-- [ RunTime:0.000349s ]
NOTIC: [8] Undefined variable: title D:\wamp\www\yuanku\Application\Runtime\Cache\Admin\bb7a653ce0ff9b672e7e52e209ea5a59.php 第 4 行.
NOTIC: [8] Undefined variable: user_info D:\wamp\www\yuanku\Application\Runtime\Cache\Admin\bb7a653ce0ff9b672e7e52e209ea5a59.php 第 125 行.
NOTIC: [8] Undefined variable: user_info D:\wamp\www\yuanku\Application\Runtime\Cache\Admin\bb7a653ce0ff9b672e7e52e209ea5a59.php 第 130 行.
NOTIC: [8] Undefined variable: client_iemail_address D:\wamp\www\yuanku\Application\Runtime\Cache\Admin\bb7a653ce0ff9b672e7e52e209ea5a59.php 第 400 行.
NOTIC: [8] Undefined variable: vo D:\wamp\www\yuanku\Application\Runtime\Cache\Admin\bb7a653ce0ff9b672e7e52e209ea5a59.php 第 401 行.
NOTIC: [8] Use of undefined constant id - assumed 'id' D:\wamp\www\yuanku\Application\Runtime\Cache\Admin\bb7a653ce0ff9b672e7e52e209ea5a59.php 第 404 行.
NOTIC: [8] Use of undefined constant id - assumed 'id' D:\wamp\www\yuanku\Application\Runtime\Cache\Admin\bb7a653ce0ff9b672e7e52e209ea5a59.php 第 405 行.
NOTIC: [8] Undefined variable: client_iemail_address D:\wamp\www\yuanku\Application\Runtime\Cache\Admin\bb7a653ce0ff9b672e7e52e209ea5a59.php 第 400 行.
NOTIC: [8] Undefined variable: vo D:\wamp\www\yuanku\Application\Runtime\Cache\Admin\bb7a653ce0ff9b672e7e52e209ea5a59.php 第 401 行.
NOTIC: [8] Use of undefined constant id - assumed 'id' D:\wamp\www\yuanku\Application\Runtime\Cache\Admin\bb7a653ce0ff9b672e7e52e209ea5a59.php 第 404 行.
NOTIC: [8] Use of undefined constant id - assumed 'id' D:\wamp\www\yuanku\Application\Runtime\Cache\Admin\bb7a653ce0ff9b672e7e52e209ea5a59.php 第 405 行.
NOTIC: [8] Undefined variable: client_iemail_address D:\wamp\www\yuanku\Application\Runtime\Cache\Admin\bb7a653ce0ff9b672e7e52e209ea5a59.php 第 400 行.
NOTIC: [8] Undefined variable: vo D:\wamp\www\yuanku\Application\Runtime\Cache\Admin\bb7a653ce0ff9b672e7e52e209ea5a59.php 第 401 行.
NOTIC: [8] Use of undefined constant id - assumed 'id' D:\wamp\www\yuanku\Application\Runtime\Cache\Admin\bb7a653ce0ff9b672e7e52e209ea5a59.php 第 404 行.
NOTIC: [8] Use of undefined constant id - assumed 'id' D:\wamp\www\yuanku\Application\Runtime\Cache\Admin\bb7a653ce0ff9b672e7e52e209ea5a59.php 第 405 行.
NOTIC: [8] Undefined variable: client_iemail_address D:\wamp\www\yuanku\Application\Runtime\Cache\Admin\bb7a653ce0ff9b672e7e52e209ea5a59.php 第 400 行.
NOTIC: [8] Undefined variable: vo D:\wamp\www\yuanku\Application\Runtime\Cache\Admin\bb7a653ce0ff9b672e7e52e209ea5a59.php 第 401 行.
NOTIC: [8] Use of undefined constant id - assumed 'id' D:\wamp\www\yuanku\Application\Runtime\Cache\Admin\bb7a653ce0ff9b672e7e52e209ea5a59.php 第 404 行.
NOTIC: [8] Use of undefined constant id - assumed 'id' D:\wamp\www\yuanku\Application\Runtime\Cache\Admin\bb7a653ce0ff9b672e7e52e209ea5a59.php 第 405 行.
INFO: Run Behavior\ParseTemplateBehavior [ RunTime:0.026088s ]
INFO: [ view_parse ] --END-- [ RunTime:0.026197s ]
INFO: [ view_filter ] --START--
INFO: Run Behavior\WriteHtmlCacheBehavior [ RunTime:0.000532s ]
INFO: [ view_filter ] --END-- [ RunTime:0.000638s ]
INFO: [ app_end ] --START--
INFO: Run Behavior\ShowPageTraceBehavior [ RunTime:0.000590s ]
INFO: [ app_end ] --END-- [ RunTime:0.000697s ]

[ 2016-10-22T11:34:37+08:00 ] ::1 /yuanku/index.php/Admin/client/img/contacts/3.png
INFO: [ app_init ] --START--
INFO: Run Behavior\BuildLiteBehavior [ RunTime:0.000026s ]
INFO: [ app_init ] --END-- [ RunTime:0.000461s ]

[ 2016-10-22T11:34:37+08:00 ] ::1 /yuanku/index.php/Admin/client/img/contacts/2.png
INFO: [ app_init ] --START--
INFO: Run Behavior\BuildLiteBehavior [ RunTime:0.000043s ]
INFO: [ app_init ] --END-- [ RunTime:0.000730s ]

[ 2016-10-22T11:34:37+08:00 ] ::1 /yuanku/index.php/Admin/client/img/contacts/5.png
INFO: [ app_init ] --START--
INFO: Run Behavior\BuildLiteBehavior [ RunTime:0.000044s ]
INFO: [ app_init ] --END-- [ RunTime:0.000675s ]

[ 2016-10-22T11:34:37+08:00 ] ::1 /yuanku/index.php/Admin/client/img/contacts/1.png
INFO: [ app_init ] --START--
INFO: Run Behavior\BuildLiteBehavior [ RunTime:0.000043s ]
INFO: [ app_init ] --END-- [ RunTime:0.000641s ]

[ 2016-10-22T11:34:37+08:00 ] ::1 /yuanku/index.php/Admin/client/img/contacts/4.png
INFO: [ app_init ] --START--
INFO: Run Behavior\BuildLiteBehavior [ RunTime:0.000043s ]
INFO: [ app_init ] --END-- [ RunTime:0.000658s ]

[ 2016-10-22T11:34:43+08:00 ] ::1 /yuanku/index.php/Admin/client/client_list.html
INFO: [ app_init ] --START--
INFO: Run Behavior\BuildLiteBehavior [ RunTime:0.000043s ]
INFO: [ app_init ] --END-- [ RunTime:0.000775s ]
INFO: [ app_begin ] --START--
INFO: Run Behavior\ReadHtmlCacheBehavior [ RunTime:0.001061s ]
INFO: [ app_begin ] --END-- [ RunTime:0.001264s ]
SQL: SHOW COLUMNS FROM `client_user` [ RunTime:0.0029s ]
SQL: SELECT * FROM `client_user`  [ RunTime:0.0007s ]
INFO: [ view_parse ] --START--
INFO: [ template_filter ] --START--
INFO: Run Behavior\ContentReplaceBehavior [ RunTime:0.000253s ]
INFO: [ template_filter ] --END-- [ RunTime:0.000380s ]
NOTIC: [8] Undefined variable: title D:\wamp\www\yuanku\Application\Runtime\Cache\Admin\bb7a653ce0ff9b672e7e52e209ea5a59.php 第 4 行.
NOTIC: [8] Undefined variable: user_info D:\wamp\www\yuanku\Application\Runtime\Cache\Admin\bb7a653ce0ff9b672e7e52e209ea5a59.php 第 125 行.
NOTIC: [8] Undefined variable: user_info D:\wamp\www\yuanku\Application\Runtime\Cache\Admin\bb7a653ce0ff9b672e7e52e209ea5a59.php 第 130 行.
NOTIC: [8] Undefined variable: client_iemail_address D:\wamp\www\yuanku\Application\Runtime\Cache\Admin\bb7a653ce0ff9b672e7e52e209ea5a59.php 第 400 行.
NOTIC: [8] Undefined variable: vo D:\wamp\www\yuanku\Application\Runtime\Cache\Admin\bb7a653ce0ff9b672e7e52e209ea5a59.php 第 401 行.
NOTIC: [8] Use of undefined constant id - assumed 'id' D:\wamp\www\yuanku\Application\Runtime\Cache\Admin\bb7a653ce0ff9b672e7e52e209ea5a59.php 第 404 行.
NOTIC: [8] Use of undefined constant id - assumed 'id' D:\wamp\www\yuanku\Application\Runtime\Cache\Admin\bb7a653ce0ff9b672e7e52e209ea5a59.php 第 405 行.
NOTIC: [8] Undefined variable: client_iemail_address D:\wamp\www\yuanku\Application\Runtime\Cache\Admin\bb7a653ce0ff9b672e7e52e209ea5a59.php 第 400 行.
NOTIC: [8] Undefined variable: vo D:\wamp\www\yuanku\Application\Runtime\Cache\Admin\bb7a653ce0ff9b672e7e52e209ea5a59.php 第 401 行.
NOTIC: [8] Use of undefined constant id - assumed 'id' D:\wamp\www\yuanku\Application\Runtime\Cache\Admin\bb7a653ce0ff9b672e7e52e209ea5a59.php 第 404 行.
NOTIC: [8] Use of undefined constant id - assumed 'id' D:\wamp\www\yuanku\Application\Runtime\Cache\Admin\bb7a653ce0ff9b672e7e52e209ea5a59.php 第 405 行.
NOTIC: [8] Undefined variable: client_iemail_address D:\wamp\www\yuanku\Application\Runtime\Cache\Admin\bb7a653ce0ff9b672e7e52e209ea5a59.php 第 400 行.
NOTIC: [8] Undefined variable: vo D:\wamp\www\yuanku\Application\Runtime\Cache\Admin\bb7a653ce0ff9b672e7e52e209ea5a59.php 第 401 行.
NOTIC: [8] Use of undefined constant id - assumed 'id' D:\wamp\www\yuanku\Application\Runtime\Cache\Admin\bb7a653ce0ff9b672e7e52e209ea5a59.php 第 404 行.
NOTIC: [8] Use of undefined constant id - assumed 'id' D:\wamp\www\yuanku\Application\Runtime\Cache\Admin\bb7a653ce0ff9b672e7e52e209ea5a59.php 第 405 行.
NOTIC: [8] Undefined variable: client_iemail_address D:\wamp\www\yuanku\Application\Runtime\Cache\Admin\bb7a653ce0ff9b672e7e52e209ea5a59.php 第 400 行.
NOTIC: [8] Undefined variable: vo D:\wamp\www\yuanku\Application\Runtime\Cache\Admin\bb7a653ce0ff9b672e7e52e209ea5a59.php 第 401 行.
NOTIC: [8] Use of undefined constant id - assumed 'id' D:\wamp\www\yuanku\Application\Runtime\Cache\Admin\bb7a653ce0ff9b672e7e52e209ea5a59.php 第 404 行.
NOTIC: [8] Use of undefined constant id - assumed 'id' D:\wamp\www\yuanku\Application\Runtime\Cache\Admin\bb7a653ce0ff9b672e7e52e209ea5a59.php 第 405 行.
INFO: Run Behavior\ParseTemplateBehavior [ RunTime:0.021138s ]
INFO: [ view_parse ] --END-- [ RunTime:0.021264s ]
INFO: [ view_filter ] --START--
INFO: Run Behavior\WriteHtmlCacheBehavior [ RunTime:0.000428s ]
INFO: [ view_filter ] --END-- [ RunTime:0.000526s ]
INFO: [ app_end ] --START--
INFO: Run Behavior\ShowPageTraceBehavior [ RunTime:0.001125s ]
INFO: [ app_end ] --END-- [ RunTime:0.001246s ]

[ 2016-10-22T11:34:43+08:00 ] ::1 /yuanku/index.php/Admin/client/img/contacts/4.png
INFO: [ app_init ] --START--
INFO: Run Behavior\BuildLiteBehavior [ RunTime:0.000047s ]
INFO: [ app_init ] --END-- [ RunTime:0.000681s ]

[ 2016-10-22T11:34:43+08:00 ] ::1 /yuanku/index.php/Admin/client/img/contacts/2.png
INFO: [ app_init ] --START--
INFO: Run Behavior\BuildLiteBehavior [ RunTime:0.000042s ]
INFO: [ app_init ] --END-- [ RunTime:0.000677s ]

[ 2016-10-22T11:34:43+08:00 ] ::1 /yuanku/index.php/Admin/client/img/contacts/3.png
INFO: [ app_init ] --START--
INFO: Run Behavior\BuildLiteBehavior [ RunTime:0.000027s ]
INFO: [ app_init ] --END-- [ RunTime:0.000465s ]

[ 2016-10-22T11:34:43+08:00 ] ::1 /yuanku/index.php/Admin/client/img/contacts/1.png
INFO: [ app_init ] --START--
INFO: Run Behavior\BuildLiteBehavior [ RunTime:0.000042s ]
INFO: [ app_init ] --END-- [ RunTime:0.000664s ]

[ 2016-10-22T11:34:43+08:00 ] ::1 /yuanku/index.php/Admin/client/img/contacts/5.png
INFO: [ app_init ] --START--
INFO: Run Behavior\BuildLiteBehavior [ RunTime:0.000040s ]
INFO: [ app_init ] --END-- [ RunTime:0.000683s ]

[ 2016-10-22T11:34:45+08:00 ] ::1 /yuanku/index.php/Admin/Client/client_edit/id/27.html
INFO: [ app_init ] --START--
INFO: Run Behavior\BuildLiteBehavior [ RunTime:0.000048s ]
INFO: [ app_init ] --END-- [ RunTime:0.000801s ]
INFO: [ app_begin ] --START--
INFO: Run Behavior\ReadHtmlCacheBehavior [ RunTime:0.001114s ]
INFO: [ app_begin ] --END-- [ RunTime:0.001336s ]
INFO: [ app_end ] --START--
INFO: Run Behavior\ShowPageTraceBehavior [ RunTime:0.001048s ]
INFO: [ app_end ] --END-- [ RunTime:0.001235s ]

