[ 2016-10-04T11:17:38+08:00 ] ::1 /lidong/yuanku/admin
INFO: [ app_init ] --START--
INFO: Run Behavior\BuildLiteBehavior [ RunTime:0.000026s ]
INFO: [ app_init ] --END-- [ RunTime:0.000526s ]
INFO: [ app_begin ] --START--
INFO: Run Behavior\ReadHtmlCacheBehavior [ RunTime:0.000752s ]
INFO: [ app_begin ] --END-- [ RunTime:0.000900s ]

[ 2016-10-04T11:19:38+08:00 ] ::1 /lidong/yuanku/admin
INFO: [ app_init ] --START--
INFO: Run Behavior\BuildLiteBehavior [ RunTime:0.000056s ]
INFO: [ app_init ] --END-- [ RunTime:0.000976s ]
INFO: [ app_begin ] --START--
INFO: Run Behavior\ReadHtmlCacheBehavior [ RunTime:0.003042s ]
INFO: [ app_begin ] --END-- [ RunTime:0.003301s ]

[ 2016-10-04T14:41:46+08:00 ] ::1 /lidong/yuanku/admin
INFO: [ app_init ] --START--
INFO: Run Behavior\BuildLiteBehavior [ RunTime:0.000056s ]
INFO: [ app_init ] --END-- [ RunTime:0.001086s ]
INFO: [ app_begin ] --START--
INFO: Run Behavior\ReadHtmlCacheBehavior [ RunTime:0.000925s ]
INFO: [ app_begin ] --END-- [ RunTime:0.001101s ]

[ 2016-10-04T14:41:57+08:00 ] 127.0.0.1 /lidong/yuanku/admin/news
INFO: [ app_init ] --START--
INFO: Run Behavior\BuildLiteBehavior [ RunTime:0.000046s ]
INFO: [ app_init ] --END-- [ RunTime:0.000846s ]
INFO: [ app_begin ] --START--
INFO: Run Behavior\ReadHtmlCacheBehavior [ RunTime:0.001164s ]
INFO: [ app_begin ] --END-- [ RunTime:0.001414s ]
INFO: [ view_parse ] --START--
INFO: [ template_filter ] --START--
INFO: Run Behavior\ContentReplaceBehavior [ RunTime:0.000327s ]
INFO: [ template_filter ] --END-- [ RunTime:0.000544s ]
NOTIC: [8] Undefined variable: title E:\mysql\wamp\www\lidong\yuanku\Application\Runtime\Cache\Admin\36087655c6ab8580337cdc45b35a926d.php 第 4 行.
INFO: Run Behavior\ParseTemplateBehavior [ RunTime:0.078403s ]
INFO: [ view_parse ] --END-- [ RunTime:0.078633s ]
INFO: [ view_filter ] --START--
INFO: Run Behavior\WriteHtmlCacheBehavior [ RunTime:0.000742s ]
INFO: [ view_filter ] --END-- [ RunTime:0.000906s ]
INFO: [ app_end ] --START--
INFO: Run Behavior\ShowPageTraceBehavior [ RunTime:0.000756s ]
INFO: [ app_end ] --END-- [ RunTime:0.000871s ]

[ 2016-10-04T14:42:07+08:00 ] ::1 /lidong/yuanku/admin
INFO: [ app_init ] --START--
INFO: Run Behavior\BuildLiteBehavior [ RunTime:0.000051s ]
INFO: [ app_init ] --END-- [ RunTime:0.000986s ]
INFO: [ app_begin ] --START--
INFO: Run Behavior\ReadHtmlCacheBehavior [ RunTime:0.001193s ]
INFO: [ app_begin ] --END-- [ RunTime:0.001444s ]

[ 2016-10-04T14:42:16+08:00 ] 127.0.0.1 /lidong/yuanku/admin/news
INFO: [ app_init ] --START--
INFO: Run Behavior\BuildLiteBehavior [ RunTime:0.000170s ]
INFO: [ app_init ] --END-- [ RunTime:0.001760s ]
INFO: [ app_begin ] --START--
INFO: Run Behavior\ReadHtmlCacheBehavior [ RunTime:0.000839s ]
INFO: [ app_begin ] --END-- [ RunTime:0.000998s ]
INFO: [ view_parse ] --START--
INFO: [ template_filter ] --START--
INFO: Run Behavior\ContentReplaceBehavior [ RunTime:0.000389s ]
INFO: [ template_filter ] --END-- [ RunTime:0.000624s ]
NOTIC: [8] Undefined variable: title E:\mysql\wamp\www\lidong\yuanku\Application\Runtime\Cache\Admin\36087655c6ab8580337cdc45b35a926d.php 第 4 行.
INFO: Run Behavior\ParseTemplateBehavior [ RunTime:0.024987s ]
INFO: [ view_parse ] --END-- [ RunTime:0.025201s ]
INFO: [ view_filter ] --START--
INFO: Run Behavior\WriteHtmlCacheBehavior [ RunTime:0.000678s ]
INFO: [ view_filter ] --END-- [ RunTime:0.000882s ]
INFO: [ app_end ] --START--
INFO: Run Behavior\ShowPageTraceBehavior [ RunTime:0.001029s ]
INFO: [ app_end ] --END-- [ RunTime:0.001197s ]

[ 2016-10-04T14:42:32+08:00 ] 127.0.0.1 /lidong/yuanku/admin/bower_components/html5shiv/dist/html5shiv.min,js
INFO: [ app_init ] --START--
INFO: Run Behavior\BuildLiteBehavior [ RunTime:0.000052s ]
INFO: [ app_init ] --END-- [ RunTime:0.001030s ]
INFO: [ app_begin ] --START--
INFO: Run Behavior\ReadHtmlCacheBehavior [ RunTime:0.001172s ]
INFO: [ app_begin ] --END-- [ RunTime:0.001433s ]
ERR: 无法加载控制器:Bower_components

[ 2016-10-04T14:42:32+08:00 ] 127.0.0.1 /lidong/yuanku/admin/bower_components/respondJs/dest/respond.min.js
INFO: [ app_init ] --START--
INFO: Run Behavior\BuildLiteBehavior [ RunTime:0.000044s ]
INFO: [ app_init ] --END-- [ RunTime:0.000978s ]
INFO: [ app_begin ] --START--
INFO: Run Behavior\ReadHtmlCacheBehavior [ RunTime:0.000907s ]
INFO: [ app_begin ] --END-- [ RunTime:0.001118s ]
ERR: 无法加载控制器:Bower_components

[ 2016-10-04T14:42:32+08:00 ] 127.0.0.1 /lidong/yuanku/admin/img/contacts/1.png
INFO: [ app_init ] --START--
INFO: Run Behavior\BuildLiteBehavior [ RunTime:0.000044s ]
INFO: [ app_init ] --END-- [ RunTime:0.000931s ]

[ 2016-10-04T14:42:32+08:00 ] 127.0.0.1 /lidong/yuanku/admin/img/contacts/4.png
INFO: [ app_init ] --START--
INFO: Run Behavior\BuildLiteBehavior [ RunTime:0.000043s ]
INFO: [ app_init ] --END-- [ RunTime:0.000786s ]

[ 2016-10-04T14:42:32+08:00 ] 127.0.0.1 /lidong/yuanku/admin/img/contacts/3.png
INFO: [ app_init ] --START--
INFO: Run Behavior\BuildLiteBehavior [ RunTime:0.000046s ]
INFO: [ app_init ] --END-- [ RunTime:0.000826s ]

[ 2016-10-04T14:42:32+08:00 ] 127.0.0.1 /lidong/yuanku/admin/img/contacts/5.png
INFO: [ app_init ] --START--
INFO: Run Behavior\BuildLiteBehavior [ RunTime:0.000043s ]
INFO: [ app_init ] --END-- [ RunTime:0.000798s ]

[ 2016-10-04T14:42:32+08:00 ] 127.0.0.1 /lidong/yuanku/admin/img/contacts/2.png
INFO: [ app_init ] --START--
INFO: Run Behavior\BuildLiteBehavior [ RunTime:0.000047s ]
INFO: [ app_init ] --END-- [ RunTime:0.000938s ]

[ 2016-10-04T14:42:32+08:00 ] 127.0.0.1 /lidong/yuanku/admin/Pacificonis%20-%20Dashboard_files/logo.png
INFO: [ app_init ] --START--
INFO: Run Behavior\BuildLiteBehavior [ RunTime:0.000105s ]
INFO: [ app_init ] --END-- [ RunTime:0.001012s ]

