[ 2016-10-26T14:45:38+08:00 ] 127.0.0.1 /clone/yuanku/index.php/Admin/system/manager_user.html
INFO: [ app_init ] --START--
INFO: Run Behavior\BuildLiteBehavior [ RunTime:0.000022s ]
INFO: [ app_init ] --END-- [ RunTime:0.000544s ]
INFO: [ app_begin ] --START--
INFO: Run Behavior\ReadHtmlCacheBehavior [ RunTime:0.000684s ]
INFO: [ app_begin ] --END-- [ RunTime:0.000783s ]
SQL: SHOW COLUMNS FROM `admin_user` [ RunTime:0.0028s ]
SQL: SELECT * FROM `admin_user` WHERE ( id=12 ) LIMIT 1   [ RunTime:0.0003s ]
SQL: SELECT * FROM `admin_user`  [ RunTime:0.0002s ]
INFO: [ view_parse ] --START--
INFO: [ template_filter ] --START--
INFO: Run Behavior\ContentReplaceBehavior [ RunTime:0.000212s ]
INFO: [ template_filter ] --END-- [ RunTime:0.000321s ]
NOTIC: [8] Undefined variable: title D:\wamp\www\clone\yuanku\Application\Runtime\Cache\Admin\bf618ade8c59ab96c68827ac767e5f61.php 第 4 行.
NOTIC: [8] Use of undefined constant id - assumed 'id' D:\wamp\www\clone\yuanku\Application\Runtime\Cache\Admin\bf618ade8c59ab96c68827ac767e5f61.php 第 411 行.
NOTIC: [8] Use of undefined constant id - assumed 'id' D:\wamp\www\clone\yuanku\Application\Runtime\Cache\Admin\bf618ade8c59ab96c68827ac767e5f61.php 第 412 行.
NOTIC: [8] Use of undefined constant id - assumed 'id' D:\wamp\www\clone\yuanku\Application\Runtime\Cache\Admin\bf618ade8c59ab96c68827ac767e5f61.php 第 411 行.
NOTIC: [8] Use of undefined constant id - assumed 'id' D:\wamp\www\clone\yuanku\Application\Runtime\Cache\Admin\bf618ade8c59ab96c68827ac767e5f61.php 第 412 行.
NOTIC: [8] Use of undefined constant id - assumed 'id' D:\wamp\www\clone\yuanku\Application\Runtime\Cache\Admin\bf618ade8c59ab96c68827ac767e5f61.php 第 411 行.
NOTIC: [8] Use of undefined constant id - assumed 'id' D:\wamp\www\clone\yuanku\Application\Runtime\Cache\Admin\bf618ade8c59ab96c68827ac767e5f61.php 第 412 行.
NOTIC: [8] Use of undefined constant id - assumed 'id' D:\wamp\www\clone\yuanku\Application\Runtime\Cache\Admin\bf618ade8c59ab96c68827ac767e5f61.php 第 411 行.
NOTIC: [8] Use of undefined constant id - assumed 'id' D:\wamp\www\clone\yuanku\Application\Runtime\Cache\Admin\bf618ade8c59ab96c68827ac767e5f61.php 第 412 行.
NOTIC: [8] Use of undefined constant id - assumed 'id' D:\wamp\www\clone\yuanku\Application\Runtime\Cache\Admin\bf618ade8c59ab96c68827ac767e5f61.php 第 411 行.
NOTIC: [8] Use of undefined constant id - assumed 'id' D:\wamp\www\clone\yuanku\Application\Runtime\Cache\Admin\bf618ade8c59ab96c68827ac767e5f61.php 第 412 行.
NOTIC: [8] Use of undefined constant id - assumed 'id' D:\wamp\www\clone\yuanku\Application\Runtime\Cache\Admin\bf618ade8c59ab96c68827ac767e5f61.php 第 411 行.
NOTIC: [8] Use of undefined constant id - assumed 'id' D:\wamp\www\clone\yuanku\Application\Runtime\Cache\Admin\bf618ade8c59ab96c68827ac767e5f61.php 第 412 行.
INFO: Run Behavior\ParseTemplateBehavior [ RunTime:0.038807s ]
INFO: [ view_parse ] --END-- [ RunTime:0.038925s ]
INFO: [ view_filter ] --START--
INFO: Run Behavior\WriteHtmlCacheBehavior [ RunTime:0.000547s ]
INFO: [ view_filter ] --END-- [ RunTime:0.000636s ]
INFO: [ app_end ] --START--
INFO: Run Behavior\ShowPageTraceBehavior [ RunTime:0.000695s ]
INFO: [ app_end ] --END-- [ RunTime:0.000786s ]

[ 2016-10-26T14:45:38+08:00 ] 127.0.0.1 /clone/yuanku/index.php/Admin/system/img/contacts/3.png
INFO: [ app_init ] --START--
INFO: Run Behavior\BuildLiteBehavior [ RunTime:0.000038s ]
INFO: [ app_init ] --END-- [ RunTime:0.000832s ]

[ 2016-10-26T14:45:38+08:00 ] 127.0.0.1 /clone/yuanku/index.php/Admin/system/img/contacts/4.png
INFO: [ app_init ] --START--
INFO: Run Behavior\BuildLiteBehavior [ RunTime:0.000035s ]
INFO: [ app_init ] --END-- [ RunTime:0.000709s ]

[ 2016-10-26T14:45:38+08:00 ] 127.0.0.1 /clone/yuanku/index.php/Admin/system/img/contacts/5.png
INFO: [ app_init ] --START--
INFO: Run Behavior\BuildLiteBehavior [ RunTime:0.000039s ]
INFO: [ app_init ] --END-- [ RunTime:0.001094s ]

[ 2016-10-26T14:45:38+08:00 ] 127.0.0.1 /clone/yuanku/index.php/Admin/system/img/contacts/2.png
INFO: [ app_init ] --START--
INFO: Run Behavior\BuildLiteBehavior [ RunTime:0.000030s ]
INFO: [ app_init ] --END-- [ RunTime:0.000459s ]

[ 2016-10-26T14:45:38+08:00 ] 127.0.0.1 /clone/yuanku/index.php/Admin/system/img/contacts/1.png
INFO: [ app_init ] --START--
INFO: Run Behavior\BuildLiteBehavior [ RunTime:0.000022s ]
INFO: [ app_init ] --END-- [ RunTime:0.000434s ]

[ 2016-10-26T14:45:40+08:00 ] 127.0.0.1 /clone/yuanku/index.php/Admin/Client/user_del/id/7.html
INFO: [ app_init ] --START--
INFO: Run Behavior\BuildLiteBehavior [ RunTime:0.000033s ]
INFO: [ app_init ] --END-- [ RunTime:0.001121s ]
INFO: [ app_begin ] --START--
INFO: Run Behavior\ReadHtmlCacheBehavior [ RunTime:0.000750s ]
INFO: [ app_begin ] --END-- [ RunTime:0.000878s ]
ERR: 非法操作:user_del

[ 2016-10-26T14:45:43+08:00 ] 127.0.0.1 /clone/yuanku/index.php/Admin/Client/user_edit/id/7.html
INFO: [ app_init ] --START--
INFO: Run Behavior\BuildLiteBehavior [ RunTime:0.000032s ]
INFO: [ app_init ] --END-- [ RunTime:0.000639s ]
INFO: [ app_begin ] --START--
INFO: Run Behavior\ReadHtmlCacheBehavior [ RunTime:0.000646s ]
INFO: [ app_begin ] --END-- [ RunTime:0.000773s ]
ERR: 非法操作:user_edit

[ 2016-10-26T14:45:56+08:00 ] 127.0.0.1 /clone/yuanku/index.php/Admin/System/user_add.html
INFO: [ app_init ] --START--
INFO: Run Behavior\BuildLiteBehavior [ RunTime:0.000028s ]
INFO: [ app_init ] --END-- [ RunTime:0.000684s ]
INFO: [ app_begin ] --START--
INFO: Run Behavior\ReadHtmlCacheBehavior [ RunTime:0.001717s ]
INFO: [ app_begin ] --END-- [ RunTime:0.001863s ]
SQL: SHOW COLUMNS FROM `admin_user` [ RunTime:0.0026s ]
SQL: SELECT * FROM `admin_user` WHERE ( id=12 ) LIMIT 1   [ RunTime:0.0004s ]
INFO: [ view_parse ] --START--
INFO: [ template_filter ] --START--
INFO: Run Behavior\ContentReplaceBehavior [ RunTime:0.000184s ]
INFO: [ template_filter ] --END-- [ RunTime:0.000279s ]
NOTIC: [8] Undefined variable: title D:\wamp\www\clone\yuanku\Application\Runtime\Cache\Admin\538b429075a62c6b9dad6b85c06e0ca4.php 第 4 行.
INFO: Run Behavior\ParseTemplateBehavior [ RunTime:0.018271s ]
INFO: [ view_parse ] --END-- [ RunTime:0.018472s ]
INFO: [ view_filter ] --START--
INFO: Run Behavior\WriteHtmlCacheBehavior [ RunTime:0.000993s ]
INFO: [ view_filter ] --END-- [ RunTime:0.001104s ]
INFO: [ app_end ] --START--
INFO: Run Behavior\ShowPageTraceBehavior [ RunTime:0.000739s ]
INFO: [ app_end ] --END-- [ RunTime:0.000820s ]

[ 2016-10-26T14:45:56+08:00 ] 127.0.0.1 /clone/yuanku/index.php/Admin/System/img/contacts/2.png
INFO: [ app_init ] --START--
INFO: Run Behavior\BuildLiteBehavior [ RunTime:0.000033s ]
INFO: [ app_init ] --END-- [ RunTime:0.000597s ]

[ 2016-10-26T14:45:56+08:00 ] 127.0.0.1 /clone/yuanku/index.php/Admin/System/img/contacts/3.png
INFO: [ app_init ] --START--
INFO: Run Behavior\BuildLiteBehavior [ RunTime:0.000031s ]
INFO: [ app_init ] --END-- [ RunTime:0.000606s ]

[ 2016-10-26T14:45:56+08:00 ] 127.0.0.1 /clone/yuanku/index.php/Admin/System/img/contacts/4.png
INFO: [ app_init ] --START--
INFO: Run Behavior\BuildLiteBehavior [ RunTime:0.000037s ]
INFO: [ app_init ] --END-- [ RunTime:0.000778s ]

[ 2016-10-26T14:45:56+08:00 ] 127.0.0.1 /clone/yuanku/index.php/Admin/System/img/contacts/1.png
INFO: [ app_init ] --START--
INFO: Run Behavior\BuildLiteBehavior [ RunTime:0.000033s ]
INFO: [ app_init ] --END-- [ RunTime:0.000579s ]

[ 2016-10-26T14:45:56+08:00 ] 127.0.0.1 /clone/yuanku/index.php/Admin/System/img/contacts/5.png
INFO: [ app_init ] --START--
INFO: Run Behavior\BuildLiteBehavior [ RunTime:0.000032s ]
INFO: [ app_init ] --END-- [ RunTime:0.000679s ]

[ 2016-10-26T14:46:11+08:00 ] 127.0.0.1 /clone/yuanku/index.php/Admin/News/news_add.html
INFO: [ app_init ] --START--
INFO: Run Behavior\BuildLiteBehavior [ RunTime:0.000020s ]
INFO: [ app_init ] --END-- [ RunTime:0.000447s ]
INFO: [ app_begin ] --START--
INFO: Run Behavior\ReadHtmlCacheBehavior [ RunTime:0.000603s ]
INFO: [ app_begin ] --END-- [ RunTime:0.000689s ]
SQL: SHOW COLUMNS FROM `admin_user` [ RunTime:0.0026s ]
SQL: SELECT * FROM `admin_user` WHERE ( id=12 ) LIMIT 1   [ RunTime:0.0003s ]
SQL: SHOW COLUMNS FROM `author` [ RunTime:0.0030s ]
SQL: SHOW COLUMNS FROM `news_sort` [ RunTime:0.0026s ]
SQL: SELECT `id`,`name` FROM `author`  [ RunTime:0.0003s ]
SQL: SELECT * FROM `news_sort`  [ RunTime:0.0002s ]
INFO: [ view_parse ] --START--
INFO: [ template_filter ] --START--
INFO: Run Behavior\ContentReplaceBehavior [ RunTime:0.000217s ]
INFO: [ template_filter ] --END-- [ RunTime:0.000309s ]
NOTIC: [8] Undefined variable: title D:\wamp\www\clone\yuanku\Application\Runtime\Cache\Admin\ece27d07c030028619d58a2d06df29f7.php 第 4 行.
INFO: Run Behavior\ParseTemplateBehavior [ RunTime:0.015425s ]
INFO: [ view_parse ] --END-- [ RunTime:0.015518s ]
INFO: [ view_filter ] --START--
INFO: Run Behavior\WriteHtmlCacheBehavior [ RunTime:0.000564s ]
INFO: [ view_filter ] --END-- [ RunTime:0.000658s ]
INFO: [ app_end ] --START--
INFO: Run Behavior\ShowPageTraceBehavior [ RunTime:0.000754s ]
INFO: [ app_end ] --END-- [ RunTime:0.000831s ]

[ 2016-10-26T14:46:12+08:00 ] 127.0.0.1 /clone/yuanku/index.php/Admin/News/img/contacts/3.png
INFO: [ app_init ] --START--
INFO: Run Behavior\BuildLiteBehavior [ RunTime:0.000039s ]
INFO: [ app_init ] --END-- [ RunTime:0.000622s ]

[ 2016-10-26T14:46:12+08:00 ] 127.0.0.1 /clone/yuanku/index.php/Admin/News/img/contacts/2.png
INFO: [ app_init ] --START--
INFO: Run Behavior\BuildLiteBehavior [ RunTime:0.000033s ]
INFO: [ app_init ] --END-- [ RunTime:0.000600s ]

[ 2016-10-26T14:46:12+08:00 ] 127.0.0.1 /clone/yuanku/index.php/Admin/News/img/contacts/4.png
INFO: [ app_init ] --START--
INFO: Run Behavior\BuildLiteBehavior [ RunTime:0.000033s ]
INFO: [ app_init ] --END-- [ RunTime:0.000654s ]

[ 2016-10-26T14:46:12+08:00 ] 127.0.0.1 /clone/yuanku/index.php/Admin/News/img/contacts/1.png
INFO: [ app_init ] --START--
INFO: Run Behavior\BuildLiteBehavior [ RunTime:0.000032s ]
INFO: [ app_init ] --END-- [ RunTime:0.000606s ]

[ 2016-10-26T14:46:12+08:00 ] 127.0.0.1 /clone/yuanku/index.php/Admin/News/img/contacts/5.png
INFO: [ app_init ] --START--
INFO: Run Behavior\BuildLiteBehavior [ RunTime:0.000030s ]
INFO: [ app_init ] --END-- [ RunTime:0.000694s ]

[ 2016-10-26T14:48:09+08:00 ] 127.0.0.1 /clone/yuanku/index.php/Admin/News/news_add.html
INFO: [ app_init ] --START--
INFO: Run Behavior\BuildLiteBehavior [ RunTime:0.000018s ]
INFO: [ app_init ] --END-- [ RunTime:0.000408s ]
INFO: [ app_begin ] --START--
INFO: Run Behavior\ReadHtmlCacheBehavior [ RunTime:0.000584s ]
INFO: [ app_begin ] --END-- [ RunTime:0.000723s ]
SQL: SHOW COLUMNS FROM `admin_user` [ RunTime:0.0025s ]
SQL: SELECT * FROM `admin_user` WHERE ( id=12 ) LIMIT 1   [ RunTime:0.0011s ]
SQL: SHOW COLUMNS FROM `author` [ RunTime:0.0026s ]
SQL: SHOW COLUMNS FROM `news_sort` [ RunTime:0.0040s ]
SQL: SELECT `id`,`name` FROM `author`  [ RunTime:0.0010s ]
SQL: SELECT * FROM `news_sort`  [ RunTime:0.0003s ]
INFO: [ view_parse ] --START--
INFO: [ template_filter ] --START--
INFO: Run Behavior\ContentReplaceBehavior [ RunTime:0.000210s ]
INFO: [ template_filter ] --END-- [ RunTime:0.000311s ]
NOTIC: [8] Undefined variable: title D:\wamp\www\clone\yuanku\Application\Runtime\Cache\Admin\ece27d07c030028619d58a2d06df29f7.php 第 4 行.
INFO: Run Behavior\ParseTemplateBehavior [ RunTime:0.015822s ]
INFO: [ view_parse ] --END-- [ RunTime:0.015910s ]
INFO: [ view_filter ] --START--
INFO: Run Behavior\WriteHtmlCacheBehavior [ RunTime:0.000452s ]
INFO: [ view_filter ] --END-- [ RunTime:0.000527s ]
INFO: [ app_end ] --START--
INFO: Run Behavior\ShowPageTraceBehavior [ RunTime:0.000792s ]
INFO: [ app_end ] --END-- [ RunTime:0.000879s ]

[ 2016-10-26T14:48:10+08:00 ] 127.0.0.1 /clone/yuanku/index.php/Admin/News/img/contacts/3.png
INFO: [ app_init ] --START--
INFO: Run Behavior\BuildLiteBehavior [ RunTime:0.000037s ]
INFO: [ app_init ] --END-- [ RunTime:0.000638s ]

[ 2016-10-26T14:48:10+08:00 ] 127.0.0.1 /clone/yuanku/index.php/Admin/News/img/contacts/4.png
INFO: [ app_init ] --START--
INFO: Run Behavior\BuildLiteBehavior [ RunTime:0.000031s ]
INFO: [ app_init ] --END-- [ RunTime:0.000630s ]

[ 2016-10-26T14:48:10+08:00 ] 127.0.0.1 /clone/yuanku/index.php/Admin/News/img/contacts/1.png
INFO: [ app_init ] --START--
INFO: Run Behavior\BuildLiteBehavior [ RunTime:0.000036s ]
INFO: [ app_init ] --END-- [ RunTime:0.000688s ]

[ 2016-10-26T14:48:10+08:00 ] 127.0.0.1 /clone/yuanku/index.php/Admin/News/img/contacts/2.png
INFO: [ app_init ] --START--
INFO: Run Behavior\BuildLiteBehavior [ RunTime:0.000033s ]
INFO: [ app_init ] --END-- [ RunTime:0.000649s ]

[ 2016-10-26T14:48:10+08:00 ] 127.0.0.1 /clone/yuanku/index.php/Admin/News/img/contacts/5.png
INFO: [ app_init ] --START--
INFO: Run Behavior\BuildLiteBehavior [ RunTime:0.000056s ]
INFO: [ app_init ] --END-- [ RunTime:0.000701s ]

[ 2016-10-26T14:48:14+08:00 ] 127.0.0.1 /clone/yuanku/index.php/Admin/News/news_add.html
INFO: [ app_init ] --START--
INFO: Run Behavior\BuildLiteBehavior [ RunTime:0.000039s ]
INFO: [ app_init ] --END-- [ RunTime:0.000794s ]
INFO: [ app_begin ] --START--
INFO: Run Behavior\ReadHtmlCacheBehavior [ RunTime:0.001019s ]
INFO: [ app_begin ] --END-- [ RunTime:0.001195s ]
SQL: SHOW COLUMNS FROM `admin_user` [ RunTime:0.0042s ]
SQL: SELECT * FROM `admin_user` WHERE ( id=12 ) LIMIT 1   [ RunTime:0.0005s ]
SQL: SHOW COLUMNS FROM `author` [ RunTime:0.0042s ]
SQL: SHOW COLUMNS FROM `news_sort` [ RunTime:0.0062s ]
SQL: SELECT `id`,`name` FROM `author`  [ RunTime:0.0004s ]
SQL: SELECT * FROM `news_sort`  [ RunTime:0.0004s ]
INFO: [ view_parse ] --START--
INFO: [ template_filter ] --START--
INFO: Run Behavior\ContentReplaceBehavior [ RunTime:0.000248s ]
INFO: [ template_filter ] --END-- [ RunTime:0.000390s ]
NOTIC: [8] Undefined variable: title D:\wamp\www\clone\yuanku\Application\Runtime\Cache\Admin\ece27d07c030028619d58a2d06df29f7.php 第 4 行.
INFO: Run Behavior\ParseTemplateBehavior [ RunTime:0.027983s ]
INFO: [ view_parse ] --END-- [ RunTime:0.028262s ]
INFO: [ view_filter ] --START--
INFO: Run Behavior\WriteHtmlCacheBehavior [ RunTime:0.000653s ]
INFO: [ view_filter ] --END-- [ RunTime:0.000772s ]
INFO: [ app_end ] --START--
INFO: Run Behavior\ShowPageTraceBehavior [ RunTime:0.001150s ]
INFO: [ app_end ] --END-- [ RunTime:0.001395s ]

[ 2016-10-26T14:48:14+08:00 ] 127.0.0.1 /clone/yuanku/index.php/Admin/News/img/contacts/2.png
INFO: [ app_init ] --START--
INFO: Run Behavior\BuildLiteBehavior [ RunTime:0.000032s ]
INFO: [ app_init ] --END-- [ RunTime:0.000590s ]

[ 2016-10-26T14:48:14+08:00 ] 127.0.0.1 /clone/yuanku/index.php/Admin/News/img/contacts/1.png
INFO: [ app_init ] --START--
INFO: Run Behavior\BuildLiteBehavior [ RunTime:0.000031s ]
INFO: [ app_init ] --END-- [ RunTime:0.000611s ]

[ 2016-10-26T14:48:14+08:00 ] 127.0.0.1 /clone/yuanku/index.php/Admin/News/img/contacts/3.png
INFO: [ app_init ] --START--
INFO: Run Behavior\BuildLiteBehavior [ RunTime:0.000033s ]
INFO: [ app_init ] --END-- [ RunTime:0.000678s ]

[ 2016-10-26T14:48:14+08:00 ] 127.0.0.1 /clone/yuanku/index.php/Admin/News/img/contacts/5.png
INFO: [ app_init ] --START--
INFO: Run Behavior\BuildLiteBehavior [ RunTime:0.000027s ]
INFO: [ app_init ] --END-- [ RunTime:0.000541s ]

[ 2016-10-26T14:48:14+08:00 ] 127.0.0.1 /clone/yuanku/index.php/Admin/News/img/contacts/4.png
INFO: [ app_init ] --START--
INFO: Run Behavior\BuildLiteBehavior [ RunTime:0.000036s ]
INFO: [ app_init ] --END-- [ RunTime:0.000621s ]

[ 2016-10-26T14:48:25+08:00 ] 127.0.0.1 /clone/yuanku/index.php/Admin/News/news_add.html
INFO: [ app_init ] --START--
INFO: Run Behavior\BuildLiteBehavior [ RunTime:0.000022s ]
INFO: [ app_init ] --END-- [ RunTime:0.000439s ]
INFO: [ app_begin ] --START--
INFO: Run Behavior\ReadHtmlCacheBehavior [ RunTime:0.000517s ]
INFO: [ app_begin ] --END-- [ RunTime:0.000605s ]
SQL: SHOW COLUMNS FROM `admin_user` [ RunTime:0.0026s ]
SQL: SELECT * FROM `admin_user` WHERE ( id=12 ) LIMIT 1   [ RunTime:0.0003s ]
SQL: SHOW COLUMNS FROM `author` [ RunTime:0.0023s ]
SQL: SHOW COLUMNS FROM `news_sort` [ RunTime:0.0040s ]
SQL: SELECT `id`,`name` FROM `author`  [ RunTime:0.0002s ]
SQL: SELECT * FROM `news_sort`  [ RunTime:0.0002s ]
INFO: [ view_parse ] --START--
INFO: [ template_filter ] --START--
INFO: Run Behavior\ContentReplaceBehavior [ RunTime:0.001235s ]
INFO: [ template_filter ] --END-- [ RunTime:0.001432s ]
NOTIC: [8] Undefined variable: title D:\wamp\www\clone\yuanku\Application\Runtime\Cache\Admin\ece27d07c030028619d58a2d06df29f7.php 第 4 行.
INFO: Run Behavior\ParseTemplateBehavior [ RunTime:0.020960s ]
INFO: [ view_parse ] --END-- [ RunTime:0.021053s ]
INFO: [ view_filter ] --START--
INFO: Run Behavior\WriteHtmlCacheBehavior [ RunTime:0.000445s ]
INFO: [ view_filter ] --END-- [ RunTime:0.000523s ]
INFO: [ app_end ] --START--
INFO: Run Behavior\ShowPageTraceBehavior [ RunTime:0.000501s ]
INFO: [ app_end ] --END-- [ RunTime:0.000575s ]

[ 2016-10-26T14:48:25+08:00 ] 127.0.0.1 /clone/yuanku/index.php/Admin/News/img/contacts/1.png
INFO: [ app_init ] --START--
INFO: Run Behavior\BuildLiteBehavior [ RunTime:0.000030s ]
INFO: [ app_init ] --END-- [ RunTime:0.000596s ]

[ 2016-10-26T14:48:25+08:00 ] 127.0.0.1 /clone/yuanku/index.php/Admin/News/img/contacts/2.png
INFO: [ app_init ] --START--
INFO: Run Behavior\BuildLiteBehavior [ RunTime:0.000033s ]
INFO: [ app_init ] --END-- [ RunTime:0.000620s ]

[ 2016-10-26T14:48:25+08:00 ] 127.0.0.1 /clone/yuanku/index.php/Admin/News/img/contacts/5.png
INFO: [ app_init ] --START--
INFO: Run Behavior\BuildLiteBehavior [ RunTime:0.000036s ]
INFO: [ app_init ] --END-- [ RunTime:0.000687s ]

[ 2016-10-26T14:48:25+08:00 ] 127.0.0.1 /clone/yuanku/index.php/Admin/News/img/contacts/3.png
INFO: [ app_init ] --START--
INFO: Run Behavior\BuildLiteBehavior [ RunTime:0.000039s ]
INFO: [ app_init ] --END-- [ RunTime:0.000604s ]

[ 2016-10-26T14:48:26+08:00 ] 127.0.0.1 /clone/yuanku/index.php/Admin/News/img/contacts/4.png
INFO: [ app_init ] --START--
INFO: Run Behavior\BuildLiteBehavior [ RunTime:0.000037s ]
INFO: [ app_init ] --END-- [ RunTime:0.000727s ]

[ 2016-10-26T14:48:27+08:00 ] 127.0.0.1 /clone/yuanku/index.php/Admin/News/news_add.html
INFO: [ app_init ] --START--
INFO: Run Behavior\BuildLiteBehavior [ RunTime:0.000023s ]
INFO: [ app_init ] --END-- [ RunTime:0.000621s ]
INFO: [ app_begin ] --START--
INFO: Run Behavior\ReadHtmlCacheBehavior [ RunTime:0.000946s ]
INFO: [ app_begin ] --END-- [ RunTime:0.001122s ]
SQL: SHOW COLUMNS FROM `admin_user` [ RunTime:0.0040s ]
SQL: SELECT * FROM `admin_user` WHERE ( id=12 ) LIMIT 1   [ RunTime:0.0004s ]
SQL: SHOW COLUMNS FROM `author` [ RunTime:0.0029s ]
SQL: SHOW COLUMNS FROM `news_sort` [ RunTime:0.0024s ]
SQL: SELECT `id`,`name` FROM `author`  [ RunTime:0.0003s ]
SQL: SELECT * FROM `news_sort`  [ RunTime:0.0002s ]
INFO: [ view_parse ] --START--
INFO: [ template_filter ] --START--
INFO: Run Behavior\ContentReplaceBehavior [ RunTime:0.000171s ]
INFO: [ template_filter ] --END-- [ RunTime:0.000261s ]
NOTIC: [8] Undefined variable: title D:\wamp\www\clone\yuanku\Application\Runtime\Cache\Admin\ece27d07c030028619d58a2d06df29f7.php 第 4 行.
INFO: Run Behavior\ParseTemplateBehavior [ RunTime:0.020317s ]
INFO: [ view_parse ] --END-- [ RunTime:0.020448s ]
INFO: [ view_filter ] --START--
INFO: Run Behavior\WriteHtmlCacheBehavior [ RunTime:0.001276s ]
INFO: [ view_filter ] --END-- [ RunTime:0.001421s ]
INFO: [ app_end ] --START--
INFO: Run Behavior\ShowPageTraceBehavior [ RunTime:0.000919s ]
INFO: [ app_end ] --END-- [ RunTime:0.001014s ]

[ 2016-10-26T14:48:28+08:00 ] 127.0.0.1 /clone/yuanku/index.php/Admin/News/img/contacts/3.png
INFO: [ app_init ] --START--
INFO: Run Behavior\BuildLiteBehavior [ RunTime:0.000034s ]
INFO: [ app_init ] --END-- [ RunTime:0.000603s ]

[ 2016-10-26T14:48:28+08:00 ] 127.0.0.1 /clone/yuanku/index.php/Admin/News/img/contacts/5.png
INFO: [ app_init ] --START--
INFO: Run Behavior\BuildLiteBehavior [ RunTime:0.000036s ]
INFO: [ app_init ] --END-- [ RunTime:0.000755s ]

[ 2016-10-26T14:48:28+08:00 ] 127.0.0.1 /clone/yuanku/index.php/Admin/News/img/contacts/1.png
INFO: [ app_init ] --START--
INFO: Run Behavior\BuildLiteBehavior [ RunTime:0.000034s ]
INFO: [ app_init ] --END-- [ RunTime:0.000871s ]

[ 2016-10-26T14:48:28+08:00 ] 127.0.0.1 /clone/yuanku/index.php/Admin/News/img/contacts/2.png
INFO: [ app_init ] --START--
INFO: Run Behavior\BuildLiteBehavior [ RunTime:0.000030s ]
INFO: [ app_init ] --END-- [ RunTime:0.000602s ]

[ 2016-10-26T14:48:28+08:00 ] 127.0.0.1 /clone/yuanku/index.php/Admin/News/img/contacts/4.png
INFO: [ app_init ] --START--
INFO: Run Behavior\BuildLiteBehavior [ RunTime:0.000039s ]
INFO: [ app_init ] --END-- [ RunTime:0.000598s ]

[ 2016-10-26T14:48:28+08:00 ] 127.0.0.1 /clone/yuanku/index.php/Admin/News/news_add.html
INFO: [ app_init ] --START--
INFO: Run Behavior\BuildLiteBehavior [ RunTime:0.000033s ]
INFO: [ app_init ] --END-- [ RunTime:0.000637s ]
INFO: [ app_begin ] --START--
INFO: Run Behavior\ReadHtmlCacheBehavior [ RunTime:0.001229s ]
INFO: [ app_begin ] --END-- [ RunTime:0.001643s ]
SQL: SHOW COLUMNS FROM `admin_user` [ RunTime:0.0033s ]
SQL: SELECT * FROM `admin_user` WHERE ( id=12 ) LIMIT 1   [ RunTime:0.0003s ]
SQL: SHOW COLUMNS FROM `author` [ RunTime:0.0049s ]
SQL: SHOW COLUMNS FROM `news_sort` [ RunTime:0.0038s ]
SQL: SELECT `id`,`name` FROM `author`  [ RunTime:0.0002s ]
SQL: SELECT * FROM `news_sort`  [ RunTime:0.0002s ]
INFO: [ view_parse ] --START--
INFO: [ template_filter ] --START--
INFO: Run Behavior\ContentReplaceBehavior [ RunTime:0.000182s ]
INFO: [ template_filter ] --END-- [ RunTime:0.000276s ]
NOTIC: [8] Undefined variable: title D:\wamp\www\clone\yuanku\Application\Runtime\Cache\Admin\ece27d07c030028619d58a2d06df29f7.php 第 4 行.
INFO: Run Behavior\ParseTemplateBehavior [ RunTime:0.018083s ]
INFO: [ view_parse ] --END-- [ RunTime:0.018217s ]
INFO: [ view_filter ] --START--
INFO: Run Behavior\WriteHtmlCacheBehavior [ RunTime:0.001834s ]
INFO: [ view_filter ] --END-- [ RunTime:0.002392s ]
INFO: [ app_end ] --START--
INFO: Run Behavior\ShowPageTraceBehavior [ RunTime:0.002496s ]
INFO: [ app_end ] --END-- [ RunTime:0.002771s ]

[ 2016-10-26T14:48:28+08:00 ] 127.0.0.1 /clone/yuanku/index.php/Admin/News/img/contacts/4.png
INFO: [ app_init ] --START--
INFO: Run Behavior\BuildLiteBehavior [ RunTime:0.000032s ]
INFO: [ app_init ] --END-- [ RunTime:0.000572s ]

[ 2016-10-26T14:48:28+08:00 ] 127.0.0.1 /clone/yuanku/index.php/Admin/News/img/contacts/3.png
INFO: [ app_init ] --START--
INFO: Run Behavior\BuildLiteBehavior [ RunTime:0.000031s ]
INFO: [ app_init ] --END-- [ RunTime:0.000602s ]

[ 2016-10-26T14:48:28+08:00 ] 127.0.0.1 /clone/yuanku/index.php/Admin/News/img/contacts/1.png
INFO: [ app_init ] --START--
INFO: Run Behavior\BuildLiteBehavior [ RunTime:0.000030s ]
INFO: [ app_init ] --END-- [ RunTime:0.000590s ]

[ 2016-10-26T14:48:28+08:00 ] 127.0.0.1 /clone/yuanku/index.php/Admin/News/img/contacts/5.png
INFO: [ app_init ] --START--
INFO: Run Behavior\BuildLiteBehavior [ RunTime:0.000030s ]
INFO: [ app_init ] --END-- [ RunTime:0.000475s ]

[ 2016-10-26T14:48:28+08:00 ] 127.0.0.1 /clone/yuanku/index.php/Admin/News/img/contacts/2.png
INFO: [ app_init ] --START--
INFO: Run Behavior\BuildLiteBehavior [ RunTime:0.000030s ]
INFO: [ app_init ] --END-- [ RunTime:0.000617s ]

[ 2016-10-26T14:48:31+08:00 ] 127.0.0.1 /clone/yuanku/index.php/Admin/News/news_add.html
INFO: [ app_init ] --START--
INFO: Run Behavior\BuildLiteBehavior [ RunTime:0.000022s ]
INFO: [ app_init ] --END-- [ RunTime:0.000632s ]
INFO: [ app_begin ] --START--
INFO: Run Behavior\ReadHtmlCacheBehavior [ RunTime:0.000810s ]
INFO: [ app_begin ] --END-- [ RunTime:0.000920s ]
SQL: SHOW COLUMNS FROM `admin_user` [ RunTime:0.0055s ]
SQL: SELECT * FROM `admin_user` WHERE ( id=12 ) LIMIT 1   [ RunTime:0.0003s ]
SQL: SHOW COLUMNS FROM `author` [ RunTime:0.0024s ]
SQL: SHOW COLUMNS FROM `news_sort` [ RunTime:0.0025s ]
SQL: SELECT `id`,`name` FROM `author`  [ RunTime:0.0003s ]
SQL: SELECT * FROM `news_sort`  [ RunTime:0.0002s ]
INFO: [ view_parse ] --START--
INFO: [ template_filter ] --START--
INFO: Run Behavior\ContentReplaceBehavior [ RunTime:0.000168s ]
INFO: [ template_filter ] --END-- [ RunTime:0.000254s ]
NOTIC: [8] Undefined variable: title D:\wamp\www\clone\yuanku\Application\Runtime\Cache\Admin\ece27d07c030028619d58a2d06df29f7.php 第 4 行.
INFO: Run Behavior\ParseTemplateBehavior [ RunTime:0.017855s ]
INFO: [ view_parse ] --END-- [ RunTime:0.018029s ]
INFO: [ view_filter ] --START--
INFO: Run Behavior\WriteHtmlCacheBehavior [ RunTime:0.000841s ]
INFO: [ view_filter ] --END-- [ RunTime:0.000947s ]
INFO: [ app_end ] --START--
INFO: Run Behavior\ShowPageTraceBehavior [ RunTime:0.001024s ]
INFO: [ app_end ] --END-- [ RunTime:0.001126s ]

[ 2016-10-26T14:48:31+08:00 ] 127.0.0.1 /clone/yuanku/index.php/Admin/News/img/contacts/3.png
INFO: [ app_init ] --START--
INFO: Run Behavior\BuildLiteBehavior [ RunTime:0.000032s ]
INFO: [ app_init ] --END-- [ RunTime:0.000564s ]

[ 2016-10-26T14:48:31+08:00 ] 127.0.0.1 /clone/yuanku/index.php/Admin/News/img/contacts/4.png
INFO: [ app_init ] --START--
INFO: Run Behavior\BuildLiteBehavior [ RunTime:0.000032s ]
INFO: [ app_init ] --END-- [ RunTime:0.000960s ]

[ 2016-10-26T14:48:31+08:00 ] 127.0.0.1 /clone/yuanku/index.php/Admin/News/img/contacts/1.png
INFO: [ app_init ] --START--
INFO: Run Behavior\BuildLiteBehavior [ RunTime:0.000033s ]
INFO: [ app_init ] --END-- [ RunTime:0.000795s ]

[ 2016-10-26T14:48:31+08:00 ] 127.0.0.1 /clone/yuanku/index.php/Admin/News/img/contacts/2.png
INFO: [ app_init ] --START--
INFO: Run Behavior\BuildLiteBehavior [ RunTime:0.000032s ]
INFO: [ app_init ] --END-- [ RunTime:0.000592s ]

[ 2016-10-26T14:48:31+08:00 ] 127.0.0.1 /clone/yuanku/index.php/Admin/News/img/contacts/5.png
INFO: [ app_init ] --START--
INFO: Run Behavior\BuildLiteBehavior [ RunTime:0.000036s ]
INFO: [ app_init ] --END-- [ RunTime:0.000612s ]

[ 2016-10-26T14:48:48+08:00 ] 127.0.0.1 /clone/yuanku/index.php/Admin/News/news_add.html
INFO: [ app_init ] --START--
INFO: Run Behavior\BuildLiteBehavior [ RunTime:0.000031s ]
INFO: [ app_init ] --END-- [ RunTime:0.000751s ]
INFO: [ app_begin ] --START--
INFO: Run Behavior\ReadHtmlCacheBehavior [ RunTime:0.001209s ]
INFO: [ app_begin ] --END-- [ RunTime:0.001363s ]
SQL: SHOW COLUMNS FROM `admin_user` [ RunTime:0.0041s ]
SQL: SELECT * FROM `admin_user` WHERE ( id=12 ) LIMIT 1   [ RunTime:0.0004s ]
SQL: SHOW COLUMNS FROM `author` [ RunTime:0.0036s ]
SQL: SHOW COLUMNS FROM `news_sort` [ RunTime:0.0035s ]
SQL: SELECT `id`,`name` FROM `author`  [ RunTime:0.0003s ]
SQL: SELECT * FROM `news_sort`  [ RunTime:0.0003s ]
INFO: [ view_parse ] --START--
INFO: [ template_filter ] --START--
INFO: Run Behavior\ContentReplaceBehavior [ RunTime:0.000286s ]
INFO: [ template_filter ] --END-- [ RunTime:0.000437s ]
NOTIC: [8] Undefined variable: title D:\wamp\www\clone\yuanku\Application\Runtime\Cache\Admin\ece27d07c030028619d58a2d06df29f7.php 第 4 行.
INFO: Run Behavior\ParseTemplateBehavior [ RunTime:0.024868s ]
INFO: [ view_parse ] --END-- [ RunTime:0.025012s ]
INFO: [ view_filter ] --START--
INFO: Run Behavior\WriteHtmlCacheBehavior [ RunTime:0.000817s ]
INFO: [ view_filter ] --END-- [ RunTime:0.000946s ]
INFO: [ app_end ] --START--
INFO: Run Behavior\ShowPageTraceBehavior [ RunTime:0.001160s ]
INFO: [ app_end ] --END-- [ RunTime:0.001288s ]

[ 2016-10-26T14:48:48+08:00 ] 127.0.0.1 /clone/yuanku/index.php/Admin/News/img/contacts/2.png
INFO: [ app_init ] --START--
INFO: Run Behavior\BuildLiteBehavior [ RunTime:0.000033s ]
INFO: [ app_init ] --END-- [ RunTime:0.000545s ]

[ 2016-10-26T14:48:48+08:00 ] 127.0.0.1 /clone/yuanku/index.php/Admin/News/img/contacts/1.png
INFO: [ app_init ] --START--
INFO: Run Behavior\BuildLiteBehavior [ RunTime:0.000036s ]
INFO: [ app_init ] --END-- [ RunTime:0.000625s ]

[ 2016-10-26T14:48:48+08:00 ] 127.0.0.1 /clone/yuanku/index.php/Admin/News/img/contacts/4.png
INFO: [ app_init ] --START--
INFO: Run Behavior\BuildLiteBehavior [ RunTime:0.000032s ]
INFO: [ app_init ] --END-- [ RunTime:0.000667s ]

[ 2016-10-26T14:48:48+08:00 ] 127.0.0.1 /clone/yuanku/index.php/Admin/News/img/contacts/5.png
INFO: [ app_init ] --START--
INFO: Run Behavior\BuildLiteBehavior [ RunTime:0.000033s ]
INFO: [ app_init ] --END-- [ RunTime:0.000658s ]

[ 2016-10-26T14:48:48+08:00 ] 127.0.0.1 /clone/yuanku/index.php/Admin/News/img/contacts/3.png
INFO: [ app_init ] --START--
INFO: Run Behavior\BuildLiteBehavior [ RunTime:0.000032s ]
INFO: [ app_init ] --END-- [ RunTime:0.001467s ]

[ 2016-10-26T14:48:49+08:00 ] 127.0.0.1 /clone/yuanku/index.php/Admin/News/news_add.html
INFO: [ app_init ] --START--
INFO: Run Behavior\BuildLiteBehavior [ RunTime:0.000021s ]
INFO: [ app_init ] --END-- [ RunTime:0.000468s ]
INFO: [ app_begin ] --START--
INFO: Run Behavior\ReadHtmlCacheBehavior [ RunTime:0.000660s ]
INFO: [ app_begin ] --END-- [ RunTime:0.000780s ]
SQL: SHOW COLUMNS FROM `admin_user` [ RunTime:0.0031s ]
SQL: SELECT * FROM `admin_user` WHERE ( id=12 ) LIMIT 1   [ RunTime:0.0003s ]
SQL: SHOW COLUMNS FROM `author` [ RunTime:0.0041s ]
SQL: SHOW COLUMNS FROM `news_sort` [ RunTime:0.0030s ]
SQL: SELECT `id`,`name` FROM `author`  [ RunTime:0.0003s ]
SQL: SELECT * FROM `news_sort`  [ RunTime:0.0002s ]
INFO: [ view_parse ] --START--
INFO: [ template_filter ] --START--
INFO: Run Behavior\ContentReplaceBehavior [ RunTime:0.000257s ]
INFO: [ template_filter ] --END-- [ RunTime:0.000475s ]
NOTIC: [8] Undefined variable: title D:\wamp\www\clone\yuanku\Application\Runtime\Cache\Admin\ece27d07c030028619d58a2d06df29f7.php 第 4 行.
INFO: Run Behavior\ParseTemplateBehavior [ RunTime:0.016224s ]
INFO: [ view_parse ] --END-- [ RunTime:0.016316s ]
INFO: [ view_filter ] --START--
INFO: Run Behavior\WriteHtmlCacheBehavior [ RunTime:0.000406s ]
INFO: [ view_filter ] --END-- [ RunTime:0.000482s ]
INFO: [ app_end ] --START--
INFO: Run Behavior\ShowPageTraceBehavior [ RunTime:0.000485s ]
INFO: [ app_end ] --END-- [ RunTime:0.000563s ]

[ 2016-10-26T14:48:49+08:00 ] 127.0.0.1 /clone/yuanku/index.php/Admin/News/img/contacts/1.png
INFO: [ app_init ] --START--
INFO: Run Behavior\BuildLiteBehavior [ RunTime:0.000033s ]
INFO: [ app_init ] --END-- [ RunTime:0.000627s ]

[ 2016-10-26T14:48:50+08:00 ] 127.0.0.1 /clone/yuanku/index.php/Admin/News/img/contacts/4.png
INFO: [ app_init ] --START--
INFO: Run Behavior\BuildLiteBehavior [ RunTime:0.000035s ]
INFO: [ app_init ] --END-- [ RunTime:0.000708s ]

[ 2016-10-26T14:48:50+08:00 ] 127.0.0.1 /clone/yuanku/index.php/Admin/News/img/contacts/2.png
INFO: [ app_init ] --START--
INFO: Run Behavior\BuildLiteBehavior [ RunTime:0.000032s ]
INFO: [ app_init ] --END-- [ RunTime:0.000655s ]

[ 2016-10-26T14:48:50+08:00 ] 127.0.0.1 /clone/yuanku/index.php/Admin/News/img/contacts/3.png
INFO: [ app_init ] --START--
INFO: Run Behavior\BuildLiteBehavior [ RunTime:0.000032s ]
INFO: [ app_init ] --END-- [ RunTime:0.000624s ]

[ 2016-10-26T14:48:50+08:00 ] 127.0.0.1 /clone/yuanku/index.php/Admin/News/img/contacts/5.png
INFO: [ app_init ] --START--
INFO: Run Behavior\BuildLiteBehavior [ RunTime:0.000020s ]
INFO: [ app_init ] --END-- [ RunTime:0.000369s ]

[ 2016-10-26T14:48:53+08:00 ] 127.0.0.1 /clone/yuanku/index.php/Admin/News/news_add.html
INFO: [ app_init ] --START--
INFO: Run Behavior\BuildLiteBehavior [ RunTime:0.000028s ]
INFO: [ app_init ] --END-- [ RunTime:0.001171s ]
INFO: [ app_begin ] --START--
INFO: Run Behavior\ReadHtmlCacheBehavior [ RunTime:0.000772s ]
INFO: [ app_begin ] --END-- [ RunTime:0.000924s ]
SQL: SHOW COLUMNS FROM `admin_user` [ RunTime:0.0034s ]
SQL: SELECT * FROM `admin_user` WHERE ( id=12 ) LIMIT 1   [ RunTime:0.0007s ]
SQL: SHOW COLUMNS FROM `author` [ RunTime:0.0033s ]
SQL: SHOW COLUMNS FROM `news_sort` [ RunTime:0.0025s ]
SQL: SELECT `id`,`name` FROM `author`  [ RunTime:0.0003s ]
SQL: SELECT * FROM `news_sort`  [ RunTime:0.0002s ]
INFO: [ view_parse ] --START--
INFO: [ template_filter ] --START--
INFO: Run Behavior\ContentReplaceBehavior [ RunTime:0.000193s ]
INFO: [ template_filter ] --END-- [ RunTime:0.000303s ]
NOTIC: [8] Undefined variable: title D:\wamp\www\clone\yuanku\Application\Runtime\Cache\Admin\ece27d07c030028619d58a2d06df29f7.php 第 4 行.
INFO: Run Behavior\ParseTemplateBehavior [ RunTime:0.018050s ]
INFO: [ view_parse ] --END-- [ RunTime:0.018171s ]
INFO: [ view_filter ] --START--
INFO: Run Behavior\WriteHtmlCacheBehavior [ RunTime:0.000364s ]
INFO: [ view_filter ] --END-- [ RunTime:0.000448s ]
INFO: [ app_end ] --START--
INFO: Run Behavior\ShowPageTraceBehavior [ RunTime:0.000489s ]
INFO: [ app_end ] --END-- [ RunTime:0.000570s ]

[ 2016-10-26T14:48:53+08:00 ] 127.0.0.1 /clone/yuanku/index.php/Admin/News/img/contacts/2.png
INFO: [ app_init ] --START--
INFO: Run Behavior\BuildLiteBehavior [ RunTime:0.000031s ]
INFO: [ app_init ] --END-- [ RunTime:0.000596s ]

[ 2016-10-26T14:48:53+08:00 ] 127.0.0.1 /clone/yuanku/index.php/Admin/News/img/contacts/1.png
INFO: [ app_init ] --START--
INFO: Run Behavior\BuildLiteBehavior [ RunTime:0.000033s ]
INFO: [ app_init ] --END-- [ RunTime:0.000607s ]

[ 2016-10-26T14:48:53+08:00 ] 127.0.0.1 /clone/yuanku/index.php/Admin/News/img/contacts/3.png
INFO: [ app_init ] --START--
INFO: Run Behavior\BuildLiteBehavior [ RunTime:0.000033s ]
INFO: [ app_init ] --END-- [ RunTime:0.000706s ]

[ 2016-10-26T14:48:53+08:00 ] 127.0.0.1 /clone/yuanku/index.php/Admin/News/img/contacts/4.png
INFO: [ app_init ] --START--
INFO: Run Behavior\BuildLiteBehavior [ RunTime:0.000024s ]
INFO: [ app_init ] --END-- [ RunTime:0.000500s ]

[ 2016-10-26T14:48:53+08:00 ] 127.0.0.1 /clone/yuanku/index.php/Admin/News/img/contacts/5.png
INFO: [ app_init ] --START--
INFO: Run Behavior\BuildLiteBehavior [ RunTime:0.000034s ]
INFO: [ app_init ] --END-- [ RunTime:0.000825s ]

[ 2016-10-26T14:48:57+08:00 ] 127.0.0.1 /clone/yuanku/index.php/Admin/News/news_add.html
INFO: [ app_init ] --START--
INFO: Run Behavior\BuildLiteBehavior [ RunTime:0.000023s ]
INFO: [ app_init ] --END-- [ RunTime:0.000475s ]
INFO: [ app_begin ] --START--
INFO: Run Behavior\ReadHtmlCacheBehavior [ RunTime:0.000670s ]
INFO: [ app_begin ] --END-- [ RunTime:0.000780s ]
SQL: SHOW COLUMNS FROM `admin_user` [ RunTime:0.0027s ]
SQL: SELECT * FROM `admin_user` WHERE ( id=12 ) LIMIT 1   [ RunTime:0.0003s ]
SQL: SHOW COLUMNS FROM `author` [ RunTime:0.0047s ]
SQL: SHOW COLUMNS FROM `news_sort` [ RunTime:0.0755s ]
SQL: SELECT `id`,`name` FROM `author`  [ RunTime:0.0003s ]
SQL: SELECT * FROM `news_sort`  [ RunTime:0.0002s ]
INFO: [ view_parse ] --START--
INFO: [ template_filter ] --START--
INFO: Run Behavior\ContentReplaceBehavior [ RunTime:0.000198s ]
INFO: [ template_filter ] --END-- [ RunTime:0.000335s ]
NOTIC: [8] Undefined variable: title D:\wamp\www\clone\yuanku\Application\Runtime\Cache\Admin\ece27d07c030028619d58a2d06df29f7.php 第 4 行.
INFO: Run Behavior\ParseTemplateBehavior [ RunTime:0.017958s ]
INFO: [ view_parse ] --END-- [ RunTime:0.018093s ]
INFO: [ view_filter ] --START--
INFO: Run Behavior\WriteHtmlCacheBehavior [ RunTime:0.000480s ]
INFO: [ view_filter ] --END-- [ RunTime:0.000574s ]
INFO: [ app_end ] --START--
INFO: Run Behavior\ShowPageTraceBehavior [ RunTime:0.001111s ]
INFO: [ app_end ] --END-- [ RunTime:0.001246s ]

[ 2016-10-26T14:48:57+08:00 ] 127.0.0.1 /clone/yuanku/index.php/Admin/News/img/contacts/2.png
INFO: [ app_init ] --START--
INFO: Run Behavior\BuildLiteBehavior [ RunTime:0.000032s ]
INFO: [ app_init ] --END-- [ RunTime:0.000600s ]

[ 2016-10-26T14:48:57+08:00 ] 127.0.0.1 /clone/yuanku/index.php/Admin/News/img/contacts/1.png
INFO: [ app_init ] --START--
INFO: Run Behavior\BuildLiteBehavior [ RunTime:0.000030s ]
INFO: [ app_init ] --END-- [ RunTime:0.000590s ]

[ 2016-10-26T14:48:57+08:00 ] 127.0.0.1 /clone/yuanku/index.php/Admin/News/img/contacts/4.png
INFO: [ app_init ] --START--
INFO: Run Behavior\BuildLiteBehavior [ RunTime:0.000031s ]
INFO: [ app_init ] --END-- [ RunTime:0.000766s ]

[ 2016-10-26T14:48:57+08:00 ] 127.0.0.1 /clone/yuanku/index.php/Admin/News/img/contacts/5.png
INFO: [ app_init ] --START--
INFO: Run Behavior\BuildLiteBehavior [ RunTime:0.000030s ]
INFO: [ app_init ] --END-- [ RunTime:0.000581s ]

[ 2016-10-26T14:48:57+08:00 ] 127.0.0.1 /clone/yuanku/index.php/Admin/News/img/contacts/3.png
INFO: [ app_init ] --START--
INFO: Run Behavior\BuildLiteBehavior [ RunTime:0.000019s ]
INFO: [ app_init ] --END-- [ RunTime:0.000411s ]

[ 2016-10-26T14:48:59+08:00 ] 127.0.0.1 /clone/yuanku/index.php/Admin/News/news_add.html
INFO: [ app_init ] --START--
INFO: Run Behavior\BuildLiteBehavior [ RunTime:0.000020s ]
INFO: [ app_init ] --END-- [ RunTime:0.000451s ]
INFO: [ app_begin ] --START--
INFO: Run Behavior\ReadHtmlCacheBehavior [ RunTime:0.000601s ]
INFO: [ app_begin ] --END-- [ RunTime:0.000688s ]
SQL: SHOW COLUMNS FROM `admin_user` [ RunTime:0.0038s ]
SQL: SELECT * FROM `admin_user` WHERE ( id=12 ) LIMIT 1   [ RunTime:0.0003s ]
SQL: SHOW COLUMNS FROM `author` [ RunTime:0.0023s ]
SQL: SHOW COLUMNS FROM `news_sort` [ RunTime:0.0023s ]
SQL: SELECT `id`,`name` FROM `author`  [ RunTime:0.0002s ]
SQL: SELECT * FROM `news_sort`  [ RunTime:0.0002s ]
INFO: [ view_parse ] --START--
INFO: [ template_filter ] --START--
INFO: Run Behavior\ContentReplaceBehavior [ RunTime:0.000178s ]
INFO: [ template_filter ] --END-- [ RunTime:0.000276s ]
NOTIC: [8] Undefined variable: title D:\wamp\www\clone\yuanku\Application\Runtime\Cache\Admin\ece27d07c030028619d58a2d06df29f7.php 第 4 行.
INFO: Run Behavior\ParseTemplateBehavior [ RunTime:0.015546s ]
INFO: [ view_parse ] --END-- [ RunTime:0.015679s ]
INFO: [ view_filter ] --START--
INFO: Run Behavior\WriteHtmlCacheBehavior [ RunTime:0.000409s ]
INFO: [ view_filter ] --END-- [ RunTime:0.000505s ]
INFO: [ app_end ] --START--
INFO: Run Behavior\ShowPageTraceBehavior [ RunTime:0.000817s ]
INFO: [ app_end ] --END-- [ RunTime:0.000926s ]

[ 2016-10-26T14:48:59+08:00 ] 127.0.0.1 /clone/yuanku/index.php/Admin/News/img/contacts/2.png
INFO: [ app_init ] --START--
INFO: Run Behavior\BuildLiteBehavior [ RunTime:0.000036s ]
INFO: [ app_init ] --END-- [ RunTime:0.000578s ]

[ 2016-10-26T14:48:59+08:00 ] 127.0.0.1 /clone/yuanku/index.php/Admin/News/img/contacts/3.png
INFO: [ app_init ] --START--
INFO: Run Behavior\BuildLiteBehavior [ RunTime:0.000034s ]
INFO: [ app_init ] --END-- [ RunTime:0.000675s ]

[ 2016-10-26T14:48:59+08:00 ] 127.0.0.1 /clone/yuanku/index.php/Admin/News/img/contacts/5.png
INFO: [ app_init ] --START--
INFO: Run Behavior\BuildLiteBehavior [ RunTime:0.000040s ]
INFO: [ app_init ] --END-- [ RunTime:0.000617s ]

[ 2016-10-26T14:48:59+08:00 ] 127.0.0.1 /clone/yuanku/index.php/Admin/News/img/contacts/4.png
INFO: [ app_init ] --START--
INFO: Run Behavior\BuildLiteBehavior [ RunTime:0.000036s ]
INFO: [ app_init ] --END-- [ RunTime:0.000578s ]

[ 2016-10-26T14:48:59+08:00 ] 127.0.0.1 /clone/yuanku/index.php/Admin/News/img/contacts/1.png
INFO: [ app_init ] --START--
INFO: Run Behavior\BuildLiteBehavior [ RunTime:0.000037s ]
INFO: [ app_init ] --END-- [ RunTime:0.000844s ]

[ 2016-10-26T14:54:13+08:00 ] 127.0.0.1 /clone/yuanku/index.php/Admin/News/news_add.html
INFO: [ app_init ] --START--
INFO: Run Behavior\BuildLiteBehavior [ RunTime:0.000026s ]
INFO: [ app_init ] --END-- [ RunTime:0.001215s ]
INFO: [ app_begin ] --START--
INFO: Run Behavior\ReadHtmlCacheBehavior [ RunTime:0.000616s ]
INFO: [ app_begin ] --END-- [ RunTime:0.000706s ]
SQL: SHOW COLUMNS FROM `admin_user` [ RunTime:0.0025s ]
SQL: SELECT * FROM `admin_user` WHERE ( id=12 ) LIMIT 1   [ RunTime:0.0003s ]
SQL: SHOW COLUMNS FROM `author` [ RunTime:0.0027s ]
SQL: SHOW COLUMNS FROM `news_sort` [ RunTime:0.0024s ]
SQL: SELECT `id`,`name` FROM `author`  [ RunTime:0.0003s ]
SQL: SELECT * FROM `news_sort`  [ RunTime:0.0002s ]
INFO: [ view_parse ] --START--
INFO: [ template_filter ] --START--
INFO: Run Behavior\ContentReplaceBehavior [ RunTime:0.000184s ]
INFO: [ template_filter ] --END-- [ RunTime:0.000270s ]
NOTIC: [8] Undefined variable: title D:\wamp\www\clone\yuanku\Application\Runtime\Cache\Admin\ece27d07c030028619d58a2d06df29f7.php 第 4 行.
INFO: Run Behavior\ParseTemplateBehavior [ RunTime:0.014748s ]
INFO: [ view_parse ] --END-- [ RunTime:0.014843s ]
INFO: [ view_filter ] --START--
INFO: Run Behavior\WriteHtmlCacheBehavior [ RunTime:0.000445s ]
INFO: [ view_filter ] --END-- [ RunTime:0.000527s ]
INFO: [ app_end ] --START--
INFO: Run Behavior\ShowPageTraceBehavior [ RunTime:0.000496s ]
INFO: [ app_end ] --END-- [ RunTime:0.000570s ]

[ 2016-10-26T14:54:13+08:00 ] 127.0.0.1 /clone/yuanku/index.php/Admin/News/img/contacts/3.png
INFO: [ app_init ] --START--
INFO: Run Behavior\BuildLiteBehavior [ RunTime:0.000081s ]
INFO: [ app_init ] --END-- [ RunTime:0.000632s ]

[ 2016-10-26T14:54:13+08:00 ] 127.0.0.1 /clone/yuanku/index.php/Admin/News/img/contacts/2.png
INFO: [ app_init ] --START--
INFO: Run Behavior\BuildLiteBehavior [ RunTime:0.000033s ]
INFO: [ app_init ] --END-- [ RunTime:0.000627s ]

[ 2016-10-26T14:54:13+08:00 ] 127.0.0.1 /clone/yuanku/index.php/Admin/News/img/contacts/4.png
INFO: [ app_init ] --START--
INFO: Run Behavior\BuildLiteBehavior [ RunTime:0.000031s ]
INFO: [ app_init ] --END-- [ RunTime:0.000622s ]

[ 2016-10-26T14:54:13+08:00 ] 127.0.0.1 /clone/yuanku/index.php/Admin/News/img/contacts/1.png
INFO: [ app_init ] --START--
INFO: Run Behavior\BuildLiteBehavior [ RunTime:0.000034s ]
INFO: [ app_init ] --END-- [ RunTime:0.000673s ]

[ 2016-10-26T14:54:13+08:00 ] 127.0.0.1 /clone/yuanku/index.php/Admin/News/img/contacts/5.png
INFO: [ app_init ] --START--
INFO: Run Behavior\BuildLiteBehavior [ RunTime:0.000042s ]
INFO: [ app_init ] --END-- [ RunTime:0.000874s ]

[ 2016-10-26T14:55:32+08:00 ] 127.0.0.1 /clone/yuanku/index.php/Admin/News/news_add.html
INFO: [ app_init ] --START--
INFO: Run Behavior\BuildLiteBehavior [ RunTime:0.000028s ]
INFO: [ app_init ] --END-- [ RunTime:0.000579s ]
INFO: [ app_begin ] --START--
INFO: Run Behavior\ReadHtmlCacheBehavior [ RunTime:0.000674s ]
INFO: [ app_begin ] --END-- [ RunTime:0.000799s ]
SQL: SHOW COLUMNS FROM `admin_user` [ RunTime:0.0026s ]
SQL: SELECT * FROM `admin_user` WHERE ( id=12 ) LIMIT 1   [ RunTime:0.0003s ]
SQL: SHOW COLUMNS FROM `author` [ RunTime:0.0021s ]
SQL: SHOW COLUMNS FROM `news_sort` [ RunTime:0.0023s ]
SQL: SELECT `id`,`name` FROM `author`  [ RunTime:0.0002s ]
SQL: SELECT * FROM `news_sort`  [ RunTime:0.0002s ]
INFO: [ view_parse ] --START--
INFO: [ template_filter ] --START--
INFO: Run Behavior\ContentReplaceBehavior [ RunTime:0.000188s ]
INFO: [ template_filter ] --END-- [ RunTime:0.000279s ]
NOTIC: [8] Undefined variable: title D:\wamp\www\clone\yuanku\Application\Runtime\Cache\Admin\ece27d07c030028619d58a2d06df29f7.php 第 4 行.
INFO: Run Behavior\ParseTemplateBehavior [ RunTime:0.015166s ]
INFO: [ view_parse ] --END-- [ RunTime:0.015265s ]
INFO: [ view_filter ] --START--
INFO: Run Behavior\WriteHtmlCacheBehavior [ RunTime:0.000452s ]
INFO: [ view_filter ] --END-- [ RunTime:0.000530s ]
INFO: [ app_end ] --START--
INFO: Run Behavior\ShowPageTraceBehavior [ RunTime:0.000624s ]
INFO: [ app_end ] --END-- [ RunTime:0.000702s ]

[ 2016-10-26T14:55:32+08:00 ] 127.0.0.1 /clone/yuanku/index.php/Admin/News/img/contacts/3.png
INFO: [ app_init ] --START--
INFO: Run Behavior\BuildLiteBehavior [ RunTime:0.000032s ]
INFO: [ app_init ] --END-- [ RunTime:0.000644s ]

[ 2016-10-26T14:55:32+08:00 ] 127.0.0.1 /clone/yuanku/index.php/Admin/News/img/contacts/5.png
INFO: [ app_init ] --START--
INFO: Run Behavior\BuildLiteBehavior [ RunTime:0.000039s ]
INFO: [ app_init ] --END-- [ RunTime:0.000942s ]

[ 2016-10-26T14:55:32+08:00 ] 127.0.0.1 /clone/yuanku/index.php/Admin/News/img/contacts/1.png
INFO: [ app_init ] --START--
INFO: Run Behavior\BuildLiteBehavior [ RunTime:0.000033s ]
INFO: [ app_init ] --END-- [ RunTime:0.000586s ]

[ 2016-10-26T14:55:32+08:00 ] 127.0.0.1 /clone/yuanku/index.php/Admin/News/img/contacts/2.png
INFO: [ app_init ] --START--
INFO: Run Behavior\BuildLiteBehavior [ RunTime:0.000033s ]
INFO: [ app_init ] --END-- [ RunTime:0.000631s ]

[ 2016-10-26T14:55:32+08:00 ] 127.0.0.1 /clone/yuanku/index.php/Admin/News/img/contacts/4.png
INFO: [ app_init ] --START--
INFO: Run Behavior\BuildLiteBehavior [ RunTime:0.000023s ]
INFO: [ app_init ] --END-- [ RunTime:0.000471s ]

[ 2016-10-26T14:55:55+08:00 ] 127.0.0.1 /clone/yuanku/index.php/Admin/News/news_add.html
INFO: [ app_init ] --START--
INFO: Run Behavior\BuildLiteBehavior [ RunTime:0.000023s ]
INFO: [ app_init ] --END-- [ RunTime:0.000518s ]
INFO: [ app_begin ] --START--
INFO: Run Behavior\ReadHtmlCacheBehavior [ RunTime:0.000743s ]
INFO: [ app_begin ] --END-- [ RunTime:0.000832s ]
SQL: SHOW COLUMNS FROM `admin_user` [ RunTime:0.0028s ]
SQL: SELECT * FROM `admin_user` WHERE ( id=12 ) LIMIT 1   [ RunTime:0.0004s ]
SQL: SHOW COLUMNS FROM `author` [ RunTime:0.0054s ]
SQL: SHOW COLUMNS FROM `news_sort` [ RunTime:0.0029s ]
SQL: SELECT `id`,`name` FROM `author`  [ RunTime:0.0004s ]
SQL: SELECT * FROM `news_sort`  [ RunTime:0.0003s ]
INFO: [ view_parse ] --START--
INFO: [ template_filter ] --START--
INFO: Run Behavior\ContentReplaceBehavior [ RunTime:0.000258s ]
INFO: [ template_filter ] --END-- [ RunTime:0.000424s ]
NOTIC: [8] Undefined variable: title D:\wamp\www\clone\yuanku\Application\Runtime\Cache\Admin\ece27d07c030028619d58a2d06df29f7.php 第 4 行.
INFO: Run Behavior\ParseTemplateBehavior [ RunTime:0.021002s ]
INFO: [ view_parse ] --END-- [ RunTime:0.021150s ]
INFO: [ view_filter ] --START--
INFO: Run Behavior\WriteHtmlCacheBehavior [ RunTime:0.000591s ]
INFO: [ view_filter ] --END-- [ RunTime:0.000678s ]
INFO: [ app_end ] --START--
INFO: Run Behavior\ShowPageTraceBehavior [ RunTime:0.000610s ]
INFO: [ app_end ] --END-- [ RunTime:0.000687s ]

[ 2016-10-26T14:55:55+08:00 ] 127.0.0.1 /clone/yuanku/index.php/Admin/News/img/contacts/4.png
INFO: [ app_init ] --START--
INFO: Run Behavior\BuildLiteBehavior [ RunTime:0.000035s ]
INFO: [ app_init ] --END-- [ RunTime:0.000592s ]

[ 2016-10-26T14:55:55+08:00 ] 127.0.0.1 /clone/yuanku/index.php/Admin/News/img/contacts/5.png
INFO: [ app_init ] --START--
INFO: Run Behavior\BuildLiteBehavior [ RunTime:0.000031s ]
INFO: [ app_init ] --END-- [ RunTime:0.000633s ]

[ 2016-10-26T14:55:55+08:00 ] 127.0.0.1 /clone/yuanku/index.php/Admin/News/img/contacts/1.png
INFO: [ app_init ] --START--
INFO: Run Behavior\BuildLiteBehavior [ RunTime:0.000092s ]
INFO: [ app_init ] --END-- [ RunTime:0.000725s ]

[ 2016-10-26T14:55:55+08:00 ] 127.0.0.1 /clone/yuanku/index.php/Admin/News/img/contacts/2.png
INFO: [ app_init ] --START--
INFO: Run Behavior\BuildLiteBehavior [ RunTime:0.000054s ]
INFO: [ app_init ] --END-- [ RunTime:0.006315s ]

[ 2016-10-26T14:55:55+08:00 ] 127.0.0.1 /clone/yuanku/index.php/Admin/News/img/contacts/3.png
INFO: [ app_init ] --START--
INFO: Run Behavior\BuildLiteBehavior [ RunTime:0.000025s ]
INFO: [ app_init ] --END-- [ RunTime:0.000491s ]

[ 2016-10-26T14:56:50+08:00 ] 127.0.0.1 /clone/yuanku/index.php/Admin/News/news_add.html
INFO: [ app_init ] --START--
INFO: Run Behavior\BuildLiteBehavior [ RunTime:0.000074s ]
INFO: [ app_init ] --END-- [ RunTime:0.001259s ]
INFO: [ app_begin ] --START--
INFO: Run Behavior\ReadHtmlCacheBehavior [ RunTime:0.001588s ]
INFO: [ app_begin ] --END-- [ RunTime:0.001775s ]
SQL: SHOW COLUMNS FROM `admin_user` [ RunTime:0.0029s ]
SQL: SELECT * FROM `admin_user` WHERE ( id=12 ) LIMIT 1   [ RunTime:0.0003s ]
SQL: SHOW COLUMNS FROM `author` [ RunTime:0.0025s ]
SQL: SHOW COLUMNS FROM `news_sort` [ RunTime:0.0024s ]
SQL: SELECT `id`,`name` FROM `author`  [ RunTime:0.0002s ]
SQL: SELECT * FROM `news_sort`  [ RunTime:0.0002s ]
INFO: [ view_parse ] --START--
INFO: [ template_filter ] --START--
INFO: Run Behavior\ContentReplaceBehavior [ RunTime:0.000165s ]
INFO: [ template_filter ] --END-- [ RunTime:0.000255s ]
NOTIC: [8] Undefined variable: title D:\wamp\www\clone\yuanku\Application\Runtime\Cache\Admin\ece27d07c030028619d58a2d06df29f7.php 第 4 行.
INFO: Run Behavior\ParseTemplateBehavior [ RunTime:0.016083s ]
INFO: [ view_parse ] --END-- [ RunTime:0.016186s ]
INFO: [ view_filter ] --START--
INFO: Run Behavior\WriteHtmlCacheBehavior [ RunTime:0.000587s ]
INFO: [ view_filter ] --END-- [ RunTime:0.000669s ]
INFO: [ app_end ] --START--
INFO: Run Behavior\ShowPageTraceBehavior [ RunTime:0.000742s ]
INFO: [ app_end ] --END-- [ RunTime:0.000820s ]

[ 2016-10-26T14:56:51+08:00 ] 127.0.0.1 /clone/yuanku/index.php/Admin/News/img/contacts/4.png
INFO: [ app_init ] --START--
INFO: Run Behavior\BuildLiteBehavior [ RunTime:0.000034s ]
INFO: [ app_init ] --END-- [ RunTime:0.000606s ]

[ 2016-10-26T14:56:51+08:00 ] 127.0.0.1 /clone/yuanku/index.php/Admin/News/img/contacts/5.png
INFO: [ app_init ] --START--
INFO: Run Behavior\BuildLiteBehavior [ RunTime:0.000032s ]
INFO: [ app_init ] --END-- [ RunTime:0.000633s ]

[ 2016-10-26T14:56:51+08:00 ] 127.0.0.1 /clone/yuanku/index.php/Admin/News/img/contacts/2.png
INFO: [ app_init ] --START--
INFO: Run Behavior\BuildLiteBehavior [ RunTime:0.000040s ]
INFO: [ app_init ] --END-- [ RunTime:0.002015s ]

[ 2016-10-26T14:56:51+08:00 ] 127.0.0.1 /clone/yuanku/index.php/Admin/News/img/contacts/1.png
INFO: [ app_init ] --START--
INFO: Run Behavior\BuildLiteBehavior [ RunTime:0.000035s ]
INFO: [ app_init ] --END-- [ RunTime:0.000781s ]

[ 2016-10-26T14:56:51+08:00 ] 127.0.0.1 /clone/yuanku/index.php/Admin/News/img/contacts/3.png
INFO: [ app_init ] --START--
INFO: Run Behavior\BuildLiteBehavior [ RunTime:0.000192s ]
INFO: [ app_init ] --END-- [ RunTime:0.001686s ]

[ 2016-10-26T14:57:38+08:00 ] 127.0.0.1 /clone/yuanku/index.php/Admin/News/news_add.html
INFO: [ app_init ] --START--
INFO: Run Behavior\BuildLiteBehavior [ RunTime:0.000023s ]
INFO: [ app_init ] --END-- [ RunTime:0.000457s ]
INFO: [ app_begin ] --START--
INFO: Run Behavior\ReadHtmlCacheBehavior [ RunTime:0.000694s ]
INFO: [ app_begin ] --END-- [ RunTime:0.000802s ]
SQL: SHOW COLUMNS FROM `admin_user` [ RunTime:0.0034s ]
SQL: SELECT * FROM `admin_user` WHERE ( id=12 ) LIMIT 1   [ RunTime:0.0003s ]
SQL: SHOW COLUMNS FROM `author` [ RunTime:0.0026s ]
SQL: SHOW COLUMNS FROM `news_sort` [ RunTime:0.0024s ]
SQL: SELECT `id`,`name` FROM `author`  [ RunTime:0.0002s ]
SQL: SELECT * FROM `news_sort`  [ RunTime:0.0002s ]
INFO: [ view_parse ] --START--
INFO: [ template_filter ] --START--
INFO: Run Behavior\ContentReplaceBehavior [ RunTime:0.000169s ]
INFO: [ template_filter ] --END-- [ RunTime:0.000266s ]
NOTIC: [8] Undefined variable: title D:\wamp\www\clone\yuanku\Application\Runtime\Cache\Admin\ece27d07c030028619d58a2d06df29f7.php 第 4 行.
INFO: Run Behavior\ParseTemplateBehavior [ RunTime:0.015276s ]
INFO: [ view_parse ] --END-- [ RunTime:0.015376s ]
INFO: [ view_filter ] --START--
INFO: Run Behavior\WriteHtmlCacheBehavior [ RunTime:0.000542s ]
INFO: [ view_filter ] --END-- [ RunTime:0.000621s ]
INFO: [ app_end ] --START--
INFO: Run Behavior\ShowPageTraceBehavior [ RunTime:0.000635s ]
INFO: [ app_end ] --END-- [ RunTime:0.000714s ]

[ 2016-10-26T14:57:39+08:00 ] 127.0.0.1 /clone/yuanku/index.php/Admin/News/img/contacts/2.png
INFO: [ app_init ] --START--
INFO: Run Behavior\BuildLiteBehavior [ RunTime:0.000036s ]
INFO: [ app_init ] --END-- [ RunTime:0.000901s ]

[ 2016-10-26T14:57:39+08:00 ] 127.0.0.1 /clone/yuanku/index.php/Admin/News/img/contacts/1.png
INFO: [ app_init ] --START--
INFO: Run Behavior\BuildLiteBehavior [ RunTime:0.000041s ]
INFO: [ app_init ] --END-- [ RunTime:0.000793s ]

[ 2016-10-26T14:57:39+08:00 ] 127.0.0.1 /clone/yuanku/index.php/Admin/News/img/contacts/4.png
INFO: [ app_init ] --START--
INFO: Run Behavior\BuildLiteBehavior [ RunTime:0.000032s ]
INFO: [ app_init ] --END-- [ RunTime:0.000618s ]

[ 2016-10-26T14:57:39+08:00 ] 127.0.0.1 /clone/yuanku/index.php/Admin/News/img/contacts/3.png
INFO: [ app_init ] --START--
INFO: Run Behavior\BuildLiteBehavior [ RunTime:0.000041s ]
INFO: [ app_init ] --END-- [ RunTime:0.000676s ]

[ 2016-10-26T14:57:39+08:00 ] 127.0.0.1 /clone/yuanku/index.php/Admin/News/img/contacts/5.png
INFO: [ app_init ] --START--
INFO: Run Behavior\BuildLiteBehavior [ RunTime:0.000033s ]
INFO: [ app_init ] --END-- [ RunTime:0.000701s ]

[ 2016-10-26T14:57:57+08:00 ] 127.0.0.1 /clone/yuanku/index.php/Admin/News/news_add.html
INFO: [ app_init ] --START--
INFO: Run Behavior\BuildLiteBehavior [ RunTime:0.000124s ]
INFO: [ app_init ] --END-- [ RunTime:0.001486s ]
INFO: [ app_begin ] --START--
INFO: Run Behavior\ReadHtmlCacheBehavior [ RunTime:0.001564s ]
INFO: [ app_begin ] --END-- [ RunTime:0.001778s ]
SQL: SHOW COLUMNS FROM `admin_user` [ RunTime:0.0032s ]
SQL: SELECT * FROM `admin_user` WHERE ( id=12 ) LIMIT 1   [ RunTime:0.0004s ]
SQL: SHOW COLUMNS FROM `author` [ RunTime:0.0040s ]
SQL: SHOW COLUMNS FROM `news_sort` [ RunTime:0.0021s ]
SQL: SELECT `id`,`name` FROM `author`  [ RunTime:0.0002s ]
SQL: SELECT * FROM `news_sort`  [ RunTime:0.0001s ]
INFO: [ view_parse ] --START--
INFO: [ template_filter ] --START--
INFO: Run Behavior\ContentReplaceBehavior [ RunTime:0.000170s ]
INFO: [ template_filter ] --END-- [ RunTime:0.000266s ]
NOTIC: [8] Undefined variable: title D:\wamp\www\clone\yuanku\Application\Runtime\Cache\Admin\ece27d07c030028619d58a2d06df29f7.php 第 4 行.
INFO: Run Behavior\ParseTemplateBehavior [ RunTime:0.015897s ]
INFO: [ view_parse ] --END-- [ RunTime:0.016081s ]
INFO: [ view_filter ] --START--
INFO: Run Behavior\WriteHtmlCacheBehavior [ RunTime:0.000537s ]
INFO: [ view_filter ] --END-- [ RunTime:0.000629s ]
INFO: [ app_end ] --START--
INFO: Run Behavior\ShowPageTraceBehavior [ RunTime:0.000609s ]
INFO: [ app_end ] --END-- [ RunTime:0.000690s ]

[ 2016-10-26T14:57:57+08:00 ] 127.0.0.1 /clone/yuanku/index.php/Admin/News/img/contacts/5.png
INFO: [ app_init ] --START--
INFO: Run Behavior\BuildLiteBehavior [ RunTime:0.000036s ]
INFO: [ app_init ] --END-- [ RunTime:0.000626s ]

[ 2016-10-26T14:57:57+08:00 ] 127.0.0.1 /clone/yuanku/index.php/Admin/News/img/contacts/4.png
INFO: [ app_init ] --START--
INFO: Run Behavior\BuildLiteBehavior [ RunTime:0.000109s ]
INFO: [ app_init ] --END-- [ RunTime:0.001356s ]

[ 2016-10-26T14:57:57+08:00 ] 127.0.0.1 /clone/yuanku/index.php/Admin/News/img/contacts/1.png
INFO: [ app_init ] --START--
INFO: Run Behavior\BuildLiteBehavior [ RunTime:0.000033s ]
INFO: [ app_init ] --END-- [ RunTime:0.000908s ]

[ 2016-10-26T14:57:57+08:00 ] 127.0.0.1 /clone/yuanku/index.php/Admin/News/img/contacts/3.png
INFO: [ app_init ] --START--
INFO: Run Behavior\BuildLiteBehavior [ RunTime:0.000030s ]
INFO: [ app_init ] --END-- [ RunTime:0.000646s ]

