[ 2016-10-20T16:23:48+08:00 ] 127.0.0.1 /clone/yuanku/index.php/Admin/news/index.html
INFO: [ app_init ] --START--
INFO: Run Behavior\BuildLiteBehavior [ RunTime:0.000034s ]
INFO: [ app_init ] --END-- [ RunTime:0.000734s ]
INFO: [ app_begin ] --START--
INFO: Run Behavior\ReadHtmlCacheBehavior [ RunTime:0.001173s ]
INFO: [ app_begin ] --END-- [ RunTime:0.001351s ]
SQL: SHOW COLUMNS FROM `admin_user` [ RunTime:0.0036s ]
SQL: SELECT * FROM `admin_user` WHERE ( id=12 ) LIMIT 1   [ RunTime:0.0004s ]
SQL: SHOW COLUMNS FROM `news` [ RunTime:0.0028s ]
ERR: 1054:Unknown column 'sort' in 'field list'
 [ SQL语句 ] : SELECT n.id as nid,`title`,`name`,`sort`,`content`,`img`,`date` FROM news n INNER JOIN author ON author_id=author.id INNER JOIN news_sort ON sort_id=news_sort.id  
ERR: 1054:Unknown column 'sort' in 'field list'
 [ SQL语句 ] : SELECT n.id as nid,`title`,`name`,`sort`,`content`,`img`,`date` FROM news n INNER JOIN author ON author_id=author.id INNER JOIN news_sort ON sort_id=news_sort.id  

[ 2016-10-20T16:24:05+08:00 ] 127.0.0.1 /clone/yuanku/index.php/Admin/news/index.html
INFO: [ app_init ] --START--
INFO: Run Behavior\BuildLiteBehavior [ RunTime:0.000080s ]
INFO: [ app_init ] --END-- [ RunTime:0.000779s ]
INFO: [ app_begin ] --START--
INFO: Run Behavior\ReadHtmlCacheBehavior [ RunTime:0.000850s ]
INFO: [ app_begin ] --END-- [ RunTime:0.000987s ]
SQL: SHOW COLUMNS FROM `admin_user` [ RunTime:0.0035s ]
SQL: SELECT * FROM `admin_user` WHERE ( id=12 ) LIMIT 1   [ RunTime:0.0004s ]
SQL: SHOW COLUMNS FROM `news` [ RunTime:0.0032s ]
ERR: 1054:Unknown column 'sort' in 'field list'
 [ SQL语句 ] : SELECT n.id as nid,`title`,`name`,`sort`,`content`,`img`,`date` FROM news n INNER JOIN author ON author_id=author.id  
ERR: 1054:Unknown column 'sort' in 'field list'
 [ SQL语句 ] : SELECT n.id as nid,`title`,`name`,`sort`,`content`,`img`,`date` FROM news n INNER JOIN author ON author_id=author.id  

[ 2016-10-20T16:24:06+08:00 ] 127.0.0.1 /clone/yuanku/index.php/Admin/news/index.html
INFO: [ app_init ] --START--
INFO: Run Behavior\BuildLiteBehavior [ RunTime:0.000030s ]
INFO: [ app_init ] --END-- [ RunTime:0.000630s ]
INFO: [ app_begin ] --START--
INFO: Run Behavior\ReadHtmlCacheBehavior [ RunTime:0.000799s ]
INFO: [ app_begin ] --END-- [ RunTime:0.000937s ]
SQL: SHOW COLUMNS FROM `admin_user` [ RunTime:0.0067s ]
SQL: SELECT * FROM `admin_user` WHERE ( id=12 ) LIMIT 1   [ RunTime:0.0004s ]
SQL: SHOW COLUMNS FROM `news` [ RunTime:0.0036s ]
ERR: 1054:Unknown column 'sort' in 'field list'
 [ SQL语句 ] : SELECT n.id as nid,`title`,`name`,`sort`,`content`,`img`,`date` FROM news n INNER JOIN author ON author_id=author.id  
ERR: 1054:Unknown column 'sort' in 'field list'
 [ SQL语句 ] : SELECT n.id as nid,`title`,`name`,`sort`,`content`,`img`,`date` FROM news n INNER JOIN author ON author_id=author.id  

[ 2016-10-20T16:24:06+08:00 ] 127.0.0.1 /clone/yuanku/index.php/Admin/news/index.html
INFO: [ app_init ] --START--
INFO: Run Behavior\BuildLiteBehavior [ RunTime:0.000030s ]
INFO: [ app_init ] --END-- [ RunTime:0.000563s ]
INFO: [ app_begin ] --START--
INFO: Run Behavior\ReadHtmlCacheBehavior [ RunTime:0.000827s ]
INFO: [ app_begin ] --END-- [ RunTime:0.000975s ]
SQL: SHOW COLUMNS FROM `admin_user` [ RunTime:0.0032s ]
SQL: SELECT * FROM `admin_user` WHERE ( id=12 ) LIMIT 1   [ RunTime:0.0003s ]
SQL: SHOW COLUMNS FROM `news` [ RunTime:0.0029s ]
ERR: 1054:Unknown column 'sort' in 'field list'
 [ SQL语句 ] : SELECT n.id as nid,`title`,`name`,`sort`,`content`,`img`,`date` FROM news n INNER JOIN author ON author_id=author.id  
ERR: 1054:Unknown column 'sort' in 'field list'
 [ SQL语句 ] : SELECT n.id as nid,`title`,`name`,`sort`,`content`,`img`,`date` FROM news n INNER JOIN author ON author_id=author.id  

[ 2016-10-20T16:24:06+08:00 ] 127.0.0.1 /clone/yuanku/index.php/Admin/news/index.html
INFO: [ app_init ] --START--
INFO: Run Behavior\BuildLiteBehavior [ RunTime:0.000027s ]
INFO: [ app_init ] --END-- [ RunTime:0.000530s ]
INFO: [ app_begin ] --START--
INFO: Run Behavior\ReadHtmlCacheBehavior [ RunTime:0.000724s ]
INFO: [ app_begin ] --END-- [ RunTime:0.000844s ]
SQL: SHOW COLUMNS FROM `admin_user` [ RunTime:0.0030s ]
SQL: SELECT * FROM `admin_user` WHERE ( id=12 ) LIMIT 1   [ RunTime:0.0003s ]
SQL: SHOW COLUMNS FROM `news` [ RunTime:0.0029s ]
ERR: 1054:Unknown column 'sort' in 'field list'
 [ SQL语句 ] : SELECT n.id as nid,`title`,`name`,`sort`,`content`,`img`,`date` FROM news n INNER JOIN author ON author_id=author.id  
ERR: 1054:Unknown column 'sort' in 'field list'
 [ SQL语句 ] : SELECT n.id as nid,`title`,`name`,`sort`,`content`,`img`,`date` FROM news n INNER JOIN author ON author_id=author.id  

[ 2016-10-20T16:24:07+08:00 ] 127.0.0.1 /clone/yuanku/index.php/Admin/news/index.html
INFO: [ app_init ] --START--
INFO: Run Behavior\BuildLiteBehavior [ RunTime:0.000034s ]
INFO: [ app_init ] --END-- [ RunTime:0.000934s ]
INFO: [ app_begin ] --START--
INFO: Run Behavior\ReadHtmlCacheBehavior [ RunTime:0.001013s ]
INFO: [ app_begin ] --END-- [ RunTime:0.001183s ]
SQL: SHOW COLUMNS FROM `admin_user` [ RunTime:0.0035s ]
SQL: SELECT * FROM `admin_user` WHERE ( id=12 ) LIMIT 1   [ RunTime:0.0004s ]
SQL: SHOW COLUMNS FROM `news` [ RunTime:0.0035s ]
ERR: 1054:Unknown column 'sort' in 'field list'
 [ SQL语句 ] : SELECT n.id as nid,`title`,`name`,`sort`,`content`,`img`,`date` FROM news n INNER JOIN author ON author_id=author.id  
ERR: 1054:Unknown column 'sort' in 'field list'
 [ SQL语句 ] : SELECT n.id as nid,`title`,`name`,`sort`,`content`,`img`,`date` FROM news n INNER JOIN author ON author_id=author.id  

[ 2016-10-20T16:24:07+08:00 ] 127.0.0.1 /clone/yuanku/index.php/Admin/news/index.html
INFO: [ app_init ] --START--
INFO: Run Behavior\BuildLiteBehavior [ RunTime:0.000033s ]
INFO: [ app_init ] --END-- [ RunTime:0.000711s ]
INFO: [ app_begin ] --START--
INFO: Run Behavior\ReadHtmlCacheBehavior [ RunTime:0.000858s ]
INFO: [ app_begin ] --END-- [ RunTime:0.001009s ]
SQL: SHOW COLUMNS FROM `admin_user` [ RunTime:0.0036s ]
SQL: SELECT * FROM `admin_user` WHERE ( id=12 ) LIMIT 1   [ RunTime:0.0007s ]
SQL: SHOW COLUMNS FROM `news` [ RunTime:0.0039s ]
ERR: 1054:Unknown column 'sort' in 'field list'
 [ SQL语句 ] : SELECT n.id as nid,`title`,`name`,`sort`,`content`,`img`,`date` FROM news n INNER JOIN author ON author_id=author.id  
ERR: 1054:Unknown column 'sort' in 'field list'
 [ SQL语句 ] : SELECT n.id as nid,`title`,`name`,`sort`,`content`,`img`,`date` FROM news n INNER JOIN author ON author_id=author.id  

[ 2016-10-20T16:24:15+08:00 ] 127.0.0.1 /clone/yuanku/index.php/Admin/news/index.html
INFO: [ app_init ] --START--
INFO: Run Behavior\BuildLiteBehavior [ RunTime:0.000033s ]
INFO: [ app_init ] --END-- [ RunTime:0.000657s ]
INFO: [ app_begin ] --START--
INFO: Run Behavior\ReadHtmlCacheBehavior [ RunTime:0.000940s ]
INFO: [ app_begin ] --END-- [ RunTime:0.001114s ]
SQL: SHOW COLUMNS FROM `admin_user` [ RunTime:0.0031s ]
SQL: SELECT * FROM `admin_user` WHERE ( id=12 ) LIMIT 1   [ RunTime:0.0004s ]
SQL: SHOW COLUMNS FROM `news` [ RunTime:0.0034s ]
ERR: 1054:Unknown column 'sort' in 'field list'
 [ SQL语句 ] : SELECT n.id as nid,`title`,`name`,`sort`,`content`,`img`,`date` FROM news n INNER JOIN author ON author_id=author.id  
ERR: 1054:Unknown column 'sort' in 'field list'
 [ SQL语句 ] : SELECT n.id as nid,`title`,`name`,`sort`,`content`,`img`,`date` FROM news n INNER JOIN author ON author_id=author.id  

[ 2016-10-20T16:24:15+08:00 ] 127.0.0.1 /clone/yuanku/index.php/Admin/news/index.html
INFO: [ app_init ] --START--
INFO: Run Behavior\BuildLiteBehavior [ RunTime:0.000026s ]
INFO: [ app_init ] --END-- [ RunTime:0.000489s ]
INFO: [ app_begin ] --START--
INFO: Run Behavior\ReadHtmlCacheBehavior [ RunTime:0.000608s ]
INFO: [ app_begin ] --END-- [ RunTime:0.000705s ]
SQL: SHOW COLUMNS FROM `admin_user` [ RunTime:0.0033s ]
SQL: SELECT * FROM `admin_user` WHERE ( id=12 ) LIMIT 1   [ RunTime:0.0004s ]
SQL: SHOW COLUMNS FROM `news` [ RunTime:0.0031s ]
ERR: 1054:Unknown column 'sort' in 'field list'
 [ SQL语句 ] : SELECT n.id as nid,`title`,`name`,`sort`,`content`,`img`,`date` FROM news n INNER JOIN author ON author_id=author.id  
ERR: 1054:Unknown column 'sort' in 'field list'
 [ SQL语句 ] : SELECT n.id as nid,`title`,`name`,`sort`,`content`,`img`,`date` FROM news n INNER JOIN author ON author_id=author.id  

[ 2016-10-20T16:24:16+08:00 ] 127.0.0.1 /clone/yuanku/index.php/Admin/news/index.html
INFO: [ app_init ] --START--
INFO: Run Behavior\BuildLiteBehavior [ RunTime:0.000030s ]
INFO: [ app_init ] --END-- [ RunTime:0.000570s ]
INFO: [ app_begin ] --START--
INFO: Run Behavior\ReadHtmlCacheBehavior [ RunTime:0.000937s ]
INFO: [ app_begin ] --END-- [ RunTime:0.001062s ]
SQL: SHOW COLUMNS FROM `admin_user` [ RunTime:0.0031s ]
SQL: SELECT * FROM `admin_user` WHERE ( id=12 ) LIMIT 1   [ RunTime:0.0003s ]
SQL: SHOW COLUMNS FROM `news` [ RunTime:0.0035s ]
ERR: 1054:Unknown column 'sort' in 'field list'
 [ SQL语句 ] : SELECT n.id as nid,`title`,`name`,`sort`,`content`,`img`,`date` FROM news n INNER JOIN author ON author_id=author.id  
ERR: 1054:Unknown column 'sort' in 'field list'
 [ SQL语句 ] : SELECT n.id as nid,`title`,`name`,`sort`,`content`,`img`,`date` FROM news n INNER JOIN author ON author_id=author.id  

[ 2016-10-20T16:24:16+08:00 ] 127.0.0.1 /clone/yuanku/index.php/Admin/news/index.html
INFO: [ app_init ] --START--
INFO: Run Behavior\BuildLiteBehavior [ RunTime:0.000023s ]
INFO: [ app_init ] --END-- [ RunTime:0.000648s ]
INFO: [ app_begin ] --START--
INFO: Run Behavior\ReadHtmlCacheBehavior [ RunTime:0.000690s ]
INFO: [ app_begin ] --END-- [ RunTime:0.000819s ]
SQL: SHOW COLUMNS FROM `admin_user` [ RunTime:0.0026s ]
SQL: SELECT * FROM `admin_user` WHERE ( id=12 ) LIMIT 1   [ RunTime:0.0004s ]
SQL: SHOW COLUMNS FROM `news` [ RunTime:0.0032s ]
ERR: 1054:Unknown column 'sort' in 'field list'
 [ SQL语句 ] : SELECT n.id as nid,`title`,`name`,`sort`,`content`,`img`,`date` FROM news n INNER JOIN author ON author_id=author.id  
ERR: 1054:Unknown column 'sort' in 'field list'
 [ SQL语句 ] : SELECT n.id as nid,`title`,`name`,`sort`,`content`,`img`,`date` FROM news n INNER JOIN author ON author_id=author.id  

[ 2016-10-20T16:24:16+08:00 ] 127.0.0.1 /clone/yuanku/index.php/Admin/news/index.html
INFO: [ app_init ] --START--
INFO: Run Behavior\BuildLiteBehavior [ RunTime:0.000031s ]
INFO: [ app_init ] --END-- [ RunTime:0.000607s ]
INFO: [ app_begin ] --START--
INFO: Run Behavior\ReadHtmlCacheBehavior [ RunTime:0.000974s ]
INFO: [ app_begin ] --END-- [ RunTime:0.001155s ]
SQL: SHOW COLUMNS FROM `admin_user` [ RunTime:0.0038s ]
SQL: SELECT * FROM `admin_user` WHERE ( id=12 ) LIMIT 1   [ RunTime:0.0003s ]
SQL: SHOW COLUMNS FROM `news` [ RunTime:0.0035s ]
ERR: 1054:Unknown column 'sort' in 'field list'
 [ SQL语句 ] : SELECT n.id as nid,`title`,`name`,`sort`,`content`,`img`,`date` FROM news n INNER JOIN author ON author_id=author.id  
ERR: 1054:Unknown column 'sort' in 'field list'
 [ SQL语句 ] : SELECT n.id as nid,`title`,`name`,`sort`,`content`,`img`,`date` FROM news n INNER JOIN author ON author_id=author.id  

[ 2016-10-20T16:24:16+08:00 ] 127.0.0.1 /clone/yuanku/index.php/Admin/news/index.html
INFO: [ app_init ] --START--
INFO: Run Behavior\BuildLiteBehavior [ RunTime:0.000021s ]
INFO: [ app_init ] --END-- [ RunTime:0.000414s ]
INFO: [ app_begin ] --START--
INFO: Run Behavior\ReadHtmlCacheBehavior [ RunTime:0.001076s ]
INFO: [ app_begin ] --END-- [ RunTime:0.001251s ]
SQL: SHOW COLUMNS FROM `admin_user` [ RunTime:0.0030s ]
SQL: SELECT * FROM `admin_user` WHERE ( id=12 ) LIMIT 1   [ RunTime:0.0004s ]
SQL: SHOW COLUMNS FROM `news` [ RunTime:0.0035s ]
ERR: 1054:Unknown column 'sort' in 'field list'
 [ SQL语句 ] : SELECT n.id as nid,`title`,`name`,`sort`,`content`,`img`,`date` FROM news n INNER JOIN author ON author_id=author.id  
ERR: 1054:Unknown column 'sort' in 'field list'
 [ SQL语句 ] : SELECT n.id as nid,`title`,`name`,`sort`,`content`,`img`,`date` FROM news n INNER JOIN author ON author_id=author.id  

[ 2016-10-20T16:24:16+08:00 ] 127.0.0.1 /clone/yuanku/index.php/Admin/news/index.html
INFO: [ app_init ] --START--
INFO: Run Behavior\BuildLiteBehavior [ RunTime:0.000022s ]
INFO: [ app_init ] --END-- [ RunTime:0.000444s ]
INFO: [ app_begin ] --START--
INFO: Run Behavior\ReadHtmlCacheBehavior [ RunTime:0.000701s ]
INFO: [ app_begin ] --END-- [ RunTime:0.000811s ]
SQL: SHOW COLUMNS FROM `admin_user` [ RunTime:0.0036s ]
SQL: SELECT * FROM `admin_user` WHERE ( id=12 ) LIMIT 1   [ RunTime:0.0004s ]
SQL: SHOW COLUMNS FROM `news` [ RunTime:0.0033s ]
ERR: 1054:Unknown column 'sort' in 'field list'
 [ SQL语句 ] : SELECT n.id as nid,`title`,`name`,`sort`,`content`,`img`,`date` FROM news n INNER JOIN author ON author_id=author.id  
ERR: 1054:Unknown column 'sort' in 'field list'
 [ SQL语句 ] : SELECT n.id as nid,`title`,`name`,`sort`,`content`,`img`,`date` FROM news n INNER JOIN author ON author_id=author.id  

[ 2016-10-20T16:24:17+08:00 ] 127.0.0.1 /clone/yuanku/index.php/Admin/news/index.html
INFO: [ app_init ] --START--
INFO: Run Behavior\BuildLiteBehavior [ RunTime:0.000034s ]
INFO: [ app_init ] --END-- [ RunTime:0.000690s ]
INFO: [ app_begin ] --START--
INFO: Run Behavior\ReadHtmlCacheBehavior [ RunTime:0.000861s ]
INFO: [ app_begin ] --END-- [ RunTime:0.001036s ]
SQL: SHOW COLUMNS FROM `admin_user` [ RunTime:0.0032s ]
SQL: SELECT * FROM `admin_user` WHERE ( id=12 ) LIMIT 1   [ RunTime:0.0004s ]
SQL: SHOW COLUMNS FROM `news` [ RunTime:0.0037s ]
ERR: 1054:Unknown column 'sort' in 'field list'
 [ SQL语句 ] : SELECT n.id as nid,`title`,`name`,`sort`,`content`,`img`,`date` FROM news n INNER JOIN author ON author_id=author.id  
ERR: 1054:Unknown column 'sort' in 'field list'
 [ SQL语句 ] : SELECT n.id as nid,`title`,`name`,`sort`,`content`,`img`,`date` FROM news n INNER JOIN author ON author_id=author.id  

[ 2016-10-20T16:24:17+08:00 ] 127.0.0.1 /clone/yuanku/index.php/Admin/news/index.html
INFO: [ app_init ] --START--
INFO: Run Behavior\BuildLiteBehavior [ RunTime:0.000024s ]
INFO: [ app_init ] --END-- [ RunTime:0.000526s ]
INFO: [ app_begin ] --START--
INFO: Run Behavior\ReadHtmlCacheBehavior [ RunTime:0.000783s ]
INFO: [ app_begin ] --END-- [ RunTime:0.000918s ]
SQL: SHOW COLUMNS FROM `admin_user` [ RunTime:0.0029s ]
SQL: SELECT * FROM `admin_user` WHERE ( id=12 ) LIMIT 1   [ RunTime:0.0002s ]
SQL: SHOW COLUMNS FROM `news` [ RunTime:0.0026s ]
ERR: 1054:Unknown column 'sort' in 'field list'
 [ SQL语句 ] : SELECT n.id as nid,`title`,`name`,`sort`,`content`,`img`,`date` FROM news n INNER JOIN author ON author_id=author.id  
ERR: 1054:Unknown column 'sort' in 'field list'
 [ SQL语句 ] : SELECT n.id as nid,`title`,`name`,`sort`,`content`,`img`,`date` FROM news n INNER JOIN author ON author_id=author.id  

[ 2016-10-20T16:24:17+08:00 ] 127.0.0.1 /clone/yuanku/index.php/Admin/news/index.html
INFO: [ app_init ] --START--
INFO: Run Behavior\BuildLiteBehavior [ RunTime:0.000032s ]
INFO: [ app_init ] --END-- [ RunTime:0.000621s ]
INFO: [ app_begin ] --START--
INFO: Run Behavior\ReadHtmlCacheBehavior [ RunTime:0.000963s ]
INFO: [ app_begin ] --END-- [ RunTime:0.001126s ]
SQL: SHOW COLUMNS FROM `admin_user` [ RunTime:0.0040s ]
SQL: SELECT * FROM `admin_user` WHERE ( id=12 ) LIMIT 1   [ RunTime:0.0004s ]
SQL: SHOW COLUMNS FROM `news` [ RunTime:0.0037s ]
ERR: 1054:Unknown column 'sort' in 'field list'
 [ SQL语句 ] : SELECT n.id as nid,`title`,`name`,`sort`,`content`,`img`,`date` FROM news n INNER JOIN author ON author_id=author.id  
ERR: 1054:Unknown column 'sort' in 'field list'
 [ SQL语句 ] : SELECT n.id as nid,`title`,`name`,`sort`,`content`,`img`,`date` FROM news n INNER JOIN author ON author_id=author.id  

[ 2016-10-20T16:24:17+08:00 ] 127.0.0.1 /clone/yuanku/index.php/Admin/news/index.html
INFO: [ app_init ] --START--
INFO: Run Behavior\BuildLiteBehavior [ RunTime:0.000029s ]
INFO: [ app_init ] --END-- [ RunTime:0.000571s ]
INFO: [ app_begin ] --START--
INFO: Run Behavior\ReadHtmlCacheBehavior [ RunTime:0.001057s ]
INFO: [ app_begin ] --END-- [ RunTime:0.001218s ]
SQL: SHOW COLUMNS FROM `admin_user` [ RunTime:0.0032s ]
SQL: SELECT * FROM `admin_user` WHERE ( id=12 ) LIMIT 1   [ RunTime:0.0003s ]
SQL: SHOW COLUMNS FROM `news` [ RunTime:0.0033s ]
ERR: 1054:Unknown column 'sort' in 'field list'
 [ SQL语句 ] : SELECT n.id as nid,`title`,`name`,`sort`,`content`,`img`,`date` FROM news n INNER JOIN author ON author_id=author.id  
ERR: 1054:Unknown column 'sort' in 'field list'
 [ SQL语句 ] : SELECT n.id as nid,`title`,`name`,`sort`,`content`,`img`,`date` FROM news n INNER JOIN author ON author_id=author.id  

[ 2016-10-20T16:24:17+08:00 ] 127.0.0.1 /clone/yuanku/index.php/Admin/news/index.html
INFO: [ app_init ] --START--
INFO: Run Behavior\BuildLiteBehavior [ RunTime:0.000021s ]
INFO: [ app_init ] --END-- [ RunTime:0.000438s ]
INFO: [ app_begin ] --START--
INFO: Run Behavior\ReadHtmlCacheBehavior [ RunTime:0.000704s ]
INFO: [ app_begin ] --END-- [ RunTime:0.000828s ]
SQL: SHOW COLUMNS FROM `admin_user` [ RunTime:0.0058s ]
SQL: SELECT * FROM `admin_user` WHERE ( id=12 ) LIMIT 1   [ RunTime:0.0003s ]
SQL: SHOW COLUMNS FROM `news` [ RunTime:0.0032s ]
ERR: 1054:Unknown column 'sort' in 'field list'
 [ SQL语句 ] : SELECT n.id as nid,`title`,`name`,`sort`,`content`,`img`,`date` FROM news n INNER JOIN author ON author_id=author.id  
ERR: 1054:Unknown column 'sort' in 'field list'
 [ SQL语句 ] : SELECT n.id as nid,`title`,`name`,`sort`,`content`,`img`,`date` FROM news n INNER JOIN author ON author_id=author.id  

[ 2016-10-20T16:24:19+08:00 ] 127.0.0.1 /clone/yuanku/index.php/Admin/news/index.html
INFO: [ app_init ] --START--
INFO: Run Behavior\BuildLiteBehavior [ RunTime:0.000027s ]
INFO: [ app_init ] --END-- [ RunTime:0.000548s ]
INFO: [ app_begin ] --START--
INFO: Run Behavior\ReadHtmlCacheBehavior [ RunTime:0.001149s ]
INFO: [ app_begin ] --END-- [ RunTime:0.001312s ]
SQL: SHOW COLUMNS FROM `admin_user` [ RunTime:0.0029s ]
SQL: SELECT * FROM `admin_user` WHERE ( id=12 ) LIMIT 1   [ RunTime:0.0005s ]
SQL: SHOW COLUMNS FROM `news` [ RunTime:0.0030s ]
ERR: 1054:Unknown column 'sort' in 'field list'
 [ SQL语句 ] : SELECT n.id as nid,`title`,`name`,`sort`,`content`,`img`,`date` FROM news n INNER JOIN author ON author_id=author.id  
ERR: 1054:Unknown column 'sort' in 'field list'
 [ SQL语句 ] : SELECT n.id as nid,`title`,`name`,`sort`,`content`,`img`,`date` FROM news n INNER JOIN author ON author_id=author.id  

[ 2016-10-20T16:24:32+08:00 ] 127.0.0.1 /clone/yuanku/index.php/Admin/news/index.html
INFO: [ app_init ] --START--
INFO: Run Behavior\BuildLiteBehavior [ RunTime:0.000028s ]
INFO: [ app_init ] --END-- [ RunTime:0.000554s ]
INFO: [ app_begin ] --START--
INFO: Run Behavior\ReadHtmlCacheBehavior [ RunTime:0.000963s ]
INFO: [ app_begin ] --END-- [ RunTime:0.001178s ]
SQL: SHOW COLUMNS FROM `admin_user` [ RunTime:0.0031s ]
SQL: SELECT * FROM `admin_user` WHERE ( id=12 ) LIMIT 1   [ RunTime:0.0005s ]
SQL: SHOW COLUMNS FROM `news` [ RunTime:0.0037s ]
SQL: SELECT n.id as nid,`title`,`name`,`sort_id`,`content`,`img`,`date` FROM news n INNER JOIN author ON author_id=author.id   [ RunTime:0.0008s ]
INFO: [ view_parse ] --START--
INFO: [ template_filter ] --START--
INFO: Run Behavior\ContentReplaceBehavior [ RunTime:0.000226s ]
INFO: [ template_filter ] --END-- [ RunTime:0.000349s ]
NOTIC: [8] Undefined variable: title D:\wamp\www\clone\yuanku\Application\Runtime\Cache\Admin\36087655c6ab8580337cdc45b35a926d.php 第 4 行.
NOTIC: [8] Undefined index: sort D:\wamp\www\clone\yuanku\Application\Runtime\Cache\Admin\36087655c6ab8580337cdc45b35a926d.php 第 398 行.
NOTIC: [8] Undefined index: sort D:\wamp\www\clone\yuanku\Application\Runtime\Cache\Admin\36087655c6ab8580337cdc45b35a926d.php 第 398 行.
NOTIC: [8] Undefined index: sort D:\wamp\www\clone\yuanku\Application\Runtime\Cache\Admin\36087655c6ab8580337cdc45b35a926d.php 第 398 行.
NOTIC: [8] Undefined index: sort D:\wamp\www\clone\yuanku\Application\Runtime\Cache\Admin\36087655c6ab8580337cdc45b35a926d.php 第 398 行.
NOTIC: [8] Undefined index: sort D:\wamp\www\clone\yuanku\Application\Runtime\Cache\Admin\36087655c6ab8580337cdc45b35a926d.php 第 398 行.
NOTIC: [8] Undefined index: sort D:\wamp\www\clone\yuanku\Application\Runtime\Cache\Admin\36087655c6ab8580337cdc45b35a926d.php 第 398 行.
NOTIC: [8] Undefined index: sort D:\wamp\www\clone\yuanku\Application\Runtime\Cache\Admin\36087655c6ab8580337cdc45b35a926d.php 第 398 行.
NOTIC: [8] Undefined index: sort D:\wamp\www\clone\yuanku\Application\Runtime\Cache\Admin\36087655c6ab8580337cdc45b35a926d.php 第 398 行.
NOTIC: [8] Undefined index: sort D:\wamp\www\clone\yuanku\Application\Runtime\Cache\Admin\36087655c6ab8580337cdc45b35a926d.php 第 398 行.
NOTIC: [8] Undefined index: sort D:\wamp\www\clone\yuanku\Application\Runtime\Cache\Admin\36087655c6ab8580337cdc45b35a926d.php 第 398 行.
NOTIC: [8] Undefined index: sort D:\wamp\www\clone\yuanku\Application\Runtime\Cache\Admin\36087655c6ab8580337cdc45b35a926d.php 第 398 行.
NOTIC: [8] Undefined index: sort D:\wamp\www\clone\yuanku\Application\Runtime\Cache\Admin\36087655c6ab8580337cdc45b35a926d.php 第 398 行.
NOTIC: [8] Undefined index: sort D:\wamp\www\clone\yuanku\Application\Runtime\Cache\Admin\36087655c6ab8580337cdc45b35a926d.php 第 398 行.
NOTIC: [8] Undefined index: sort D:\wamp\www\clone\yuanku\Application\Runtime\Cache\Admin\36087655c6ab8580337cdc45b35a926d.php 第 398 行.
NOTIC: [8] Undefined index: sort D:\wamp\www\clone\yuanku\Application\Runtime\Cache\Admin\36087655c6ab8580337cdc45b35a926d.php 第 398 行.
INFO: Run Behavior\ParseTemplateBehavior [ RunTime:0.019569s ]
INFO: [ view_parse ] --END-- [ RunTime:0.019698s ]
INFO: [ view_filter ] --START--
INFO: Run Behavior\WriteHtmlCacheBehavior [ RunTime:0.000683s ]
INFO: [ view_filter ] --END-- [ RunTime:0.000803s ]
INFO: [ app_end ] --START--
INFO: Run Behavior\ShowPageTraceBehavior [ RunTime:0.000665s ]
INFO: [ app_end ] --END-- [ RunTime:0.000767s ]

[ 2016-10-20T16:24:32+08:00 ] 127.0.0.1 /clone/yuanku/index.php/Admin/news/img/contacts/4.png
INFO: [ app_init ] --START--
INFO: Run Behavior\BuildLiteBehavior [ RunTime:0.000030s ]
INFO: [ app_init ] --END-- [ RunTime:0.000720s ]

[ 2016-10-20T16:24:32+08:00 ] 127.0.0.1 /clone/yuanku/index.php/Admin/news/img/contacts/2.png
INFO: [ app_init ] --START--
INFO: Run Behavior\BuildLiteBehavior [ RunTime:0.000033s ]
INFO: [ app_init ] --END-- [ RunTime:0.000619s ]

[ 2016-10-20T16:24:32+08:00 ] 127.0.0.1 /clone/yuanku/index.php/Admin/news/img/contacts/3.png
INFO: [ app_init ] --START--
INFO: Run Behavior\BuildLiteBehavior [ RunTime:0.000033s ]
INFO: [ app_init ] --END-- [ RunTime:0.001324s ]

[ 2016-10-20T16:24:32+08:00 ] 127.0.0.1 /clone/yuanku/index.php/Admin/news/img/contacts/5.png
INFO: [ app_init ] --START--
INFO: Run Behavior\BuildLiteBehavior [ RunTime:0.000045s ]
INFO: [ app_init ] --END-- [ RunTime:0.000641s ]

[ 2016-10-20T16:24:32+08:00 ] 127.0.0.1 /clone/yuanku/index.php/Admin/news/img/contacts/1.png
INFO: [ app_init ] --START--
INFO: Run Behavior\BuildLiteBehavior [ RunTime:0.000049s ]
INFO: [ app_init ] --END-- [ RunTime:0.000742s ]

[ 2016-10-20T16:24:56+08:00 ] 127.0.0.1 /clone/yuanku/index.php/Admin/news/index.html
INFO: [ app_init ] --START--
INFO: Run Behavior\BuildLiteBehavior [ RunTime:0.000023s ]
INFO: [ app_init ] --END-- [ RunTime:0.000513s ]
INFO: [ app_begin ] --START--
INFO: Run Behavior\ReadHtmlCacheBehavior [ RunTime:0.003274s ]
INFO: [ app_begin ] --END-- [ RunTime:0.003455s ]
SQL: SHOW COLUMNS FROM `admin_user` [ RunTime:0.0042s ]
SQL: SELECT * FROM `admin_user` WHERE ( id=12 ) LIMIT 1   [ RunTime:0.0003s ]
SQL: SHOW COLUMNS FROM `news` [ RunTime:0.0035s ]
SQL: SELECT n.id as nid,`title`,`name`,`sort_id`,`content`,`img`,`date` FROM news n INNER JOIN author ON author_id=author.id INNER JOIN news_sort ON sort_id=news_sort.id   [ RunTime:0.0005s ]
INFO: [ view_parse ] --START--
INFO: [ template_filter ] --START--
INFO: Run Behavior\ContentReplaceBehavior [ RunTime:0.000244s ]
INFO: [ template_filter ] --END-- [ RunTime:0.000398s ]
NOTIC: [8] Undefined variable: title D:\wamp\www\clone\yuanku\Application\Runtime\Cache\Admin\36087655c6ab8580337cdc45b35a926d.php 第 4 行.
NOTIC: [8] Undefined index: sort D:\wamp\www\clone\yuanku\Application\Runtime\Cache\Admin\36087655c6ab8580337cdc45b35a926d.php 第 398 行.
NOTIC: [8] Undefined index: sort D:\wamp\www\clone\yuanku\Application\Runtime\Cache\Admin\36087655c6ab8580337cdc45b35a926d.php 第 398 行.
NOTIC: [8] Undefined index: sort D:\wamp\www\clone\yuanku\Application\Runtime\Cache\Admin\36087655c6ab8580337cdc45b35a926d.php 第 398 行.
NOTIC: [8] Undefined index: sort D:\wamp\www\clone\yuanku\Application\Runtime\Cache\Admin\36087655c6ab8580337cdc45b35a926d.php 第 398 行.
NOTIC: [8] Undefined index: sort D:\wamp\www\clone\yuanku\Application\Runtime\Cache\Admin\36087655c6ab8580337cdc45b35a926d.php 第 398 行.
NOTIC: [8] Undefined index: sort D:\wamp\www\clone\yuanku\Application\Runtime\Cache\Admin\36087655c6ab8580337cdc45b35a926d.php 第 398 行.
NOTIC: [8] Undefined index: sort D:\wamp\www\clone\yuanku\Application\Runtime\Cache\Admin\36087655c6ab8580337cdc45b35a926d.php 第 398 行.
NOTIC: [8] Undefined index: sort D:\wamp\www\clone\yuanku\Application\Runtime\Cache\Admin\36087655c6ab8580337cdc45b35a926d.php 第 398 行.
NOTIC: [8] Undefined index: sort D:\wamp\www\clone\yuanku\Application\Runtime\Cache\Admin\36087655c6ab8580337cdc45b35a926d.php 第 398 行.
NOTIC: [8] Undefined index: sort D:\wamp\www\clone\yuanku\Application\Runtime\Cache\Admin\36087655c6ab8580337cdc45b35a926d.php 第 398 行.
NOTIC: [8] Undefined index: sort D:\wamp\www\clone\yuanku\Application\Runtime\Cache\Admin\36087655c6ab8580337cdc45b35a926d.php 第 398 行.
NOTIC: [8] Undefined index: sort D:\wamp\www\clone\yuanku\Application\Runtime\Cache\Admin\36087655c6ab8580337cdc45b35a926d.php 第 398 行.
NOTIC: [8] Undefined index: sort D:\wamp\www\clone\yuanku\Application\Runtime\Cache\Admin\36087655c6ab8580337cdc45b35a926d.php 第 398 行.
NOTIC: [8] Undefined index: sort D:\wamp\www\clone\yuanku\Application\Runtime\Cache\Admin\36087655c6ab8580337cdc45b35a926d.php 第 398 行.
NOTIC: [8] Undefined index: sort D:\wamp\www\clone\yuanku\Application\Runtime\Cache\Admin\36087655c6ab8580337cdc45b35a926d.php 第 398 行.
INFO: Run Behavior\ParseTemplateBehavior [ RunTime:0.020763s ]
INFO: [ view_parse ] --END-- [ RunTime:0.020866s ]
INFO: [ view_filter ] --START--
INFO: Run Behavior\WriteHtmlCacheBehavior [ RunTime:0.000599s ]
INFO: [ view_filter ] --END-- [ RunTime:0.000700s ]
INFO: [ app_end ] --START--
INFO: Run Behavior\ShowPageTraceBehavior [ RunTime:0.000680s ]
INFO: [ app_end ] --END-- [ RunTime:0.000764s ]

[ 2016-10-20T16:24:57+08:00 ] 127.0.0.1 /clone/yuanku/index.php/Admin/news/img/contacts/3.png
INFO: [ app_init ] --START--
INFO: Run Behavior\BuildLiteBehavior [ RunTime:0.000037s ]
INFO: [ app_init ] --END-- [ RunTime:0.000665s ]

[ 2016-10-20T16:24:57+08:00 ] 127.0.0.1 /clone/yuanku/index.php/Admin/news/img/contacts/2.png
INFO: [ app_init ] --START--
INFO: Run Behavior\BuildLiteBehavior [ RunTime:0.000031s ]
INFO: [ app_init ] --END-- [ RunTime:0.000808s ]

[ 2016-10-20T16:24:57+08:00 ] 127.0.0.1 /clone/yuanku/index.php/Admin/news/img/contacts/4.png
INFO: [ app_init ] --START--
INFO: Run Behavior\BuildLiteBehavior [ RunTime:0.000032s ]
INFO: [ app_init ] --END-- [ RunTime:0.000657s ]

[ 2016-10-20T16:24:57+08:00 ] 127.0.0.1 /clone/yuanku/index.php/Admin/news/img/contacts/5.png
INFO: [ app_init ] --START--
INFO: Run Behavior\BuildLiteBehavior [ RunTime:0.000029s ]
INFO: [ app_init ] --END-- [ RunTime:0.000627s ]

[ 2016-10-20T16:24:57+08:00 ] 127.0.0.1 /clone/yuanku/index.php/Admin/news/img/contacts/1.png
INFO: [ app_init ] --START--
INFO: Run Behavior\BuildLiteBehavior [ RunTime:0.000035s ]
INFO: [ app_init ] --END-- [ RunTime:0.001031s ]

[ 2016-10-20T16:25:14+08:00 ] 127.0.0.1 /clone/yuanku/index.php/Admin/news/index.html
INFO: [ app_init ] --START--
INFO: Run Behavior\BuildLiteBehavior [ RunTime:0.000032s ]
INFO: [ app_init ] --END-- [ RunTime:0.000792s ]
INFO: [ app_begin ] --START--
INFO: Run Behavior\ReadHtmlCacheBehavior [ RunTime:0.000935s ]
INFO: [ app_begin ] --END-- [ RunTime:0.001104s ]
SQL: SHOW COLUMNS FROM `admin_user` [ RunTime:0.0029s ]
SQL: SELECT * FROM `admin_user` WHERE ( id=12 ) LIMIT 1   [ RunTime:0.0004s ]
SQL: SHOW COLUMNS FROM `news` [ RunTime:0.0031s ]
SQL: SELECT n.id as nid,`title`,`name`,`sort_id`,`content`,`img`,`date` FROM news n INNER JOIN author ON author_id=author.id INNER JOIN news_sort ON sort_id=news_sort.id   [ RunTime:0.0005s ]
INFO: [ view_parse ] --START--
INFO: [ template_filter ] --START--
INFO: Run Behavior\ContentReplaceBehavior [ RunTime:0.000166s ]
INFO: [ template_filter ] --END-- [ RunTime:0.000268s ]
NOTIC: [8] Undefined variable: title D:\wamp\www\clone\yuanku\Application\Runtime\Cache\Admin\36087655c6ab8580337cdc45b35a926d.php 第 4 行.
NOTIC: [8] Undefined index: sort_name D:\wamp\www\clone\yuanku\Application\Runtime\Cache\Admin\36087655c6ab8580337cdc45b35a926d.php 第 398 行.
NOTIC: [8] Undefined index: sort_name D:\wamp\www\clone\yuanku\Application\Runtime\Cache\Admin\36087655c6ab8580337cdc45b35a926d.php 第 398 行.
NOTIC: [8] Undefined index: sort_name D:\wamp\www\clone\yuanku\Application\Runtime\Cache\Admin\36087655c6ab8580337cdc45b35a926d.php 第 398 行.
NOTIC: [8] Undefined index: sort_name D:\wamp\www\clone\yuanku\Application\Runtime\Cache\Admin\36087655c6ab8580337cdc45b35a926d.php 第 398 行.
NOTIC: [8] Undefined index: sort_name D:\wamp\www\clone\yuanku\Application\Runtime\Cache\Admin\36087655c6ab8580337cdc45b35a926d.php 第 398 行.
NOTIC: [8] Undefined index: sort_name D:\wamp\www\clone\yuanku\Application\Runtime\Cache\Admin\36087655c6ab8580337cdc45b35a926d.php 第 398 行.
NOTIC: [8] Undefined index: sort_name D:\wamp\www\clone\yuanku\Application\Runtime\Cache\Admin\36087655c6ab8580337cdc45b35a926d.php 第 398 行.
NOTIC: [8] Undefined index: sort_name D:\wamp\www\clone\yuanku\Application\Runtime\Cache\Admin\36087655c6ab8580337cdc45b35a926d.php 第 398 行.
NOTIC: [8] Undefined index: sort_name D:\wamp\www\clone\yuanku\Application\Runtime\Cache\Admin\36087655c6ab8580337cdc45b35a926d.php 第 398 行.
NOTIC: [8] Undefined index: sort_name D:\wamp\www\clone\yuanku\Application\Runtime\Cache\Admin\36087655c6ab8580337cdc45b35a926d.php 第 398 行.
NOTIC: [8] Undefined index: sort_name D:\wamp\www\clone\yuanku\Application\Runtime\Cache\Admin\36087655c6ab8580337cdc45b35a926d.php 第 398 行.
NOTIC: [8] Undefined index: sort_name D:\wamp\www\clone\yuanku\Application\Runtime\Cache\Admin\36087655c6ab8580337cdc45b35a926d.php 第 398 行.
NOTIC: [8] Undefined index: sort_name D:\wamp\www\clone\yuanku\Application\Runtime\Cache\Admin\36087655c6ab8580337cdc45b35a926d.php 第 398 行.
NOTIC: [8] Undefined index: sort_name D:\wamp\www\clone\yuanku\Application\Runtime\Cache\Admin\36087655c6ab8580337cdc45b35a926d.php 第 398 行.
NOTIC: [8] Undefined index: sort_name D:\wamp\www\clone\yuanku\Application\Runtime\Cache\Admin\36087655c6ab8580337cdc45b35a926d.php 第 398 行.
INFO: Run Behavior\ParseTemplateBehavior [ RunTime:0.016844s ]
INFO: [ view_parse ] --END-- [ RunTime:0.016950s ]
INFO: [ view_filter ] --START--
INFO: Run Behavior\WriteHtmlCacheBehavior [ RunTime:0.000546s ]
INFO: [ view_filter ] --END-- [ RunTime:0.000636s ]
INFO: [ app_end ] --START--
INFO: Run Behavior\ShowPageTraceBehavior [ RunTime:0.000613s ]
INFO: [ app_end ] --END-- [ RunTime:0.000689s ]

[ 2016-10-20T16:25:14+08:00 ] 127.0.0.1 /clone/yuanku/index.php/Admin/news/img/contacts/5.png
INFO: [ app_init ] --START--
INFO: Run Behavior\BuildLiteBehavior [ RunTime:0.000030s ]
INFO: [ app_init ] --END-- [ RunTime:0.000585s ]

[ 2016-10-20T16:25:14+08:00 ] 127.0.0.1 /clone/yuanku/index.php/Admin/news/img/contacts/2.png
INFO: [ app_init ] --START--
INFO: Run Behavior\BuildLiteBehavior [ RunTime:0.000030s ]
INFO: [ app_init ] --END-- [ RunTime:0.000607s ]

[ 2016-10-20T16:25:14+08:00 ] 127.0.0.1 /clone/yuanku/index.php/Admin/news/img/contacts/4.png
INFO: [ app_init ] --START--
INFO: Run Behavior\BuildLiteBehavior [ RunTime:0.000036s ]
INFO: [ app_init ] --END-- [ RunTime:0.000875s ]

[ 2016-10-20T16:25:14+08:00 ] 127.0.0.1 /clone/yuanku/index.php/Admin/news/img/contacts/3.png
INFO: [ app_init ] --START--
INFO: Run Behavior\BuildLiteBehavior [ RunTime:0.000058s ]
INFO: [ app_init ] --END-- [ RunTime:0.001677s ]

[ 2016-10-20T16:25:14+08:00 ] 127.0.0.1 /clone/yuanku/index.php/Admin/news/img/contacts/1.png
INFO: [ app_init ] --START--
INFO: Run Behavior\BuildLiteBehavior [ RunTime:0.000035s ]
INFO: [ app_init ] --END-- [ RunTime:0.000817s ]

[ 2016-10-20T16:25:15+08:00 ] 127.0.0.1 /clone/yuanku/index.php/Admin/news/index.html
INFO: [ app_init ] --START--
INFO: Run Behavior\BuildLiteBehavior [ RunTime:0.000063s ]
INFO: [ app_init ] --END-- [ RunTime:0.001256s ]
INFO: [ app_begin ] --START--
INFO: Run Behavior\ReadHtmlCacheBehavior [ RunTime:0.001003s ]
INFO: [ app_begin ] --END-- [ RunTime:0.001192s ]
SQL: SHOW COLUMNS FROM `admin_user` [ RunTime:0.0028s ]
SQL: SELECT * FROM `admin_user` WHERE ( id=12 ) LIMIT 1   [ RunTime:0.0003s ]
SQL: SHOW COLUMNS FROM `news` [ RunTime:0.0043s ]
SQL: SELECT n.id as nid,`title`,`name`,`sort_id`,`content`,`img`,`date` FROM news n INNER JOIN author ON author_id=author.id INNER JOIN news_sort ON sort_id=news_sort.id   [ RunTime:0.0007s ]
INFO: [ view_parse ] --START--
INFO: [ template_filter ] --START--
INFO: Run Behavior\ContentReplaceBehavior [ RunTime:0.000251s ]
INFO: [ template_filter ] --END-- [ RunTime:0.000421s ]
NOTIC: [8] Undefined variable: title D:\wamp\www\clone\yuanku\Application\Runtime\Cache\Admin\36087655c6ab8580337cdc45b35a926d.php 第 4 行.
NOTIC: [8] Undefined index: sort_name D:\wamp\www\clone\yuanku\Application\Runtime\Cache\Admin\36087655c6ab8580337cdc45b35a926d.php 第 398 行.
NOTIC: [8] Undefined index: sort_name D:\wamp\www\clone\yuanku\Application\Runtime\Cache\Admin\36087655c6ab8580337cdc45b35a926d.php 第 398 行.
NOTIC: [8] Undefined index: sort_name D:\wamp\www\clone\yuanku\Application\Runtime\Cache\Admin\36087655c6ab8580337cdc45b35a926d.php 第 398 行.
NOTIC: [8] Undefined index: sort_name D:\wamp\www\clone\yuanku\Application\Runtime\Cache\Admin\36087655c6ab8580337cdc45b35a926d.php 第 398 行.
NOTIC: [8] Undefined index: sort_name D:\wamp\www\clone\yuanku\Application\Runtime\Cache\Admin\36087655c6ab8580337cdc45b35a926d.php 第 398 行.
NOTIC: [8] Undefined index: sort_name D:\wamp\www\clone\yuanku\Application\Runtime\Cache\Admin\36087655c6ab8580337cdc45b35a926d.php 第 398 行.
NOTIC: [8] Undefined index: sort_name D:\wamp\www\clone\yuanku\Application\Runtime\Cache\Admin\36087655c6ab8580337cdc45b35a926d.php 第 398 行.
NOTIC: [8] Undefined index: sort_name D:\wamp\www\clone\yuanku\Application\Runtime\Cache\Admin\36087655c6ab8580337cdc45b35a926d.php 第 398 行.
NOTIC: [8] Undefined index: sort_name D:\wamp\www\clone\yuanku\Application\Runtime\Cache\Admin\36087655c6ab8580337cdc45b35a926d.php 第 398 行.
NOTIC: [8] Undefined index: sort_name D:\wamp\www\clone\yuanku\Application\Runtime\Cache\Admin\36087655c6ab8580337cdc45b35a926d.php 第 398 行.
NOTIC: [8] Undefined index: sort_name D:\wamp\www\clone\yuanku\Application\Runtime\Cache\Admin\36087655c6ab8580337cdc45b35a926d.php 第 398 行.
NOTIC: [8] Undefined index: sort_name D:\wamp\www\clone\yuanku\Application\Runtime\Cache\Admin\36087655c6ab8580337cdc45b35a926d.php 第 398 行.
NOTIC: [8] Undefined index: sort_name D:\wamp\www\clone\yuanku\Application\Runtime\Cache\Admin\36087655c6ab8580337cdc45b35a926d.php 第 398 行.
NOTIC: [8] Undefined index: sort_name D:\wamp\www\clone\yuanku\Application\Runtime\Cache\Admin\36087655c6ab8580337cdc45b35a926d.php 第 398 行.
NOTIC: [8] Undefined index: sort_name D:\wamp\www\clone\yuanku\Application\Runtime\Cache\Admin\36087655c6ab8580337cdc45b35a926d.php 第 398 行.
INFO: Run Behavior\ParseTemplateBehavior [ RunTime:0.021355s ]
INFO: [ view_parse ] --END-- [ RunTime:0.021484s ]
INFO: [ view_filter ] --START--
INFO: Run Behavior\WriteHtmlCacheBehavior [ RunTime:0.000626s ]
INFO: [ view_filter ] --END-- [ RunTime:0.000724s ]
INFO: [ app_end ] --START--
INFO: Run Behavior\ShowPageTraceBehavior [ RunTime:0.000838s ]
INFO: [ app_end ] --END-- [ RunTime:0.000959s ]

[ 2016-10-20T16:25:15+08:00 ] 127.0.0.1 /clone/yuanku/index.php/Admin/news/img/contacts/3.png
INFO: [ app_init ] --START--
INFO: Run Behavior\BuildLiteBehavior [ RunTime:0.000041s ]
INFO: [ app_init ] --END-- [ RunTime:0.000623s ]

[ 2016-10-20T16:25:15+08:00 ] 127.0.0.1 /clone/yuanku/index.php/Admin/news/img/contacts/1.png
INFO: [ app_init ] --START--
INFO: Run Behavior\BuildLiteBehavior [ RunTime:0.000032s ]
INFO: [ app_init ] --END-- [ RunTime:0.000588s ]

[ 2016-10-20T16:25:15+08:00 ] 127.0.0.1 /clone/yuanku/index.php/Admin/news/img/contacts/2.png
INFO: [ app_init ] --START--
INFO: Run Behavior\BuildLiteBehavior [ RunTime:0.000032s ]
INFO: [ app_init ] --END-- [ RunTime:0.000610s ]

[ 2016-10-20T16:25:15+08:00 ] 127.0.0.1 /clone/yuanku/index.php/Admin/news/img/contacts/4.png
INFO: [ app_init ] --START--
INFO: Run Behavior\BuildLiteBehavior [ RunTime:0.000030s ]
INFO: [ app_init ] --END-- [ RunTime:0.000689s ]

[ 2016-10-20T16:25:15+08:00 ] 127.0.0.1 /clone/yuanku/index.php/Admin/news/img/contacts/5.png
INFO: [ app_init ] --START--
INFO: Run Behavior\BuildLiteBehavior [ RunTime:0.000035s ]
INFO: [ app_init ] --END-- [ RunTime:0.000889s ]

[ 2016-10-20T16:25:55+08:00 ] 127.0.0.1 /clone/yuanku/index.php/Admin/news/index.html
INFO: [ app_init ] --START--
INFO: Run Behavior\BuildLiteBehavior [ RunTime:0.000048s ]
INFO: [ app_init ] --END-- [ RunTime:0.000683s ]
INFO: [ app_begin ] --START--
INFO: Run Behavior\ReadHtmlCacheBehavior [ RunTime:0.001028s ]
INFO: [ app_begin ] --END-- [ RunTime:0.001187s ]
SQL: SHOW COLUMNS FROM `admin_user` [ RunTime:0.0034s ]
SQL: SELECT * FROM `admin_user` WHERE ( id=12 ) LIMIT 1   [ RunTime:0.0005s ]
SQL: SHOW COLUMNS FROM `news` [ RunTime:0.0040s ]
SQL: SELECT n.id as nid,`title`,`name`,`sort_id`,`content`,`img`,`date` FROM news n INNER JOIN author ON author_id=author.id INNER JOIN news_sort ON sort_id=news_sort.id   [ RunTime:0.0009s ]

[ 2016-10-20T16:25:57+08:00 ] 127.0.0.1 /clone/yuanku/index.php/Admin/news/index.html
INFO: [ app_init ] --START--
INFO: Run Behavior\BuildLiteBehavior [ RunTime:0.000063s ]
INFO: [ app_init ] --END-- [ RunTime:0.000751s ]
INFO: [ app_begin ] --START--
INFO: Run Behavior\ReadHtmlCacheBehavior [ RunTime:0.001765s ]
INFO: [ app_begin ] --END-- [ RunTime:0.001968s ]
SQL: SHOW COLUMNS FROM `admin_user` [ RunTime:0.0035s ]
SQL: SELECT * FROM `admin_user` WHERE ( id=12 ) LIMIT 1   [ RunTime:0.0003s ]
SQL: SHOW COLUMNS FROM `news` [ RunTime:0.0043s ]
SQL: SELECT n.id as nid,`title`,`name`,`sort_id`,`content`,`img`,`date` FROM news n INNER JOIN author ON author_id=author.id INNER JOIN news_sort ON sort_id=news_sort.id   [ RunTime:0.0007s ]

[ 2016-10-20T16:26:35+08:00 ] 127.0.0.1 /clone/yuanku/index.php/Admin/news/index.html
INFO: [ app_init ] --START--
INFO: Run Behavior\BuildLiteBehavior [ RunTime:0.000042s ]
INFO: [ app_init ] --END-- [ RunTime:0.000921s ]
INFO: [ app_begin ] --START--
INFO: Run Behavior\ReadHtmlCacheBehavior [ RunTime:0.000832s ]
INFO: [ app_begin ] --END-- [ RunTime:0.000985s ]
SQL: SHOW COLUMNS FROM `admin_user` [ RunTime:0.0033s ]
SQL: SELECT * FROM `admin_user` WHERE ( id=12 ) LIMIT 1   [ RunTime:0.0003s ]
SQL: SHOW COLUMNS FROM `news` [ RunTime:0.0031s ]
SQL: SELECT n.id as nid,`title`,`name`,`sort_name`,`content`,`img`,`date` FROM news n INNER JOIN author ON author_id=author.id INNER JOIN news_sort ON sort_id=news_sort.id   [ RunTime:0.0006s ]

[ 2016-10-20T16:26:35+08:00 ] 127.0.0.1 /clone/yuanku/index.php/Admin/news/index.html
INFO: [ app_init ] --START--
INFO: Run Behavior\BuildLiteBehavior [ RunTime:0.000049s ]
INFO: [ app_init ] --END-- [ RunTime:0.000520s ]
INFO: [ app_begin ] --START--
INFO: Run Behavior\ReadHtmlCacheBehavior [ RunTime:0.000799s ]
INFO: [ app_begin ] --END-- [ RunTime:0.000950s ]
SQL: SHOW COLUMNS FROM `admin_user` [ RunTime:0.0040s ]
SQL: SELECT * FROM `admin_user` WHERE ( id=12 ) LIMIT 1   [ RunTime:0.0004s ]
SQL: SHOW COLUMNS FROM `news` [ RunTime:0.0034s ]
SQL: SELECT n.id as nid,`title`,`name`,`sort_name`,`content`,`img`,`date` FROM news n INNER JOIN author ON author_id=author.id INNER JOIN news_sort ON sort_id=news_sort.id   [ RunTime:0.0005s ]

[ 2016-10-20T16:26:51+08:00 ] 127.0.0.1 /clone/yuanku/index.php/Admin/news/index.html
INFO: [ app_init ] --START--
INFO: Run Behavior\BuildLiteBehavior [ RunTime:0.000026s ]
INFO: [ app_init ] --END-- [ RunTime:0.000495s ]
INFO: [ app_begin ] --START--
INFO: Run Behavior\ReadHtmlCacheBehavior [ RunTime:0.000841s ]
INFO: [ app_begin ] --END-- [ RunTime:0.000968s ]
SQL: SHOW COLUMNS FROM `admin_user` [ RunTime:0.0029s ]
SQL: SELECT * FROM `admin_user` WHERE ( id=12 ) LIMIT 1   [ RunTime:0.0003s ]
SQL: SHOW COLUMNS FROM `news` [ RunTime:0.0040s ]
SQL: SELECT n.id as nid,`title`,`name`,`sort_name`,`content`,`img`,`date` FROM news n INNER JOIN author ON author_id=author.id INNER JOIN news_sort ON sort_id=news_sort.id   [ RunTime:0.0010s ]
INFO: [ view_parse ] --START--
INFO: [ template_filter ] --START--
INFO: Run Behavior\ContentReplaceBehavior [ RunTime:0.000268s ]
INFO: [ template_filter ] --END-- [ RunTime:0.000416s ]
NOTIC: [8] Undefined variable: title D:\wamp\www\clone\yuanku\Application\Runtime\Cache\Admin\36087655c6ab8580337cdc45b35a926d.php 第 4 行.
INFO: Run Behavior\ParseTemplateBehavior [ RunTime:0.019349s ]
INFO: [ view_parse ] --END-- [ RunTime:0.019489s ]
INFO: [ view_filter ] --START--
INFO: Run Behavior\WriteHtmlCacheBehavior [ RunTime:0.000643s ]
INFO: [ view_filter ] --END-- [ RunTime:0.000740s ]
INFO: [ app_end ] --START--
INFO: Run Behavior\ShowPageTraceBehavior [ RunTime:0.000810s ]
INFO: [ app_end ] --END-- [ RunTime:0.000908s ]

[ 2016-10-20T16:26:52+08:00 ] 127.0.0.1 /clone/yuanku/index.php/Admin/news/img/contacts/5.png
INFO: [ app_init ] --START--
INFO: Run Behavior\BuildLiteBehavior [ RunTime:0.000032s ]
INFO: [ app_init ] --END-- [ RunTime:0.000576s ]

[ 2016-10-20T16:26:52+08:00 ] 127.0.0.1 /clone/yuanku/index.php/Admin/news/img/contacts/1.png
INFO: [ app_init ] --START--
INFO: Run Behavior\BuildLiteBehavior [ RunTime:0.000037s ]
INFO: [ app_init ] --END-- [ RunTime:0.000672s ]

[ 2016-10-20T16:26:52+08:00 ] 127.0.0.1 /clone/yuanku/index.php/Admin/news/img/contacts/3.png
INFO: [ app_init ] --START--
INFO: Run Behavior\BuildLiteBehavior [ RunTime:0.000031s ]
INFO: [ app_init ] --END-- [ RunTime:0.000624s ]

[ 2016-10-20T16:26:52+08:00 ] 127.0.0.1 /clone/yuanku/index.php/Admin/news/img/contacts/4.png
INFO: [ app_init ] --START--
INFO: Run Behavior\BuildLiteBehavior [ RunTime:0.000033s ]
INFO: [ app_init ] --END-- [ RunTime:0.000626s ]

[ 2016-10-20T16:26:52+08:00 ] 127.0.0.1 /clone/yuanku/index.php/Admin/news/img/contacts/2.png
INFO: [ app_init ] --START--
INFO: Run Behavior\BuildLiteBehavior [ RunTime:0.000034s ]
INFO: [ app_init ] --END-- [ RunTime:0.000601s ]

[ 2016-10-20T16:26:52+08:00 ] 127.0.0.1 /clone/yuanku/index.php/Admin/news/index.html
INFO: [ app_init ] --START--
INFO: Run Behavior\BuildLiteBehavior [ RunTime:0.000035s ]
INFO: [ app_init ] --END-- [ RunTime:0.000801s ]
INFO: [ app_begin ] --START--
INFO: Run Behavior\ReadHtmlCacheBehavior [ RunTime:0.001040s ]
INFO: [ app_begin ] --END-- [ RunTime:0.001220s ]
SQL: SHOW COLUMNS FROM `admin_user` [ RunTime:0.0034s ]
SQL: SELECT * FROM `admin_user` WHERE ( id=12 ) LIMIT 1   [ RunTime:0.0004s ]
SQL: SHOW COLUMNS FROM `news` [ RunTime:0.0033s ]
SQL: SELECT n.id as nid,`title`,`name`,`sort_name`,`content`,`img`,`date` FROM news n INNER JOIN author ON author_id=author.id INNER JOIN news_sort ON sort_id=news_sort.id   [ RunTime:0.0006s ]
INFO: [ view_parse ] --START--
INFO: [ template_filter ] --START--
INFO: Run Behavior\ContentReplaceBehavior [ RunTime:0.000268s ]
INFO: [ template_filter ] --END-- [ RunTime:0.000419s ]
NOTIC: [8] Undefined variable: title D:\wamp\www\clone\yuanku\Application\Runtime\Cache\Admin\36087655c6ab8580337cdc45b35a926d.php 第 4 行.
INFO: Run Behavior\ParseTemplateBehavior [ RunTime:0.021260s ]
INFO: [ view_parse ] --END-- [ RunTime:0.021405s ]
INFO: [ view_filter ] --START--
INFO: Run Behavior\WriteHtmlCacheBehavior [ RunTime:0.000758s ]
INFO: [ view_filter ] --END-- [ RunTime:0.000888s ]
INFO: [ app_end ] --START--
INFO: Run Behavior\ShowPageTraceBehavior [ RunTime:0.000817s ]
INFO: [ app_end ] --END-- [ RunTime:0.000947s ]

[ 2016-10-20T16:26:53+08:00 ] 127.0.0.1 /clone/yuanku/index.php/Admin/news/img/contacts/3.png
INFO: [ app_init ] --START--
INFO: Run Behavior\BuildLiteBehavior [ RunTime:0.000043s ]
INFO: [ app_init ] --END-- [ RunTime:0.000696s ]

[ 2016-10-20T16:26:53+08:00 ] 127.0.0.1 /clone/yuanku/index.php/Admin/news/img/contacts/4.png
INFO: [ app_init ] --START--
INFO: Run Behavior\BuildLiteBehavior [ RunTime:0.000036s ]
INFO: [ app_init ] --END-- [ RunTime:0.000686s ]

[ 2016-10-20T16:26:53+08:00 ] 127.0.0.1 /clone/yuanku/index.php/Admin/news/img/contacts/5.png
INFO: [ app_init ] --START--
INFO: Run Behavior\BuildLiteBehavior [ RunTime:0.000059s ]
INFO: [ app_init ] --END-- [ RunTime:0.000625s ]

[ 2016-10-20T16:26:53+08:00 ] 127.0.0.1 /clone/yuanku/index.php/Admin/news/img/contacts/2.png
INFO: [ app_init ] --START--
INFO: Run Behavior\BuildLiteBehavior [ RunTime:0.000034s ]
INFO: [ app_init ] --END-- [ RunTime:0.000696s ]

[ 2016-10-20T16:26:53+08:00 ] 127.0.0.1 /clone/yuanku/index.php/Admin/news/img/contacts/1.png
INFO: [ app_init ] --START--
INFO: Run Behavior\BuildLiteBehavior [ RunTime:0.000039s ]
INFO: [ app_init ] --END-- [ RunTime:0.002269s ]

