[ 2016-10-27T09:20:19+08:00 ] ::1 /thinkphp_3.2.3_full/yuanku/index.php/admin
INFO: [ app_init ] --START--
INFO: Run Behavior\BuildLiteBehavior [ RunTime:0.000034s ]
INFO: [ app_init ] --END-- [ RunTime:0.000659s ]
INFO: [ app_begin ] --START--
INFO: Run Behavior\ReadHtmlCacheBehavior [ RunTime:0.000728s ]
INFO: [ app_begin ] --END-- [ RunTime:0.000842s ]
INFO: [ view_parse ] --START--
INFO: [ template_filter ] --START--
INFO: Run Behavior\ContentReplaceBehavior [ RunTime:0.000073s ]
INFO: [ template_filter ] --END-- [ RunTime:0.000195s ]
INFO: Run Behavior\ParseTemplateBehavior [ RunTime:0.038320s ]
INFO: [ view_parse ] --END-- [ RunTime:0.038443s ]
INFO: [ view_filter ] --START--
INFO: Run Behavior\WriteHtmlCacheBehavior [ RunTime:0.000522s ]
INFO: [ view_filter ] --END-- [ RunTime:0.000617s ]

[ 2016-10-27T09:20:22+08:00 ] ::1 /thinkphp_3.2.3_full/yuanku/index.php/Admin/Login/index.html
INFO: [ app_init ] --START--
INFO: Run Behavior\BuildLiteBehavior [ RunTime:0.000038s ]
INFO: [ app_init ] --END-- [ RunTime:0.000893s ]
INFO: [ app_begin ] --START--
INFO: Run Behavior\ReadHtmlCacheBehavior [ RunTime:0.001068s ]
INFO: [ app_begin ] --END-- [ RunTime:0.001240s ]
INFO: [ view_parse ] --START--
INFO: [ template_filter ] --START--
INFO: Run Behavior\ContentReplaceBehavior [ RunTime:0.000142s ]
INFO: [ template_filter ] --END-- [ RunTime:0.000305s ]
NOTIC: [8] Undefined variable: title C:\wamp\www\thinkphp_3.2.3_full\yuanku\Application\Runtime\Cache\Admin\32ec6c906c117a7c2bf504769276d87a.php 第 4 行.
INFO: Run Behavior\ParseTemplateBehavior [ RunTime:0.019930s ]
INFO: [ view_parse ] --END-- [ RunTime:0.020094s ]
INFO: [ view_filter ] --START--
INFO: Run Behavior\WriteHtmlCacheBehavior [ RunTime:0.000641s ]
INFO: [ view_filter ] --END-- [ RunTime:0.000795s ]
INFO: [ app_end ] --START--
INFO: Run Behavior\ShowPageTraceBehavior [ RunTime:0.001144s ]
INFO: [ app_end ] --END-- [ RunTime:0.001309s ]

[ 2016-10-27T09:20:22+08:00 ] ::1 /thinkphp_3.2.3_full/yuanku/index.php/Admin/Login/get_verify.html
INFO: [ app_init ] --START--
INFO: Run Behavior\BuildLiteBehavior [ RunTime:0.000035s ]
INFO: [ app_init ] --END-- [ RunTime:0.000766s ]
INFO: [ app_begin ] --START--
INFO: Run Behavior\ReadHtmlCacheBehavior [ RunTime:0.001198s ]
INFO: [ app_begin ] --END-- [ RunTime:0.001406s ]
INFO: [ app_end ] --START--
INFO: Run Behavior\ShowPageTraceBehavior [ RunTime:0.001074s ]
INFO: [ app_end ] --END-- [ RunTime:0.001327s ]

[ 2016-10-27T09:20:32+08:00 ] ::1 /thinkphp_3.2.3_full/yuanku/index.php/Admin/Login/ajax_login.html
INFO: [ app_init ] --START--
INFO: Run Behavior\BuildLiteBehavior [ RunTime:0.000022s ]
INFO: [ app_init ] --END-- [ RunTime:0.000588s ]
INFO: [ app_begin ] --START--
INFO: Run Behavior\ReadHtmlCacheBehavior [ RunTime:0.000770s ]
INFO: [ app_begin ] --END-- [ RunTime:0.000904s ]
SQL: SHOW COLUMNS FROM `admin_user` [ RunTime:0.1288s ]
SQL: SELECT * FROM `admin_user` WHERE ( user_name="admin" and user_pwd="123456" ) LIMIT 1   [ RunTime:0.0250s ]

[ 2016-10-27T09:20:42+08:00 ] ::1 /thinkphp_3.2.3_full/yuanku/index.php/Admin/Login/ajax_login.html
INFO: [ app_init ] --START--
INFO: Run Behavior\BuildLiteBehavior [ RunTime:0.000023s ]
INFO: [ app_init ] --END-- [ RunTime:0.000477s ]
INFO: [ app_begin ] --START--
INFO: Run Behavior\ReadHtmlCacheBehavior [ RunTime:0.000562s ]
INFO: [ app_begin ] --END-- [ RunTime:0.000666s ]
SQL: SHOW COLUMNS FROM `admin_user` [ RunTime:0.0039s ]
SQL: SELECT * FROM `admin_user` WHERE ( user_name="admin" and user_pwd="123456" ) LIMIT 1   [ RunTime:0.0005s ]

[ 2016-10-27T09:20:44+08:00 ] ::1 /thinkphp_3.2.3_full/yuanku/index.php/Admin/Login/ajax_login.html
INFO: [ app_init ] --START--
INFO: Run Behavior\BuildLiteBehavior [ RunTime:0.000023s ]
INFO: [ app_init ] --END-- [ RunTime:0.000497s ]
INFO: [ app_begin ] --START--
INFO: Run Behavior\ReadHtmlCacheBehavior [ RunTime:0.000556s ]
INFO: [ app_begin ] --END-- [ RunTime:0.000659s ]
SQL: SHOW COLUMNS FROM `admin_user` [ RunTime:0.0045s ]
SQL: SELECT * FROM `admin_user` WHERE ( user_name="admin" and user_pwd="123456" ) LIMIT 1   [ RunTime:0.0005s ]

[ 2016-10-27T09:20:45+08:00 ] ::1 /thinkphp_3.2.3_full/yuanku/index.php/Admin/Login/ajax_login.html
INFO: [ app_init ] --START--
INFO: Run Behavior\BuildLiteBehavior [ RunTime:0.000023s ]
INFO: [ app_init ] --END-- [ RunTime:0.000614s ]
INFO: [ app_begin ] --START--
INFO: Run Behavior\ReadHtmlCacheBehavior [ RunTime:0.000687s ]
INFO: [ app_begin ] --END-- [ RunTime:0.000793s ]
SQL: SHOW COLUMNS FROM `admin_user` [ RunTime:0.0030s ]
SQL: SELECT * FROM `admin_user` WHERE ( user_name="admin" and user_pwd="123456" ) LIMIT 1   [ RunTime:0.0004s ]

[ 2016-10-27T09:20:47+08:00 ] ::1 /thinkphp_3.2.3_full/yuanku/index.php/Admin/Login/index.html
INFO: [ app_init ] --START--
INFO: Run Behavior\BuildLiteBehavior [ RunTime:0.000032s ]
INFO: [ app_init ] --END-- [ RunTime:0.000663s ]
INFO: [ app_begin ] --START--
INFO: Run Behavior\ReadHtmlCacheBehavior [ RunTime:0.000691s ]
INFO: [ app_begin ] --END-- [ RunTime:0.000806s ]
INFO: [ view_parse ] --START--
INFO: [ template_filter ] --START--
INFO: Run Behavior\ContentReplaceBehavior [ RunTime:0.000112s ]
INFO: [ template_filter ] --END-- [ RunTime:0.000236s ]
NOTIC: [8] Undefined variable: title C:\wamp\www\thinkphp_3.2.3_full\yuanku\Application\Runtime\Cache\Admin\32ec6c906c117a7c2bf504769276d87a.php 第 4 行.
INFO: Run Behavior\ParseTemplateBehavior [ RunTime:0.009312s ]
INFO: [ view_parse ] --END-- [ RunTime:0.009415s ]
INFO: [ view_filter ] --START--
INFO: Run Behavior\WriteHtmlCacheBehavior [ RunTime:0.000503s ]
INFO: [ view_filter ] --END-- [ RunTime:0.000598s ]
INFO: [ app_end ] --START--
INFO: Run Behavior\ShowPageTraceBehavior [ RunTime:0.000873s ]
INFO: [ app_end ] --END-- [ RunTime:0.000982s ]

[ 2016-10-27T09:20:47+08:00 ] ::1 /thinkphp_3.2.3_full/yuanku/index.php/Admin/Login/get_verify.html
INFO: [ app_init ] --START--
INFO: Run Behavior\BuildLiteBehavior [ RunTime:0.000109s ]
INFO: [ app_init ] --END-- [ RunTime:0.002307s ]
INFO: [ app_begin ] --START--
INFO: Run Behavior\ReadHtmlCacheBehavior [ RunTime:0.000774s ]
INFO: [ app_begin ] --END-- [ RunTime:0.000935s ]
INFO: [ app_end ] --START--
INFO: Run Behavior\ShowPageTraceBehavior [ RunTime:0.001060s ]
INFO: [ app_end ] --END-- [ RunTime:0.001251s ]

[ 2016-10-27T09:20:54+08:00 ] ::1 /thinkphp_3.2.3_full/yuanku/index.php/Admin/Login/ajax_login.html
INFO: [ app_init ] --START--
INFO: Run Behavior\BuildLiteBehavior [ RunTime:0.000025s ]
INFO: [ app_init ] --END-- [ RunTime:0.000960s ]
INFO: [ app_begin ] --START--
INFO: Run Behavior\ReadHtmlCacheBehavior [ RunTime:0.000833s ]
INFO: [ app_begin ] --END-- [ RunTime:0.000955s ]
SQL: SHOW COLUMNS FROM `admin_user` [ RunTime:0.0149s ]
SQL: SELECT * FROM `admin_user` WHERE ( user_name="admin" and user_pwd="123456" ) LIMIT 1   [ RunTime:0.0005s ]

[ 2016-10-27T09:20:54+08:00 ] ::1 /thinkphp_3.2.3_full/yuanku/index.php/Admin/index/index.html
INFO: [ app_init ] --START--
INFO: Run Behavior\BuildLiteBehavior [ RunTime:0.000022s ]
INFO: [ app_init ] --END-- [ RunTime:0.000597s ]
INFO: [ app_begin ] --START--
INFO: Run Behavior\ReadHtmlCacheBehavior [ RunTime:0.000725s ]
INFO: [ app_begin ] --END-- [ RunTime:0.000845s ]
SQL: SHOW COLUMNS FROM `admin_user` [ RunTime:0.0041s ]
SQL: SELECT * FROM `admin_user` WHERE ( id=12 ) LIMIT 1   [ RunTime:0.0136s ]
INFO: [ view_parse ] --START--
INFO: [ template_filter ] --START--
INFO: Run Behavior\ContentReplaceBehavior [ RunTime:0.000581s ]
INFO: [ template_filter ] --END-- [ RunTime:0.000880s ]
NOTIC: [8] Undefined variable: title C:\wamp\www\thinkphp_3.2.3_full\yuanku\Application\Runtime\Cache\Admin\b595b808c2ebeeeb0478ffc30bb4e87a.php 第 4 行.
INFO: Run Behavior\ParseTemplateBehavior [ RunTime:0.075916s ]
INFO: [ view_parse ] --END-- [ RunTime:0.076136s ]
INFO: [ view_filter ] --START--
INFO: Run Behavior\WriteHtmlCacheBehavior [ RunTime:0.000813s ]
INFO: [ view_filter ] --END-- [ RunTime:0.000939s ]
INFO: [ app_end ] --START--
INFO: Run Behavior\ShowPageTraceBehavior [ RunTime:0.001202s ]
INFO: [ app_end ] --END-- [ RunTime:0.001345s ]

[ 2016-10-27T09:20:54+08:00 ] ::1 /thinkphp_3.2.3_full/yuanku/index.php/Admin/index/img/contacts/3.png
INFO: [ app_init ] --START--
INFO: Run Behavior\BuildLiteBehavior [ RunTime:0.000076s ]
INFO: [ app_init ] --END-- [ RunTime:0.001807s ]

[ 2016-10-27T09:20:54+08:00 ] ::1 /thinkphp_3.2.3_full/yuanku/index.php/Admin/index/img/contacts/4.png
INFO: [ app_init ] --START--
INFO: Run Behavior\BuildLiteBehavior [ RunTime:0.000036s ]
INFO: [ app_init ] --END-- [ RunTime:0.000666s ]

[ 2016-10-27T09:20:54+08:00 ] ::1 /thinkphp_3.2.3_full/yuanku/index.php/Admin/index/img/contacts/2.png
INFO: [ app_init ] --START--
INFO: Run Behavior\BuildLiteBehavior [ RunTime:0.000053s ]
INFO: [ app_init ] --END-- [ RunTime:0.000773s ]

[ 2016-10-27T09:20:54+08:00 ] ::1 /thinkphp_3.2.3_full/yuanku/index.php/Admin/index/img/contacts/1.png
INFO: [ app_init ] --START--
INFO: Run Behavior\BuildLiteBehavior [ RunTime:0.000040s ]
INFO: [ app_init ] --END-- [ RunTime:0.000728s ]

[ 2016-10-27T09:20:54+08:00 ] ::1 /thinkphp_3.2.3_full/yuanku/index.php/Admin/index/img/contacts/5.png
INFO: [ app_init ] --START--
INFO: Run Behavior\BuildLiteBehavior [ RunTime:0.000024s ]
INFO: [ app_init ] --END-- [ RunTime:0.000808s ]

[ 2016-10-27T09:20:58+08:00 ] ::1 /thinkphp_3.2.3_full/yuanku/index.php/Admin/client/client_list.html
INFO: [ app_init ] --START--
INFO: Run Behavior\BuildLiteBehavior [ RunTime:0.000028s ]
INFO: [ app_init ] --END-- [ RunTime:0.000592s ]
INFO: [ app_begin ] --START--
INFO: Run Behavior\ReadHtmlCacheBehavior [ RunTime:0.000872s ]
INFO: [ app_begin ] --END-- [ RunTime:0.000988s ]
SQL: SHOW COLUMNS FROM `client_user` [ RunTime:0.0461s ]
SQL: SELECT COUNT(*) AS tp_count FROM `client_user` LIMIT 1   [ RunTime:0.0285s ]
NOTIC: [8] Undefined variable: page_html C:\wamp\www\thinkphp_3.2.3_full\yuanku\Application\Admin\Controller\ClientController.class.php 第 26 行.
SQL: SELECT * FROM `client_user` LIMIT 0,5   [ RunTime:0.0007s ]
INFO: [ view_parse ] --START--
INFO: [ template_filter ] --START--
INFO: Run Behavior\ContentReplaceBehavior [ RunTime:0.000239s ]
INFO: [ template_filter ] --END-- [ RunTime:0.000361s ]
NOTIC: [8] Undefined variable: title C:\wamp\www\thinkphp_3.2.3_full\yuanku\Application\Runtime\Cache\Admin\bb7a653ce0ff9b672e7e52e209ea5a59.php 第 4 行.
NOTIC: [8] Undefined variable: user_info C:\wamp\www\thinkphp_3.2.3_full\yuanku\Application\Runtime\Cache\Admin\bb7a653ce0ff9b672e7e52e209ea5a59.php 第 125 行.
NOTIC: [8] Undefined variable: user_info C:\wamp\www\thinkphp_3.2.3_full\yuanku\Application\Runtime\Cache\Admin\bb7a653ce0ff9b672e7e52e209ea5a59.php 第 130 行.
NOTIC: [8] Undefined variable: vo C:\wamp\www\thinkphp_3.2.3_full\yuanku\Application\Runtime\Cache\Admin\bb7a653ce0ff9b672e7e52e209ea5a59.php 第 401 行.
NOTIC: [8] Use of undefined constant id - assumed 'id' C:\wamp\www\thinkphp_3.2.3_full\yuanku\Application\Runtime\Cache\Admin\bb7a653ce0ff9b672e7e52e209ea5a59.php 第 404 行.
NOTIC: [8] Use of undefined constant id - assumed 'id' C:\wamp\www\thinkphp_3.2.3_full\yuanku\Application\Runtime\Cache\Admin\bb7a653ce0ff9b672e7e52e209ea5a59.php 第 405 行.
NOTIC: [8] Undefined variable: vo C:\wamp\www\thinkphp_3.2.3_full\yuanku\Application\Runtime\Cache\Admin\bb7a653ce0ff9b672e7e52e209ea5a59.php 第 401 行.
NOTIC: [8] Use of undefined constant id - assumed 'id' C:\wamp\www\thinkphp_3.2.3_full\yuanku\Application\Runtime\Cache\Admin\bb7a653ce0ff9b672e7e52e209ea5a59.php 第 404 行.
NOTIC: [8] Use of undefined constant id - assumed 'id' C:\wamp\www\thinkphp_3.2.3_full\yuanku\Application\Runtime\Cache\Admin\bb7a653ce0ff9b672e7e52e209ea5a59.php 第 405 行.
NOTIC: [8] Undefined variable: vo C:\wamp\www\thinkphp_3.2.3_full\yuanku\Application\Runtime\Cache\Admin\bb7a653ce0ff9b672e7e52e209ea5a59.php 第 401 行.
NOTIC: [8] Use of undefined constant id - assumed 'id' C:\wamp\www\thinkphp_3.2.3_full\yuanku\Application\Runtime\Cache\Admin\bb7a653ce0ff9b672e7e52e209ea5a59.php 第 404 行.
NOTIC: [8] Use of undefined constant id - assumed 'id' C:\wamp\www\thinkphp_3.2.3_full\yuanku\Application\Runtime\Cache\Admin\bb7a653ce0ff9b672e7e52e209ea5a59.php 第 405 行.
INFO: Run Behavior\ParseTemplateBehavior [ RunTime:0.038496s ]
INFO: [ view_parse ] --END-- [ RunTime:0.038605s ]
INFO: [ view_filter ] --START--
INFO: Run Behavior\WriteHtmlCacheBehavior [ RunTime:0.000753s ]
INFO: [ view_filter ] --END-- [ RunTime:0.000898s ]
INFO: [ app_end ] --START--
INFO: Run Behavior\ShowPageTraceBehavior [ RunTime:0.000847s ]
INFO: [ app_end ] --END-- [ RunTime:0.000997s ]

[ 2016-10-27T09:20:58+08:00 ] ::1 /thinkphp_3.2.3_full/yuanku/index.php/Admin/client/img/contacts/3.png
INFO: [ app_init ] --START--
INFO: Run Behavior\BuildLiteBehavior [ RunTime:0.000035s ]
INFO: [ app_init ] --END-- [ RunTime:0.000685s ]

[ 2016-10-27T09:20:58+08:00 ] ::1 /thinkphp_3.2.3_full/yuanku/index.php/Admin/client/img/contacts/5.png
INFO: [ app_init ] --START--
INFO: Run Behavior\BuildLiteBehavior [ RunTime:0.000035s ]
INFO: [ app_init ] --END-- [ RunTime:0.000802s ]

[ 2016-10-27T09:20:58+08:00 ] ::1 /thinkphp_3.2.3_full/yuanku/index.php/Admin/client/img/contacts/2.png
INFO: [ app_init ] --START--
INFO: Run Behavior\BuildLiteBehavior [ RunTime:0.000036s ]
INFO: [ app_init ] --END-- [ RunTime:0.000762s ]

[ 2016-10-27T09:20:58+08:00 ] ::1 /thinkphp_3.2.3_full/yuanku/index.php/Admin/client/img/contacts/1.png
INFO: [ app_init ] --START--
INFO: Run Behavior\BuildLiteBehavior [ RunTime:0.000034s ]
INFO: [ app_init ] --END-- [ RunTime:0.001133s ]

[ 2016-10-27T09:20:58+08:00 ] ::1 /thinkphp_3.2.3_full/yuanku/index.php/Admin/client/img/contacts/4.png
INFO: [ app_init ] --START--
INFO: Run Behavior\BuildLiteBehavior [ RunTime:0.000050s ]
INFO: [ app_init ] --END-- [ RunTime:0.001147s ]

[ 2016-10-27T09:21:05+08:00 ] ::1 /thinkphp_3.2.3_full/yuanku/index.php/Admin/client/client_list.html
INFO: [ app_init ] --START--
INFO: Run Behavior\BuildLiteBehavior [ RunTime:0.000023s ]
INFO: [ app_init ] --END-- [ RunTime:0.000587s ]
INFO: [ app_begin ] --START--
INFO: Run Behavior\ReadHtmlCacheBehavior [ RunTime:0.000739s ]
INFO: [ app_begin ] --END-- [ RunTime:0.000864s ]
SQL: SHOW COLUMNS FROM `client_user` [ RunTime:0.0042s ]
SQL: SELECT COUNT(*) AS tp_count FROM `client_user` LIMIT 1   [ RunTime:0.0004s ]
NOTIC: [8] Undefined variable: page_html C:\wamp\www\thinkphp_3.2.3_full\yuanku\Application\Admin\Controller\ClientController.class.php 第 26 行.
SQL: SELECT * FROM `client_user` LIMIT 0,5   [ RunTime:0.0004s ]
INFO: [ view_parse ] --START--
INFO: [ template_filter ] --START--
INFO: Run Behavior\ContentReplaceBehavior [ RunTime:0.000245s ]
INFO: [ template_filter ] --END-- [ RunTime:0.000366s ]
NOTIC: [8] Undefined variable: title C:\wamp\www\thinkphp_3.2.3_full\yuanku\Application\Runtime\Cache\Admin\bb7a653ce0ff9b672e7e52e209ea5a59.php 第 4 行.
NOTIC: [8] Undefined variable: user_info C:\wamp\www\thinkphp_3.2.3_full\yuanku\Application\Runtime\Cache\Admin\bb7a653ce0ff9b672e7e52e209ea5a59.php 第 125 行.
NOTIC: [8] Undefined variable: user_info C:\wamp\www\thinkphp_3.2.3_full\yuanku\Application\Runtime\Cache\Admin\bb7a653ce0ff9b672e7e52e209ea5a59.php 第 130 行.
NOTIC: [8] Undefined variable: vo C:\wamp\www\thinkphp_3.2.3_full\yuanku\Application\Runtime\Cache\Admin\bb7a653ce0ff9b672e7e52e209ea5a59.php 第 401 行.
NOTIC: [8] Use of undefined constant id - assumed 'id' C:\wamp\www\thinkphp_3.2.3_full\yuanku\Application\Runtime\Cache\Admin\bb7a653ce0ff9b672e7e52e209ea5a59.php 第 404 行.
NOTIC: [8] Use of undefined constant id - assumed 'id' C:\wamp\www\thinkphp_3.2.3_full\yuanku\Application\Runtime\Cache\Admin\bb7a653ce0ff9b672e7e52e209ea5a59.php 第 405 行.
NOTIC: [8] Undefined variable: vo C:\wamp\www\thinkphp_3.2.3_full\yuanku\Application\Runtime\Cache\Admin\bb7a653ce0ff9b672e7e52e209ea5a59.php 第 401 行.
NOTIC: [8] Use of undefined constant id - assumed 'id' C:\wamp\www\thinkphp_3.2.3_full\yuanku\Application\Runtime\Cache\Admin\bb7a653ce0ff9b672e7e52e209ea5a59.php 第 404 行.
NOTIC: [8] Use of undefined constant id - assumed 'id' C:\wamp\www\thinkphp_3.2.3_full\yuanku\Application\Runtime\Cache\Admin\bb7a653ce0ff9b672e7e52e209ea5a59.php 第 405 行.
NOTIC: [8] Undefined variable: vo C:\wamp\www\thinkphp_3.2.3_full\yuanku\Application\Runtime\Cache\Admin\bb7a653ce0ff9b672e7e52e209ea5a59.php 第 401 行.
NOTIC: [8] Use of undefined constant id - assumed 'id' C:\wamp\www\thinkphp_3.2.3_full\yuanku\Application\Runtime\Cache\Admin\bb7a653ce0ff9b672e7e52e209ea5a59.php 第 404 行.
NOTIC: [8] Use of undefined constant id - assumed 'id' C:\wamp\www\thinkphp_3.2.3_full\yuanku\Application\Runtime\Cache\Admin\bb7a653ce0ff9b672e7e52e209ea5a59.php 第 405 行.
INFO: Run Behavior\ParseTemplateBehavior [ RunTime:0.024387s ]
INFO: [ view_parse ] --END-- [ RunTime:0.024586s ]
INFO: [ view_filter ] --START--
INFO: Run Behavior\WriteHtmlCacheBehavior [ RunTime:0.000808s ]
INFO: [ view_filter ] --END-- [ RunTime:0.000939s ]
INFO: [ app_end ] --START--
INFO: Run Behavior\ShowPageTraceBehavior [ RunTime:0.000772s ]
INFO: [ app_end ] --END-- [ RunTime:0.000906s ]

[ 2016-10-27T09:21:05+08:00 ] ::1 /thinkphp_3.2.3_full/yuanku/index.php/Admin/client/img/contacts/3.png
INFO: [ app_init ] --START--
INFO: Run Behavior\BuildLiteBehavior [ RunTime:0.000035s ]
INFO: [ app_init ] --END-- [ RunTime:0.000919s ]

[ 2016-10-27T09:21:05+08:00 ] ::1 /thinkphp_3.2.3_full/yuanku/index.php/Admin/client/img/contacts/2.png
INFO: [ app_init ] --START--
INFO: Run Behavior\BuildLiteBehavior [ RunTime:0.000034s ]
INFO: [ app_init ] --END-- [ RunTime:0.000696s ]

[ 2016-10-27T09:21:05+08:00 ] ::1 /thinkphp_3.2.3_full/yuanku/index.php/Admin/client/img/contacts/5.png
INFO: [ app_init ] --START--
INFO: Run Behavior\BuildLiteBehavior [ RunTime:0.000047s ]
INFO: [ app_init ] --END-- [ RunTime:0.000810s ]

[ 2016-10-27T09:21:05+08:00 ] ::1 /thinkphp_3.2.3_full/yuanku/index.php/Admin/client/img/contacts/4.png
INFO: [ app_init ] --START--
INFO: Run Behavior\BuildLiteBehavior [ RunTime:0.000039s ]
INFO: [ app_init ] --END-- [ RunTime:0.001356s ]

[ 2016-10-27T09:21:05+08:00 ] ::1 /thinkphp_3.2.3_full/yuanku/index.php/Admin/client/img/contacts/1.png
INFO: [ app_init ] --START--
INFO: Run Behavior\BuildLiteBehavior [ RunTime:0.000063s ]
INFO: [ app_init ] --END-- [ RunTime:0.000881s ]

[ 2016-10-27T09:21:23+08:00 ] ::1 /thinkphp_3.2.3_full/yuanku/index.php/Admin/system/index.html
INFO: [ app_init ] --START--
INFO: Run Behavior\BuildLiteBehavior [ RunTime:0.000026s ]
INFO: [ app_init ] --END-- [ RunTime:0.000616s ]
INFO: [ app_begin ] --START--
INFO: Run Behavior\ReadHtmlCacheBehavior [ RunTime:0.001087s ]
INFO: [ app_begin ] --END-- [ RunTime:0.001302s ]
SQL: SHOW COLUMNS FROM `admin_user` [ RunTime:0.0068s ]
SQL: SELECT * FROM `admin_user` WHERE ( id=12 ) LIMIT 1   [ RunTime:0.0011s ]
INFO: [ view_parse ] --START--
INFO: [ template_filter ] --START--
INFO: Run Behavior\ContentReplaceBehavior [ RunTime:0.000584s ]
INFO: [ template_filter ] --END-- [ RunTime:0.000871s ]
NOTIC: [8] Undefined variable: title C:\wamp\www\thinkphp_3.2.3_full\yuanku\Application\Runtime\Cache\Admin\2c2c98dfae62b20ffdb7278df0486bd4.php 第 4 行.
INFO: Run Behavior\ParseTemplateBehavior [ RunTime:0.080555s ]
INFO: [ view_parse ] --END-- [ RunTime:0.080858s ]
INFO: [ view_filter ] --START--
INFO: Run Behavior\WriteHtmlCacheBehavior [ RunTime:0.001455s ]
INFO: [ view_filter ] --END-- [ RunTime:0.001797s ]
INFO: [ app_end ] --START--
INFO: Run Behavior\ShowPageTraceBehavior [ RunTime:0.001952s ]
INFO: [ app_end ] --END-- [ RunTime:0.002242s ]

[ 2016-10-27T09:21:23+08:00 ] ::1 /thinkphp_3.2.3_full/yuanku/index.php/Admin/system/img/contacts/3.png
INFO: [ app_init ] --START--
INFO: Run Behavior\BuildLiteBehavior [ RunTime:0.000024s ]
INFO: [ app_init ] --END-- [ RunTime:0.000487s ]

[ 2016-10-27T09:21:23+08:00 ] ::1 /thinkphp_3.2.3_full/yuanku/index.php/Admin/system/img/contacts/4.png
INFO: [ app_init ] --START--
INFO: Run Behavior\BuildLiteBehavior [ RunTime:0.000024s ]
INFO: [ app_init ] --END-- [ RunTime:0.000481s ]

[ 2016-10-27T09:21:23+08:00 ] ::1 /thinkphp_3.2.3_full/yuanku/index.php/Admin/system/img/contacts/1.png
INFO: [ app_init ] --START--
INFO: Run Behavior\BuildLiteBehavior [ RunTime:0.000031s ]
INFO: [ app_init ] --END-- [ RunTime:0.000631s ]

[ 2016-10-27T09:21:23+08:00 ] ::1 /thinkphp_3.2.3_full/yuanku/index.php/Admin/system/img/contacts/5.png
INFO: [ app_init ] --START--
INFO: Run Behavior\BuildLiteBehavior [ RunTime:0.000035s ]
INFO: [ app_init ] --END-- [ RunTime:0.000704s ]

[ 2016-10-27T09:21:23+08:00 ] ::1 /thinkphp_3.2.3_full/yuanku/index.php/Admin/system/img/contacts/2.png
INFO: [ app_init ] --START--
INFO: Run Behavior\BuildLiteBehavior [ RunTime:0.000036s ]
INFO: [ app_init ] --END-- [ RunTime:0.000683s ]

[ 2016-10-27T09:21:27+08:00 ] ::1 /thinkphp_3.2.3_full/yuanku/index.php/Admin/system/manager_user.html
INFO: [ app_init ] --START--
INFO: Run Behavior\BuildLiteBehavior [ RunTime:0.000024s ]
INFO: [ app_init ] --END-- [ RunTime:0.000544s ]
INFO: [ app_begin ] --START--
INFO: Run Behavior\ReadHtmlCacheBehavior [ RunTime:0.000974s ]
INFO: [ app_begin ] --END-- [ RunTime:0.001229s ]
SQL: SHOW COLUMNS FROM `admin_user` [ RunTime:0.0038s ]
SQL: SELECT * FROM `admin_user` WHERE ( id=12 ) LIMIT 1   [ RunTime:0.0015s ]
SQL: SELECT * FROM `admin_user`  [ RunTime:0.0006s ]
INFO: [ view_parse ] --START--
INFO: [ template_filter ] --START--
INFO: Run Behavior\ContentReplaceBehavior [ RunTime:0.000303s ]
INFO: [ template_filter ] --END-- [ RunTime:0.000479s ]
NOTIC: [8] Undefined variable: title C:\wamp\www\thinkphp_3.2.3_full\yuanku\Application\Runtime\Cache\Admin\bf618ade8c59ab96c68827ac767e5f61.php 第 4 行.
NOTIC: [8] Use of undefined constant id - assumed 'id' C:\wamp\www\thinkphp_3.2.3_full\yuanku\Application\Runtime\Cache\Admin\bf618ade8c59ab96c68827ac767e5f61.php 第 411 行.
NOTIC: [8] Use of undefined constant id - assumed 'id' C:\wamp\www\thinkphp_3.2.3_full\yuanku\Application\Runtime\Cache\Admin\bf618ade8c59ab96c68827ac767e5f61.php 第 412 行.
NOTIC: [8] Use of undefined constant id - assumed 'id' C:\wamp\www\thinkphp_3.2.3_full\yuanku\Application\Runtime\Cache\Admin\bf618ade8c59ab96c68827ac767e5f61.php 第 411 行.
NOTIC: [8] Use of undefined constant id - assumed 'id' C:\wamp\www\thinkphp_3.2.3_full\yuanku\Application\Runtime\Cache\Admin\bf618ade8c59ab96c68827ac767e5f61.php 第 412 行.
NOTIC: [8] Use of undefined constant id - assumed 'id' C:\wamp\www\thinkphp_3.2.3_full\yuanku\Application\Runtime\Cache\Admin\bf618ade8c59ab96c68827ac767e5f61.php 第 411 行.
NOTIC: [8] Use of undefined constant id - assumed 'id' C:\wamp\www\thinkphp_3.2.3_full\yuanku\Application\Runtime\Cache\Admin\bf618ade8c59ab96c68827ac767e5f61.php 第 412 行.
NOTIC: [8] Use of undefined constant id - assumed 'id' C:\wamp\www\thinkphp_3.2.3_full\yuanku\Application\Runtime\Cache\Admin\bf618ade8c59ab96c68827ac767e5f61.php 第 411 行.
NOTIC: [8] Use of undefined constant id - assumed 'id' C:\wamp\www\thinkphp_3.2.3_full\yuanku\Application\Runtime\Cache\Admin\bf618ade8c59ab96c68827ac767e5f61.php 第 412 行.
NOTIC: [8] Use of undefined constant id - assumed 'id' C:\wamp\www\thinkphp_3.2.3_full\yuanku\Application\Runtime\Cache\Admin\bf618ade8c59ab96c68827ac767e5f61.php 第 411 行.
NOTIC: [8] Use of undefined constant id - assumed 'id' C:\wamp\www\thinkphp_3.2.3_full\yuanku\Application\Runtime\Cache\Admin\bf618ade8c59ab96c68827ac767e5f61.php 第 412 行.
NOTIC: [8] Use of undefined constant id - assumed 'id' C:\wamp\www\thinkphp_3.2.3_full\yuanku\Application\Runtime\Cache\Admin\bf618ade8c59ab96c68827ac767e5f61.php 第 411 行.
NOTIC: [8] Use of undefined constant id - assumed 'id' C:\wamp\www\thinkphp_3.2.3_full\yuanku\Application\Runtime\Cache\Admin\bf618ade8c59ab96c68827ac767e5f61.php 第 412 行.
INFO: Run Behavior\ParseTemplateBehavior [ RunTime:0.036483s ]
INFO: [ view_parse ] --END-- [ RunTime:0.036642s ]
INFO: [ view_filter ] --START--
INFO: Run Behavior\WriteHtmlCacheBehavior [ RunTime:0.000706s ]
INFO: [ view_filter ] --END-- [ RunTime:0.000800s ]
INFO: [ app_end ] --START--
INFO: Run Behavior\ShowPageTraceBehavior [ RunTime:0.000859s ]
INFO: [ app_end ] --END-- [ RunTime:0.000982s ]

[ 2016-10-27T09:21:27+08:00 ] ::1 /thinkphp_3.2.3_full/yuanku/index.php/Admin/system/img/contacts/3.png
INFO: [ app_init ] --START--
INFO: Run Behavior\BuildLiteBehavior [ RunTime:0.000041s ]
INFO: [ app_init ] --END-- [ RunTime:0.000990s ]

[ 2016-10-27T09:21:27+08:00 ] ::1 /thinkphp_3.2.3_full/yuanku/index.php/Admin/system/img/contacts/1.png
INFO: [ app_init ] --START--
INFO: Run Behavior\BuildLiteBehavior [ RunTime:0.000028s ]
INFO: [ app_init ] --END-- [ RunTime:0.000604s ]

[ 2016-10-27T09:21:27+08:00 ] ::1 /thinkphp_3.2.3_full/yuanku/index.php/Admin/system/img/contacts/2.png
INFO: [ app_init ] --START--
INFO: Run Behavior\BuildLiteBehavior [ RunTime:0.000034s ]
INFO: [ app_init ] --END-- [ RunTime:0.000678s ]

[ 2016-10-27T09:21:27+08:00 ] ::1 /thinkphp_3.2.3_full/yuanku/index.php/Admin/system/img/contacts/4.png
INFO: [ app_init ] --START--
INFO: Run Behavior\BuildLiteBehavior [ RunTime:0.000033s ]
INFO: [ app_init ] --END-- [ RunTime:0.000663s ]

[ 2016-10-27T09:21:27+08:00 ] ::1 /thinkphp_3.2.3_full/yuanku/index.php/Admin/system/img/contacts/5.png
INFO: [ app_init ] --START--
INFO: Run Behavior\BuildLiteBehavior [ RunTime:0.000043s ]
INFO: [ app_init ] --END-- [ RunTime:0.000930s ]

[ 2016-10-27T09:21:38+08:00 ] ::1 /thinkphp_3.2.3_full/yuanku/index.php/Admin/news/index.html
INFO: [ app_init ] --START--
INFO: Run Behavior\BuildLiteBehavior [ RunTime:0.000023s ]
INFO: [ app_init ] --END-- [ RunTime:0.000626s ]
INFO: [ app_begin ] --START--
INFO: Run Behavior\ReadHtmlCacheBehavior [ RunTime:0.000925s ]
INFO: [ app_begin ] --END-- [ RunTime:0.001064s ]
SQL: SHOW COLUMNS FROM `admin_user` [ RunTime:0.0042s ]
SQL: SELECT * FROM `admin_user` WHERE ( id=12 ) LIMIT 1   [ RunTime:0.0005s ]
SQL: SHOW COLUMNS FROM `news` [ RunTime:0.0701s ]
SQL: SELECT COUNT(*) AS tp_count FROM `news` LIMIT 1   [ RunTime:0.0003s ]
NOTIC: [8] Undefined variable: page_html C:\wamp\www\thinkphp_3.2.3_full\yuanku\Application\Admin\Controller\NewsController.class.php 第 24 行.
SQL: SELECT n.id as nid,`title`,`name`,`sort_name`,`content`,`img`,`date` FROM news n INNER JOIN author ON author_id=author.id INNER JOIN news_sort ON sort_id=news_sort.id  LIMIT 0,5   [ RunTime:0.1123s ]
INFO: [ view_parse ] --START--
INFO: [ template_filter ] --START--
INFO: Run Behavior\ContentReplaceBehavior [ RunTime:0.000470s ]
INFO: [ template_filter ] --END-- [ RunTime:0.000714s ]
NOTIC: [8] Undefined variable: title C:\wamp\www\thinkphp_3.2.3_full\yuanku\Application\Runtime\Cache\Admin\36087655c6ab8580337cdc45b35a926d.php 第 4 行.
INFO: Run Behavior\ParseTemplateBehavior [ RunTime:0.056310s ]
INFO: [ view_parse ] --END-- [ RunTime:0.056547s ]
INFO: [ view_filter ] --START--
INFO: Run Behavior\WriteHtmlCacheBehavior [ RunTime:0.001875s ]
INFO: [ view_filter ] --END-- [ RunTime:0.002171s ]
INFO: [ app_end ] --START--
INFO: Run Behavior\ShowPageTraceBehavior [ RunTime:0.002313s ]
INFO: [ app_end ] --END-- [ RunTime:0.002713s ]

[ 2016-10-27T09:21:38+08:00 ] ::1 /thinkphp_3.2.3_full/yuanku/index.php/Admin/news/img/contacts/3.png
INFO: [ app_init ] --START--
INFO: Run Behavior\BuildLiteBehavior [ RunTime:0.000039s ]
INFO: [ app_init ] --END-- [ RunTime:0.002311s ]

[ 2016-10-27T09:21:38+08:00 ] ::1 /thinkphp_3.2.3_full/yuanku/index.php/Admin/news/img/contacts/4.png
INFO: [ app_init ] --START--
INFO: Run Behavior\BuildLiteBehavior [ RunTime:0.000036s ]
INFO: [ app_init ] --END-- [ RunTime:0.000647s ]

[ 2016-10-27T09:21:38+08:00 ] ::1 /thinkphp_3.2.3_full/yuanku/index.php/Admin/news/img/contacts/2.png
INFO: [ app_init ] --START--
INFO: Run Behavior\BuildLiteBehavior [ RunTime:0.000034s ]
INFO: [ app_init ] --END-- [ RunTime:0.000720s ]

[ 2016-10-27T09:21:38+08:00 ] ::1 /thinkphp_3.2.3_full/yuanku/index.php/Admin/news/img/contacts/5.png
INFO: [ app_init ] --START--
INFO: Run Behavior\BuildLiteBehavior [ RunTime:0.000067s ]
INFO: [ app_init ] --END-- [ RunTime:0.000999s ]

[ 2016-10-27T09:21:38+08:00 ] ::1 /thinkphp_3.2.3_full/yuanku/index.php/Admin/news/img/contacts/1.png
INFO: [ app_init ] --START--
INFO: Run Behavior\BuildLiteBehavior [ RunTime:0.000042s ]
INFO: [ app_init ] --END-- [ RunTime:0.000892s ]

[ 2016-10-27T09:21:58+08:00 ] ::1 /thinkphp_3.2.3_full/yuanku/index.php/Admin
INFO: [ app_init ] --START--
INFO: Run Behavior\BuildLiteBehavior [ RunTime:0.000022s ]
INFO: [ app_init ] --END-- [ RunTime:0.000585s ]
INFO: [ app_begin ] --START--
INFO: Run Behavior\ReadHtmlCacheBehavior [ RunTime:0.000704s ]
INFO: [ app_begin ] --END-- [ RunTime:0.000843s ]
SQL: SHOW COLUMNS FROM `admin_user` [ RunTime:0.0672s ]
SQL: SELECT * FROM `admin_user` WHERE ( id=12 ) LIMIT 1   [ RunTime:0.0012s ]
INFO: [ view_parse ] --START--
INFO: [ template_filter ] --START--
INFO: Run Behavior\ContentReplaceBehavior [ RunTime:0.000360s ]
INFO: [ template_filter ] --END-- [ RunTime:0.000553s ]
NOTIC: [8] Undefined variable: title C:\wamp\www\thinkphp_3.2.3_full\yuanku\Application\Runtime\Cache\Admin\b595b808c2ebeeeb0478ffc30bb4e87a.php 第 4 行.
INFO: Run Behavior\ParseTemplateBehavior [ RunTime:0.038645s ]
INFO: [ view_parse ] --END-- [ RunTime:0.038942s ]
INFO: [ view_filter ] --START--
INFO: Run Behavior\WriteHtmlCacheBehavior [ RunTime:0.000979s ]
INFO: [ view_filter ] --END-- [ RunTime:0.001157s ]
INFO: [ app_end ] --START--
INFO: Run Behavior\ShowPageTraceBehavior [ RunTime:0.001363s ]
INFO: [ app_end ] --END-- [ RunTime:0.001553s ]

[ 2016-10-27T09:44:08+08:00 ] ::1 /thinkphp_3.2.3_full/yuanku/index.php/Admin/news/index.html
INFO: [ app_init ] --START--
INFO: Run Behavior\BuildLiteBehavior [ RunTime:0.000024s ]
INFO: [ app_init ] --END-- [ RunTime:0.000749s ]
INFO: [ app_begin ] --START--
INFO: Run Behavior\ReadHtmlCacheBehavior [ RunTime:0.000838s ]
INFO: [ app_begin ] --END-- [ RunTime:0.000942s ]
SQL: SHOW COLUMNS FROM `admin_user` [ RunTime:0.0093s ]
SQL: SELECT * FROM `admin_user` WHERE ( id=12 ) LIMIT 1   [ RunTime:0.0006s ]
SQL: SHOW COLUMNS FROM `news` [ RunTime:0.0048s ]
SQL: SELECT COUNT(*) AS tp_count FROM `news` LIMIT 1   [ RunTime:0.0004s ]
NOTIC: [8] Undefined variable: page_html C:\wamp\www\thinkphp_3.2.3_full\yuanku\Application\Admin\Controller\NewsController.class.php 第 24 行.
SQL: SELECT n.id as nid,`title`,`name`,`sort_name`,`content`,`img`,`date` FROM news n INNER JOIN author ON author_id=author.id INNER JOIN news_sort ON sort_id=news_sort.id  LIMIT 0,5   [ RunTime:0.0018s ]
INFO: [ view_parse ] --START--
INFO: [ template_filter ] --START--
INFO: Run Behavior\ContentReplaceBehavior [ RunTime:0.000204s ]
INFO: [ template_filter ] --END-- [ RunTime:0.000329s ]
NOTIC: [8] Undefined variable: title C:\wamp\www\thinkphp_3.2.3_full\yuanku\Application\Runtime\Cache\Admin\36087655c6ab8580337cdc45b35a926d.php 第 4 行.
INFO: Run Behavior\ParseTemplateBehavior [ RunTime:0.018838s ]
INFO: [ view_parse ] --END-- [ RunTime:0.018957s ]
INFO: [ view_filter ] --START--
INFO: Run Behavior\WriteHtmlCacheBehavior [ RunTime:0.000822s ]
INFO: [ view_filter ] --END-- [ RunTime:0.000938s ]
INFO: [ app_end ] --START--
INFO: Run Behavior\ShowPageTraceBehavior [ RunTime:0.001712s ]
INFO: [ app_end ] --END-- [ RunTime:0.001824s ]

[ 2016-10-27T09:44:08+08:00 ] ::1 /thinkphp_3.2.3_full/yuanku/index.php/Admin/news/img/contacts/3.png
INFO: [ app_init ] --START--
INFO: Run Behavior\BuildLiteBehavior [ RunTime:0.000025s ]
INFO: [ app_init ] --END-- [ RunTime:0.000506s ]

[ 2016-10-27T09:44:08+08:00 ] ::1 /thinkphp_3.2.3_full/yuanku/index.php/Admin/news/img/contacts/4.png
INFO: [ app_init ] --START--
INFO: Run Behavior\BuildLiteBehavior [ RunTime:0.000034s ]
INFO: [ app_init ] --END-- [ RunTime:0.000717s ]

[ 2016-10-27T09:44:08+08:00 ] ::1 /thinkphp_3.2.3_full/yuanku/index.php/Admin/news/img/contacts/2.png
INFO: [ app_init ] --START--
INFO: Run Behavior\BuildLiteBehavior [ RunTime:0.000035s ]
INFO: [ app_init ] --END-- [ RunTime:0.000748s ]

[ 2016-10-27T09:44:08+08:00 ] ::1 /thinkphp_3.2.3_full/yuanku/index.php/Admin/news/img/contacts/5.png
INFO: [ app_init ] --START--
INFO: Run Behavior\BuildLiteBehavior [ RunTime:0.000037s ]
INFO: [ app_init ] --END-- [ RunTime:0.000832s ]

[ 2016-10-27T09:44:11+08:00 ] ::1 /thinkphp_3.2.3_full/yuanku/index.php/Admin/news/newsort.html
INFO: [ app_init ] --START--
INFO: Run Behavior\BuildLiteBehavior [ RunTime:0.000053s ]
INFO: [ app_init ] --END-- [ RunTime:0.002057s ]
INFO: [ app_begin ] --START--
INFO: Run Behavior\ReadHtmlCacheBehavior [ RunTime:0.001685s ]
INFO: [ app_begin ] --END-- [ RunTime:0.001941s ]
SQL: SHOW COLUMNS FROM `admin_user` [ RunTime:0.0068s ]
SQL: SELECT * FROM `admin_user` WHERE ( id=12 ) LIMIT 1   [ RunTime:0.0006s ]
SQL: SHOW COLUMNS FROM `news` [ RunTime:0.0048s ]
SQL: SELECT COUNT(*) AS tp_count FROM `news` LIMIT 1   [ RunTime:0.0003s ]
NOTIC: [8] Undefined variable: page_html C:\wamp\www\thinkphp_3.2.3_full\yuanku\Application\Admin\Controller\NewsController.class.php 第 76 行.
SQL: SELECT n.id as nid,`title`,`name`,`sort_name`,`content`,`img`,`date` FROM news n INNER JOIN author ON author_id=author.id INNER JOIN news_sort ON sort_id=news_sort.id  ORDER BY sort_name LIMIT 0,5   [ RunTime:0.0432s ]
INFO: [ view_parse ] --START--
INFO: [ template_filter ] --START--
INFO: Run Behavior\ContentReplaceBehavior [ RunTime:0.000305s ]
INFO: [ template_filter ] --END-- [ RunTime:0.000480s ]
NOTIC: [8] Undefined variable: title C:\wamp\www\thinkphp_3.2.3_full\yuanku\Application\Runtime\Cache\Admin\9ccb7e9a9bd7d3065c3068a5836116dd.php 第 4 行.
INFO: Run Behavior\ParseTemplateBehavior [ RunTime:0.029283s ]
INFO: [ view_parse ] --END-- [ RunTime:0.029451s ]
INFO: [ view_filter ] --START--
INFO: Run Behavior\WriteHtmlCacheBehavior [ RunTime:0.000954s ]
INFO: [ view_filter ] --END-- [ RunTime:0.001112s ]
INFO: [ app_end ] --START--
INFO: Run Behavior\ShowPageTraceBehavior [ RunTime:0.001199s ]
INFO: [ app_end ] --END-- [ RunTime:0.001348s ]

[ 2016-10-27T09:44:11+08:00 ] ::1 /thinkphp_3.2.3_full/yuanku/index.php/Admin/news/img/contacts/4.png
INFO: [ app_init ] --START--
INFO: Run Behavior\BuildLiteBehavior [ RunTime:0.000040s ]
INFO: [ app_init ] --END-- [ RunTime:0.000707s ]

[ 2016-10-27T09:44:11+08:00 ] ::1 /thinkphp_3.2.3_full/yuanku/index.php/Admin/news/img/contacts/3.png
INFO: [ app_init ] --START--
INFO: Run Behavior\BuildLiteBehavior [ RunTime:0.000037s ]
INFO: [ app_init ] --END-- [ RunTime:0.000700s ]

[ 2016-10-27T09:44:11+08:00 ] ::1 /thinkphp_3.2.3_full/yuanku/index.php/Admin/news/img/contacts/1.png
INFO: [ app_init ] --START--
INFO: Run Behavior\BuildLiteBehavior [ RunTime:0.000036s ]
INFO: [ app_init ] --END-- [ RunTime:0.001183s ]

[ 2016-10-27T09:44:11+08:00 ] ::1 /thinkphp_3.2.3_full/yuanku/index.php/Admin/news/img/contacts/2.png
INFO: [ app_init ] --START--
INFO: Run Behavior\BuildLiteBehavior [ RunTime:0.000039s ]
INFO: [ app_init ] --END-- [ RunTime:0.001089s ]

[ 2016-10-27T09:44:11+08:00 ] ::1 /thinkphp_3.2.3_full/yuanku/index.php/Admin/news/img/contacts/5.png
INFO: [ app_init ] --START--
INFO: Run Behavior\BuildLiteBehavior [ RunTime:0.000039s ]
INFO: [ app_init ] --END-- [ RunTime:0.000908s ]

[ 2016-10-27T09:44:34+08:00 ] ::1 /thinkphp_3.2.3_full/yuanku/index.php/Admin/news/news_add.html
INFO: [ app_init ] --START--
INFO: Run Behavior\BuildLiteBehavior [ RunTime:0.000060s ]
INFO: [ app_init ] --END-- [ RunTime:0.001421s ]
INFO: [ app_begin ] --START--
INFO: Run Behavior\ReadHtmlCacheBehavior [ RunTime:0.001263s ]
INFO: [ app_begin ] --END-- [ RunTime:0.001470s ]
SQL: SHOW COLUMNS FROM `admin_user` [ RunTime:0.0038s ]
SQL: SELECT * FROM `admin_user` WHERE ( id=12 ) LIMIT 1   [ RunTime:0.0005s ]
INFO: [ view_parse ] --START--
INFO: [ template_filter ] --START--
INFO: Run Behavior\ContentReplaceBehavior [ RunTime:0.000260s ]
INFO: [ template_filter ] --END-- [ RunTime:0.000366s ]
NOTIC: [8] Undefined variable: title C:\wamp\www\thinkphp_3.2.3_full\yuanku\Application\Runtime\Cache\Admin\ece27d07c030028619d58a2d06df29f7.php 第 4 行.
INFO: Run Behavior\ParseTemplateBehavior [ RunTime:0.017696s ]
INFO: [ view_parse ] --END-- [ RunTime:0.017823s ]
INFO: [ view_filter ] --START--
INFO: Run Behavior\WriteHtmlCacheBehavior [ RunTime:0.000773s ]
INFO: [ view_filter ] --END-- [ RunTime:0.000902s ]
INFO: [ app_end ] --START--
INFO: Run Behavior\ShowPageTraceBehavior [ RunTime:0.000797s ]
INFO: [ app_end ] --END-- [ RunTime:0.000912s ]

[ 2016-10-27T09:44:34+08:00 ] ::1 /thinkphp_3.2.3_full/yuanku/index.php/Admin/news/img/contacts/3.png
INFO: [ app_init ] --START--
INFO: Run Behavior\BuildLiteBehavior [ RunTime:0.000037s ]
INFO: [ app_init ] --END-- [ RunTime:0.001423s ]

[ 2016-10-27T09:44:34+08:00 ] ::1 /thinkphp_3.2.3_full/yuanku/index.php/Admin/news/img/contacts/2.png
INFO: [ app_init ] --START--
INFO: Run Behavior\BuildLiteBehavior [ RunTime:0.000039s ]
INFO: [ app_init ] --END-- [ RunTime:0.002233s ]

[ 2016-10-27T09:44:34+08:00 ] ::1 /thinkphp_3.2.3_full/yuanku/index.php/Admin/news/img/contacts/4.png
INFO: [ app_init ] --START--
INFO: Run Behavior\BuildLiteBehavior [ RunTime:0.000037s ]
INFO: [ app_init ] --END-- [ RunTime:0.001013s ]

[ 2016-10-27T09:44:34+08:00 ] ::1 /thinkphp_3.2.3_full/yuanku/index.php/Admin/news/img/contacts/5.png
INFO: [ app_init ] --START--
INFO: Run Behavior\BuildLiteBehavior [ RunTime:0.000058s ]
INFO: [ app_init ] --END-- [ RunTime:0.001254s ]

[ 2016-10-27T09:44:34+08:00 ] ::1 /thinkphp_3.2.3_full/yuanku/index.php/Admin/news/img/contacts/1.png
INFO: [ app_init ] --START--
INFO: Run Behavior\BuildLiteBehavior [ RunTime:0.000038s ]
INFO: [ app_init ] --END-- [ RunTime:0.000856s ]

[ 2016-10-27T09:44:40+08:00 ] ::1 /thinkphp_3.2.3_full/yuanku/index.php/Admin/news/index.html
INFO: [ app_init ] --START--
INFO: Run Behavior\BuildLiteBehavior [ RunTime:0.000022s ]
INFO: [ app_init ] --END-- [ RunTime:0.000598s ]
INFO: [ app_begin ] --START--
INFO: Run Behavior\ReadHtmlCacheBehavior [ RunTime:0.000857s ]
INFO: [ app_begin ] --END-- [ RunTime:0.000960s ]
SQL: SHOW COLUMNS FROM `admin_user` [ RunTime:0.0075s ]
SQL: SELECT * FROM `admin_user` WHERE ( id=12 ) LIMIT 1   [ RunTime:0.0004s ]
SQL: SHOW COLUMNS FROM `news` [ RunTime:0.0115s ]
SQL: SELECT COUNT(*) AS tp_count FROM `news` LIMIT 1   [ RunTime:0.0004s ]
NOTIC: [8] Undefined variable: page_html C:\wamp\www\thinkphp_3.2.3_full\yuanku\Application\Admin\Controller\NewsController.class.php 第 24 行.
SQL: SELECT n.id as nid,`title`,`name`,`sort_name`,`content`,`img`,`date` FROM news n INNER JOIN author ON author_id=author.id INNER JOIN news_sort ON sort_id=news_sort.id  LIMIT 0,5   [ RunTime:0.0007s ]
INFO: [ view_parse ] --START--
INFO: [ template_filter ] --START--
INFO: Run Behavior\ContentReplaceBehavior [ RunTime:0.000207s ]
INFO: [ template_filter ] --END-- [ RunTime:0.000318s ]
NOTIC: [8] Undefined variable: title C:\wamp\www\thinkphp_3.2.3_full\yuanku\Application\Runtime\Cache\Admin\36087655c6ab8580337cdc45b35a926d.php 第 4 行.
INFO: Run Behavior\ParseTemplateBehavior [ RunTime:0.017787s ]
INFO: [ view_parse ] --END-- [ RunTime:0.017887s ]
INFO: [ view_filter ] --START--
INFO: Run Behavior\WriteHtmlCacheBehavior [ RunTime:0.000611s ]
INFO: [ view_filter ] --END-- [ RunTime:0.000720s ]
INFO: [ app_end ] --START--
INFO: Run Behavior\ShowPageTraceBehavior [ RunTime:0.000912s ]
INFO: [ app_end ] --END-- [ RunTime:0.001008s ]

[ 2016-10-27T09:44:40+08:00 ] ::1 /thinkphp_3.2.3_full/yuanku/index.php/Admin/news/img/contacts/3.png
INFO: [ app_init ] --START--
INFO: Run Behavior\BuildLiteBehavior [ RunTime:0.000035s ]
INFO: [ app_init ] --END-- [ RunTime:0.000689s ]

[ 2016-10-27T09:44:40+08:00 ] ::1 /thinkphp_3.2.3_full/yuanku/index.php/Admin/news/img/contacts/2.png
INFO: [ app_init ] --START--
INFO: Run Behavior\BuildLiteBehavior [ RunTime:0.000039s ]
INFO: [ app_init ] --END-- [ RunTime:0.000950s ]

[ 2016-10-27T09:44:40+08:00 ] ::1 /thinkphp_3.2.3_full/yuanku/index.php/Admin/news/img/contacts/4.png
INFO: [ app_init ] --START--
INFO: Run Behavior\BuildLiteBehavior [ RunTime:0.000035s ]
INFO: [ app_init ] --END-- [ RunTime:0.000896s ]

[ 2016-10-27T09:44:40+08:00 ] ::1 /thinkphp_3.2.3_full/yuanku/index.php/Admin/news/img/contacts/1.png
INFO: [ app_init ] --START--
INFO: Run Behavior\BuildLiteBehavior [ RunTime:0.000040s ]
INFO: [ app_init ] --END-- [ RunTime:0.001236s ]

[ 2016-10-27T09:44:40+08:00 ] ::1 /thinkphp_3.2.3_full/yuanku/index.php/Admin/news/img/contacts/5.png
INFO: [ app_init ] --START--
INFO: Run Behavior\BuildLiteBehavior [ RunTime:0.000057s ]
INFO: [ app_init ] --END-- [ RunTime:0.001747s ]

[ 2016-10-27T13:29:41+08:00 ] ::1 /thinkphp_3.2.3_full/yuanku/index.php/Admin/news/index.html
INFO: [ app_init ] --START--
INFO: Run Behavior\BuildLiteBehavior [ RunTime:0.000026s ]
INFO: [ app_init ] --END-- [ RunTime:0.000672s ]
INFO: [ app_begin ] --START--
INFO: Run Behavior\ReadHtmlCacheBehavior [ RunTime:0.001155s ]
INFO: [ app_begin ] --END-- [ RunTime:0.001318s ]
SQL: SHOW COLUMNS FROM `admin_user` [ RunTime:0.0202s ]
SQL: SELECT * FROM `admin_user` WHERE ( id=12 ) LIMIT 1   [ RunTime:0.0009s ]
NOTIC: [8] Undefined index: group_id C:\wamp\www\thinkphp_3.2.3_full\yuanku\Application\Common\Controller\AuthController.class.php 第 19 行.
SQL: SHOW COLUMNS FROM `think_auth_group_access` [ RunTime:0.0831s ]
SQL: SELECT `uid`,`group_id`,`title`,`rules` FROM think_auth_group_access a INNER JOIN think_auth_group g on a.group_id=g.id  WHERE ( a.uid='12' and g.status='1' )  [ RunTime:0.1588s ]
SQL: SHOW COLUMNS FROM `think_auth_rule` [ RunTime:0.0324s ]
SQL: SELECT `condition`,`name` FROM `think_auth_rule` WHERE `id` IN ('') AND `type` = 1 AND `status` = 1  [ RunTime:0.0005s ]
INFO: [ view_parse ] --START--
INFO: [ template_filter ] --START--
INFO: Run Behavior\ContentReplaceBehavior [ RunTime:0.000107s ]
INFO: [ template_filter ] --END-- [ RunTime:0.000303s ]
INFO: Run Behavior\ParseTemplateBehavior [ RunTime:0.017252s ]
INFO: [ view_parse ] --END-- [ RunTime:0.017453s ]
INFO: [ view_filter ] --START--
INFO: Run Behavior\WriteHtmlCacheBehavior [ RunTime:0.000673s ]
INFO: [ view_filter ] --END-- [ RunTime:0.000828s ]

[ 2016-10-27T13:29:44+08:00 ] ::1 /thinkphp_3.2.3_full/yuanku/index.php/Admin/Login/index.html
INFO: [ app_init ] --START--
INFO: Run Behavior\BuildLiteBehavior [ RunTime:0.000039s ]
INFO: [ app_init ] --END-- [ RunTime:0.000738s ]
INFO: [ app_begin ] --START--
INFO: Run Behavior\ReadHtmlCacheBehavior [ RunTime:0.000746s ]
INFO: [ app_begin ] --END-- [ RunTime:0.000875s ]
INFO: [ view_parse ] --START--
INFO: [ template_filter ] --START--
INFO: Run Behavior\ContentReplaceBehavior [ RunTime:0.000136s ]
INFO: [ template_filter ] --END-- [ RunTime:0.000297s ]
NOTIC: [8] Undefined variable: title C:\wamp\www\thinkphp_3.2.3_full\yuanku\Application\Runtime\Cache\Admin\32ec6c906c117a7c2bf504769276d87a.php 第 4 行.
INFO: Run Behavior\ParseTemplateBehavior [ RunTime:0.023896s ]
INFO: [ view_parse ] --END-- [ RunTime:0.024047s ]
INFO: [ view_filter ] --START--
INFO: Run Behavior\WriteHtmlCacheBehavior [ RunTime:0.000704s ]
INFO: [ view_filter ] --END-- [ RunTime:0.000872s ]
INFO: [ app_end ] --START--
INFO: Run Behavior\ShowPageTraceBehavior [ RunTime:0.001117s ]
INFO: [ app_end ] --END-- [ RunTime:0.001273s ]

[ 2016-10-27T13:29:45+08:00 ] ::1 /thinkphp_3.2.3_full/yuanku/index.php/Admin/Login/get_verify.html
INFO: [ app_init ] --START--
INFO: Run Behavior\BuildLiteBehavior [ RunTime:0.000035s ]
INFO: [ app_init ] --END-- [ RunTime:0.000734s ]
INFO: [ app_begin ] --START--
INFO: Run Behavior\ReadHtmlCacheBehavior [ RunTime:0.000885s ]
INFO: [ app_begin ] --END-- [ RunTime:0.001099s ]
INFO: [ app_end ] --START--
INFO: Run Behavior\ShowPageTraceBehavior [ RunTime:0.001362s ]
INFO: [ app_end ] --END-- [ RunTime:0.001574s ]

[ 2016-10-27T13:29:51+08:00 ] ::1 /thinkphp_3.2.3_full/yuanku/index.php/Admin/Login/ajax_login.html
INFO: [ app_init ] --START--
INFO: Run Behavior\BuildLiteBehavior [ RunTime:0.000035s ]
INFO: [ app_init ] --END-- [ RunTime:0.000643s ]
INFO: [ app_begin ] --START--
INFO: Run Behavior\ReadHtmlCacheBehavior [ RunTime:0.000779s ]
INFO: [ app_begin ] --END-- [ RunTime:0.000935s ]
SQL: SHOW COLUMNS FROM `admin_user` [ RunTime:0.0620s ]
SQL: SELECT * FROM `admin_user` WHERE ( user_name="admin" and user_pwd="123456" ) LIMIT 1   [ RunTime:0.0005s ]
SQL: SHOW COLUMNS FROM `think_auth_group_access` [ RunTime:0.0551s ]
SQL: SELECT * FROM `think_auth_group_access` WHERE ( uid=12 ) LIMIT 1   [ RunTime:0.0005s ]

[ 2016-10-27T13:29:51+08:00 ] ::1 /thinkphp_3.2.3_full/yuanku/index.php/Admin/index/index.html
INFO: [ app_init ] --START--
INFO: Run Behavior\BuildLiteBehavior [ RunTime:0.000036s ]
INFO: [ app_init ] --END-- [ RunTime:0.000646s ]
INFO: [ app_begin ] --START--
INFO: Run Behavior\ReadHtmlCacheBehavior [ RunTime:0.000870s ]
INFO: [ app_begin ] --END-- [ RunTime:0.001014s ]
SQL: SHOW COLUMNS FROM `admin_user` [ RunTime:0.0055s ]
SQL: SELECT * FROM `admin_user` WHERE ( id=12 ) LIMIT 1   [ RunTime:0.0005s ]
INFO: [ view_parse ] --START--
INFO: [ template_filter ] --START--
INFO: Run Behavior\ContentReplaceBehavior [ RunTime:0.000230s ]
INFO: [ template_filter ] --END-- [ RunTime:0.000343s ]
NOTIC: [8] Undefined variable: title C:\wamp\www\thinkphp_3.2.3_full\yuanku\Application\Runtime\Cache\Admin\b595b808c2ebeeeb0478ffc30bb4e87a.php 第 4 行.
INFO: Run Behavior\ParseTemplateBehavior [ RunTime:0.043811s ]
INFO: [ view_parse ] --END-- [ RunTime:0.044015s ]
INFO: [ view_filter ] --START--
INFO: Run Behavior\WriteHtmlCacheBehavior [ RunTime:0.000791s ]
INFO: [ view_filter ] --END-- [ RunTime:0.000960s ]
INFO: [ app_end ] --START--
INFO: Run Behavior\ShowPageTraceBehavior [ RunTime:0.001074s ]
INFO: [ app_end ] --END-- [ RunTime:0.001229s ]

[ 2016-10-27T13:29:51+08:00 ] ::1 /thinkphp_3.2.3_full/yuanku/index.php/Admin/index/img/contacts/4.png
INFO: [ app_init ] --START--
INFO: Run Behavior\BuildLiteBehavior [ RunTime:0.000035s ]
INFO: [ app_init ] --END-- [ RunTime:0.000867s ]

[ 2016-10-27T13:29:51+08:00 ] ::1 /thinkphp_3.2.3_full/yuanku/index.php/Admin/index/img/contacts/1.png
INFO: [ app_init ] --START--
INFO: Run Behavior\BuildLiteBehavior [ RunTime:0.000081s ]
INFO: [ app_init ] --END-- [ RunTime:0.001413s ]

[ 2016-10-27T13:29:51+08:00 ] ::1 /thinkphp_3.2.3_full/yuanku/index.php/Admin/index/img/contacts/5.png
INFO: [ app_init ] --START--
INFO: Run Behavior\BuildLiteBehavior [ RunTime:0.000038s ]
INFO: [ app_init ] --END-- [ RunTime:0.000793s ]

[ 2016-10-27T13:29:51+08:00 ] ::1 /thinkphp_3.2.3_full/yuanku/index.php/Admin/index/img/contacts/2.png
INFO: [ app_init ] --START--
INFO: Run Behavior\BuildLiteBehavior [ RunTime:0.000036s ]
INFO: [ app_init ] --END-- [ RunTime:0.000813s ]

[ 2016-10-27T13:29:51+08:00 ] ::1 /thinkphp_3.2.3_full/yuanku/index.php/Admin/index/img/contacts/3.png
INFO: [ app_init ] --START--
INFO: Run Behavior\BuildLiteBehavior [ RunTime:0.000036s ]
INFO: [ app_init ] --END-- [ RunTime:0.000758s ]

[ 2016-10-27T14:03:28+08:00 ] ::1 /thinkphp_3.2.3_full/yuanku/index.php/Admin/news/index.html
INFO: [ app_init ] --START--
INFO: Run Behavior\BuildLiteBehavior [ RunTime:0.000035s ]
INFO: [ app_init ] --END-- [ RunTime:0.000667s ]
INFO: [ app_begin ] --START--
INFO: Run Behavior\ReadHtmlCacheBehavior [ RunTime:0.001098s ]
INFO: [ app_begin ] --END-- [ RunTime:0.001489s ]
SQL: SHOW COLUMNS FROM `admin_user` [ RunTime:0.0844s ]
SQL: SELECT * FROM `admin_user` WHERE ( id=12 ) LIMIT 1   [ RunTime:0.0008s ]
SQL: SHOW COLUMNS FROM `news` [ RunTime:0.0064s ]
SQL: SELECT COUNT(*) AS tp_count FROM `news` LIMIT 1   [ RunTime:0.0004s ]
NOTIC: [8] Undefined variable: page_html C:\wamp\www\thinkphp_3.2.3_full\yuanku\Application\Admin\Controller\NewsController.class.php 第 24 行.
SQL: SELECT n.id as nid,`title`,`name`,`sort_name`,`content`,`img`,`date` FROM news n INNER JOIN author ON author_id=author.id INNER JOIN news_sort ON sort_id=news_sort.id  LIMIT 0,5   [ RunTime:0.0028s ]
INFO: [ view_parse ] --START--
INFO: [ template_filter ] --START--
INFO: Run Behavior\ContentReplaceBehavior [ RunTime:0.000248s ]
INFO: [ template_filter ] --END-- [ RunTime:0.000363s ]
NOTIC: [8] Undefined variable: title C:\wamp\www\thinkphp_3.2.3_full\yuanku\Application\Runtime\Cache\Admin\36087655c6ab8580337cdc45b35a926d.php 第 4 行.
NOTIC: [8] A non well formed numeric value encountered C:\wamp\www\thinkphp_3.2.3_full\yuanku\Application\Runtime\Cache\Admin\36087655c6ab8580337cdc45b35a926d.php 第 407 行.
NOTIC: [8] A non well formed numeric value encountered C:\wamp\www\thinkphp_3.2.3_full\yuanku\Application\Runtime\Cache\Admin\36087655c6ab8580337cdc45b35a926d.php 第 407 行.
NOTIC: [8] A non well formed numeric value encountered C:\wamp\www\thinkphp_3.2.3_full\yuanku\Application\Runtime\Cache\Admin\36087655c6ab8580337cdc45b35a926d.php 第 407 行.
NOTIC: [8] A non well formed numeric value encountered C:\wamp\www\thinkphp_3.2.3_full\yuanku\Application\Runtime\Cache\Admin\36087655c6ab8580337cdc45b35a926d.php 第 407 行.
NOTIC: [8] A non well formed numeric value encountered C:\wamp\www\thinkphp_3.2.3_full\yuanku\Application\Runtime\Cache\Admin\36087655c6ab8580337cdc45b35a926d.php 第 407 行.
INFO: Run Behavior\ParseTemplateBehavior [ RunTime:0.026005s ]
INFO: [ view_parse ] --END-- [ RunTime:0.026157s ]
INFO: [ view_filter ] --START--
INFO: Run Behavior\WriteHtmlCacheBehavior [ RunTime:0.000753s ]
INFO: [ view_filter ] --END-- [ RunTime:0.000951s ]
INFO: [ app_end ] --START--
INFO: Run Behavior\ShowPageTraceBehavior [ RunTime:0.000933s ]
INFO: [ app_end ] --END-- [ RunTime:0.001064s ]

[ 2016-10-27T14:03:28+08:00 ] ::1 /thinkphp_3.2.3_full/yuanku/index.php/Admin/news/img/contacts/3.png
INFO: [ app_init ] --START--
INFO: Run Behavior\BuildLiteBehavior [ RunTime:0.000040s ]
INFO: [ app_init ] --END-- [ RunTime:0.000904s ]

[ 2016-10-27T14:03:28+08:00 ] ::1 /thinkphp_3.2.3_full/yuanku/index.php/Admin/news/img/contacts/4.png
INFO: [ app_init ] --START--
INFO: Run Behavior\BuildLiteBehavior [ RunTime:0.000058s ]
INFO: [ app_init ] --END-- [ RunTime:0.001741s ]

[ 2016-10-27T14:03:28+08:00 ] ::1 /thinkphp_3.2.3_full/yuanku/index.php/Admin/news/img/contacts/1.png
INFO: [ app_init ] --START--
INFO: Run Behavior\BuildLiteBehavior [ RunTime:0.000039s ]
INFO: [ app_init ] --END-- [ RunTime:0.001215s ]

[ 2016-10-27T14:03:28+08:00 ] ::1 /thinkphp_3.2.3_full/yuanku/index.php/Admin/news/img/contacts/5.png
INFO: [ app_init ] --START--
INFO: Run Behavior\BuildLiteBehavior [ RunTime:0.000039s ]
INFO: [ app_init ] --END-- [ RunTime:0.000913s ]

[ 2016-10-27T14:03:29+08:00 ] ::1 /thinkphp_3.2.3_full/yuanku/index.php/Admin/news/img/contacts/2.png
INFO: [ app_init ] --START--
INFO: Run Behavior\BuildLiteBehavior [ RunTime:0.000037s ]
INFO: [ app_init ] --END-- [ RunTime:0.000854s ]

[ 2016-10-27T14:12:26+08:00 ] ::1 /thinkphp_3.2.3_full/yuanku/index.php/Admin/index/index.html
INFO: [ app_init ] --START--
INFO: Run Behavior\BuildLiteBehavior [ RunTime:0.000033s ]
INFO: [ app_init ] --END-- [ RunTime:0.000707s ]
INFO: [ app_begin ] --START--
INFO: Run Behavior\ReadHtmlCacheBehavior [ RunTime:0.000993s ]
INFO: [ app_begin ] --END-- [ RunTime:0.001178s ]
SQL: SHOW COLUMNS FROM `admin_user` [ RunTime:0.0089s ]
SQL: SELECT * FROM `admin_user` WHERE ( id=12 ) LIMIT 1   [ RunTime:0.0004s ]
INFO: [ view_parse ] --START--
INFO: [ template_filter ] --START--
INFO: Run Behavior\ContentReplaceBehavior [ RunTime:0.000357s ]
INFO: [ template_filter ] --END-- [ RunTime:0.000549s ]
NOTIC: [8] Undefined variable: title C:\wamp\www\thinkphp_3.2.3_full\yuanku\Application\Runtime\Cache\Admin\b595b808c2ebeeeb0478ffc30bb4e87a.php 第 4 行.
INFO: Run Behavior\ParseTemplateBehavior [ RunTime:0.024088s ]
INFO: [ view_parse ] --END-- [ RunTime:0.024265s ]
INFO: [ view_filter ] --START--
INFO: Run Behavior\WriteHtmlCacheBehavior [ RunTime:0.000690s ]
INFO: [ view_filter ] --END-- [ RunTime:0.000842s ]
INFO: [ app_end ] --START--
INFO: Run Behavior\ShowPageTraceBehavior [ RunTime:0.000893s ]
INFO: [ app_end ] --END-- [ RunTime:0.001041s ]

[ 2016-10-27T14:12:27+08:00 ] ::1 /thinkphp_3.2.3_full/yuanku/index.php/Admin/index/img/contacts/3.png
INFO: [ app_init ] --START--
INFO: Run Behavior\BuildLiteBehavior [ RunTime:0.000039s ]
INFO: [ app_init ] --END-- [ RunTime:0.000932s ]

[ 2016-10-27T14:12:27+08:00 ] ::1 /thinkphp_3.2.3_full/yuanku/index.php/Admin/index/img/contacts/4.png
INFO: [ app_init ] --START--
INFO: Run Behavior\BuildLiteBehavior [ RunTime:0.000040s ]
INFO: [ app_init ] --END-- [ RunTime:0.000758s ]

[ 2016-10-27T14:12:27+08:00 ] ::1 /thinkphp_3.2.3_full/yuanku/index.php/Admin/index/img/contacts/2.png
INFO: [ app_init ] --START--
INFO: Run Behavior\BuildLiteBehavior [ RunTime:0.000038s ]
INFO: [ app_init ] --END-- [ RunTime:0.001147s ]

[ 2016-10-27T14:12:27+08:00 ] ::1 /thinkphp_3.2.3_full/yuanku/index.php/Admin/index/img/contacts/1.png
INFO: [ app_init ] --START--
INFO: Run Behavior\BuildLiteBehavior [ RunTime:0.000041s ]
INFO: [ app_init ] --END-- [ RunTime:0.000889s ]

[ 2016-10-27T14:12:27+08:00 ] ::1 /thinkphp_3.2.3_full/yuanku/index.php/Admin/index/img/contacts/5.png
INFO: [ app_init ] --START--
INFO: Run Behavior\BuildLiteBehavior [ RunTime:0.000032s ]
INFO: [ app_init ] --END-- [ RunTime:0.000826s ]

[ 2016-10-27T14:12:29+08:00 ] ::1 /thinkphp_3.2.3_full/yuanku/index.php/Admin/index/slide_manage.html
INFO: [ app_init ] --START--
INFO: Run Behavior\BuildLiteBehavior [ RunTime:0.000035s ]
INFO: [ app_init ] --END-- [ RunTime:0.000670s ]
INFO: [ app_begin ] --START--
INFO: Run Behavior\ReadHtmlCacheBehavior [ RunTime:0.000926s ]
INFO: [ app_begin ] --END-- [ RunTime:0.001066s ]
SQL: SHOW COLUMNS FROM `admin_user` [ RunTime:0.0063s ]
SQL: SELECT * FROM `admin_user` WHERE ( id=12 ) LIMIT 1   [ RunTime:0.0004s ]
INFO: [ view_parse ] --START--
INFO: [ template_filter ] --START--
INFO: Run Behavior\ContentReplaceBehavior [ RunTime:0.000321s ]
INFO: [ template_filter ] --END-- [ RunTime:0.000501s ]
NOTIC: [8] Undefined variable: title C:\wamp\www\thinkphp_3.2.3_full\yuanku\Application\Runtime\Cache\Admin\c80b7276432db87f915bcd0d75017a2c.php 第 4 行.
INFO: Run Behavior\ParseTemplateBehavior [ RunTime:0.020901s ]
INFO: [ view_parse ] --END-- [ RunTime:0.021054s ]
INFO: [ view_filter ] --START--
INFO: Run Behavior\WriteHtmlCacheBehavior [ RunTime:0.000769s ]
INFO: [ view_filter ] --END-- [ RunTime:0.000918s ]
INFO: [ app_end ] --START--
INFO: Run Behavior\ShowPageTraceBehavior [ RunTime:0.000962s ]
INFO: [ app_end ] --END-- [ RunTime:0.001122s ]

[ 2016-10-27T14:12:29+08:00 ] ::1 /thinkphp_3.2.3_full/yuanku/index.php/Admin/index/img/contacts/3.png
INFO: [ app_init ] --START--
INFO: Run Behavior\BuildLiteBehavior [ RunTime:0.000035s ]
INFO: [ app_init ] --END-- [ RunTime:0.000674s ]

[ 2016-10-27T14:12:29+08:00 ] ::1 /thinkphp_3.2.3_full/yuanku/index.php/Admin/index/img/contacts/4.png
INFO: [ app_init ] --START--
INFO: Run Behavior\BuildLiteBehavior [ RunTime:0.000038s ]
INFO: [ app_init ] --END-- [ RunTime:0.000676s ]

[ 2016-10-27T14:12:29+08:00 ] ::1 /thinkphp_3.2.3_full/yuanku/index.php/Admin/index/img/contacts/2.png
INFO: [ app_init ] --START--
INFO: Run Behavior\BuildLiteBehavior [ RunTime:0.000034s ]
INFO: [ app_init ] --END-- [ RunTime:0.000719s ]

[ 2016-10-27T14:12:29+08:00 ] ::1 /thinkphp_3.2.3_full/yuanku/index.php/Admin/index/img/contacts/1.png
INFO: [ app_init ] --START--
INFO: Run Behavior\BuildLiteBehavior [ RunTime:0.000084s ]
INFO: [ app_init ] --END-- [ RunTime:0.000829s ]

[ 2016-10-27T14:12:29+08:00 ] ::1 /thinkphp_3.2.3_full/yuanku/index.php/Admin/index/img/contacts/5.png
INFO: [ app_init ] --START--
INFO: Run Behavior\BuildLiteBehavior [ RunTime:0.000036s ]
INFO: [ app_init ] --END-- [ RunTime:0.000768s ]

[ 2016-10-27T14:12:29+08:00 ] ::1 /thinkphp_3.2.3_full/yuanku/index.php/Admin/index/img/contacts/3.png
INFO: [ app_init ] --START--
INFO: Run Behavior\BuildLiteBehavior [ RunTime:0.000033s ]
INFO: [ app_init ] --END-- [ RunTime:0.000756s ]

[ 2016-10-27T14:12:29+08:00 ] ::1 /thinkphp_3.2.3_full/yuanku/index.php/Admin/index/img/contacts/4.png
INFO: [ app_init ] --START--
INFO: Run Behavior\BuildLiteBehavior [ RunTime:0.000033s ]
INFO: [ app_init ] --END-- [ RunTime:0.000653s ]

[ 2016-10-27T14:12:29+08:00 ] ::1 /thinkphp_3.2.3_full/yuanku/index.php/Admin/index/img/contacts/1.png
INFO: [ app_init ] --START--
INFO: Run Behavior\BuildLiteBehavior [ RunTime:0.000037s ]
INFO: [ app_init ] --END-- [ RunTime:0.000703s ]

