[ 2016-10-31T09:24:19+08:00 ] ::1 /lidong/yuanku/admin
INFO: [ app_init ] --START--
INFO: Run Behavior\BuildLiteBehavior [ RunTime:0.000031s ]
INFO: [ app_init ] --END-- [ RunTime:0.000663s ]
INFO: [ app_begin ] --START--
INFO: Run Behavior\ReadHtmlCacheBehavior [ RunTime:0.080719s ]
INFO: [ app_begin ] --END-- [ RunTime:0.080955s ]
INFO: [ view_parse ] --START--
INFO: [ template_filter ] --START--
INFO: Run Behavior\ContentReplaceBehavior [ RunTime:0.000184s ]
INFO: [ template_filter ] --END-- [ RunTime:0.000499s ]
INFO: Run Behavior\ParseTemplateBehavior [ RunTime:0.337898s ]
INFO: [ view_parse ] --END-- [ RunTime:0.338132s ]
INFO: [ view_filter ] --START--
INFO: Run Behavior\WriteHtmlCacheBehavior [ RunTime:0.115490s ]
INFO: [ view_filter ] --END-- [ RunTime:0.115742s ]

[ 2016-10-31T09:24:22+08:00 ] ::1 /lidong/yuanku/index.php/Admin/Login/index.html
INFO: [ app_init ] --START--
INFO: Run Behavior\BuildLiteBehavior [ RunTime:0.000026s ]
INFO: [ app_init ] --END-- [ RunTime:0.000569s ]
INFO: [ app_begin ] --START--
INFO: Run Behavior\ReadHtmlCacheBehavior [ RunTime:0.001151s ]
INFO: [ app_begin ] --END-- [ RunTime:0.001284s ]
INFO: [ view_parse ] --START--
INFO: [ template_filter ] --START--
INFO: Run Behavior\ContentReplaceBehavior [ RunTime:0.000219s ]
INFO: [ template_filter ] --END-- [ RunTime:0.000508s ]
NOTIC: [8] Undefined variable: title E:\mysql\wamp\www\lidong\yuanku\Application\Runtime\Cache\Admin\32ec6c906c117a7c2bf504769276d87a.php 第 4 行.
INFO: Run Behavior\ParseTemplateBehavior [ RunTime:0.133934s ]
INFO: [ view_parse ] --END-- [ RunTime:0.134187s ]
INFO: [ view_filter ] --START--
INFO: Run Behavior\WriteHtmlCacheBehavior [ RunTime:0.001648s ]
INFO: [ view_filter ] --END-- [ RunTime:0.001961s ]
INFO: [ app_end ] --START--
INFO: Run Behavior\ShowPageTraceBehavior [ RunTime:0.067254s ]
INFO: [ app_end ] --END-- [ RunTime:0.067500s ]

[ 2016-10-31T09:24:25+08:00 ] ::1 /lidong/yuanku/index.php/Admin/Login/get_verify.html
INFO: [ app_init ] --START--
INFO: Run Behavior\BuildLiteBehavior [ RunTime:0.000046s ]
INFO: [ app_init ] --END-- [ RunTime:0.001012s ]
INFO: [ app_begin ] --START--
INFO: Run Behavior\ReadHtmlCacheBehavior [ RunTime:0.000714s ]
INFO: [ app_begin ] --END-- [ RunTime:0.000832s ]
INFO: [ app_end ] --START--
INFO: Run Behavior\ShowPageTraceBehavior [ RunTime:0.002112s ]
INFO: [ app_end ] --END-- [ RunTime:0.002447s ]

[ 2016-10-31T09:24:46+08:00 ] ::1 /lidong/yuanku/index.php/Admin/Login/ajax_login.html
INFO: [ app_init ] --START--
INFO: Run Behavior\BuildLiteBehavior [ RunTime:0.000025s ]
INFO: [ app_init ] --END-- [ RunTime:0.000587s ]
INFO: [ app_begin ] --START--
INFO: Run Behavior\ReadHtmlCacheBehavior [ RunTime:0.000649s ]
INFO: [ app_begin ] --END-- [ RunTime:0.000777s ]
SQL: SHOW COLUMNS FROM `admin_user` [ RunTime:0.0396s ]
SQL: SELECT * FROM `admin_user` WHERE ( user_name="admin" and user_pwd="123456" ) LIMIT 1   [ RunTime:0.0009s ]
SQL: SHOW COLUMNS FROM `think_auth_group_access` [ RunTime:0.0077s ]
SQL: SELECT * FROM `think_auth_group_access` WHERE ( uid=12 ) LIMIT 1   [ RunTime:0.0008s ]

[ 2016-10-31T09:24:47+08:00 ] ::1 /lidong/yuanku/index.php/Admin/index/index.html
INFO: [ app_init ] --START--
INFO: Run Behavior\BuildLiteBehavior [ RunTime:0.000043s ]
INFO: [ app_init ] --END-- [ RunTime:0.001580s ]
INFO: [ app_begin ] --START--
INFO: Run Behavior\ReadHtmlCacheBehavior [ RunTime:0.001044s ]
INFO: [ app_begin ] --END-- [ RunTime:0.001230s ]
SQL: SHOW COLUMNS FROM `admin_user` [ RunTime:0.0086s ]
SQL: SELECT * FROM `admin_user` WHERE ( id=12 ) LIMIT 1   [ RunTime:0.0025s ]
INFO: [ view_parse ] --START--
INFO: [ template_filter ] --START--
INFO: Run Behavior\ContentReplaceBehavior [ RunTime:0.000620s ]
INFO: [ template_filter ] --END-- [ RunTime:0.000825s ]
NOTIC: [8] Undefined variable: title E:\mysql\wamp\www\lidong\yuanku\Application\Runtime\Cache\Admin\b595b808c2ebeeeb0478ffc30bb4e87a.php 第 4 行.
INFO: Run Behavior\ParseTemplateBehavior [ RunTime:0.257202s ]
INFO: [ view_parse ] --END-- [ RunTime:0.257426s ]
INFO: [ view_filter ] --START--
INFO: Run Behavior\WriteHtmlCacheBehavior [ RunTime:0.000955s ]
INFO: [ view_filter ] --END-- [ RunTime:0.001117s ]
INFO: [ app_end ] --START--
INFO: Run Behavior\ShowPageTraceBehavior [ RunTime:0.001040s ]
INFO: [ app_end ] --END-- [ RunTime:0.001203s ]

[ 2016-10-31T09:24:49+08:00 ] ::1 /lidong/yuanku/index.php/Admin/index/img/contacts/3.png
INFO: [ app_init ] --START--
INFO: Run Behavior\BuildLiteBehavior [ RunTime:0.000025s ]
INFO: [ app_init ] --END-- [ RunTime:0.000694s ]

[ 2016-10-31T09:24:49+08:00 ] ::1 /lidong/yuanku/index.php/Admin/index/img/contacts/4.png
INFO: [ app_init ] --START--
INFO: Run Behavior\BuildLiteBehavior [ RunTime:0.000027s ]
INFO: [ app_init ] --END-- [ RunTime:0.000685s ]

[ 2016-10-31T09:24:49+08:00 ] ::1 /lidong/yuanku/index.php/Admin/index/img/contacts/2.png
INFO: [ app_init ] --START--
INFO: Run Behavior\BuildLiteBehavior [ RunTime:0.000026s ]
INFO: [ app_init ] --END-- [ RunTime:0.000629s ]

[ 2016-10-31T09:24:49+08:00 ] ::1 /lidong/yuanku/index.php/Admin/index/img/contacts/1.png
INFO: [ app_init ] --START--
INFO: Run Behavior\BuildLiteBehavior [ RunTime:0.000026s ]
INFO: [ app_init ] --END-- [ RunTime:0.000654s ]

[ 2016-10-31T09:24:49+08:00 ] ::1 /lidong/yuanku/index.php/Admin/index/img/contacts/5.png
INFO: [ app_init ] --START--
INFO: Run Behavior\BuildLiteBehavior [ RunTime:0.000024s ]
INFO: [ app_init ] --END-- [ RunTime:0.000679s ]

[ 2016-10-31T09:24:55+08:00 ] ::1 /lidong/yuanku/index.php/Admin/Slide/slide_manage.html
INFO: [ app_init ] --START--
INFO: Run Behavior\BuildLiteBehavior [ RunTime:0.000027s ]
INFO: [ app_init ] --END-- [ RunTime:0.000788s ]
INFO: [ app_begin ] --START--
INFO: Run Behavior\ReadHtmlCacheBehavior [ RunTime:0.001584s ]
INFO: [ app_begin ] --END-- [ RunTime:0.001838s ]
SQL: SHOW COLUMNS FROM `admin_user` [ RunTime:0.1122s ]
SQL: SELECT * FROM `admin_user` WHERE ( id=12 ) LIMIT 1   [ RunTime:0.0004s ]
SQL: SHOW COLUMNS FROM `slide` [ RunTime:0.0041s ]
SQL: SELECT COUNT(*) AS tp_count FROM `slide` LIMIT 1   [ RunTime:0.0003s ]
ERR: 1054:Unknown column 'name' in 'field list'
 [ SQL语句 ] : SELECT n.id as nid,`name`,`img`,`date` FROM slide n ORDER BY n.id desc LIMIT 0,5  
ERR: 1054:Unknown column 'name' in 'field list'
 [ SQL语句 ] : SELECT n.id as nid,`name`,`img`,`date` FROM slide n ORDER BY n.id desc LIMIT 0,5  

[ 2016-10-31T09:27:23+08:00 ] ::1 /lidong/yuanku/index.php/Admin/Slide/slide_manage.html
INFO: [ app_init ] --START--
INFO: Run Behavior\BuildLiteBehavior [ RunTime:0.000041s ]
INFO: [ app_init ] --END-- [ RunTime:0.000930s ]
INFO: [ app_begin ] --START--
INFO: Run Behavior\ReadHtmlCacheBehavior [ RunTime:0.001199s ]
INFO: [ app_begin ] --END-- [ RunTime:0.001328s ]
SQL: SHOW COLUMNS FROM `admin_user` [ RunTime:0.0055s ]
SQL: SELECT * FROM `admin_user` WHERE ( id=12 ) LIMIT 1   [ RunTime:0.0005s ]
SQL: SHOW COLUMNS FROM `slide` [ RunTime:0.0049s ]
SQL: SELECT COUNT(*) AS tp_count FROM `slide` LIMIT 1   [ RunTime:0.0003s ]
NOTIC: [8] Undefined variable: page_html E:\mysql\wamp\www\lidong\yuanku\Application\Admin\Controller\SlideController.class.php 第 22 行.
SQL: SELECT n.id as nid,`name`,`img`,`date` FROM slide n ORDER BY n.id desc LIMIT 0,5   [ RunTime:0.0004s ]
INFO: [ view_parse ] --START--
INFO: [ template_filter ] --START--
INFO: Run Behavior\ContentReplaceBehavior [ RunTime:0.000234s ]
INFO: [ template_filter ] --END-- [ RunTime:0.000429s ]
NOTIC: [8] Undefined variable: title E:\mysql\wamp\www\lidong\yuanku\Application\Runtime\Cache\Admin\bf2754220eda42de38879427e9a58063.php 第 4 行.
INFO: Run Behavior\ParseTemplateBehavior [ RunTime:0.083185s ]
INFO: [ view_parse ] --END-- [ RunTime:0.083323s ]
INFO: [ view_filter ] --START--
INFO: Run Behavior\WriteHtmlCacheBehavior [ RunTime:0.000778s ]
INFO: [ view_filter ] --END-- [ RunTime:0.000880s ]
INFO: [ app_end ] --START--
INFO: Run Behavior\ShowPageTraceBehavior [ RunTime:0.000913s ]
INFO: [ app_end ] --END-- [ RunTime:0.001014s ]

[ 2016-10-31T09:27:23+08:00 ] ::1 /lidong/yuanku/index.php/Admin/Slide/img/contacts/3.png
INFO: [ app_init ] --START--
INFO: Run Behavior\BuildLiteBehavior [ RunTime:0.000027s ]
INFO: [ app_init ] --END-- [ RunTime:0.000674s ]

[ 2016-10-31T09:27:23+08:00 ] ::1 /lidong/yuanku/index.php/Admin/Slide/img/contacts/5.png
INFO: [ app_init ] --START--
INFO: Run Behavior\BuildLiteBehavior [ RunTime:0.000042s ]
INFO: [ app_init ] --END-- [ RunTime:0.000851s ]

[ 2016-10-31T09:27:23+08:00 ] ::1 /lidong/yuanku/index.php/Admin/Slide/img/contacts/1.png
INFO: [ app_init ] --START--
INFO: Run Behavior\BuildLiteBehavior [ RunTime:0.000040s ]
INFO: [ app_init ] --END-- [ RunTime:0.001244s ]

[ 2016-10-31T09:27:23+08:00 ] ::1 /lidong/yuanku/index.php/Admin/Slide/img/contacts/4.png
INFO: [ app_init ] --START--
INFO: Run Behavior\BuildLiteBehavior [ RunTime:0.000066s ]
INFO: [ app_init ] --END-- [ RunTime:0.001103s ]

[ 2016-10-31T09:27:23+08:00 ] ::1 /lidong/yuanku/index.php/Admin/Slide/img/contacts/2.png
INFO: [ app_init ] --START--
INFO: Run Behavior\BuildLiteBehavior [ RunTime:0.000042s ]
INFO: [ app_init ] --END-- [ RunTime:0.001102s ]

[ 2016-10-31T09:27:54+08:00 ] ::1 /lidong/yuanku/index.php/Admin/Slide/slide_manage.html
INFO: [ app_init ] --START--
INFO: Run Behavior\BuildLiteBehavior [ RunTime:0.000036s ]
INFO: [ app_init ] --END-- [ RunTime:0.000852s ]
INFO: [ app_begin ] --START--
INFO: Run Behavior\ReadHtmlCacheBehavior [ RunTime:0.000818s ]
INFO: [ app_begin ] --END-- [ RunTime:0.000963s ]
SQL: SHOW COLUMNS FROM `admin_user` [ RunTime:0.0036s ]
SQL: SELECT * FROM `admin_user` WHERE ( id=12 ) LIMIT 1   [ RunTime:0.0003s ]
SQL: SHOW COLUMNS FROM `slide` [ RunTime:0.0033s ]
SQL: SELECT COUNT(*) AS tp_count FROM `slide` LIMIT 1   [ RunTime:0.0002s ]
NOTIC: [8] Undefined variable: page_html E:\mysql\wamp\www\lidong\yuanku\Application\Admin\Controller\SlideController.class.php 第 22 行.
SQL: SELECT n.id as nid,`name`,`img`,`date` FROM slide n ORDER BY n.id desc LIMIT 0,5   [ RunTime:0.0003s ]
INFO: [ view_parse ] --START--
INFO: [ template_filter ] --START--
INFO: Run Behavior\ContentReplaceBehavior [ RunTime:0.000255s ]
INFO: [ template_filter ] --END-- [ RunTime:0.000378s ]
NOTIC: [8] Undefined variable: title E:\mysql\wamp\www\lidong\yuanku\Application\Runtime\Cache\Admin\bf2754220eda42de38879427e9a58063.php 第 4 行.
INFO: Run Behavior\ParseTemplateBehavior [ RunTime:0.022467s ]
INFO: [ view_parse ] --END-- [ RunTime:0.022581s ]
INFO: [ view_filter ] --START--
INFO: Run Behavior\WriteHtmlCacheBehavior [ RunTime:0.000562s ]
INFO: [ view_filter ] --END-- [ RunTime:0.000660s ]
INFO: [ app_end ] --START--
INFO: Run Behavior\ShowPageTraceBehavior [ RunTime:0.000737s ]
INFO: [ app_end ] --END-- [ RunTime:0.000858s ]

[ 2016-10-31T09:27:54+08:00 ] ::1 /lidong/yuanku/index.php/Admin/Slide/img/contacts/3.png
INFO: [ app_init ] --START--
INFO: Run Behavior\BuildLiteBehavior [ RunTime:0.000044s ]
INFO: [ app_init ] --END-- [ RunTime:0.000838s ]

[ 2016-10-31T09:27:54+08:00 ] ::1 /lidong/yuanku/index.php/Admin/Slide/img/contacts/4.png
INFO: [ app_init ] --START--
INFO: Run Behavior\BuildLiteBehavior [ RunTime:0.000046s ]
INFO: [ app_init ] --END-- [ RunTime:0.001373s ]

[ 2016-10-31T09:27:54+08:00 ] ::1 /lidong/yuanku/index.php/Admin/Slide/img/contacts/1.png
INFO: [ app_init ] --START--
INFO: Run Behavior\BuildLiteBehavior [ RunTime:0.000045s ]
INFO: [ app_init ] --END-- [ RunTime:0.001079s ]

[ 2016-10-31T09:27:54+08:00 ] ::1 /lidong/yuanku/index.php/Admin/Slide/img/contacts/2.png
INFO: [ app_init ] --START--
INFO: Run Behavior\BuildLiteBehavior [ RunTime:0.000045s ]
INFO: [ app_init ] --END-- [ RunTime:0.001101s ]

[ 2016-10-31T09:27:54+08:00 ] ::1 /lidong/yuanku/index.php/Admin/Slide/img/contacts/5.png
INFO: [ app_init ] --START--
INFO: Run Behavior\BuildLiteBehavior [ RunTime:0.000045s ]
INFO: [ app_init ] --END-- [ RunTime:0.000982s ]

[ 2016-10-31T09:28:00+08:00 ] ::1 /lidong/yuanku/index.php/Admin/Slide/slide_manage.html
INFO: [ app_init ] --START--
INFO: Run Behavior\BuildLiteBehavior [ RunTime:0.000027s ]
INFO: [ app_init ] --END-- [ RunTime:0.000526s ]
INFO: [ app_begin ] --START--
INFO: Run Behavior\ReadHtmlCacheBehavior [ RunTime:0.000806s ]
INFO: [ app_begin ] --END-- [ RunTime:0.000924s ]
SQL: SHOW COLUMNS FROM `admin_user` [ RunTime:0.0035s ]
SQL: SELECT * FROM `admin_user` WHERE ( id=12 ) LIMIT 1   [ RunTime:0.0003s ]
SQL: SHOW COLUMNS FROM `slide` [ RunTime:0.0034s ]
SQL: SELECT COUNT(*) AS tp_count FROM `slide` LIMIT 1   [ RunTime:0.0003s ]
NOTIC: [8] Undefined variable: page_html E:\mysql\wamp\www\lidong\yuanku\Application\Admin\Controller\SlideController.class.php 第 22 行.
SQL: SELECT n.id as nid,`name`,`img`,`date` FROM slide n ORDER BY n.id desc LIMIT 0,5   [ RunTime:0.0003s ]
INFO: [ view_parse ] --START--
INFO: [ template_filter ] --START--
INFO: Run Behavior\ContentReplaceBehavior [ RunTime:0.000216s ]
INFO: [ template_filter ] --END-- [ RunTime:0.000332s ]
NOTIC: [8] Undefined variable: title E:\mysql\wamp\www\lidong\yuanku\Application\Runtime\Cache\Admin\bf2754220eda42de38879427e9a58063.php 第 4 行.
INFO: Run Behavior\ParseTemplateBehavior [ RunTime:0.022349s ]
INFO: [ view_parse ] --END-- [ RunTime:0.022468s ]
INFO: [ view_filter ] --START--
INFO: Run Behavior\WriteHtmlCacheBehavior [ RunTime:0.000516s ]
INFO: [ view_filter ] --END-- [ RunTime:0.000620s ]
INFO: [ app_end ] --START--
INFO: Run Behavior\ShowPageTraceBehavior [ RunTime:0.000635s ]
INFO: [ app_end ] --END-- [ RunTime:0.000735s ]

[ 2016-10-31T09:28:00+08:00 ] ::1 /lidong/yuanku/index.php/Admin/Slide/img/contacts/4.png
INFO: [ app_init ] --START--
INFO: Run Behavior\BuildLiteBehavior [ RunTime:0.000047s ]
INFO: [ app_init ] --END-- [ RunTime:0.000769s ]

[ 2016-10-31T09:28:00+08:00 ] ::1 /lidong/yuanku/index.php/Admin/Slide/img/contacts/3.png
INFO: [ app_init ] --START--
INFO: Run Behavior\BuildLiteBehavior [ RunTime:0.000037s ]
INFO: [ app_init ] --END-- [ RunTime:0.000830s ]

[ 2016-10-31T09:28:00+08:00 ] ::1 /lidong/yuanku/index.php/Admin/Slide/img/contacts/2.png
INFO: [ app_init ] --START--
INFO: Run Behavior\BuildLiteBehavior [ RunTime:0.000042s ]
INFO: [ app_init ] --END-- [ RunTime:0.000899s ]

[ 2016-10-31T09:28:00+08:00 ] ::1 /lidong/yuanku/index.php/Admin/Slide/img/contacts/1.png
INFO: [ app_init ] --START--
INFO: Run Behavior\BuildLiteBehavior [ RunTime:0.000044s ]
INFO: [ app_init ] --END-- [ RunTime:0.000881s ]

[ 2016-10-31T09:28:00+08:00 ] ::1 /lidong/yuanku/index.php/Admin/Slide/img/contacts/5.png
INFO: [ app_init ] --START--
INFO: Run Behavior\BuildLiteBehavior [ RunTime:0.000043s ]
INFO: [ app_init ] --END-- [ RunTime:0.001125s ]

[ 2016-10-31T09:28:08+08:00 ] ::1 /lidong/yuanku/index.php/Admin/news/sort.html
INFO: [ app_init ] --START--
INFO: Run Behavior\BuildLiteBehavior [ RunTime:0.000025s ]
INFO: [ app_init ] --END-- [ RunTime:0.000668s ]
INFO: [ app_begin ] --START--
INFO: Run Behavior\ReadHtmlCacheBehavior [ RunTime:0.000784s ]
INFO: [ app_begin ] --END-- [ RunTime:0.000903s ]
SQL: SHOW COLUMNS FROM `admin_user` [ RunTime:0.0037s ]
SQL: SELECT * FROM `admin_user` WHERE ( id=12 ) LIMIT 1   [ RunTime:0.0004s ]
SQL: SHOW COLUMNS FROM `news_sort` [ RunTime:0.0040s ]
SQL: SELECT COUNT(*) AS tp_count FROM `news_sort` LIMIT 1   [ RunTime:0.0003s ]
NOTIC: [8] Undefined variable: page_html E:\mysql\wamp\www\lidong\yuanku\Application\Admin\Controller\NewsController.class.php 第 215 行.
SQL: SELECT * FROM `news_sort` ORDER BY id desc LIMIT 0,5   [ RunTime:0.0003s ]
INFO: [ view_parse ] --START--
INFO: [ template_filter ] --START--
INFO: Run Behavior\ContentReplaceBehavior [ RunTime:0.000255s ]
INFO: [ template_filter ] --END-- [ RunTime:0.000376s ]
NOTIC: [8] Undefined variable: title E:\mysql\wamp\www\lidong\yuanku\Application\Runtime\Cache\Admin\1f4622e36af5daf9d693aa1ef888c57e.php 第 4 行.
NOTIC: [8] Use of undefined constant e_name - assumed 'e_name' E:\mysql\wamp\www\lidong\yuanku\Application\Runtime\Cache\Admin\1f4622e36af5daf9d693aa1ef888c57e.php 第 404 行.
NOTIC: [8] Use of undefined constant id - assumed 'id' E:\mysql\wamp\www\lidong\yuanku\Application\Runtime\Cache\Admin\1f4622e36af5daf9d693aa1ef888c57e.php 第 405 行.
NOTIC: [8] Use of undefined constant id - assumed 'id' E:\mysql\wamp\www\lidong\yuanku\Application\Runtime\Cache\Admin\1f4622e36af5daf9d693aa1ef888c57e.php 第 406 行.
NOTIC: [8] Use of undefined constant e_name - assumed 'e_name' E:\mysql\wamp\www\lidong\yuanku\Application\Runtime\Cache\Admin\1f4622e36af5daf9d693aa1ef888c57e.php 第 404 行.
NOTIC: [8] Use of undefined constant id - assumed 'id' E:\mysql\wamp\www\lidong\yuanku\Application\Runtime\Cache\Admin\1f4622e36af5daf9d693aa1ef888c57e.php 第 405 行.
NOTIC: [8] Use of undefined constant id - assumed 'id' E:\mysql\wamp\www\lidong\yuanku\Application\Runtime\Cache\Admin\1f4622e36af5daf9d693aa1ef888c57e.php 第 406 行.
NOTIC: [8] Use of undefined constant e_name - assumed 'e_name' E:\mysql\wamp\www\lidong\yuanku\Application\Runtime\Cache\Admin\1f4622e36af5daf9d693aa1ef888c57e.php 第 404 行.
NOTIC: [8] Use of undefined constant id - assumed 'id' E:\mysql\wamp\www\lidong\yuanku\Application\Runtime\Cache\Admin\1f4622e36af5daf9d693aa1ef888c57e.php 第 405 行.
NOTIC: [8] Use of undefined constant id - assumed 'id' E:\mysql\wamp\www\lidong\yuanku\Application\Runtime\Cache\Admin\1f4622e36af5daf9d693aa1ef888c57e.php 第 406 行.
NOTIC: [8] Use of undefined constant e_name - assumed 'e_name' E:\mysql\wamp\www\lidong\yuanku\Application\Runtime\Cache\Admin\1f4622e36af5daf9d693aa1ef888c57e.php 第 404 行.
NOTIC: [8] Use of undefined constant id - assumed 'id' E:\mysql\wamp\www\lidong\yuanku\Application\Runtime\Cache\Admin\1f4622e36af5daf9d693aa1ef888c57e.php 第 405 行.
NOTIC: [8] Use of undefined constant id - assumed 'id' E:\mysql\wamp\www\lidong\yuanku\Application\Runtime\Cache\Admin\1f4622e36af5daf9d693aa1ef888c57e.php 第 406 行.
NOTIC: [8] Use of undefined constant e_name - assumed 'e_name' E:\mysql\wamp\www\lidong\yuanku\Application\Runtime\Cache\Admin\1f4622e36af5daf9d693aa1ef888c57e.php 第 404 行.
NOTIC: [8] Use of undefined constant id - assumed 'id' E:\mysql\wamp\www\lidong\yuanku\Application\Runtime\Cache\Admin\1f4622e36af5daf9d693aa1ef888c57e.php 第 405 行.
NOTIC: [8] Use of undefined constant id - assumed 'id' E:\mysql\wamp\www\lidong\yuanku\Application\Runtime\Cache\Admin\1f4622e36af5daf9d693aa1ef888c57e.php 第 406 行.
INFO: Run Behavior\ParseTemplateBehavior [ RunTime:0.042875s ]
INFO: [ view_parse ] --END-- [ RunTime:0.043032s ]
INFO: [ view_filter ] --START--
INFO: Run Behavior\WriteHtmlCacheBehavior [ RunTime:0.000857s ]
INFO: [ view_filter ] --END-- [ RunTime:0.001016s ]
INFO: [ app_end ] --START--
INFO: Run Behavior\ShowPageTraceBehavior [ RunTime:0.000812s ]
INFO: [ app_end ] --END-- [ RunTime:0.000920s ]

[ 2016-10-31T09:28:08+08:00 ] ::1 /lidong/yuanku/index.php/Admin/news/img/contacts/3.png
INFO: [ app_init ] --START--
INFO: Run Behavior\BuildLiteBehavior [ RunTime:0.000046s ]
INFO: [ app_init ] --END-- [ RunTime:0.000849s ]

[ 2016-10-31T09:28:08+08:00 ] ::1 /lidong/yuanku/index.php/Admin/news/img/contacts/2.png
INFO: [ app_init ] --START--
INFO: Run Behavior\BuildLiteBehavior [ RunTime:0.000053s ]
INFO: [ app_init ] --END-- [ RunTime:0.002443s ]

[ 2016-10-31T09:28:08+08:00 ] ::1 /lidong/yuanku/index.php/Admin/news/img/contacts/5.png
INFO: [ app_init ] --START--
INFO: Run Behavior\BuildLiteBehavior [ RunTime:0.000047s ]
INFO: [ app_init ] --END-- [ RunTime:0.001005s ]

[ 2016-10-31T09:28:08+08:00 ] ::1 /lidong/yuanku/index.php/Admin/news/img/contacts/1.png
INFO: [ app_init ] --START--
INFO: Run Behavior\BuildLiteBehavior [ RunTime:0.000045s ]
INFO: [ app_init ] --END-- [ RunTime:0.001667s ]

[ 2016-10-31T09:28:08+08:00 ] ::1 /lidong/yuanku/index.php/Admin/news/img/contacts/4.png
INFO: [ app_init ] --START--
INFO: Run Behavior\BuildLiteBehavior [ RunTime:0.000044s ]
INFO: [ app_init ] --END-- [ RunTime:0.003927s ]

[ 2016-10-31T09:41:31+08:00 ] ::1 /lidong/yuanku/index.php/Admin/News/sort_detail/e_name/nba.html
INFO: [ app_init ] --START--
INFO: Run Behavior\BuildLiteBehavior [ RunTime:0.000025s ]
INFO: [ app_init ] --END-- [ RunTime:0.000542s ]
INFO: [ app_begin ] --START--
INFO: Run Behavior\ReadHtmlCacheBehavior [ RunTime:0.001594s ]
INFO: [ app_begin ] --END-- [ RunTime:0.001741s ]
SQL: SHOW COLUMNS FROM `admin_user` [ RunTime:0.0035s ]
SQL: SELECT * FROM `admin_user` WHERE ( id=12 ) LIMIT 1   [ RunTime:0.0004s ]
SQL: SHOW COLUMNS FROM `news` [ RunTime:0.0047s ]
SQL: SELECT COUNT(*) AS tp_count FROM `news` WHERE ( sort_ename="nba" ) LIMIT 1   [ RunTime:0.0004s ]
NOTIC: [8] Undefined variable: page_html E:\mysql\wamp\www\lidong\yuanku\Application\Admin\Controller\NewsController.class.php 第 297 行.
SQL: SELECT n.id as nid,`title`,`name`,`sort_name`,`content`,`img`,`date` FROM news n INNER JOIN author ON author_id=author.id INNER JOIN news_sort ON sort_ename=news_sort.e_name  WHERE ( sort_ename="nba" ) LIMIT 0,3   [ RunTime:0.0005s ]
INFO: [ view_parse ] --START--
INFO: [ template_filter ] --START--
INFO: Run Behavior\ContentReplaceBehavior [ RunTime:0.000298s ]
INFO: [ template_filter ] --END-- [ RunTime:0.000418s ]
NOTIC: [8] Undefined variable: title E:\mysql\wamp\www\lidong\yuanku\Application\Runtime\Cache\Admin\71e01883f1c5816aaacbfcc86c885ffe.php 第 4 行.
NOTIC: [8] Use of undefined constant sort_name - assumed 'sort_name' E:\mysql\wamp\www\lidong\yuanku\Application\Runtime\Cache\Admin\71e01883f1c5816aaacbfcc86c885ffe.php 第 383 行.
NOTIC: [8] A non well formed numeric value encountered E:\mysql\wamp\www\lidong\yuanku\Application\Runtime\Cache\Admin\71e01883f1c5816aaacbfcc86c885ffe.php 第 404 行.
NOTIC: [8] Use of undefined constant nid - assumed 'nid' E:\mysql\wamp\www\lidong\yuanku\Application\Runtime\Cache\Admin\71e01883f1c5816aaacbfcc86c885ffe.php 第 407 行.
NOTIC: [8] Use of undefined constant nid - assumed 'nid' E:\mysql\wamp\www\lidong\yuanku\Application\Runtime\Cache\Admin\71e01883f1c5816aaacbfcc86c885ffe.php 第 408 行.
NOTIC: [8] Use of undefined constant nid - assumed 'nid' E:\mysql\wamp\www\lidong\yuanku\Application\Runtime\Cache\Admin\71e01883f1c5816aaacbfcc86c885ffe.php 第 409 行.
NOTIC: [8] A non well formed numeric value encountered E:\mysql\wamp\www\lidong\yuanku\Application\Runtime\Cache\Admin\71e01883f1c5816aaacbfcc86c885ffe.php 第 404 行.
NOTIC: [8] Use of undefined constant nid - assumed 'nid' E:\mysql\wamp\www\lidong\yuanku\Application\Runtime\Cache\Admin\71e01883f1c5816aaacbfcc86c885ffe.php 第 407 行.
NOTIC: [8] Use of undefined constant nid - assumed 'nid' E:\mysql\wamp\www\lidong\yuanku\Application\Runtime\Cache\Admin\71e01883f1c5816aaacbfcc86c885ffe.php 第 408 行.
NOTIC: [8] Use of undefined constant nid - assumed 'nid' E:\mysql\wamp\www\lidong\yuanku\Application\Runtime\Cache\Admin\71e01883f1c5816aaacbfcc86c885ffe.php 第 409 行.
NOTIC: [8] A non well formed numeric value encountered E:\mysql\wamp\www\lidong\yuanku\Application\Runtime\Cache\Admin\71e01883f1c5816aaacbfcc86c885ffe.php 第 404 行.
NOTIC: [8] Use of undefined constant nid - assumed 'nid' E:\mysql\wamp\www\lidong\yuanku\Application\Runtime\Cache\Admin\71e01883f1c5816aaacbfcc86c885ffe.php 第 407 行.
NOTIC: [8] Use of undefined constant nid - assumed 'nid' E:\mysql\wamp\www\lidong\yuanku\Application\Runtime\Cache\Admin\71e01883f1c5816aaacbfcc86c885ffe.php 第 408 行.
NOTIC: [8] Use of undefined constant nid - assumed 'nid' E:\mysql\wamp\www\lidong\yuanku\Application\Runtime\Cache\Admin\71e01883f1c5816aaacbfcc86c885ffe.php 第 409 行.
INFO: Run Behavior\ParseTemplateBehavior [ RunTime:0.111814s ]
INFO: [ view_parse ] --END-- [ RunTime:0.111924s ]
INFO: [ view_filter ] --START--
INFO: Run Behavior\WriteHtmlCacheBehavior [ RunTime:0.000685s ]
INFO: [ view_filter ] --END-- [ RunTime:0.000789s ]
INFO: [ app_end ] --START--
INFO: Run Behavior\ShowPageTraceBehavior [ RunTime:0.000824s ]
INFO: [ app_end ] --END-- [ RunTime:0.000928s ]

[ 2016-10-31T09:41:31+08:00 ] ::1 /lidong/yuanku/index.php/Admin/News/sort_detail/e_name/img/contacts/4.png
INFO: [ app_init ] --START--
INFO: Run Behavior\BuildLiteBehavior [ RunTime:0.000044s ]
INFO: [ app_init ] --END-- [ RunTime:0.000841s ]

[ 2016-10-31T09:41:31+08:00 ] ::1 /lidong/yuanku/index.php/Admin/News/sort_detail/e_name/img/contacts/3.png
INFO: [ app_init ] --START--
INFO: Run Behavior\BuildLiteBehavior [ RunTime:0.000040s ]
INFO: [ app_init ] --END-- [ RunTime:0.000850s ]

[ 2016-10-31T09:41:31+08:00 ] ::1 /lidong/yuanku/index.php/Admin/News/sort_detail/e_name/img/contacts/2.png
INFO: [ app_init ] --START--
INFO: Run Behavior\BuildLiteBehavior [ RunTime:0.000043s ]
INFO: [ app_init ] --END-- [ RunTime:0.000943s ]

[ 2016-10-31T09:41:31+08:00 ] ::1 /lidong/yuanku/index.php/Admin/News/sort_detail/e_name/img/contacts/5.png
INFO: [ app_init ] --START--
INFO: Run Behavior\BuildLiteBehavior [ RunTime:0.000044s ]
INFO: [ app_init ] --END-- [ RunTime:0.001095s ]

[ 2016-10-31T09:41:31+08:00 ] ::1 /lidong/yuanku/index.php/Admin/News/sort_detail/e_name/img/contacts/1.png
INFO: [ app_init ] --START--
INFO: Run Behavior\BuildLiteBehavior [ RunTime:0.000028s ]
INFO: [ app_init ] --END-- [ RunTime:0.000592s ]

[ 2016-10-31T09:43:27+08:00 ] ::1 /lidong/yuanku/index.php/Admin/news/index.html
INFO: [ app_init ] --START--
INFO: Run Behavior\BuildLiteBehavior [ RunTime:0.000025s ]
INFO: [ app_init ] --END-- [ RunTime:0.000587s ]
INFO: [ app_begin ] --START--
INFO: Run Behavior\ReadHtmlCacheBehavior [ RunTime:0.000764s ]
INFO: [ app_begin ] --END-- [ RunTime:0.000883s ]
SQL: SHOW COLUMNS FROM `admin_user` [ RunTime:0.0033s ]
SQL: SELECT * FROM `admin_user` WHERE ( id=12 ) LIMIT 1   [ RunTime:0.0003s ]
SQL: SHOW COLUMNS FROM `news` [ RunTime:0.0031s ]
SQL: SELECT COUNT(*) AS tp_count FROM `news` LIMIT 1   [ RunTime:0.0002s ]
NOTIC: [8] Undefined variable: page_html E:\mysql\wamp\www\lidong\yuanku\Application\Admin\Controller\NewsController.class.php 第 25 行.
SQL: SELECT n.id as nid,`title`,`name`,`sort_name`,`img`,`date` FROM news n INNER JOIN author ON author_id=author.id INNER JOIN news_sort ON sort_ename=news_sort.e_name  ORDER BY n.id desc LIMIT 0,10   [ RunTime:0.0006s ]
INFO: [ view_parse ] --START--
INFO: [ template_filter ] --START--
INFO: Run Behavior\ContentReplaceBehavior [ RunTime:0.000204s ]
INFO: [ template_filter ] --END-- [ RunTime:0.000322s ]
NOTIC: [8] Undefined variable: title E:\mysql\wamp\www\lidong\yuanku\Application\Runtime\Cache\Admin\36087655c6ab8580337cdc45b35a926d.php 第 4 行.
NOTIC: [8] Use of undefined constant nid - assumed 'nid' E:\mysql\wamp\www\lidong\yuanku\Application\Runtime\Cache\Admin\36087655c6ab8580337cdc45b35a926d.php 第 410 行.
NOTIC: [8] Use of undefined constant nid - assumed 'nid' E:\mysql\wamp\www\lidong\yuanku\Application\Runtime\Cache\Admin\36087655c6ab8580337cdc45b35a926d.php 第 410 行.
NOTIC: [8] Use of undefined constant nid - assumed 'nid' E:\mysql\wamp\www\lidong\yuanku\Application\Runtime\Cache\Admin\36087655c6ab8580337cdc45b35a926d.php 第 410 行.
NOTIC: [8] A non well formed numeric value encountered E:\mysql\wamp\www\lidong\yuanku\Application\Runtime\Cache\Admin\36087655c6ab8580337cdc45b35a926d.php 第 407 行.
NOTIC: [8] Use of undefined constant nid - assumed 'nid' E:\mysql\wamp\www\lidong\yuanku\Application\Runtime\Cache\Admin\36087655c6ab8580337cdc45b35a926d.php 第 410 行.
NOTIC: [8] A non well formed numeric value encountered E:\mysql\wamp\www\lidong\yuanku\Application\Runtime\Cache\Admin\36087655c6ab8580337cdc45b35a926d.php 第 407 行.
NOTIC: [8] Use of undefined constant nid - assumed 'nid' E:\mysql\wamp\www\lidong\yuanku\Application\Runtime\Cache\Admin\36087655c6ab8580337cdc45b35a926d.php 第 410 行.
NOTIC: [8] A non well formed numeric value encountered E:\mysql\wamp\www\lidong\yuanku\Application\Runtime\Cache\Admin\36087655c6ab8580337cdc45b35a926d.php 第 407 行.
NOTIC: [8] Use of undefined constant nid - assumed 'nid' E:\mysql\wamp\www\lidong\yuanku\Application\Runtime\Cache\Admin\36087655c6ab8580337cdc45b35a926d.php 第 410 行.
NOTIC: [8] A non well formed numeric value encountered E:\mysql\wamp\www\lidong\yuanku\Application\Runtime\Cache\Admin\36087655c6ab8580337cdc45b35a926d.php 第 407 行.
NOTIC: [8] Use of undefined constant nid - assumed 'nid' E:\mysql\wamp\www\lidong\yuanku\Application\Runtime\Cache\Admin\36087655c6ab8580337cdc45b35a926d.php 第 410 行.
NOTIC: [8] A non well formed numeric value encountered E:\mysql\wamp\www\lidong\yuanku\Application\Runtime\Cache\Admin\36087655c6ab8580337cdc45b35a926d.php 第 407 行.
NOTIC: [8] Use of undefined constant nid - assumed 'nid' E:\mysql\wamp\www\lidong\yuanku\Application\Runtime\Cache\Admin\36087655c6ab8580337cdc45b35a926d.php 第 410 行.
NOTIC: [8] A non well formed numeric value encountered E:\mysql\wamp\www\lidong\yuanku\Application\Runtime\Cache\Admin\36087655c6ab8580337cdc45b35a926d.php 第 407 行.
NOTIC: [8] Use of undefined constant nid - assumed 'nid' E:\mysql\wamp\www\lidong\yuanku\Application\Runtime\Cache\Admin\36087655c6ab8580337cdc45b35a926d.php 第 410 行.
NOTIC: [8] A non well formed numeric value encountered E:\mysql\wamp\www\lidong\yuanku\Application\Runtime\Cache\Admin\36087655c6ab8580337cdc45b35a926d.php 第 407 行.
NOTIC: [8] Use of undefined constant nid - assumed 'nid' E:\mysql\wamp\www\lidong\yuanku\Application\Runtime\Cache\Admin\36087655c6ab8580337cdc45b35a926d.php 第 410 行.
INFO: Run Behavior\ParseTemplateBehavior [ RunTime:0.091168s ]
INFO: [ view_parse ] --END-- [ RunTime:0.091277s ]
INFO: [ view_filter ] --START--
INFO: Run Behavior\WriteHtmlCacheBehavior [ RunTime:0.000586s ]
INFO: [ view_filter ] --END-- [ RunTime:0.000680s ]
INFO: [ app_end ] --START--
INFO: Run Behavior\ShowPageTraceBehavior [ RunTime:0.000807s ]
INFO: [ app_end ] --END-- [ RunTime:0.000902s ]

[ 2016-10-31T09:43:27+08:00 ] ::1 /lidong/yuanku/index.php/Admin/news/img/contacts/4.png
INFO: [ app_init ] --START--
INFO: Run Behavior\BuildLiteBehavior [ RunTime:0.000026s ]
INFO: [ app_init ] --END-- [ RunTime:0.000572s ]

[ 2016-10-31T09:43:28+08:00 ] ::1 /lidong/yuanku/index.php/Admin/news/img/contacts/3.png
INFO: [ app_init ] --START--
INFO: Run Behavior\BuildLiteBehavior [ RunTime:0.000045s ]
INFO: [ app_init ] --END-- [ RunTime:0.000865s ]

[ 2016-10-31T09:43:28+08:00 ] ::1 /lidong/yuanku/index.php/Admin/news/img/contacts/2.png
INFO: [ app_init ] --START--
INFO: Run Behavior\BuildLiteBehavior [ RunTime:0.000046s ]
INFO: [ app_init ] --END-- [ RunTime:0.001257s ]

[ 2016-10-31T09:43:28+08:00 ] ::1 /lidong/yuanku/index.php/Admin/news/img/contacts/1.png
INFO: [ app_init ] --START--
INFO: Run Behavior\BuildLiteBehavior [ RunTime:0.000045s ]
INFO: [ app_init ] --END-- [ RunTime:0.001052s ]

[ 2016-10-31T09:43:28+08:00 ] ::1 /lidong/yuanku/index.php/Admin/news/img/contacts/5.png
INFO: [ app_init ] --START--
INFO: Run Behavior\BuildLiteBehavior [ RunTime:0.000045s ]
INFO: [ app_init ] --END-- [ RunTime:0.001086s ]

[ 2016-10-31T09:43:30+08:00 ] ::1 /lidong/yuanku/index.php/Admin/News/news_add.html
INFO: [ app_init ] --START--
INFO: Run Behavior\BuildLiteBehavior [ RunTime:0.000025s ]
INFO: [ app_init ] --END-- [ RunTime:0.000634s ]
INFO: [ app_begin ] --START--
INFO: Run Behavior\ReadHtmlCacheBehavior [ RunTime:0.000891s ]
INFO: [ app_begin ] --END-- [ RunTime:0.001020s ]
SQL: SHOW COLUMNS FROM `admin_user` [ RunTime:0.0041s ]
SQL: SELECT * FROM `admin_user` WHERE ( id=12 ) LIMIT 1   [ RunTime:0.0004s ]
SQL: SHOW COLUMNS FROM `author` [ RunTime:0.0035s ]
SQL: SHOW COLUMNS FROM `news_sort` [ RunTime:0.0031s ]
SQL: SELECT `id`,`name` FROM `author`  [ RunTime:0.0003s ]
SQL: SELECT * FROM `news_sort`  [ RunTime:0.0003s ]
INFO: [ view_parse ] --START--
INFO: [ template_filter ] --START--
INFO: Run Behavior\ContentReplaceBehavior [ RunTime:0.000232s ]
INFO: [ template_filter ] --END-- [ RunTime:0.000362s ]
NOTIC: [8] Undefined variable: title E:\mysql\wamp\www\lidong\yuanku\Application\Runtime\Cache\Admin\ece27d07c030028619d58a2d06df29f7.php 第 4 行.
INFO: Run Behavior\ParseTemplateBehavior [ RunTime:0.074675s ]
INFO: [ view_parse ] --END-- [ RunTime:0.074800s ]
INFO: [ view_filter ] --START--
INFO: Run Behavior\WriteHtmlCacheBehavior [ RunTime:0.000736s ]
INFO: [ view_filter ] --END-- [ RunTime:0.000835s ]
INFO: [ app_end ] --START--
INFO: Run Behavior\ShowPageTraceBehavior [ RunTime:0.000830s ]
INFO: [ app_end ] --END-- [ RunTime:0.000931s ]

[ 2016-10-31T09:43:30+08:00 ] ::1 /lidong/yuanku/index.php/Admin/News/img/contacts/5.png
INFO: [ app_init ] --START--
INFO: Run Behavior\BuildLiteBehavior [ RunTime:0.000043s ]
INFO: [ app_init ] --END-- [ RunTime:0.000867s ]

[ 2016-10-31T09:43:30+08:00 ] ::1 /lidong/yuanku/index.php/Admin/News/img/contacts/3.png
INFO: [ app_init ] --START--
INFO: Run Behavior\BuildLiteBehavior [ RunTime:0.000041s ]
INFO: [ app_init ] --END-- [ RunTime:0.000827s ]

[ 2016-10-31T09:43:30+08:00 ] ::1 /lidong/yuanku/index.php/Admin/News/img/contacts/1.png
INFO: [ app_init ] --START--
INFO: Run Behavior\BuildLiteBehavior [ RunTime:0.000039s ]
INFO: [ app_init ] --END-- [ RunTime:0.000805s ]

[ 2016-10-31T09:43:30+08:00 ] ::1 /lidong/yuanku/index.php/Admin/News/img/contacts/4.png
INFO: [ app_init ] --START--
INFO: Run Behavior\BuildLiteBehavior [ RunTime:0.000043s ]
INFO: [ app_init ] --END-- [ RunTime:0.000983s ]

[ 2016-10-31T09:43:30+08:00 ] ::1 /lidong/yuanku/index.php/Admin/News/img/contacts/2.png
INFO: [ app_init ] --START--
INFO: Run Behavior\BuildLiteBehavior [ RunTime:0.000049s ]
INFO: [ app_init ] --END-- [ RunTime:0.001162s ]

