[ 2016-10-24T14:07:55+08:00 ] ::1 /yuanku/admin
INFO: [ app_init ] --START--
INFO: Run Behavior\BuildLiteBehavior [ RunTime:0.000075s ]
INFO: [ app_init ] --END-- [ RunTime:0.001532s ]
INFO: [ app_begin ] --START--
INFO: Run Behavior\ReadHtmlCacheBehavior [ RunTime:0.001434s ]
INFO: [ app_begin ] --END-- [ RunTime:0.001821s ]
INFO: [ view_parse ] --START--
INFO: [ template_filter ] --START--
INFO: Run Behavior\ContentReplaceBehavior [ RunTime:0.000199s ]
INFO: [ template_filter ] --END-- [ RunTime:0.000552s ]
INFO: Run Behavior\ParseTemplateBehavior [ RunTime:0.020515s ]
INFO: [ view_parse ] --END-- [ RunTime:0.020895s ]
INFO: [ view_filter ] --START--
INFO: Run Behavior\WriteHtmlCacheBehavior [ RunTime:0.000747s ]
INFO: [ view_filter ] --END-- [ RunTime:0.001064s ]

[ 2016-10-24T14:07:58+08:00 ] ::1 /yuanku/index.php/Admin/Login/index.html
INFO: [ app_init ] --START--
INFO: Run Behavior\BuildLiteBehavior [ RunTime:0.000044s ]
INFO: [ app_init ] --END-- [ RunTime:0.000690s ]
INFO: [ app_begin ] --START--
INFO: Run Behavior\ReadHtmlCacheBehavior [ RunTime:0.000815s ]
INFO: [ app_begin ] --END-- [ RunTime:0.001013s ]
INFO: [ view_parse ] --START--
INFO: [ template_filter ] --START--
INFO: Run Behavior\ContentReplaceBehavior [ RunTime:0.000171s ]
INFO: [ template_filter ] --END-- [ RunTime:0.000381s ]
NOTIC: [8] Undefined variable: title D:\wamp\www\yuanku\Application\Runtime\Cache\Admin\32ec6c906c117a7c2bf504769276d87a.php 第 4 行.
INFO: Run Behavior\ParseTemplateBehavior [ RunTime:0.013998s ]
INFO: [ view_parse ] --END-- [ RunTime:0.014209s ]
INFO: [ view_filter ] --START--
INFO: Run Behavior\WriteHtmlCacheBehavior [ RunTime:0.000439s ]
INFO: [ view_filter ] --END-- [ RunTime:0.000619s ]
INFO: [ app_end ] --START--
INFO: Run Behavior\ShowPageTraceBehavior [ RunTime:0.000849s ]
INFO: [ app_end ] --END-- [ RunTime:0.001027s ]

[ 2016-10-24T14:07:58+08:00 ] ::1 /yuanku/index.php/Admin/Login/get_verify.html
INFO: [ app_init ] --START--
INFO: Run Behavior\BuildLiteBehavior [ RunTime:0.000044s ]
INFO: [ app_init ] --END-- [ RunTime:0.000699s ]
INFO: [ app_begin ] --START--
INFO: Run Behavior\ReadHtmlCacheBehavior [ RunTime:0.000808s ]
INFO: [ app_begin ] --END-- [ RunTime:0.001011s ]
INFO: [ app_end ] --START--
INFO: Run Behavior\ShowPageTraceBehavior [ RunTime:0.001025s ]
INFO: [ app_end ] --END-- [ RunTime:0.001259s ]

[ 2016-10-24T14:08:16+08:00 ] ::1 /yuanku/index.php/Admin/Login/ajax_login.html
INFO: [ app_init ] --START--
INFO: Run Behavior\BuildLiteBehavior [ RunTime:0.000042s ]
INFO: [ app_init ] --END-- [ RunTime:0.000746s ]
INFO: [ app_begin ] --START--
INFO: Run Behavior\ReadHtmlCacheBehavior [ RunTime:0.000793s ]
INFO: [ app_begin ] --END-- [ RunTime:0.000995s ]
SQL: SHOW COLUMNS FROM `admin_user` [ RunTime:0.0047s ]
SQL: SELECT * FROM `admin_user` WHERE ( user_name="admin" and user_pwd="123456" ) LIMIT 1   [ RunTime:0.0006s ]

[ 2016-10-24T14:08:16+08:00 ] ::1 /yuanku/index.php/Admin/index/index.html
INFO: [ app_init ] --START--
INFO: Run Behavior\BuildLiteBehavior [ RunTime:0.000024s ]
INFO: [ app_init ] --END-- [ RunTime:0.000553s ]
INFO: [ app_begin ] --START--
INFO: Run Behavior\ReadHtmlCacheBehavior [ RunTime:0.000459s ]
INFO: [ app_begin ] --END-- [ RunTime:0.000567s ]
SQL: SHOW COLUMNS FROM `admin_user` [ RunTime:0.0026s ]
SQL: SELECT * FROM `admin_user` WHERE ( id=12 ) LIMIT 1   [ RunTime:0.0007s ]
INFO: [ view_parse ] --START--
INFO: [ template_filter ] --START--
INFO: Run Behavior\ContentReplaceBehavior [ RunTime:0.000201s ]
INFO: [ template_filter ] --END-- [ RunTime:0.000313s ]
NOTIC: [8] Undefined variable: title D:\wamp\www\yuanku\Application\Runtime\Cache\Admin\b595b808c2ebeeeb0478ffc30bb4e87a.php 第 4 行.
INFO: Run Behavior\ParseTemplateBehavior [ RunTime:0.041062s ]
INFO: [ view_parse ] --END-- [ RunTime:0.041301s ]
INFO: [ view_filter ] --START--
INFO: Run Behavior\WriteHtmlCacheBehavior [ RunTime:0.000259s ]
INFO: [ view_filter ] --END-- [ RunTime:0.000363s ]
INFO: [ app_end ] --START--
INFO: Run Behavior\ShowPageTraceBehavior [ RunTime:0.000499s ]
INFO: [ app_end ] --END-- [ RunTime:0.000611s ]

[ 2016-10-24T14:08:16+08:00 ] ::1 /yuanku/index.php/Admin/index/img/contacts/2.png
INFO: [ app_init ] --START--
INFO: Run Behavior\BuildLiteBehavior [ RunTime:0.000026s ]
INFO: [ app_init ] --END-- [ RunTime:0.000418s ]

[ 2016-10-24T14:08:16+08:00 ] ::1 /yuanku/index.php/Admin/index/img/contacts/4.png
INFO: [ app_init ] --START--
INFO: Run Behavior\BuildLiteBehavior [ RunTime:0.000028s ]
INFO: [ app_init ] --END-- [ RunTime:0.000434s ]

[ 2016-10-24T14:08:16+08:00 ] ::1 /yuanku/index.php/Admin/index/img/contacts/3.png
INFO: [ app_init ] --START--
INFO: Run Behavior\BuildLiteBehavior [ RunTime:0.000045s ]
INFO: [ app_init ] --END-- [ RunTime:0.000640s ]

[ 2016-10-24T14:08:16+08:00 ] ::1 /yuanku/index.php/Admin/index/img/contacts/1.png
INFO: [ app_init ] --START--
INFO: Run Behavior\BuildLiteBehavior [ RunTime:0.000046s ]
INFO: [ app_init ] --END-- [ RunTime:0.000764s ]

[ 2016-10-24T14:08:16+08:00 ] ::1 /yuanku/index.php/Admin/index/img/contacts/5.png
INFO: [ app_init ] --START--
INFO: Run Behavior\BuildLiteBehavior [ RunTime:0.000027s ]
INFO: [ app_init ] --END-- [ RunTime:0.000542s ]

[ 2016-10-24T14:08:19+08:00 ] ::1 /yuanku/index.php/Admin/client/client_list.html
INFO: [ app_init ] --START--
INFO: Run Behavior\BuildLiteBehavior [ RunTime:0.000039s ]
INFO: [ app_init ] --END-- [ RunTime:0.000647s ]
INFO: [ app_begin ] --START--
INFO: Run Behavior\ReadHtmlCacheBehavior [ RunTime:0.000750s ]
INFO: [ app_begin ] --END-- [ RunTime:0.000939s ]
SQL: SHOW COLUMNS FROM `client_user` [ RunTime:0.0058s ]
SQL: SELECT * FROM `client_user`  [ RunTime:0.0011s ]
INFO: [ view_parse ] --START--
INFO: [ template_filter ] --START--
INFO: Run Behavior\ContentReplaceBehavior [ RunTime:0.000340s ]
INFO: [ template_filter ] --END-- [ RunTime:0.000537s ]
NOTIC: [8] Undefined variable: title D:\wamp\www\yuanku\Application\Runtime\Cache\Admin\bb7a653ce0ff9b672e7e52e209ea5a59.php 第 4 行.
NOTIC: [8] Undefined variable: user_info D:\wamp\www\yuanku\Application\Runtime\Cache\Admin\bb7a653ce0ff9b672e7e52e209ea5a59.php 第 125 行.
NOTIC: [8] Undefined variable: user_info D:\wamp\www\yuanku\Application\Runtime\Cache\Admin\bb7a653ce0ff9b672e7e52e209ea5a59.php 第 130 行.
NOTIC: [8] Undefined variable: client_iemail_address D:\wamp\www\yuanku\Application\Runtime\Cache\Admin\bb7a653ce0ff9b672e7e52e209ea5a59.php 第 400 行.
NOTIC: [8] Undefined variable: vo D:\wamp\www\yuanku\Application\Runtime\Cache\Admin\bb7a653ce0ff9b672e7e52e209ea5a59.php 第 401 行.
NOTIC: [8] Use of undefined constant id - assumed 'id' D:\wamp\www\yuanku\Application\Runtime\Cache\Admin\bb7a653ce0ff9b672e7e52e209ea5a59.php 第 404 行.
NOTIC: [8] Use of undefined constant id - assumed 'id' D:\wamp\www\yuanku\Application\Runtime\Cache\Admin\bb7a653ce0ff9b672e7e52e209ea5a59.php 第 405 行.
NOTIC: [8] Undefined variable: client_iemail_address D:\wamp\www\yuanku\Application\Runtime\Cache\Admin\bb7a653ce0ff9b672e7e52e209ea5a59.php 第 400 行.
NOTIC: [8] Undefined variable: vo D:\wamp\www\yuanku\Application\Runtime\Cache\Admin\bb7a653ce0ff9b672e7e52e209ea5a59.php 第 401 行.
NOTIC: [8] Use of undefined constant id - assumed 'id' D:\wamp\www\yuanku\Application\Runtime\Cache\Admin\bb7a653ce0ff9b672e7e52e209ea5a59.php 第 404 行.
NOTIC: [8] Use of undefined constant id - assumed 'id' D:\wamp\www\yuanku\Application\Runtime\Cache\Admin\bb7a653ce0ff9b672e7e52e209ea5a59.php 第 405 行.
NOTIC: [8] Undefined variable: client_iemail_address D:\wamp\www\yuanku\Application\Runtime\Cache\Admin\bb7a653ce0ff9b672e7e52e209ea5a59.php 第 400 行.
NOTIC: [8] Undefined variable: vo D:\wamp\www\yuanku\Application\Runtime\Cache\Admin\bb7a653ce0ff9b672e7e52e209ea5a59.php 第 401 行.
NOTIC: [8] Use of undefined constant id - assumed 'id' D:\wamp\www\yuanku\Application\Runtime\Cache\Admin\bb7a653ce0ff9b672e7e52e209ea5a59.php 第 404 行.
NOTIC: [8] Use of undefined constant id - assumed 'id' D:\wamp\www\yuanku\Application\Runtime\Cache\Admin\bb7a653ce0ff9b672e7e52e209ea5a59.php 第 405 行.
NOTIC: [8] Undefined variable: client_iemail_address D:\wamp\www\yuanku\Application\Runtime\Cache\Admin\bb7a653ce0ff9b672e7e52e209ea5a59.php 第 400 行.
NOTIC: [8] Undefined variable: vo D:\wamp\www\yuanku\Application\Runtime\Cache\Admin\bb7a653ce0ff9b672e7e52e209ea5a59.php 第 401 行.
NOTIC: [8] Use of undefined constant id - assumed 'id' D:\wamp\www\yuanku\Application\Runtime\Cache\Admin\bb7a653ce0ff9b672e7e52e209ea5a59.php 第 404 行.
NOTIC: [8] Use of undefined constant id - assumed 'id' D:\wamp\www\yuanku\Application\Runtime\Cache\Admin\bb7a653ce0ff9b672e7e52e209ea5a59.php 第 405 行.
INFO: Run Behavior\ParseTemplateBehavior [ RunTime:0.037377s ]
INFO: [ view_parse ] --END-- [ RunTime:0.037563s ]
INFO: [ view_filter ] --START--
INFO: Run Behavior\WriteHtmlCacheBehavior [ RunTime:0.000419s ]
INFO: [ view_filter ] --END-- [ RunTime:0.000575s ]
INFO: [ app_end ] --START--
INFO: Run Behavior\ShowPageTraceBehavior [ RunTime:0.000705s ]
INFO: [ app_end ] --END-- [ RunTime:0.000871s ]

[ 2016-10-24T14:08:20+08:00 ] ::1 /yuanku/index.php/Admin/client/img/contacts/3.png
INFO: [ app_init ] --START--
INFO: Run Behavior\BuildLiteBehavior [ RunTime:0.000042s ]
INFO: [ app_init ] --END-- [ RunTime:0.000625s ]

[ 2016-10-24T14:08:20+08:00 ] ::1 /yuanku/index.php/Admin/client/img/contacts/1.png
INFO: [ app_init ] --START--
INFO: Run Behavior\BuildLiteBehavior [ RunTime:0.000043s ]
INFO: [ app_init ] --END-- [ RunTime:0.000673s ]

[ 2016-10-24T14:08:20+08:00 ] ::1 /yuanku/index.php/Admin/client/img/contacts/5.png
INFO: [ app_init ] --START--
INFO: Run Behavior\BuildLiteBehavior [ RunTime:0.000042s ]
INFO: [ app_init ] --END-- [ RunTime:0.000611s ]

[ 2016-10-24T14:08:20+08:00 ] ::1 /yuanku/index.php/Admin/client/img/contacts/2.png
INFO: [ app_init ] --START--
INFO: Run Behavior\BuildLiteBehavior [ RunTime:0.000048s ]
INFO: [ app_init ] --END-- [ RunTime:0.002162s ]

[ 2016-10-24T14:08:20+08:00 ] ::1 /yuanku/index.php/Admin/client/img/contacts/4.png
INFO: [ app_init ] --START--
INFO: Run Behavior\BuildLiteBehavior [ RunTime:0.000042s ]
INFO: [ app_init ] --END-- [ RunTime:0.000613s ]

[ 2016-10-24T14:08:28+08:00 ] ::1 /yuanku/index.php/Admin/system/index.html
INFO: [ app_init ] --START--
INFO: Run Behavior\BuildLiteBehavior [ RunTime:0.000054s ]
INFO: [ app_init ] --END-- [ RunTime:0.001095s ]
INFO: [ app_begin ] --START--
INFO: Run Behavior\ReadHtmlCacheBehavior [ RunTime:0.000823s ]
INFO: [ app_begin ] --END-- [ RunTime:0.001033s ]
SQL: SHOW COLUMNS FROM `admin_user` [ RunTime:0.0057s ]
SQL: SELECT * FROM `admin_user` WHERE ( id=12 ) LIMIT 1   [ RunTime:0.0005s ]
INFO: [ view_parse ] --START--
INFO: [ template_filter ] --START--
INFO: Run Behavior\ContentReplaceBehavior [ RunTime:0.000353s ]
INFO: [ template_filter ] --END-- [ RunTime:0.000555s ]
NOTIC: [8] Undefined variable: title D:\wamp\www\yuanku\Application\Runtime\Cache\Admin\2c2c98dfae62b20ffdb7278df0486bd4.php 第 4 行.
INFO: Run Behavior\ParseTemplateBehavior [ RunTime:0.046066s ]
INFO: [ view_parse ] --END-- [ RunTime:0.046284s ]
INFO: [ view_filter ] --START--
INFO: Run Behavior\WriteHtmlCacheBehavior [ RunTime:0.000455s ]
INFO: [ view_filter ] --END-- [ RunTime:0.000637s ]
INFO: [ app_end ] --START--
INFO: Run Behavior\ShowPageTraceBehavior [ RunTime:0.000779s ]
INFO: [ app_end ] --END-- [ RunTime:0.000949s ]

[ 2016-10-24T14:08:28+08:00 ] ::1 /yuanku/index.php/Admin/system/img/contacts/3.png
INFO: [ app_init ] --START--
INFO: Run Behavior\BuildLiteBehavior [ RunTime:0.000032s ]
INFO: [ app_init ] --END-- [ RunTime:0.000469s ]

[ 2016-10-24T14:08:28+08:00 ] ::1 /yuanku/index.php/Admin/system/img/contacts/2.png
INFO: [ app_init ] --START--
INFO: Run Behavior\BuildLiteBehavior [ RunTime:0.000046s ]
INFO: [ app_init ] --END-- [ RunTime:0.000664s ]

[ 2016-10-24T14:08:28+08:00 ] ::1 /yuanku/index.php/Admin/system/img/contacts/4.png
INFO: [ app_init ] --START--
INFO: Run Behavior\BuildLiteBehavior [ RunTime:0.000044s ]
INFO: [ app_init ] --END-- [ RunTime:0.000644s ]

[ 2016-10-24T14:08:28+08:00 ] ::1 /yuanku/index.php/Admin/system/img/contacts/5.png
INFO: [ app_init ] --START--
INFO: Run Behavior\BuildLiteBehavior [ RunTime:0.000064s ]
INFO: [ app_init ] --END-- [ RunTime:0.001112s ]

[ 2016-10-24T14:08:28+08:00 ] ::1 /yuanku/index.php/Admin/system/img/contacts/1.png
INFO: [ app_init ] --START--
INFO: Run Behavior\BuildLiteBehavior [ RunTime:0.000047s ]
INFO: [ app_init ] --END-- [ RunTime:0.000700s ]

[ 2016-10-24T14:08:31+08:00 ] ::1 /yuanku/index.php/Admin/system/manager_user.html
INFO: [ app_init ] --START--
INFO: Run Behavior\BuildLiteBehavior [ RunTime:0.000043s ]
INFO: [ app_init ] --END-- [ RunTime:0.000711s ]
INFO: [ app_begin ] --START--
INFO: Run Behavior\ReadHtmlCacheBehavior [ RunTime:0.000815s ]
INFO: [ app_begin ] --END-- [ RunTime:0.001013s ]
SQL: SHOW COLUMNS FROM `admin_user` [ RunTime:0.0030s ]
SQL: SELECT * FROM `admin_user` WHERE ( id=12 ) LIMIT 1   [ RunTime:0.0003s ]
SQL: SELECT * FROM `admin_user`  [ RunTime:0.0004s ]
INFO: [ view_parse ] --START--
INFO: [ template_filter ] --START--
INFO: Run Behavior\ContentReplaceBehavior [ RunTime:0.000211s ]
INFO: [ template_filter ] --END-- [ RunTime:0.000366s ]
NOTIC: [8] Undefined variable: title D:\wamp\www\yuanku\Application\Runtime\Cache\Admin\bf618ade8c59ab96c68827ac767e5f61.php 第 4 行.
NOTIC: [8] Use of undefined constant id - assumed 'id' D:\wamp\www\yuanku\Application\Runtime\Cache\Admin\bf618ade8c59ab96c68827ac767e5f61.php 第 411 行.
NOTIC: [8] Use of undefined constant id - assumed 'id' D:\wamp\www\yuanku\Application\Runtime\Cache\Admin\bf618ade8c59ab96c68827ac767e5f61.php 第 412 行.
NOTIC: [8] Use of undefined constant id - assumed 'id' D:\wamp\www\yuanku\Application\Runtime\Cache\Admin\bf618ade8c59ab96c68827ac767e5f61.php 第 411 行.
NOTIC: [8] Use of undefined constant id - assumed 'id' D:\wamp\www\yuanku\Application\Runtime\Cache\Admin\bf618ade8c59ab96c68827ac767e5f61.php 第 412 行.
NOTIC: [8] Use of undefined constant id - assumed 'id' D:\wamp\www\yuanku\Application\Runtime\Cache\Admin\bf618ade8c59ab96c68827ac767e5f61.php 第 411 行.
NOTIC: [8] Use of undefined constant id - assumed 'id' D:\wamp\www\yuanku\Application\Runtime\Cache\Admin\bf618ade8c59ab96c68827ac767e5f61.php 第 412 行.
NOTIC: [8] Use of undefined constant id - assumed 'id' D:\wamp\www\yuanku\Application\Runtime\Cache\Admin\bf618ade8c59ab96c68827ac767e5f61.php 第 411 行.
NOTIC: [8] Use of undefined constant id - assumed 'id' D:\wamp\www\yuanku\Application\Runtime\Cache\Admin\bf618ade8c59ab96c68827ac767e5f61.php 第 412 行.
NOTIC: [8] Use of undefined constant id - assumed 'id' D:\wamp\www\yuanku\Application\Runtime\Cache\Admin\bf618ade8c59ab96c68827ac767e5f61.php 第 411 行.
NOTIC: [8] Use of undefined constant id - assumed 'id' D:\wamp\www\yuanku\Application\Runtime\Cache\Admin\bf618ade8c59ab96c68827ac767e5f61.php 第 412 行.
INFO: Run Behavior\ParseTemplateBehavior [ RunTime:0.020481s ]
INFO: [ view_parse ] --END-- [ RunTime:0.020611s ]
INFO: [ view_filter ] --START--
INFO: Run Behavior\WriteHtmlCacheBehavior [ RunTime:0.000236s ]
INFO: [ view_filter ] --END-- [ RunTime:0.000323s ]
INFO: [ app_end ] --START--
INFO: Run Behavior\ShowPageTraceBehavior [ RunTime:0.000504s ]
INFO: [ app_end ] --END-- [ RunTime:0.000596s ]

[ 2016-10-24T14:08:31+08:00 ] ::1 /yuanku/index.php/Admin/system/img/contacts/2.png
INFO: [ app_init ] --START--
INFO: Run Behavior\BuildLiteBehavior [ RunTime:0.000042s ]
INFO: [ app_init ] --END-- [ RunTime:0.000624s ]

[ 2016-10-24T14:08:31+08:00 ] ::1 /yuanku/index.php/Admin/system/img/contacts/4.png
INFO: [ app_init ] --START--
INFO: Run Behavior\BuildLiteBehavior [ RunTime:0.000025s ]
INFO: [ app_init ] --END-- [ RunTime:0.000413s ]

[ 2016-10-24T14:08:31+08:00 ] ::1 /yuanku/index.php/Admin/system/img/contacts/5.png
INFO: [ app_init ] --START--
INFO: Run Behavior\BuildLiteBehavior [ RunTime:0.000043s ]
INFO: [ app_init ] --END-- [ RunTime:0.000627s ]

[ 2016-10-24T14:08:31+08:00 ] ::1 /yuanku/index.php/Admin/system/img/contacts/1.png
INFO: [ app_init ] --START--
INFO: Run Behavior\BuildLiteBehavior [ RunTime:0.000041s ]
INFO: [ app_init ] --END-- [ RunTime:0.000621s ]

[ 2016-10-24T14:08:31+08:00 ] ::1 /yuanku/index.php/Admin/system/img/contacts/3.png
INFO: [ app_init ] --START--
INFO: Run Behavior\BuildLiteBehavior [ RunTime:0.000028s ]
INFO: [ app_init ] --END-- [ RunTime:0.000623s ]

[ 2016-10-24T14:08:34+08:00 ] ::1 /yuanku/index.php/Admin/news/index.html
INFO: [ app_init ] --START--
INFO: Run Behavior\BuildLiteBehavior [ RunTime:0.000030s ]
INFO: [ app_init ] --END-- [ RunTime:0.000489s ]
INFO: [ app_begin ] --START--
INFO: Run Behavior\ReadHtmlCacheBehavior [ RunTime:0.000543s ]
INFO: [ app_begin ] --END-- [ RunTime:0.000675s ]
SQL: SHOW COLUMNS FROM `admin_user` [ RunTime:0.0036s ]
SQL: SELECT * FROM `admin_user` WHERE ( id=12 ) LIMIT 1   [ RunTime:0.0005s ]
SQL: SHOW COLUMNS FROM `news` [ RunTime:0.0439s ]
SQL: SELECT n.id as nid,`title`,`name`,`sort_name`,`content`,`img`,`date` FROM news n INNER JOIN author ON author_id=author.id INNER JOIN news_sort ON sort_id=news_sort.id   [ RunTime:0.0805s ]
INFO: [ view_parse ] --START--
INFO: [ template_filter ] --START--
INFO: Run Behavior\ContentReplaceBehavior [ RunTime:0.000601s ]
INFO: [ template_filter ] --END-- [ RunTime:0.000938s ]
NOTIC: [8] Undefined variable: title D:\wamp\www\yuanku\Application\Runtime\Cache\Admin\36087655c6ab8580337cdc45b35a926d.php 第 4 行.
INFO: Run Behavior\ParseTemplateBehavior [ RunTime:0.053070s ]
INFO: [ view_parse ] --END-- [ RunTime:0.053504s ]
INFO: [ view_filter ] --START--
INFO: Run Behavior\WriteHtmlCacheBehavior [ RunTime:0.000772s ]
INFO: [ view_filter ] --END-- [ RunTime:0.001104s ]
INFO: [ app_end ] --START--
INFO: Run Behavior\ShowPageTraceBehavior [ RunTime:0.001140s ]
INFO: [ app_end ] --END-- [ RunTime:0.001371s ]

[ 2016-10-24T14:08:34+08:00 ] ::1 /yuanku/index.php/Admin/news/img/contacts/4.png
INFO: [ app_init ] --START--
INFO: Run Behavior\BuildLiteBehavior [ RunTime:0.000042s ]
INFO: [ app_init ] --END-- [ RunTime:0.000697s ]

[ 2016-10-24T14:08:34+08:00 ] ::1 /yuanku/index.php/Admin/news/img/contacts/3.png
INFO: [ app_init ] --START--
INFO: Run Behavior\BuildLiteBehavior [ RunTime:0.000044s ]
INFO: [ app_init ] --END-- [ RunTime:0.000670s ]

[ 2016-10-24T14:08:34+08:00 ] ::1 /yuanku/index.php/Admin/news/img/contacts/2.png
INFO: [ app_init ] --START--
INFO: Run Behavior\BuildLiteBehavior [ RunTime:0.000043s ]
INFO: [ app_init ] --END-- [ RunTime:0.000651s ]

[ 2016-10-24T14:08:34+08:00 ] ::1 /yuanku/index.php/Admin/news/img/contacts/1.png
INFO: [ app_init ] --START--
INFO: Run Behavior\BuildLiteBehavior [ RunTime:0.000029s ]
INFO: [ app_init ] --END-- [ RunTime:0.000509s ]

[ 2016-10-24T14:08:34+08:00 ] ::1 /yuanku/index.php/Admin/news/img/contacts/5.png
INFO: [ app_init ] --START--
INFO: Run Behavior\BuildLiteBehavior [ RunTime:0.000046s ]
INFO: [ app_init ] --END-- [ RunTime:0.000674s ]

[ 2016-10-24T14:15:30+08:00 ] ::1 /yuanku/admin
INFO: [ app_init ] --START--
INFO: Run Behavior\BuildLiteBehavior [ RunTime:0.000026s ]
INFO: [ app_init ] --END-- [ RunTime:0.000469s ]
INFO: [ app_begin ] --START--
INFO: Run Behavior\ReadHtmlCacheBehavior [ RunTime:0.000681s ]
INFO: [ app_begin ] --END-- [ RunTime:0.000808s ]
INFO: [ view_parse ] --START--
INFO: [ template_filter ] --START--
INFO: Run Behavior\ContentReplaceBehavior [ RunTime:0.000069s ]
INFO: [ template_filter ] --END-- [ RunTime:0.000250s ]
INFO: Run Behavior\ParseTemplateBehavior [ RunTime:0.010109s ]
INFO: [ view_parse ] --END-- [ RunTime:0.010414s ]
INFO: [ view_filter ] --START--
INFO: Run Behavior\WriteHtmlCacheBehavior [ RunTime:0.000416s ]
INFO: [ view_filter ] --END-- [ RunTime:0.000580s ]

[ 2016-10-24T14:15:33+08:00 ] ::1 /yuanku/index.php/Admin/Login/index.html
INFO: [ app_init ] --START--
INFO: Run Behavior\BuildLiteBehavior [ RunTime:0.000109s ]
INFO: [ app_init ] --END-- [ RunTime:0.000773s ]
INFO: [ app_begin ] --START--
INFO: Run Behavior\ReadHtmlCacheBehavior [ RunTime:0.001754s ]
INFO: [ app_begin ] --END-- [ RunTime:0.001956s ]
INFO: [ view_parse ] --START--
INFO: [ template_filter ] --START--
INFO: Run Behavior\ContentReplaceBehavior [ RunTime:0.000161s ]
INFO: [ template_filter ] --END-- [ RunTime:0.000449s ]
NOTIC: [8] Undefined variable: title D:\wamp\www\yuanku\Application\Runtime\Cache\Admin\32ec6c906c117a7c2bf504769276d87a.php 第 4 行.
INFO: Run Behavior\ParseTemplateBehavior [ RunTime:0.013382s ]
INFO: [ view_parse ] --END-- [ RunTime:0.013682s ]
INFO: [ view_filter ] --START--
INFO: Run Behavior\WriteHtmlCacheBehavior [ RunTime:0.001323s ]
INFO: [ view_filter ] --END-- [ RunTime:0.001491s ]
INFO: [ app_end ] --START--
INFO: Run Behavior\ShowPageTraceBehavior [ RunTime:0.000723s ]
INFO: [ app_end ] --END-- [ RunTime:0.000867s ]

[ 2016-10-24T14:15:33+08:00 ] ::1 /yuanku/index.php/Admin/Login/get_verify.html
INFO: [ app_init ] --START--
INFO: Run Behavior\BuildLiteBehavior [ RunTime:0.000039s ]
INFO: [ app_init ] --END-- [ RunTime:0.000956s ]
INFO: [ app_begin ] --START--
INFO: Run Behavior\ReadHtmlCacheBehavior [ RunTime:0.000898s ]
INFO: [ app_begin ] --END-- [ RunTime:0.001119s ]
INFO: [ app_end ] --START--
INFO: Run Behavior\ShowPageTraceBehavior [ RunTime:0.000675s ]
INFO: [ app_end ] --END-- [ RunTime:0.000827s ]

[ 2016-10-24T14:15:45+08:00 ] ::1 /yuanku/index.php/Admin/Login/ajax_login.html
INFO: [ app_init ] --START--
INFO: Run Behavior\BuildLiteBehavior [ RunTime:0.000046s ]
INFO: [ app_init ] --END-- [ RunTime:0.000719s ]
INFO: [ app_begin ] --START--
INFO: Run Behavior\ReadHtmlCacheBehavior [ RunTime:0.000791s ]
INFO: [ app_begin ] --END-- [ RunTime:0.001017s ]
SQL: SHOW COLUMNS FROM `admin_user` [ RunTime:0.0054s ]
SQL: SELECT * FROM `admin_user` WHERE ( user_name="admin" and user_pwd="12345678" ) LIMIT 1   [ RunTime:0.0005s ]

[ 2016-10-24T14:15:49+08:00 ] ::1 /yuanku/index.php/Admin/Login/ajax_login.html
INFO: [ app_init ] --START--
INFO: Run Behavior\BuildLiteBehavior [ RunTime:0.000076s ]
INFO: [ app_init ] --END-- [ RunTime:0.001187s ]
INFO: [ app_begin ] --START--
INFO: Run Behavior\ReadHtmlCacheBehavior [ RunTime:0.001414s ]
INFO: [ app_begin ] --END-- [ RunTime:0.001800s ]
SQL: SHOW COLUMNS FROM `admin_user` [ RunTime:0.0042s ]
SQL: SELECT * FROM `admin_user` WHERE ( user_name="admin" and user_pwd="123456" ) LIMIT 1   [ RunTime:0.0005s ]

[ 2016-10-24T14:15:49+08:00 ] ::1 /yuanku/index.php/Admin/index/index.html
INFO: [ app_init ] --START--
INFO: Run Behavior\BuildLiteBehavior [ RunTime:0.000045s ]
INFO: [ app_init ] --END-- [ RunTime:0.000702s ]
INFO: [ app_begin ] --START--
INFO: Run Behavior\ReadHtmlCacheBehavior [ RunTime:0.000817s ]
INFO: [ app_begin ] --END-- [ RunTime:0.001026s ]
SQL: SHOW COLUMNS FROM `admin_user` [ RunTime:0.0043s ]
SQL: SELECT * FROM `admin_user` WHERE ( id=12 ) LIMIT 1   [ RunTime:0.0007s ]
INFO: [ view_parse ] --START--
INFO: [ template_filter ] --START--
INFO: Run Behavior\ContentReplaceBehavior [ RunTime:0.000229s ]
INFO: [ template_filter ] --END-- [ RunTime:0.000360s ]
NOTIC: [8] Undefined variable: title D:\wamp\www\yuanku\Application\Runtime\Cache\Admin\b595b808c2ebeeeb0478ffc30bb4e87a.php 第 4 行.
INFO: Run Behavior\ParseTemplateBehavior [ RunTime:0.018137s ]
INFO: [ view_parse ] --END-- [ RunTime:0.018364s ]
INFO: [ view_filter ] --START--
INFO: Run Behavior\WriteHtmlCacheBehavior [ RunTime:0.000388s ]
INFO: [ view_filter ] --END-- [ RunTime:0.000493s ]
INFO: [ app_end ] --START--
INFO: Run Behavior\ShowPageTraceBehavior [ RunTime:0.000479s ]
INFO: [ app_end ] --END-- [ RunTime:0.000583s ]

[ 2016-10-24T14:15:49+08:00 ] ::1 /yuanku/index.php/Admin/index/img/contacts/3.png
INFO: [ app_init ] --START--
INFO: Run Behavior\BuildLiteBehavior [ RunTime:0.000030s ]
INFO: [ app_init ] --END-- [ RunTime:0.000655s ]

[ 2016-10-24T14:15:49+08:00 ] ::1 /yuanku/index.php/Admin/index/img/contacts/4.png
INFO: [ app_init ] --START--
INFO: Run Behavior\BuildLiteBehavior [ RunTime:0.000052s ]
INFO: [ app_init ] --END-- [ RunTime:0.000671s ]

[ 2016-10-24T14:15:49+08:00 ] ::1 /yuanku/index.php/Admin/index/img/contacts/2.png
INFO: [ app_init ] --START--
INFO: Run Behavior\BuildLiteBehavior [ RunTime:0.000044s ]
INFO: [ app_init ] --END-- [ RunTime:0.000801s ]

[ 2016-10-24T14:15:49+08:00 ] ::1 /yuanku/index.php/Admin/index/img/contacts/1.png
INFO: [ app_init ] --START--
INFO: Run Behavior\BuildLiteBehavior [ RunTime:0.000045s ]
INFO: [ app_init ] --END-- [ RunTime:0.003191s ]

[ 2016-10-24T14:15:49+08:00 ] ::1 /yuanku/index.php/Admin/index/img/contacts/5.png
INFO: [ app_init ] --START--
INFO: Run Behavior\BuildLiteBehavior [ RunTime:0.000026s ]
INFO: [ app_init ] --END-- [ RunTime:0.000444s ]

[ 2016-10-24T14:15:52+08:00 ] ::1 /yuanku/index.php/Admin/client/client_list.html
INFO: [ app_init ] --START--
INFO: Run Behavior\BuildLiteBehavior [ RunTime:0.000046s ]
INFO: [ app_init ] --END-- [ RunTime:0.000878s ]
INFO: [ app_begin ] --START--
INFO: Run Behavior\ReadHtmlCacheBehavior [ RunTime:0.000632s ]
INFO: [ app_begin ] --END-- [ RunTime:0.000768s ]
SQL: SHOW COLUMNS FROM `client_user` [ RunTime:0.0034s ]
SQL: SELECT * FROM `client_user`  [ RunTime:0.0034s ]
INFO: [ view_parse ] --START--
INFO: [ template_filter ] --START--
INFO: Run Behavior\ContentReplaceBehavior [ RunTime:0.000350s ]
INFO: [ template_filter ] --END-- [ RunTime:0.000552s ]
NOTIC: [8] Undefined variable: title D:\wamp\www\yuanku\Application\Runtime\Cache\Admin\bb7a653ce0ff9b672e7e52e209ea5a59.php 第 4 行.
NOTIC: [8] Undefined variable: user_info D:\wamp\www\yuanku\Application\Runtime\Cache\Admin\bb7a653ce0ff9b672e7e52e209ea5a59.php 第 125 行.
NOTIC: [8] Undefined variable: user_info D:\wamp\www\yuanku\Application\Runtime\Cache\Admin\bb7a653ce0ff9b672e7e52e209ea5a59.php 第 130 行.
NOTIC: [8] Undefined variable: client_iemail_address D:\wamp\www\yuanku\Application\Runtime\Cache\Admin\bb7a653ce0ff9b672e7e52e209ea5a59.php 第 400 行.
NOTIC: [8] Undefined variable: vo D:\wamp\www\yuanku\Application\Runtime\Cache\Admin\bb7a653ce0ff9b672e7e52e209ea5a59.php 第 401 行.
NOTIC: [8] Use of undefined constant id - assumed 'id' D:\wamp\www\yuanku\Application\Runtime\Cache\Admin\bb7a653ce0ff9b672e7e52e209ea5a59.php 第 404 行.
NOTIC: [8] Use of undefined constant id - assumed 'id' D:\wamp\www\yuanku\Application\Runtime\Cache\Admin\bb7a653ce0ff9b672e7e52e209ea5a59.php 第 405 行.
NOTIC: [8] Undefined variable: client_iemail_address D:\wamp\www\yuanku\Application\Runtime\Cache\Admin\bb7a653ce0ff9b672e7e52e209ea5a59.php 第 400 行.
NOTIC: [8] Undefined variable: vo D:\wamp\www\yuanku\Application\Runtime\Cache\Admin\bb7a653ce0ff9b672e7e52e209ea5a59.php 第 401 行.
NOTIC: [8] Use of undefined constant id - assumed 'id' D:\wamp\www\yuanku\Application\Runtime\Cache\Admin\bb7a653ce0ff9b672e7e52e209ea5a59.php 第 404 行.
NOTIC: [8] Use of undefined constant id - assumed 'id' D:\wamp\www\yuanku\Application\Runtime\Cache\Admin\bb7a653ce0ff9b672e7e52e209ea5a59.php 第 405 行.
NOTIC: [8] Undefined variable: client_iemail_address D:\wamp\www\yuanku\Application\Runtime\Cache\Admin\bb7a653ce0ff9b672e7e52e209ea5a59.php 第 400 行.
NOTIC: [8] Undefined variable: vo D:\wamp\www\yuanku\Application\Runtime\Cache\Admin\bb7a653ce0ff9b672e7e52e209ea5a59.php 第 401 行.
NOTIC: [8] Use of undefined constant id - assumed 'id' D:\wamp\www\yuanku\Application\Runtime\Cache\Admin\bb7a653ce0ff9b672e7e52e209ea5a59.php 第 404 行.
NOTIC: [8] Use of undefined constant id - assumed 'id' D:\wamp\www\yuanku\Application\Runtime\Cache\Admin\bb7a653ce0ff9b672e7e52e209ea5a59.php 第 405 行.
NOTIC: [8] Undefined variable: client_iemail_address D:\wamp\www\yuanku\Application\Runtime\Cache\Admin\bb7a653ce0ff9b672e7e52e209ea5a59.php 第 400 行.
NOTIC: [8] Undefined variable: vo D:\wamp\www\yuanku\Application\Runtime\Cache\Admin\bb7a653ce0ff9b672e7e52e209ea5a59.php 第 401 行.
NOTIC: [8] Use of undefined constant id - assumed 'id' D:\wamp\www\yuanku\Application\Runtime\Cache\Admin\bb7a653ce0ff9b672e7e52e209ea5a59.php 第 404 行.
NOTIC: [8] Use of undefined constant id - assumed 'id' D:\wamp\www\yuanku\Application\Runtime\Cache\Admin\bb7a653ce0ff9b672e7e52e209ea5a59.php 第 405 行.
INFO: Run Behavior\ParseTemplateBehavior [ RunTime:0.032611s ]
INFO: [ view_parse ] --END-- [ RunTime:0.032806s ]
INFO: [ view_filter ] --START--
INFO: Run Behavior\WriteHtmlCacheBehavior [ RunTime:0.000560s ]
INFO: [ view_filter ] --END-- [ RunTime:0.000730s ]
INFO: [ app_end ] --START--
INFO: Run Behavior\ShowPageTraceBehavior [ RunTime:0.000691s ]
INFO: [ app_end ] --END-- [ RunTime:0.000836s ]

[ 2016-10-24T14:15:52+08:00 ] ::1 /yuanku/index.php/Admin/client/img/contacts/3.png
INFO: [ app_init ] --START--
INFO: Run Behavior\BuildLiteBehavior [ RunTime:0.000041s ]
INFO: [ app_init ] --END-- [ RunTime:0.000620s ]

[ 2016-10-24T14:15:52+08:00 ] ::1 /yuanku/index.php/Admin/client/img/contacts/4.png
INFO: [ app_init ] --START--
INFO: Run Behavior\BuildLiteBehavior [ RunTime:0.000037s ]
INFO: [ app_init ] --END-- [ RunTime:0.000607s ]

[ 2016-10-24T14:15:52+08:00 ] ::1 /yuanku/index.php/Admin/client/img/contacts/2.png
INFO: [ app_init ] --START--
INFO: Run Behavior\BuildLiteBehavior [ RunTime:0.000051s ]
INFO: [ app_init ] --END-- [ RunTime:0.000823s ]

[ 2016-10-24T14:15:52+08:00 ] ::1 /yuanku/index.php/Admin/client/img/contacts/1.png
INFO: [ app_init ] --START--
INFO: Run Behavior\BuildLiteBehavior [ RunTime:0.000030s ]
INFO: [ app_init ] --END-- [ RunTime:0.000439s ]

[ 2016-10-24T14:15:52+08:00 ] ::1 /yuanku/index.php/Admin/client/img/contacts/5.png
INFO: [ app_init ] --START--
INFO: Run Behavior\BuildLiteBehavior [ RunTime:0.000102s ]
INFO: [ app_init ] --END-- [ RunTime:0.001089s ]

[ 2016-10-24T14:16:02+08:00 ] ::1 /yuanku/index.php/Admin/Client/client_edit/id/23.html
INFO: [ app_init ] --START--
INFO: Run Behavior\BuildLiteBehavior [ RunTime:0.000078s ]
INFO: [ app_init ] --END-- [ RunTime:0.001040s ]
INFO: [ app_begin ] --START--
INFO: Run Behavior\ReadHtmlCacheBehavior [ RunTime:0.001574s ]
INFO: [ app_begin ] --END-- [ RunTime:0.001829s ]
INFO: [ app_end ] --START--
INFO: Run Behavior\ShowPageTraceBehavior [ RunTime:0.000649s ]
INFO: [ app_end ] --END-- [ RunTime:0.000804s ]

[ 2016-10-24T14:16:38+08:00 ] ::1 /yuanku/index.php/Admin/Client/client_del/id/25.html
INFO: [ app_init ] --START--
INFO: Run Behavior\BuildLiteBehavior [ RunTime:0.000051s ]
INFO: [ app_init ] --END-- [ RunTime:0.001365s ]
INFO: [ app_begin ] --START--
INFO: Run Behavior\ReadHtmlCacheBehavior [ RunTime:0.000901s ]
INFO: [ app_begin ] --END-- [ RunTime:0.001153s ]
SQL: SHOW COLUMNS FROM `client_user` [ RunTime:0.0038s ]
SQL: DELETE FROM `client_user` WHERE `id` = 25 [ RunTime:0.0005s ]
INFO: [ view_parse ] --START--
INFO: [ template_filter ] --START--
INFO: Run Behavior\ContentReplaceBehavior [ RunTime:0.000070s ]
INFO: [ template_filter ] --END-- [ RunTime:0.000196s ]
INFO: Run Behavior\ParseTemplateBehavior [ RunTime:0.006559s ]
INFO: [ view_parse ] --END-- [ RunTime:0.006740s ]
INFO: [ view_filter ] --START--
INFO: Run Behavior\WriteHtmlCacheBehavior [ RunTime:0.000426s ]
INFO: [ view_filter ] --END-- [ RunTime:0.000534s ]
INFO: [ app_end ] --START--
INFO: Run Behavior\ShowPageTraceBehavior [ RunTime:0.000544s ]
INFO: [ app_end ] --END-- [ RunTime:0.000684s ]

[ 2016-10-24T14:16:39+08:00 ] ::1 /yuanku/index.php/Admin/Client/client_list.html
INFO: [ app_init ] --START--
INFO: Run Behavior\BuildLiteBehavior [ RunTime:0.000050s ]
INFO: [ app_init ] --END-- [ RunTime:0.000756s ]
INFO: [ app_begin ] --START--
INFO: Run Behavior\ReadHtmlCacheBehavior [ RunTime:0.000883s ]
INFO: [ app_begin ] --END-- [ RunTime:0.001101s ]
SQL: SHOW COLUMNS FROM `client_user` [ RunTime:0.0055s ]
SQL: SELECT * FROM `client_user`  [ RunTime:0.0005s ]
INFO: [ view_parse ] --START--
INFO: [ template_filter ] --START--
INFO: Run Behavior\ContentReplaceBehavior [ RunTime:0.000423s ]
INFO: [ template_filter ] --END-- [ RunTime:0.000768s ]
NOTIC: [8] Undefined variable: title D:\wamp\www\yuanku\Application\Runtime\Cache\Admin\bb7a653ce0ff9b672e7e52e209ea5a59.php 第 4 行.
NOTIC: [8] Undefined variable: user_info D:\wamp\www\yuanku\Application\Runtime\Cache\Admin\bb7a653ce0ff9b672e7e52e209ea5a59.php 第 125 行.
NOTIC: [8] Undefined variable: user_info D:\wamp\www\yuanku\Application\Runtime\Cache\Admin\bb7a653ce0ff9b672e7e52e209ea5a59.php 第 130 行.
NOTIC: [8] Undefined variable: client_iemail_address D:\wamp\www\yuanku\Application\Runtime\Cache\Admin\bb7a653ce0ff9b672e7e52e209ea5a59.php 第 400 行.
NOTIC: [8] Undefined variable: vo D:\wamp\www\yuanku\Application\Runtime\Cache\Admin\bb7a653ce0ff9b672e7e52e209ea5a59.php 第 401 行.
NOTIC: [8] Use of undefined constant id - assumed 'id' D:\wamp\www\yuanku\Application\Runtime\Cache\Admin\bb7a653ce0ff9b672e7e52e209ea5a59.php 第 404 行.
NOTIC: [8] Use of undefined constant id - assumed 'id' D:\wamp\www\yuanku\Application\Runtime\Cache\Admin\bb7a653ce0ff9b672e7e52e209ea5a59.php 第 405 行.
NOTIC: [8] Undefined variable: client_iemail_address D:\wamp\www\yuanku\Application\Runtime\Cache\Admin\bb7a653ce0ff9b672e7e52e209ea5a59.php 第 400 行.
NOTIC: [8] Undefined variable: vo D:\wamp\www\yuanku\Application\Runtime\Cache\Admin\bb7a653ce0ff9b672e7e52e209ea5a59.php 第 401 行.
NOTIC: [8] Use of undefined constant id - assumed 'id' D:\wamp\www\yuanku\Application\Runtime\Cache\Admin\bb7a653ce0ff9b672e7e52e209ea5a59.php 第 404 行.
NOTIC: [8] Use of undefined constant id - assumed 'id' D:\wamp\www\yuanku\Application\Runtime\Cache\Admin\bb7a653ce0ff9b672e7e52e209ea5a59.php 第 405 行.
NOTIC: [8] Undefined variable: client_iemail_address D:\wamp\www\yuanku\Application\Runtime\Cache\Admin\bb7a653ce0ff9b672e7e52e209ea5a59.php 第 400 行.
NOTIC: [8] Undefined variable: vo D:\wamp\www\yuanku\Application\Runtime\Cache\Admin\bb7a653ce0ff9b672e7e52e209ea5a59.php 第 401 行.
NOTIC: [8] Use of undefined constant id - assumed 'id' D:\wamp\www\yuanku\Application\Runtime\Cache\Admin\bb7a653ce0ff9b672e7e52e209ea5a59.php 第 404 行.
NOTIC: [8] Use of undefined constant id - assumed 'id' D:\wamp\www\yuanku\Application\Runtime\Cache\Admin\bb7a653ce0ff9b672e7e52e209ea5a59.php 第 405 行.
INFO: Run Behavior\ParseTemplateBehavior [ RunTime:0.040604s ]
INFO: [ view_parse ] --END-- [ RunTime:0.040909s ]
INFO: [ view_filter ] --START--
INFO: Run Behavior\WriteHtmlCacheBehavior [ RunTime:0.000824s ]
INFO: [ view_filter ] --END-- [ RunTime:0.001060s ]
INFO: [ app_end ] --START--
INFO: Run Behavior\ShowPageTraceBehavior [ RunTime:0.000876s ]
INFO: [ app_end ] --END-- [ RunTime:0.001070s ]

[ 2016-10-24T14:16:39+08:00 ] ::1 /yuanku/index.php/Admin/Client/img/contacts/3.png
INFO: [ app_init ] --START--
INFO: Run Behavior\BuildLiteBehavior [ RunTime:0.000045s ]
INFO: [ app_init ] --END-- [ RunTime:0.000682s ]

[ 2016-10-24T14:16:39+08:00 ] ::1 /yuanku/index.php/Admin/Client/img/contacts/4.png
INFO: [ app_init ] --START--
INFO: Run Behavior\BuildLiteBehavior [ RunTime:0.000047s ]
INFO: [ app_init ] --END-- [ RunTime:0.002181s ]

[ 2016-10-24T14:16:39+08:00 ] ::1 /yuanku/index.php/Admin/Client/img/contacts/2.png
INFO: [ app_init ] --START--
INFO: Run Behavior\BuildLiteBehavior [ RunTime:0.000041s ]
INFO: [ app_init ] --END-- [ RunTime:0.000619s ]

[ 2016-10-24T14:16:39+08:00 ] ::1 /yuanku/index.php/Admin/Client/img/contacts/1.png
INFO: [ app_init ] --START--
INFO: Run Behavior\BuildLiteBehavior [ RunTime:0.000045s ]
INFO: [ app_init ] --END-- [ RunTime:0.000653s ]

[ 2016-10-24T14:16:39+08:00 ] ::1 /yuanku/index.php/Admin/Client/img/contacts/5.png
INFO: [ app_init ] --START--
INFO: Run Behavior\BuildLiteBehavior [ RunTime:0.000042s ]
INFO: [ app_init ] --END-- [ RunTime:0.000677s ]

[ 2016-10-24T14:16:43+08:00 ] ::1 /yuanku/index.php/Admin/Client/client_list.html
INFO: [ app_init ] --START--
INFO: Run Behavior\BuildLiteBehavior [ RunTime:0.000028s ]
INFO: [ app_init ] --END-- [ RunTime:0.000425s ]
INFO: [ app_begin ] --START--
INFO: Run Behavior\ReadHtmlCacheBehavior [ RunTime:0.000538s ]
INFO: [ app_begin ] --END-- [ RunTime:0.000735s ]
SQL: SHOW COLUMNS FROM `client_user` [ RunTime:0.0053s ]
SQL: SELECT * FROM `client_user`  [ RunTime:0.0004s ]
INFO: [ view_parse ] --START--
INFO: [ template_filter ] --START--
INFO: Run Behavior\ContentReplaceBehavior [ RunTime:0.000220s ]
INFO: [ template_filter ] --END-- [ RunTime:0.000371s ]
NOTIC: [8] Undefined variable: title D:\wamp\www\yuanku\Application\Runtime\Cache\Admin\bb7a653ce0ff9b672e7e52e209ea5a59.php 第 4 行.
NOTIC: [8] Undefined variable: user_info D:\wamp\www\yuanku\Application\Runtime\Cache\Admin\bb7a653ce0ff9b672e7e52e209ea5a59.php 第 125 行.
NOTIC: [8] Undefined variable: user_info D:\wamp\www\yuanku\Application\Runtime\Cache\Admin\bb7a653ce0ff9b672e7e52e209ea5a59.php 第 130 行.
NOTIC: [8] Undefined variable: client_iemail_address D:\wamp\www\yuanku\Application\Runtime\Cache\Admin\bb7a653ce0ff9b672e7e52e209ea5a59.php 第 400 行.
NOTIC: [8] Undefined variable: vo D:\wamp\www\yuanku\Application\Runtime\Cache\Admin\bb7a653ce0ff9b672e7e52e209ea5a59.php 第 401 行.
NOTIC: [8] Use of undefined constant id - assumed 'id' D:\wamp\www\yuanku\Application\Runtime\Cache\Admin\bb7a653ce0ff9b672e7e52e209ea5a59.php 第 404 行.
NOTIC: [8] Use of undefined constant id - assumed 'id' D:\wamp\www\yuanku\Application\Runtime\Cache\Admin\bb7a653ce0ff9b672e7e52e209ea5a59.php 第 405 行.
NOTIC: [8] Undefined variable: client_iemail_address D:\wamp\www\yuanku\Application\Runtime\Cache\Admin\bb7a653ce0ff9b672e7e52e209ea5a59.php 第 400 行.
NOTIC: [8] Undefined variable: vo D:\wamp\www\yuanku\Application\Runtime\Cache\Admin\bb7a653ce0ff9b672e7e52e209ea5a59.php 第 401 行.
NOTIC: [8] Use of undefined constant id - assumed 'id' D:\wamp\www\yuanku\Application\Runtime\Cache\Admin\bb7a653ce0ff9b672e7e52e209ea5a59.php 第 404 行.
NOTIC: [8] Use of undefined constant id - assumed 'id' D:\wamp\www\yuanku\Application\Runtime\Cache\Admin\bb7a653ce0ff9b672e7e52e209ea5a59.php 第 405 行.
NOTIC: [8] Undefined variable: client_iemail_address D:\wamp\www\yuanku\Application\Runtime\Cache\Admin\bb7a653ce0ff9b672e7e52e209ea5a59.php 第 400 行.
NOTIC: [8] Undefined variable: vo D:\wamp\www\yuanku\Application\Runtime\Cache\Admin\bb7a653ce0ff9b672e7e52e209ea5a59.php 第 401 行.
NOTIC: [8] Use of undefined constant id - assumed 'id' D:\wamp\www\yuanku\Application\Runtime\Cache\Admin\bb7a653ce0ff9b672e7e52e209ea5a59.php 第 404 行.
NOTIC: [8] Use of undefined constant id - assumed 'id' D:\wamp\www\yuanku\Application\Runtime\Cache\Admin\bb7a653ce0ff9b672e7e52e209ea5a59.php 第 405 行.
INFO: Run Behavior\ParseTemplateBehavior [ RunTime:0.021883s ]
INFO: [ view_parse ] --END-- [ RunTime:0.022023s ]
INFO: [ view_filter ] --START--
INFO: Run Behavior\WriteHtmlCacheBehavior [ RunTime:0.000230s ]
INFO: [ view_filter ] --END-- [ RunTime:0.000316s ]
INFO: [ app_end ] --START--
INFO: Run Behavior\ShowPageTraceBehavior [ RunTime:0.000644s ]
INFO: [ app_end ] --END-- [ RunTime:0.000783s ]

[ 2016-10-24T14:16:43+08:00 ] ::1 /yuanku/index.php/Admin/Client/img/contacts/2.png
INFO: [ app_init ] --START--
INFO: Run Behavior\BuildLiteBehavior [ RunTime:0.000041s ]
INFO: [ app_init ] --END-- [ RunTime:0.000634s ]

[ 2016-10-24T14:16:43+08:00 ] ::1 /yuanku/index.php/Admin/Client/img/contacts/4.png
INFO: [ app_init ] --START--
INFO: Run Behavior\BuildLiteBehavior [ RunTime:0.000045s ]
INFO: [ app_init ] --END-- [ RunTime:0.000642s ]

[ 2016-10-24T14:16:43+08:00 ] ::1 /yuanku/index.php/Admin/Client/img/contacts/3.png
INFO: [ app_init ] --START--
INFO: Run Behavior\BuildLiteBehavior [ RunTime:0.000038s ]
INFO: [ app_init ] --END-- [ RunTime:0.000621s ]

[ 2016-10-24T14:16:43+08:00 ] ::1 /yuanku/index.php/Admin/Client/img/contacts/1.png
INFO: [ app_init ] --START--
INFO: Run Behavior\BuildLiteBehavior [ RunTime:0.000048s ]
INFO: [ app_init ] --END-- [ RunTime:0.000757s ]

[ 2016-10-24T14:16:43+08:00 ] ::1 /yuanku/index.php/Admin/Client/img/contacts/5.png
INFO: [ app_init ] --START--
INFO: Run Behavior\BuildLiteBehavior [ RunTime:0.000042s ]
INFO: [ app_init ] --END-- [ RunTime:0.000641s ]

