[ 2016-10-21T11:02:58+08:00 ] ::1 /lidong/yuanku/admin
INFO: [ app_init ] --START--
INFO: Run Behavior\BuildLiteBehavior [ RunTime:0.000045s ]
INFO: [ app_init ] --END-- [ RunTime:0.000891s ]
INFO: [ app_begin ] --START--
INFO: Run Behavior\ReadHtmlCacheBehavior [ RunTime:0.001477s ]
INFO: [ app_begin ] --END-- [ RunTime:0.001702s ]
INFO: [ view_parse ] --START--
INFO: [ template_filter ] --START--
INFO: Run Behavior\ContentReplaceBehavior [ RunTime:0.000114s ]
INFO: [ template_filter ] --END-- [ RunTime:0.000334s ]
INFO: Run Behavior\ParseTemplateBehavior [ RunTime:0.039306s ]
INFO: [ view_parse ] --END-- [ RunTime:0.039513s ]
INFO: [ view_filter ] --START--
INFO: Run Behavior\WriteHtmlCacheBehavior [ RunTime:0.000979s ]
INFO: [ view_filter ] --END-- [ RunTime:0.001172s ]

[ 2016-10-21T11:03:01+08:00 ] ::1 /lidong/yuanku/index.php/Admin/Login/index.html
INFO: [ app_init ] --START--
INFO: Run Behavior\BuildLiteBehavior [ RunTime:0.000037s ]
INFO: [ app_init ] --END-- [ RunTime:0.000748s ]
INFO: [ app_begin ] --START--
INFO: Run Behavior\ReadHtmlCacheBehavior [ RunTime:0.001313s ]
INFO: [ app_begin ] --END-- [ RunTime:0.001526s ]
INFO: [ view_parse ] --START--
INFO: [ template_filter ] --START--
INFO: Run Behavior\ContentReplaceBehavior [ RunTime:0.000129s ]
INFO: [ template_filter ] --END-- [ RunTime:0.000322s ]
NOTIC: [8] Undefined variable: title E:\mysql\wamp\www\lidong\yuanku\Application\Runtime\Cache\Admin\32ec6c906c117a7c2bf504769276d87a.php 第 4 行.
INFO: Run Behavior\ParseTemplateBehavior [ RunTime:0.067352s ]
INFO: [ view_parse ] --END-- [ RunTime:0.067559s ]
INFO: [ view_filter ] --START--
INFO: Run Behavior\WriteHtmlCacheBehavior [ RunTime:0.000827s ]
INFO: [ view_filter ] --END-- [ RunTime:0.000978s ]
INFO: [ app_end ] --START--
INFO: Run Behavior\ShowPageTraceBehavior [ RunTime:0.001083s ]
INFO: [ app_end ] --END-- [ RunTime:0.001216s ]

[ 2016-10-21T11:03:02+08:00 ] ::1 /lidong/yuanku/index.php/Admin/Login/get_verify.html
INFO: [ app_init ] --START--
INFO: Run Behavior\BuildLiteBehavior [ RunTime:0.000028s ]
INFO: [ app_init ] --END-- [ RunTime:0.000549s ]
INFO: [ app_begin ] --START--
INFO: Run Behavior\ReadHtmlCacheBehavior [ RunTime:0.000866s ]
INFO: [ app_begin ] --END-- [ RunTime:0.001014s ]
INFO: [ app_end ] --START--
INFO: Run Behavior\ShowPageTraceBehavior [ RunTime:0.001057s ]
INFO: [ app_end ] --END-- [ RunTime:0.001274s ]

[ 2016-10-21T11:03:10+08:00 ] ::1 /lidong/yuanku/index.php/Admin/Login/get_verify.html?0.5148198620881885
INFO: [ app_init ] --START--
INFO: Run Behavior\BuildLiteBehavior [ RunTime:0.000040s ]
INFO: [ app_init ] --END-- [ RunTime:0.000926s ]
INFO: [ app_begin ] --START--
INFO: Run Behavior\ReadHtmlCacheBehavior [ RunTime:0.000705s ]
INFO: [ app_begin ] --END-- [ RunTime:0.000829s ]
INFO: [ app_end ] --START--
INFO: Run Behavior\ShowPageTraceBehavior [ RunTime:0.000890s ]
INFO: [ app_end ] --END-- [ RunTime:0.001081s ]

[ 2016-10-21T11:03:19+08:00 ] ::1 /lidong/yuanku/index.php/Admin/Login/ajax_login.html
INFO: [ app_init ] --START--
INFO: Run Behavior\BuildLiteBehavior [ RunTime:0.000042s ]
INFO: [ app_init ] --END-- [ RunTime:0.000783s ]
INFO: [ app_begin ] --START--
INFO: Run Behavior\ReadHtmlCacheBehavior [ RunTime:0.000806s ]
INFO: [ app_begin ] --END-- [ RunTime:0.000993s ]
SQL: SHOW COLUMNS FROM `admin_user` [ RunTime:0.0043s ]
SQL: SELECT * FROM `admin_user` WHERE ( user_name="admin" and user_pwd="123456" ) LIMIT 1   [ RunTime:0.0005s ]

[ 2016-10-21T11:03:26+08:00 ] ::1 /lidong/yuanku/index.php/Admin/Login/get_verify.html?0.19015064998529851
INFO: [ app_init ] --START--
INFO: Run Behavior\BuildLiteBehavior [ RunTime:0.000041s ]
INFO: [ app_init ] --END-- [ RunTime:0.000746s ]
INFO: [ app_begin ] --START--
INFO: Run Behavior\ReadHtmlCacheBehavior [ RunTime:0.000948s ]
INFO: [ app_begin ] --END-- [ RunTime:0.001159s ]
INFO: [ app_end ] --START--
INFO: Run Behavior\ShowPageTraceBehavior [ RunTime:0.001190s ]
INFO: [ app_end ] --END-- [ RunTime:0.001446s ]

[ 2016-10-21T11:03:28+08:00 ] ::1 /lidong/yuanku/index.php/Admin/Login/get_verify.html?0.3617085951846093
INFO: [ app_init ] --START--
INFO: Run Behavior\BuildLiteBehavior [ RunTime:0.000044s ]
INFO: [ app_init ] --END-- [ RunTime:0.000580s ]
INFO: [ app_begin ] --START--
INFO: Run Behavior\ReadHtmlCacheBehavior [ RunTime:0.001033s ]
INFO: [ app_begin ] --END-- [ RunTime:0.001273s ]
INFO: [ app_end ] --START--
INFO: Run Behavior\ShowPageTraceBehavior [ RunTime:0.000925s ]
INFO: [ app_end ] --END-- [ RunTime:0.001107s ]

[ 2016-10-21T11:03:29+08:00 ] ::1 /lidong/yuanku/index.php/Admin/Login/get_verify.html?0.4011949396226555
INFO: [ app_init ] --START--
INFO: Run Behavior\BuildLiteBehavior [ RunTime:0.000041s ]
INFO: [ app_init ] --END-- [ RunTime:0.000815s ]
INFO: [ app_begin ] --START--
INFO: Run Behavior\ReadHtmlCacheBehavior [ RunTime:0.000685s ]
INFO: [ app_begin ] --END-- [ RunTime:0.000814s ]
INFO: [ app_end ] --START--
INFO: Run Behavior\ShowPageTraceBehavior [ RunTime:0.000937s ]
INFO: [ app_end ] --END-- [ RunTime:0.001116s ]

[ 2016-10-21T11:03:30+08:00 ] ::1 /lidong/yuanku/index.php/Admin/Login/get_verify.html?0.44850622210651636
INFO: [ app_init ] --START--
INFO: Run Behavior\BuildLiteBehavior [ RunTime:0.000042s ]
INFO: [ app_init ] --END-- [ RunTime:0.000855s ]
INFO: [ app_begin ] --START--
INFO: Run Behavior\ReadHtmlCacheBehavior [ RunTime:0.000727s ]
INFO: [ app_begin ] --END-- [ RunTime:0.000868s ]
INFO: [ app_end ] --START--
INFO: Run Behavior\ShowPageTraceBehavior [ RunTime:0.001157s ]
INFO: [ app_end ] --END-- [ RunTime:0.001447s ]

[ 2016-10-21T11:03:36+08:00 ] ::1 /lidong/yuanku/index.php/Admin/Login/ajax_login.html
INFO: [ app_init ] --START--
INFO: Run Behavior\BuildLiteBehavior [ RunTime:0.000026s ]
INFO: [ app_init ] --END-- [ RunTime:0.000528s ]
INFO: [ app_begin ] --START--
INFO: Run Behavior\ReadHtmlCacheBehavior [ RunTime:0.000774s ]
INFO: [ app_begin ] --END-- [ RunTime:0.000937s ]
SQL: SHOW COLUMNS FROM `admin_user` [ RunTime:0.0048s ]
SQL: SELECT * FROM `admin_user` WHERE ( user_name="admin" and user_pwd="123456" ) LIMIT 1   [ RunTime:0.0003s ]

[ 2016-10-21T11:03:36+08:00 ] ::1 /lidong/yuanku/index.php/Admin/index/index.html
INFO: [ app_init ] --START--
INFO: Run Behavior\BuildLiteBehavior [ RunTime:0.000039s ]
INFO: [ app_init ] --END-- [ RunTime:0.000760s ]
INFO: [ app_begin ] --START--
INFO: Run Behavior\ReadHtmlCacheBehavior [ RunTime:0.000931s ]
INFO: [ app_begin ] --END-- [ RunTime:0.001162s ]
SQL: SHOW COLUMNS FROM `admin_user` [ RunTime:0.0043s ]
SQL: SELECT * FROM `admin_user` WHERE ( id=12 ) LIMIT 1   [ RunTime:0.0006s ]
INFO: [ view_parse ] --START--
INFO: [ template_filter ] --START--
INFO: Run Behavior\ContentReplaceBehavior [ RunTime:0.000230s ]
INFO: [ template_filter ] --END-- [ RunTime:0.000364s ]
NOTIC: [8] Undefined variable: title E:\mysql\wamp\www\lidong\yuanku\Application\Runtime\Cache\Admin\b595b808c2ebeeeb0478ffc30bb4e87a.php 第 4 行.
INFO: Run Behavior\ParseTemplateBehavior [ RunTime:0.066422s ]
INFO: [ view_parse ] --END-- [ RunTime:0.066649s ]
INFO: [ view_filter ] --START--
INFO: Run Behavior\WriteHtmlCacheBehavior [ RunTime:0.000817s ]
INFO: [ view_filter ] --END-- [ RunTime:0.000973s ]
INFO: [ app_end ] --START--
INFO: Run Behavior\ShowPageTraceBehavior [ RunTime:0.000876s ]
INFO: [ app_end ] --END-- [ RunTime:0.001016s ]

[ 2016-10-21T11:03:37+08:00 ] ::1 /lidong/yuanku/index.php/Admin/index/img/contacts/3.png
INFO: [ app_init ] --START--
INFO: Run Behavior\BuildLiteBehavior [ RunTime:0.000045s ]
INFO: [ app_init ] --END-- [ RunTime:0.000849s ]

[ 2016-10-21T11:03:37+08:00 ] ::1 /lidong/yuanku/index.php/Admin/index/img/contacts/4.png
INFO: [ app_init ] --START--
INFO: Run Behavior\BuildLiteBehavior [ RunTime:0.000051s ]
INFO: [ app_init ] --END-- [ RunTime:0.001359s ]

[ 2016-10-21T11:03:37+08:00 ] ::1 /lidong/yuanku/index.php/Admin/index/img/contacts/5.png
INFO: [ app_init ] --START--
INFO: Run Behavior\BuildLiteBehavior [ RunTime:0.000045s ]
INFO: [ app_init ] --END-- [ RunTime:0.000849s ]

[ 2016-10-21T11:03:37+08:00 ] ::1 /lidong/yuanku/index.php/Admin/index/img/contacts/2.png
INFO: [ app_init ] --START--
INFO: Run Behavior\BuildLiteBehavior [ RunTime:0.000042s ]
INFO: [ app_init ] --END-- [ RunTime:0.000899s ]

[ 2016-10-21T11:03:37+08:00 ] ::1 /lidong/yuanku/index.php/Admin/index/img/contacts/1.png
INFO: [ app_init ] --START--
INFO: Run Behavior\BuildLiteBehavior [ RunTime:0.000043s ]
INFO: [ app_init ] --END-- [ RunTime:0.001914s ]

[ 2016-10-21T11:03:40+08:00 ] ::1 /lidong/yuanku/index.php/Admin/news/index.html
INFO: [ app_init ] --START--
INFO: Run Behavior\BuildLiteBehavior [ RunTime:0.000032s ]
INFO: [ app_init ] --END-- [ RunTime:0.000751s ]
INFO: [ app_begin ] --START--
INFO: Run Behavior\ReadHtmlCacheBehavior [ RunTime:0.001101s ]
INFO: [ app_begin ] --END-- [ RunTime:0.001268s ]
SQL: SHOW COLUMNS FROM `admin_user` [ RunTime:0.0058s ]
SQL: SELECT * FROM `admin_user` WHERE ( id=12 ) LIMIT 1   [ RunTime:0.0006s ]
SQL: SHOW COLUMNS FROM `news` [ RunTime:0.0052s ]
SQL: SELECT n.id as nid,`title`,`name`,`sort_name`,`content`,`img`,`date` FROM news n INNER JOIN author ON author_id=author.id INNER JOIN news_sort ON sort_id=news_sort.id   [ RunTime:0.0208s ]
INFO: [ view_parse ] --START--
INFO: [ template_filter ] --START--
INFO: Run Behavior\ContentReplaceBehavior [ RunTime:0.000313s ]
INFO: [ template_filter ] --END-- [ RunTime:0.000527s ]
NOTIC: [8] Undefined variable: title E:\mysql\wamp\www\lidong\yuanku\Application\Runtime\Cache\Admin\36087655c6ab8580337cdc45b35a926d.php 第 4 行.
INFO: Run Behavior\ParseTemplateBehavior [ RunTime:0.028919s ]
INFO: [ view_parse ] --END-- [ RunTime:0.029101s ]
INFO: [ view_filter ] --START--
INFO: Run Behavior\WriteHtmlCacheBehavior [ RunTime:0.000717s ]
INFO: [ view_filter ] --END-- [ RunTime:0.000849s ]
INFO: [ app_end ] --START--
INFO: Run Behavior\ShowPageTraceBehavior [ RunTime:0.000859s ]
INFO: [ app_end ] --END-- [ RunTime:0.000976s ]

[ 2016-10-21T11:03:40+08:00 ] ::1 /lidong/yuanku/index.php/Admin/news/img/contacts/5.png
INFO: [ app_init ] --START--
INFO: Run Behavior\BuildLiteBehavior [ RunTime:0.000043s ]
INFO: [ app_init ] --END-- [ RunTime:0.001312s ]

[ 2016-10-21T11:03:40+08:00 ] ::1 /lidong/yuanku/index.php/Admin/news/img/contacts/3.png
INFO: [ app_init ] --START--
INFO: Run Behavior\BuildLiteBehavior [ RunTime:0.000049s ]
INFO: [ app_init ] --END-- [ RunTime:0.000923s ]

[ 2016-10-21T11:03:40+08:00 ] ::1 /lidong/yuanku/index.php/Admin/news/img/contacts/1.png
INFO: [ app_init ] --START--
INFO: Run Behavior\BuildLiteBehavior [ RunTime:0.000044s ]
INFO: [ app_init ] --END-- [ RunTime:0.000836s ]

[ 2016-10-21T11:03:40+08:00 ] ::1 /lidong/yuanku/index.php/Admin/news/img/contacts/2.png
INFO: [ app_init ] --START--
INFO: Run Behavior\BuildLiteBehavior [ RunTime:0.000041s ]
INFO: [ app_init ] --END-- [ RunTime:0.000887s ]

[ 2016-10-21T11:03:40+08:00 ] ::1 /lidong/yuanku/index.php/Admin/news/img/contacts/4.png
INFO: [ app_init ] --START--
INFO: Run Behavior\BuildLiteBehavior [ RunTime:0.000041s ]
INFO: [ app_init ] --END-- [ RunTime:0.000814s ]

[ 2016-10-21T11:04:29+08:00 ] ::1 /lidong/yuanku/index.php/Admin/news/newsort.html
INFO: [ app_init ] --START--
INFO: Run Behavior\BuildLiteBehavior [ RunTime:0.000027s ]
INFO: [ app_init ] --END-- [ RunTime:0.000624s ]
INFO: [ app_begin ] --START--
INFO: Run Behavior\ReadHtmlCacheBehavior [ RunTime:0.001333s ]
INFO: [ app_begin ] --END-- [ RunTime:0.001592s ]
SQL: SHOW COLUMNS FROM `admin_user` [ RunTime:0.0041s ]
SQL: SELECT * FROM `admin_user` WHERE ( id=12 ) LIMIT 1   [ RunTime:0.0004s ]
INFO: [ view_parse ] --START--
INFO: [ template_filter ] --START--
INFO: Run Behavior\ContentReplaceBehavior [ RunTime:0.000321s ]
INFO: [ template_filter ] --END-- [ RunTime:0.000530s ]
NOTIC: [8] Undefined variable: title E:\mysql\wamp\www\lidong\yuanku\Application\Runtime\Cache\Admin\9ccb7e9a9bd7d3065c3068a5836116dd.php 第 4 行.
NOTIC: [8] Undefined variable: news_list E:\mysql\wamp\www\lidong\yuanku\Application\Runtime\Cache\Admin\9ccb7e9a9bd7d3065c3068a5836116dd.php 第 399 行.
INFO: Run Behavior\ParseTemplateBehavior [ RunTime:0.027314s ]
INFO: [ view_parse ] --END-- [ RunTime:0.027474s ]
INFO: [ view_filter ] --START--
INFO: Run Behavior\WriteHtmlCacheBehavior [ RunTime:0.001013s ]
INFO: [ view_filter ] --END-- [ RunTime:0.001200s ]
INFO: [ app_end ] --START--
INFO: Run Behavior\ShowPageTraceBehavior [ RunTime:0.001269s ]
INFO: [ app_end ] --END-- [ RunTime:0.001476s ]

[ 2016-10-21T11:04:29+08:00 ] ::1 /lidong/yuanku/index.php/Admin/news/img/contacts/5.png
INFO: [ app_init ] --START--
INFO: Run Behavior\BuildLiteBehavior [ RunTime:0.000042s ]
INFO: [ app_init ] --END-- [ RunTime:0.000773s ]

[ 2016-10-21T11:04:29+08:00 ] ::1 /lidong/yuanku/index.php/Admin/news/img/contacts/3.png
INFO: [ app_init ] --START--
INFO: Run Behavior\BuildLiteBehavior [ RunTime:0.000040s ]
INFO: [ app_init ] --END-- [ RunTime:0.000826s ]

[ 2016-10-21T11:04:29+08:00 ] ::1 /lidong/yuanku/index.php/Admin/news/img/contacts/1.png
INFO: [ app_init ] --START--
INFO: Run Behavior\BuildLiteBehavior [ RunTime:0.000043s ]
INFO: [ app_init ] --END-- [ RunTime:0.000837s ]

[ 2016-10-21T11:04:29+08:00 ] ::1 /lidong/yuanku/index.php/Admin/news/img/contacts/2.png
INFO: [ app_init ] --START--
INFO: Run Behavior\BuildLiteBehavior [ RunTime:0.000040s ]
INFO: [ app_init ] --END-- [ RunTime:0.000795s ]

[ 2016-10-21T11:04:29+08:00 ] ::1 /lidong/yuanku/index.php/Admin/news/img/contacts/4.png
INFO: [ app_init ] --START--
INFO: Run Behavior\BuildLiteBehavior [ RunTime:0.000037s ]
INFO: [ app_init ] --END-- [ RunTime:0.000787s ]

[ 2016-10-21T11:04:56+08:00 ] ::1 /lidong/yuanku/index.php/Admin/news/index.html
INFO: [ app_init ] --START--
INFO: Run Behavior\BuildLiteBehavior [ RunTime:0.000038s ]
INFO: [ app_init ] --END-- [ RunTime:0.000805s ]
INFO: [ app_begin ] --START--
INFO: Run Behavior\ReadHtmlCacheBehavior [ RunTime:0.000938s ]
INFO: [ app_begin ] --END-- [ RunTime:0.001113s ]
SQL: SHOW COLUMNS FROM `admin_user` [ RunTime:0.0044s ]
SQL: SELECT * FROM `admin_user` WHERE ( id=12 ) LIMIT 1   [ RunTime:0.0004s ]
SQL: SHOW COLUMNS FROM `news` [ RunTime:0.0060s ]
SQL: SELECT n.id as nid,`title`,`name`,`sort_name`,`content`,`img`,`date` FROM news n INNER JOIN author ON author_id=author.id INNER JOIN news_sort ON sort_id=news_sort.id   [ RunTime:0.0010s ]
INFO: [ view_parse ] --START--
INFO: [ template_filter ] --START--
INFO: Run Behavior\ContentReplaceBehavior [ RunTime:0.000225s ]
INFO: [ template_filter ] --END-- [ RunTime:0.000362s ]
NOTIC: [8] Undefined variable: title E:\mysql\wamp\www\lidong\yuanku\Application\Runtime\Cache\Admin\36087655c6ab8580337cdc45b35a926d.php 第 4 行.
INFO: Run Behavior\ParseTemplateBehavior [ RunTime:0.024896s ]
INFO: [ view_parse ] --END-- [ RunTime:0.025060s ]
INFO: [ view_filter ] --START--
INFO: Run Behavior\WriteHtmlCacheBehavior [ RunTime:0.000689s ]
INFO: [ view_filter ] --END-- [ RunTime:0.000840s ]
INFO: [ app_end ] --START--
INFO: Run Behavior\ShowPageTraceBehavior [ RunTime:0.000731s ]
INFO: [ app_end ] --END-- [ RunTime:0.000904s ]

[ 2016-10-21T11:04:57+08:00 ] ::1 /lidong/yuanku/index.php/Admin/news/img/contacts/4.png
INFO: [ app_init ] --START--
INFO: Run Behavior\BuildLiteBehavior [ RunTime:0.000041s ]
INFO: [ app_init ] --END-- [ RunTime:0.000867s ]

[ 2016-10-21T11:04:57+08:00 ] ::1 /lidong/yuanku/index.php/Admin/news/img/contacts/2.png
INFO: [ app_init ] --START--
INFO: Run Behavior\BuildLiteBehavior [ RunTime:0.000041s ]
INFO: [ app_init ] --END-- [ RunTime:0.000757s ]

[ 2016-10-21T11:04:57+08:00 ] ::1 /lidong/yuanku/index.php/Admin/news/img/contacts/5.png
INFO: [ app_init ] --START--
INFO: Run Behavior\BuildLiteBehavior [ RunTime:0.000048s ]
INFO: [ app_init ] --END-- [ RunTime:0.002112s ]

[ 2016-10-21T11:04:57+08:00 ] ::1 /lidong/yuanku/index.php/Admin/news/img/contacts/3.png
INFO: [ app_init ] --START--
INFO: Run Behavior\BuildLiteBehavior [ RunTime:0.000040s ]
INFO: [ app_init ] --END-- [ RunTime:0.000873s ]

[ 2016-10-21T11:04:57+08:00 ] ::1 /lidong/yuanku/index.php/Admin/news/img/contacts/1.png
INFO: [ app_init ] --START--
INFO: Run Behavior\BuildLiteBehavior [ RunTime:0.000049s ]
INFO: [ app_init ] --END-- [ RunTime:0.002051s ]

